[3.098s] Invoking command in '/home/iclab/motion/src/motionpackage': PYTHONPATH=/home/iclab/motion/build/motionpackage/prefix_override:/home/iclab/motion/install/motionpackage/lib/python3.10/site-packages:${PYTHONPATH} /usr/bin/python3 setup.py egg_info --egg-base ../../build/motionpackage build --build-base /home/iclab/motion/build/motionpackage/build install --record /home/iclab/motion/build/motionpackage/install.log --single-version-externally-managed
[3.986s] running egg_info
[3.986s] writing ../../build/motionpackage/motionpackage.egg-info/PKG-INFO
[3.986s] writing dependency_links to ../../build/motionpackage/motionpackage.egg-info/dependency_links.txt
[3.987s] writing entry points to ../../build/motionpackage/motionpackage.egg-info/entry_points.txt
[3.987s] writing requirements to ../../build/motionpackage/motionpackage.egg-info/requires.txt
[3.987s] writing top-level names to ../../build/motionpackage/motionpackage.egg-info/top_level.txt
[3.995s] reading manifest file '../../build/motionpackage/motionpackage.egg-info/SOURCES.txt'
[3.996s] writing manifest file '../../build/motionpackage/motionpackage.egg-info/SOURCES.txt'
[3.996s] running build
[3.996s] running build_py
[3.997s] copying motionpackage/motionpackage.py -> /home/iclab/motion/build/motionpackage/build/lib/motionpackage
[3.999s] running install
[4.000s] running install_lib
[4.003s] copying /home/iclab/motion/build/motionpackage/build/lib/motionpackage/motionpackage.py -> /home/iclab/motion/install/motionpackage/lib/python3.10/site-packages/motionpackage
[4.006s] byte-compiling /home/iclab/motion/install/motionpackage/lib/python3.10/site-packages/motionpackage/motionpackage.py to motionpackage.cpython-310.pyc
[4.032s] running install_data
[4.033s] running install_egg_info
[4.044s] removing '/home/iclab/motion/install/motionpackage/lib/python3.10/site-packages/motionpackage-0.0.0-py3.10.egg-info' (and everything under it)
[4.062s] Copying ../../build/motionpackage/motionpackage.egg-info to /home/iclab/motion/install/motionpackage/lib/python3.10/site-packages/motionpackage-0.0.0-py3.10.egg-info
[4.062s] running install_scripts
[4.124s] Installing motionpackage script to /home/iclab/motion/install/motionpackage/lib/motionpackage
[4.129s] writing list of installed files to '/home/iclab/motion/build/motionpackage/install.log'
[4.226s] Invoked command in '/home/iclab/motion/src/motionpackage' returned '0': PYTHONPATH=/home/iclab/motion/build/motionpackage/prefix_override:/home/iclab/motion/install/motionpackage/lib/python3.10/site-packages:${PYTHONPATH} /usr/bin/python3 setup.py egg_info --egg-base ../../build/motionpackage build --build-base /home/iclab/motion/build/motionpackage/build install --record /home/iclab/motion/build/motionpackage/install.log --single-version-externally-managed
