[2.630s] Invoking command in '/home/iclab/motion/src/tku_libs': AMENT_PREFIX_PATH=/home/iclab/motion/install/tku_msgs:${AMENT_PREFIX_PATH} CMAKE_PREFIX_PATH=/home/iclab/motion/install/tku_msgs LD_LIBRARY_PATH=/home/iclab/motion/install/tku_msgs/lib:${LD_LIBRARY_PATH} PYTHONPATH=/home/iclab/motion/build/tku_libs/prefix_override:/home/iclab/motion/install/tku_libs/lib/python3.10/site-packages:/home/iclab/motion/install/tku_msgs/local/lib/python3.10/dist-packages:${PYTHONPATH} /usr/bin/python3 setup.py egg_info --egg-base ../../build/tku_libs build --build-base /home/iclab/motion/build/tku_libs/build install --record /home/iclab/motion/build/tku_libs/install.log --single-version-externally-managed
[3.465s] running egg_info
[3.466s] writing ../../build/tku_libs/tku_libs.egg-info/PKG-INFO
[3.472s] writing dependency_links to ../../build/tku_libs/tku_libs.egg-info/dependency_links.txt
[3.472s] writing entry points to ../../build/tku_libs/tku_libs.egg-info/entry_points.txt
[3.473s] writing requirements to ../../build/tku_libs/tku_libs.egg-info/requires.txt
[3.473s] writing top-level names to ../../build/tku_libs/tku_libs.egg-info/top_level.txt
[3.478s] reading manifest file '../../build/tku_libs/tku_libs.egg-info/SOURCES.txt'
[3.481s] writing manifest file '../../build/tku_libs/tku_libs.egg-info/SOURCES.txt'
[3.482s] running build
[3.483s] running build_py
[3.483s] running install
[3.484s] running install_lib
[3.488s] running install_data
[3.490s] running install_egg_info
[3.495s] removing '/home/iclab/motion/install/tku_libs/lib/python3.10/site-packages/tku_libs-0.0.0-py3.10.egg-info' (and everything under it)
[3.499s] Copying ../../build/tku_libs/tku_libs.egg-info to /home/iclab/motion/install/tku_libs/lib/python3.10/site-packages/tku_libs-0.0.0-py3.10.egg-info
[3.499s] running install_scripts
[3.552s] Installing aaa script to /home/iclab/motion/install/tku_libs/lib/tku_libs
[3.553s] Installing bbb script to /home/iclab/motion/install/tku_libs/lib/tku_libs
[3.553s] writing list of installed files to '/home/iclab/motion/build/tku_libs/install.log'
[3.637s] Invoked command in '/home/iclab/motion/src/tku_libs' returned '0': AMENT_PREFIX_PATH=/home/iclab/motion/install/tku_msgs:${AMENT_PREFIX_PATH} CMAKE_PREFIX_PATH=/home/iclab/motion/install/tku_msgs LD_LIBRARY_PATH=/home/iclab/motion/install/tku_msgs/lib:${LD_LIBRARY_PATH} PYTHONPATH=/home/iclab/motion/build/tku_libs/prefix_override:/home/iclab/motion/install/tku_libs/lib/python3.10/site-packages:/home/iclab/motion/install/tku_msgs/local/lib/python3.10/dist-packages:${PYTHONPATH} /usr/bin/python3 setup.py egg_info --egg-base ../../build/tku_libs build --build-base /home/iclab/motion/build/tku_libs/build install --record /home/iclab/motion/build/tku_libs/install.log --single-version-externally-managed
