[3.689s] DEBUG:colcon:Command line arguments: ['/usr/bin/colcon', 'build']
[3.689s] DEBUG:colcon:Parsed command line arguments: Namespace(log_base=None, log_level=None, verb_name='build', build_base='build', install_base='install', merge_install=False, symlink_install=False, test_result_base=None, continue_on_error=False, executor='parallel', parallel_workers=4, event_handlers=None, ignore_user_meta=False, metas=['./colcon.meta'], base_paths=['.'], packages_ignore=None, packages_ignore_regex=None, paths=None, packages_up_to=None, packages_up_to_regex=None, packages_above=None, packages_above_and_dependencies=None, packages_above_depth=None, packages_select_by_dep=None, packages_skip_by_dep=None, packages_skip_up_to=None, packages_select_build_failed=False, packages_skip_build_finished=False, packages_select_test_failures=False, packages_skip_test_passed=False, packages_select=None, packages_skip=None, packages_select_regex=None, packages_skip_regex=None, packages_start=None, packages_end=None, allow_overriding=[], cmake_args=None, cmake_target=None, cmake_target_skip_unavailable=False, cmake_clean_cache=False, cmake_clean_first=False, cmake_force_configure=False, ament_cmake_args=None, catkin_cmake_args=None, catkin_skip_building_tests=False, verb_parser=<colcon_defaults.argument_parser.defaults.DefaultArgumentsDecorator object at 0x7fac82d00910>, verb_extension=<colcon_core.verb.build.BuildVerb object at 0x7fac82e6c7c0>, main=<bound method BuildVerb.main of <colcon_core.verb.build.BuildVerb object at 0x7fac82e6c7c0>>)
[3.850s] Level 1:colcon.colcon_core.package_discovery:discover_packages(colcon_meta) check parameters
[3.851s] Level 1:colcon.colcon_core.package_discovery:discover_packages(recursive) check parameters
[3.851s] Level 1:colcon.colcon_core.package_discovery:discover_packages(ignore) check parameters
[3.851s] Level 1:colcon.colcon_core.package_discovery:discover_packages(path) check parameters
[3.851s] Level 1:colcon.colcon_core.package_discovery:discover_packages(colcon_meta) discover
[3.851s] Level 1:colcon.colcon_core.package_discovery:discover_packages(recursive) discover
[3.851s] INFO:colcon.colcon_core.package_discovery:Crawling recursively for packages in '/home/iclab/motion'
[3.852s] Level 1:colcon.colcon_core.package_identification:_identify(.) by extensions ['ignore', 'ignore_ament_install']
[3.852s] Level 1:colcon.colcon_core.package_identification:_identify(.) by extension 'ignore'
[3.852s] Level 1:colcon.colcon_core.package_identification:_identify(.) by extension 'ignore_ament_install'
[3.853s] Level 1:colcon.colcon_core.package_identification:_identify(.) by extensions ['colcon_pkg']
[3.853s] Level 1:colcon.colcon_core.package_identification:_identify(.) by extension 'colcon_pkg'
[3.853s] Level 1:colcon.colcon_core.package_identification:_identify(.) by extensions ['colcon_meta']
[3.853s] Level 1:colcon.colcon_core.package_identification:_identify(.) by extension 'colcon_meta'
[3.853s] Level 1:colcon.colcon_core.package_identification:_identify(.) by extensions ['ros']
[3.853s] Level 1:colcon.colcon_core.package_identification:_identify(.) by extension 'ros'
[3.884s] Level 1:colcon.colcon_core.package_identification:_identify(.) by extensions ['cmake', 'python']
[3.884s] Level 1:colcon.colcon_core.package_identification:_identify(.) by extension 'cmake'
[3.884s] Level 1:colcon.colcon_core.package_identification:_identify(.) by extension 'python'
[3.884s] Level 1:colcon.colcon_core.package_identification:_identify(.) by extensions ['python_setup_py']
[3.884s] Level 1:colcon.colcon_core.package_identification:_identify(.) by extension 'python_setup_py'
[3.885s] Level 1:colcon.colcon_core.package_identification:_identify(build) by extensions ['ignore', 'ignore_ament_install']
[3.885s] Level 1:colcon.colcon_core.package_identification:_identify(build) by extension 'ignore'
[3.886s] Level 1:colcon.colcon_core.package_identification:_identify(build) ignored
[3.886s] Level 1:colcon.colcon_core.package_identification:_identify(install) by extensions ['ignore', 'ignore_ament_install']
[3.886s] Level 1:colcon.colcon_core.package_identification:_identify(install) by extension 'ignore'
[3.887s] Level 1:colcon.colcon_core.package_identification:_identify(install) ignored
[3.887s] Level 1:colcon.colcon_core.package_identification:_identify(interface) by extensions ['ignore', 'ignore_ament_install']
[3.887s] Level 1:colcon.colcon_core.package_identification:_identify(interface) by extension 'ignore'
[3.888s] Level 1:colcon.colcon_core.package_identification:_identify(interface) by extension 'ignore_ament_install'
[3.888s] Level 1:colcon.colcon_core.package_identification:_identify(interface) by extensions ['colcon_pkg']
[3.888s] Level 1:colcon.colcon_core.package_identification:_identify(interface) by extension 'colcon_pkg'
[3.888s] Level 1:colcon.colcon_core.package_identification:_identify(interface) by extensions ['colcon_meta']
[3.888s] Level 1:colcon.colcon_core.package_identification:_identify(interface) by extension 'colcon_meta'
[3.889s] Level 1:colcon.colcon_core.package_identification:_identify(interface) by extensions ['ros']
[3.889s] Level 1:colcon.colcon_core.package_identification:_identify(interface) by extension 'ros'
[3.889s] Level 1:colcon.colcon_core.package_identification:_identify(interface) by extensions ['cmake', 'python']
[3.889s] Level 1:colcon.colcon_core.package_identification:_identify(interface) by extension 'cmake'
[3.889s] Level 1:colcon.colcon_core.package_identification:_identify(interface) by extension 'python'
[3.890s] Level 1:colcon.colcon_core.package_identification:_identify(interface) by extensions ['python_setup_py']
[3.890s] Level 1:colcon.colcon_core.package_identification:_identify(interface) by extension 'python_setup_py'
[3.890s] Level 1:colcon.colcon_core.package_identification:_identify(interface/css) by extensions ['ignore', 'ignore_ament_install']
[3.891s] Level 1:colcon.colcon_core.package_identification:_identify(interface/css) by extension 'ignore'
[3.891s] Level 1:colcon.colcon_core.package_identification:_identify(interface/css) by extension 'ignore_ament_install'
[3.891s] Level 1:colcon.colcon_core.package_identification:_identify(interface/css) by extensions ['colcon_pkg']
[3.891s] Level 1:colcon.colcon_core.package_identification:_identify(interface/css) by extension 'colcon_pkg'
[3.892s] Level 1:colcon.colcon_core.package_identification:_identify(interface/css) by extensions ['colcon_meta']
[3.892s] Level 1:colcon.colcon_core.package_identification:_identify(interface/css) by extension 'colcon_meta'
[3.892s] Level 1:colcon.colcon_core.package_identification:_identify(interface/css) by extensions ['ros']
[3.892s] Level 1:colcon.colcon_core.package_identification:_identify(interface/css) by extension 'ros'
[3.892s] Level 1:colcon.colcon_core.package_identification:_identify(interface/css) by extensions ['cmake', 'python']
[3.892s] Level 1:colcon.colcon_core.package_identification:_identify(interface/css) by extension 'cmake'
[3.893s] Level 1:colcon.colcon_core.package_identification:_identify(interface/css) by extension 'python'
[3.893s] Level 1:colcon.colcon_core.package_identification:_identify(interface/css) by extensions ['python_setup_py']
[3.893s] Level 1:colcon.colcon_core.package_identification:_identify(interface/css) by extension 'python_setup_py'
[3.893s] Level 1:colcon.colcon_core.package_identification:_identify(interface/jquery-ui-1.11.4) by extensions ['ignore', 'ignore_ament_install']
[3.894s] Level 1:colcon.colcon_core.package_identification:_identify(interface/jquery-ui-1.11.4) by extension 'ignore'
[3.894s] Level 1:colcon.colcon_core.package_identification:_identify(interface/jquery-ui-1.11.4) by extension 'ignore_ament_install'
[3.894s] Level 1:colcon.colcon_core.package_identification:_identify(interface/jquery-ui-1.11.4) by extensions ['colcon_pkg']
[3.894s] Level 1:colcon.colcon_core.package_identification:_identify(interface/jquery-ui-1.11.4) by extension 'colcon_pkg'
[3.895s] Level 1:colcon.colcon_core.package_identification:_identify(interface/jquery-ui-1.11.4) by extensions ['colcon_meta']
[3.895s] Level 1:colcon.colcon_core.package_identification:_identify(interface/jquery-ui-1.11.4) by extension 'colcon_meta'
[3.895s] Level 1:colcon.colcon_core.package_identification:_identify(interface/jquery-ui-1.11.4) by extensions ['ros']
[3.895s] Level 1:colcon.colcon_core.package_identification:_identify(interface/jquery-ui-1.11.4) by extension 'ros'
[3.895s] Level 1:colcon.colcon_core.package_identification:_identify(interface/jquery-ui-1.11.4) by extensions ['cmake', 'python']
[3.896s] Level 1:colcon.colcon_core.package_identification:_identify(interface/jquery-ui-1.11.4) by extension 'cmake'
[3.896s] Level 1:colcon.colcon_core.package_identification:_identify(interface/jquery-ui-1.11.4) by extension 'python'
[3.896s] Level 1:colcon.colcon_core.package_identification:_identify(interface/jquery-ui-1.11.4) by extensions ['python_setup_py']
[3.896s] Level 1:colcon.colcon_core.package_identification:_identify(interface/jquery-ui-1.11.4) by extension 'python_setup_py'
[3.897s] Level 1:colcon.colcon_core.package_identification:_identify(interface/jquery-ui-1.11.4/external) by extensions ['ignore', 'ignore_ament_install']
[3.897s] Level 1:colcon.colcon_core.package_identification:_identify(interface/jquery-ui-1.11.4/external) by extension 'ignore'
[3.897s] Level 1:colcon.colcon_core.package_identification:_identify(interface/jquery-ui-1.11.4/external) by extension 'ignore_ament_install'
[3.897s] Level 1:colcon.colcon_core.package_identification:_identify(interface/jquery-ui-1.11.4/external) by extensions ['colcon_pkg']
[3.898s] Level 1:colcon.colcon_core.package_identification:_identify(interface/jquery-ui-1.11.4/external) by extension 'colcon_pkg'
[3.898s] Level 1:colcon.colcon_core.package_identification:_identify(interface/jquery-ui-1.11.4/external) by extensions ['colcon_meta']
[3.898s] Level 1:colcon.colcon_core.package_identification:_identify(interface/jquery-ui-1.11.4/external) by extension 'colcon_meta'
[3.898s] Level 1:colcon.colcon_core.package_identification:_identify(interface/jquery-ui-1.11.4/external) by extensions ['ros']
[3.898s] Level 1:colcon.colcon_core.package_identification:_identify(interface/jquery-ui-1.11.4/external) by extension 'ros'
[3.899s] Level 1:colcon.colcon_core.package_identification:_identify(interface/jquery-ui-1.11.4/external) by extensions ['cmake', 'python']
[3.899s] Level 1:colcon.colcon_core.package_identification:_identify(interface/jquery-ui-1.11.4/external) by extension 'cmake'
[3.899s] Level 1:colcon.colcon_core.package_identification:_identify(interface/jquery-ui-1.11.4/external) by extension 'python'
[3.899s] Level 1:colcon.colcon_core.package_identification:_identify(interface/jquery-ui-1.11.4/external) by extensions ['python_setup_py']
[3.899s] Level 1:colcon.colcon_core.package_identification:_identify(interface/jquery-ui-1.11.4/external) by extension 'python_setup_py'
[3.900s] Level 1:colcon.colcon_core.package_identification:_identify(interface/jquery-ui-1.11.4/external/jquery) by extensions ['ignore', 'ignore_ament_install']
[3.900s] Level 1:colcon.colcon_core.package_identification:_identify(interface/jquery-ui-1.11.4/external/jquery) by extension 'ignore'
[3.900s] Level 1:colcon.colcon_core.package_identification:_identify(interface/jquery-ui-1.11.4/external/jquery) by extension 'ignore_ament_install'
[3.901s] Level 1:colcon.colcon_core.package_identification:_identify(interface/jquery-ui-1.11.4/external/jquery) by extensions ['colcon_pkg']
[3.901s] Level 1:colcon.colcon_core.package_identification:_identify(interface/jquery-ui-1.11.4/external/jquery) by extension 'colcon_pkg'
[3.901s] Level 1:colcon.colcon_core.package_identification:_identify(interface/jquery-ui-1.11.4/external/jquery) by extensions ['colcon_meta']
[3.901s] Level 1:colcon.colcon_core.package_identification:_identify(interface/jquery-ui-1.11.4/external/jquery) by extension 'colcon_meta'
[3.901s] Level 1:colcon.colcon_core.package_identification:_identify(interface/jquery-ui-1.11.4/external/jquery) by extensions ['ros']
[3.901s] Level 1:colcon.colcon_core.package_identification:_identify(interface/jquery-ui-1.11.4/external/jquery) by extension 'ros'
[3.902s] Level 1:colcon.colcon_core.package_identification:_identify(interface/jquery-ui-1.11.4/external/jquery) by extensions ['cmake', 'python']
[3.902s] Level 1:colcon.colcon_core.package_identification:_identify(interface/jquery-ui-1.11.4/external/jquery) by extension 'cmake'
[3.902s] Level 1:colcon.colcon_core.package_identification:_identify(interface/jquery-ui-1.11.4/external/jquery) by extension 'python'
[3.902s] Level 1:colcon.colcon_core.package_identification:_identify(interface/jquery-ui-1.11.4/external/jquery) by extensions ['python_setup_py']
[3.902s] Level 1:colcon.colcon_core.package_identification:_identify(interface/jquery-ui-1.11.4/external/jquery) by extension 'python_setup_py'
[3.903s] Level 1:colcon.colcon_core.package_identification:_identify(interface/jquery-ui-1.11.4/images) by extensions ['ignore', 'ignore_ament_install']
[3.903s] Level 1:colcon.colcon_core.package_identification:_identify(interface/jquery-ui-1.11.4/images) by extension 'ignore'
[3.903s] Level 1:colcon.colcon_core.package_identification:_identify(interface/jquery-ui-1.11.4/images) by extension 'ignore_ament_install'
[3.904s] Level 1:colcon.colcon_core.package_identification:_identify(interface/jquery-ui-1.11.4/images) by extensions ['colcon_pkg']
[3.904s] Level 1:colcon.colcon_core.package_identification:_identify(interface/jquery-ui-1.11.4/images) by extension 'colcon_pkg'
[3.904s] Level 1:colcon.colcon_core.package_identification:_identify(interface/jquery-ui-1.11.4/images) by extensions ['colcon_meta']
[3.904s] Level 1:colcon.colcon_core.package_identification:_identify(interface/jquery-ui-1.11.4/images) by extension 'colcon_meta'
[3.904s] Level 1:colcon.colcon_core.package_identification:_identify(interface/jquery-ui-1.11.4/images) by extensions ['ros']
[3.905s] Level 1:colcon.colcon_core.package_identification:_identify(interface/jquery-ui-1.11.4/images) by extension 'ros'
[3.905s] Level 1:colcon.colcon_core.package_identification:_identify(interface/jquery-ui-1.11.4/images) by extensions ['cmake', 'python']
[3.905s] Level 1:colcon.colcon_core.package_identification:_identify(interface/jquery-ui-1.11.4/images) by extension 'cmake'
[3.905s] Level 1:colcon.colcon_core.package_identification:_identify(interface/jquery-ui-1.11.4/images) by extension 'python'
[3.906s] Level 1:colcon.colcon_core.package_identification:_identify(interface/jquery-ui-1.11.4/images) by extensions ['python_setup_py']
[3.906s] Level 1:colcon.colcon_core.package_identification:_identify(interface/jquery-ui-1.11.4/images) by extension 'python_setup_py'
[3.906s] Level 1:colcon.colcon_core.package_identification:_identify(interface/js) by extensions ['ignore', 'ignore_ament_install']
[3.906s] Level 1:colcon.colcon_core.package_identification:_identify(interface/js) by extension 'ignore'
[3.907s] Level 1:colcon.colcon_core.package_identification:_identify(interface/js) by extension 'ignore_ament_install'
[3.907s] Level 1:colcon.colcon_core.package_identification:_identify(interface/js) by extensions ['colcon_pkg']
[3.907s] Level 1:colcon.colcon_core.package_identification:_identify(interface/js) by extension 'colcon_pkg'
[3.907s] Level 1:colcon.colcon_core.package_identification:_identify(interface/js) by extensions ['colcon_meta']
[3.907s] Level 1:colcon.colcon_core.package_identification:_identify(interface/js) by extension 'colcon_meta'
[3.908s] Level 1:colcon.colcon_core.package_identification:_identify(interface/js) by extensions ['ros']
[3.908s] Level 1:colcon.colcon_core.package_identification:_identify(interface/js) by extension 'ros'
[3.908s] Level 1:colcon.colcon_core.package_identification:_identify(interface/js) by extensions ['cmake', 'python']
[3.908s] Level 1:colcon.colcon_core.package_identification:_identify(interface/js) by extension 'cmake'
[3.908s] Level 1:colcon.colcon_core.package_identification:_identify(interface/js) by extension 'python'
[3.909s] Level 1:colcon.colcon_core.package_identification:_identify(interface/js) by extensions ['python_setup_py']
[3.909s] Level 1:colcon.colcon_core.package_identification:_identify(interface/js) by extension 'python_setup_py'
[3.909s] Level 1:colcon.colcon_core.package_identification:_identify(interface/js/roslib) by extensions ['ignore', 'ignore_ament_install']
[3.909s] Level 1:colcon.colcon_core.package_identification:_identify(interface/js/roslib) by extension 'ignore'
[3.910s] Level 1:colcon.colcon_core.package_identification:_identify(interface/js/roslib) by extension 'ignore_ament_install'
[3.910s] Level 1:colcon.colcon_core.package_identification:_identify(interface/js/roslib) by extensions ['colcon_pkg']
[3.910s] Level 1:colcon.colcon_core.package_identification:_identify(interface/js/roslib) by extension 'colcon_pkg'
[3.910s] Level 1:colcon.colcon_core.package_identification:_identify(interface/js/roslib) by extensions ['colcon_meta']
[3.910s] Level 1:colcon.colcon_core.package_identification:_identify(interface/js/roslib) by extension 'colcon_meta'
[3.911s] Level 1:colcon.colcon_core.package_identification:_identify(interface/js/roslib) by extensions ['ros']
[3.911s] Level 1:colcon.colcon_core.package_identification:_identify(interface/js/roslib) by extension 'ros'
[3.911s] Level 1:colcon.colcon_core.package_identification:_identify(interface/js/roslib) by extensions ['cmake', 'python']
[3.911s] Level 1:colcon.colcon_core.package_identification:_identify(interface/js/roslib) by extension 'cmake'
[3.911s] Level 1:colcon.colcon_core.package_identification:_identify(interface/js/roslib) by extension 'python'
[3.912s] Level 1:colcon.colcon_core.package_identification:_identify(interface/js/roslib) by extensions ['python_setup_py']
[3.912s] Level 1:colcon.colcon_core.package_identification:_identify(interface/js/roslib) by extension 'python_setup_py'
[3.912s] Level 1:colcon.colcon_core.package_identification:_identify(interface/picture) by extensions ['ignore', 'ignore_ament_install']
[3.912s] Level 1:colcon.colcon_core.package_identification:_identify(interface/picture) by extension 'ignore'
[3.913s] Level 1:colcon.colcon_core.package_identification:_identify(interface/picture) by extension 'ignore_ament_install'
[3.913s] Level 1:colcon.colcon_core.package_identification:_identify(interface/picture) by extensions ['colcon_pkg']
[3.913s] Level 1:colcon.colcon_core.package_identification:_identify(interface/picture) by extension 'colcon_pkg'
[3.913s] Level 1:colcon.colcon_core.package_identification:_identify(interface/picture) by extensions ['colcon_meta']
[3.913s] Level 1:colcon.colcon_core.package_identification:_identify(interface/picture) by extension 'colcon_meta'
[3.914s] Level 1:colcon.colcon_core.package_identification:_identify(interface/picture) by extensions ['ros']
[3.914s] Level 1:colcon.colcon_core.package_identification:_identify(interface/picture) by extension 'ros'
[3.914s] Level 1:colcon.colcon_core.package_identification:_identify(interface/picture) by extensions ['cmake', 'python']
[3.914s] Level 1:colcon.colcon_core.package_identification:_identify(interface/picture) by extension 'cmake'
[3.915s] Level 1:colcon.colcon_core.package_identification:_identify(interface/picture) by extension 'python'
[3.915s] Level 1:colcon.colcon_core.package_identification:_identify(interface/picture) by extensions ['python_setup_py']
[3.915s] Level 1:colcon.colcon_core.package_identification:_identify(interface/picture) by extension 'python_setup_py'
[3.915s] Level 1:colcon.colcon_core.package_identification:_identify(interface/resources) by extensions ['ignore', 'ignore_ament_install']
[3.916s] Level 1:colcon.colcon_core.package_identification:_identify(interface/resources) by extension 'ignore'
[3.916s] Level 1:colcon.colcon_core.package_identification:_identify(interface/resources) by extension 'ignore_ament_install'
[3.916s] Level 1:colcon.colcon_core.package_identification:_identify(interface/resources) by extensions ['colcon_pkg']
[3.916s] Level 1:colcon.colcon_core.package_identification:_identify(interface/resources) by extension 'colcon_pkg'
[3.916s] Level 1:colcon.colcon_core.package_identification:_identify(interface/resources) by extensions ['colcon_meta']
[3.916s] Level 1:colcon.colcon_core.package_identification:_identify(interface/resources) by extension 'colcon_meta'
[3.917s] Level 1:colcon.colcon_core.package_identification:_identify(interface/resources) by extensions ['ros']
[3.917s] Level 1:colcon.colcon_core.package_identification:_identify(interface/resources) by extension 'ros'
[3.917s] Level 1:colcon.colcon_core.package_identification:_identify(interface/resources) by extensions ['cmake', 'python']
[3.917s] Level 1:colcon.colcon_core.package_identification:_identify(interface/resources) by extension 'cmake'
[3.918s] Level 1:colcon.colcon_core.package_identification:_identify(interface/resources) by extension 'python'
[3.918s] Level 1:colcon.colcon_core.package_identification:_identify(interface/resources) by extensions ['python_setup_py']
[3.918s] Level 1:colcon.colcon_core.package_identification:_identify(interface/resources) by extension 'python_setup_py'
[3.918s] Level 1:colcon.colcon_core.package_identification:_identify(interface/resources/TKU_ICLab) by extensions ['ignore', 'ignore_ament_install']
[3.919s] Level 1:colcon.colcon_core.package_identification:_identify(interface/resources/TKU_ICLab) by extension 'ignore'
[3.919s] Level 1:colcon.colcon_core.package_identification:_identify(interface/resources/TKU_ICLab) by extension 'ignore_ament_install'
[3.919s] Level 1:colcon.colcon_core.package_identification:_identify(interface/resources/TKU_ICLab) by extensions ['colcon_pkg']
[3.919s] Level 1:colcon.colcon_core.package_identification:_identify(interface/resources/TKU_ICLab) by extension 'colcon_pkg'
[3.920s] Level 1:colcon.colcon_core.package_identification:_identify(interface/resources/TKU_ICLab) by extensions ['colcon_meta']
[3.920s] Level 1:colcon.colcon_core.package_identification:_identify(interface/resources/TKU_ICLab) by extension 'colcon_meta'
[3.920s] Level 1:colcon.colcon_core.package_identification:_identify(interface/resources/TKU_ICLab) by extensions ['ros']
[3.920s] Level 1:colcon.colcon_core.package_identification:_identify(interface/resources/TKU_ICLab) by extension 'ros'
[3.920s] Level 1:colcon.colcon_core.package_identification:_identify(interface/resources/TKU_ICLab) by extensions ['cmake', 'python']
[3.921s] Level 1:colcon.colcon_core.package_identification:_identify(interface/resources/TKU_ICLab) by extension 'cmake'
[3.921s] Level 1:colcon.colcon_core.package_identification:_identify(interface/resources/TKU_ICLab) by extension 'python'
[3.921s] Level 1:colcon.colcon_core.package_identification:_identify(interface/resources/TKU_ICLab) by extensions ['python_setup_py']
[3.921s] Level 1:colcon.colcon_core.package_identification:_identify(interface/resources/TKU_ICLab) by extension 'python_setup_py'
[3.922s] Level 1:colcon.colcon_core.package_identification:_identify(log) by extensions ['ignore', 'ignore_ament_install']
[3.922s] Level 1:colcon.colcon_core.package_identification:_identify(log) by extension 'ignore'
[3.922s] Level 1:colcon.colcon_core.package_identification:_identify(log) ignored
[3.923s] Level 1:colcon.colcon_core.package_identification:_identify(src) by extensions ['ignore', 'ignore_ament_install']
[3.923s] Level 1:colcon.colcon_core.package_identification:_identify(src) by extension 'ignore'
[3.923s] Level 1:colcon.colcon_core.package_identification:_identify(src) by extension 'ignore_ament_install'
[3.924s] Level 1:colcon.colcon_core.package_identification:_identify(src) by extensions ['colcon_pkg']
[3.924s] Level 1:colcon.colcon_core.package_identification:_identify(src) by extension 'colcon_pkg'
[3.924s] Level 1:colcon.colcon_core.package_identification:_identify(src) by extensions ['colcon_meta']
[3.924s] Level 1:colcon.colcon_core.package_identification:_identify(src) by extension 'colcon_meta'
[3.924s] Level 1:colcon.colcon_core.package_identification:_identify(src) by extensions ['ros']
[3.924s] Level 1:colcon.colcon_core.package_identification:_identify(src) by extension 'ros'
[3.925s] Level 1:colcon.colcon_core.package_identification:_identify(src) by extensions ['cmake', 'python']
[3.925s] Level 1:colcon.colcon_core.package_identification:_identify(src) by extension 'cmake'
[3.925s] Level 1:colcon.colcon_core.package_identification:_identify(src) by extension 'python'
[3.925s] Level 1:colcon.colcon_core.package_identification:_identify(src) by extensions ['python_setup_py']
[3.925s] Level 1:colcon.colcon_core.package_identification:_identify(src) by extension 'python_setup_py'
[3.926s] Level 1:colcon.colcon_core.package_identification:_identify(src/aaa) by extensions ['ignore', 'ignore_ament_install']
[3.926s] Level 1:colcon.colcon_core.package_identification:_identify(src/aaa) by extension 'ignore'
[3.927s] Level 1:colcon.colcon_core.package_identification:_identify(src/aaa) by extension 'ignore_ament_install'
[3.927s] Level 1:colcon.colcon_core.package_identification:_identify(src/aaa) by extensions ['colcon_pkg']
[3.927s] Level 1:colcon.colcon_core.package_identification:_identify(src/aaa) by extension 'colcon_pkg'
[3.927s] Level 1:colcon.colcon_core.package_identification:_identify(src/aaa) by extensions ['colcon_meta']
[3.927s] Level 1:colcon.colcon_core.package_identification:_identify(src/aaa) by extension 'colcon_meta'
[3.927s] Level 1:colcon.colcon_core.package_identification:_identify(src/aaa) by extensions ['ros']
[3.928s] Level 1:colcon.colcon_core.package_identification:_identify(src/aaa) by extension 'ros'
[3.936s] DEBUG:colcon.colcon_core.package_identification:Package 'src/aaa' with type 'ros.ament_python' and name 'aaa'
[3.937s] Level 1:colcon.colcon_core.package_identification:_identify(src/build) by extensions ['ignore', 'ignore_ament_install']
[3.937s] Level 1:colcon.colcon_core.package_identification:_identify(src/build) by extension 'ignore'
[3.938s] Level 1:colcon.colcon_core.package_identification:_identify(src/build) ignored
[3.938s] Level 1:colcon.colcon_core.package_identification:_identify(src/install) by extensions ['ignore', 'ignore_ament_install']
[3.938s] Level 1:colcon.colcon_core.package_identification:_identify(src/install) by extension 'ignore'
[3.939s] Level 1:colcon.colcon_core.package_identification:_identify(src/install) ignored
[3.939s] Level 1:colcon.colcon_core.package_identification:_identify(src/log) by extensions ['ignore', 'ignore_ament_install']
[3.939s] Level 1:colcon.colcon_core.package_identification:_identify(src/log) by extension 'ignore'
[3.940s] Level 1:colcon.colcon_core.package_identification:_identify(src/log) ignored
[3.940s] Level 1:colcon.colcon_core.package_identification:_identify(src/motionpackage) by extensions ['ignore', 'ignore_ament_install']
[3.940s] Level 1:colcon.colcon_core.package_identification:_identify(src/motionpackage) by extension 'ignore'
[3.941s] Level 1:colcon.colcon_core.package_identification:_identify(src/motionpackage) by extension 'ignore_ament_install'
[3.941s] Level 1:colcon.colcon_core.package_identification:_identify(src/motionpackage) by extensions ['colcon_pkg']
[3.941s] Level 1:colcon.colcon_core.package_identification:_identify(src/motionpackage) by extension 'colcon_pkg'
[3.941s] Level 1:colcon.colcon_core.package_identification:_identify(src/motionpackage) by extensions ['colcon_meta']
[3.941s] Level 1:colcon.colcon_core.package_identification:_identify(src/motionpackage) by extension 'colcon_meta'
[3.942s] Level 1:colcon.colcon_core.package_identification:_identify(src/motionpackage) by extensions ['ros']
[3.942s] Level 1:colcon.colcon_core.package_identification:_identify(src/motionpackage) by extension 'ros'
[3.943s] DEBUG:colcon.colcon_core.package_identification:Package 'src/motionpackage' with type 'ros.ament_python' and name 'motionpackage'
[3.944s] Level 1:colcon.colcon_core.package_identification:_identify(src/tku_libs) by extensions ['ignore', 'ignore_ament_install']
[3.944s] Level 1:colcon.colcon_core.package_identification:_identify(src/tku_libs) by extension 'ignore'
[3.944s] Level 1:colcon.colcon_core.package_identification:_identify(src/tku_libs) by extension 'ignore_ament_install'
[3.945s] Level 1:colcon.colcon_core.package_identification:_identify(src/tku_libs) by extensions ['colcon_pkg']
[3.945s] Level 1:colcon.colcon_core.package_identification:_identify(src/tku_libs) by extension 'colcon_pkg'
[3.945s] Level 1:colcon.colcon_core.package_identification:_identify(src/tku_libs) by extensions ['colcon_meta']
[3.945s] Level 1:colcon.colcon_core.package_identification:_identify(src/tku_libs) by extension 'colcon_meta'
[3.945s] Level 1:colcon.colcon_core.package_identification:_identify(src/tku_libs) by extensions ['ros']
[3.945s] Level 1:colcon.colcon_core.package_identification:_identify(src/tku_libs) by extension 'ros'
[3.947s] DEBUG:colcon.colcon_core.package_identification:Package 'src/tku_libs' with type 'ros.ament_python' and name 'tku_libs'
[3.947s] Level 1:colcon.colcon_core.package_identification:_identify(src/tku_msgs) by extensions ['ignore', 'ignore_ament_install']
[3.948s] Level 1:colcon.colcon_core.package_identification:_identify(src/tku_msgs) by extension 'ignore'
[3.948s] Level 1:colcon.colcon_core.package_identification:_identify(src/tku_msgs) by extension 'ignore_ament_install'
[3.948s] Level 1:colcon.colcon_core.package_identification:_identify(src/tku_msgs) by extensions ['colcon_pkg']
[3.948s] Level 1:colcon.colcon_core.package_identification:_identify(src/tku_msgs) by extension 'colcon_pkg'
[3.949s] Level 1:colcon.colcon_core.package_identification:_identify(src/tku_msgs) by extensions ['colcon_meta']
[3.949s] Level 1:colcon.colcon_core.package_identification:_identify(src/tku_msgs) by extension 'colcon_meta'
[3.949s] Level 1:colcon.colcon_core.package_identification:_identify(src/tku_msgs) by extensions ['ros']
[3.949s] Level 1:colcon.colcon_core.package_identification:_identify(src/tku_msgs) by extension 'ros'
[3.951s] DEBUG:colcon.colcon_core.package_identification:Package 'src/tku_msgs' with type 'ros.ament_cmake' and name 'tku_msgs'
[3.951s] Level 1:colcon.colcon_core.package_discovery:discover_packages(recursive) using defaults
[3.951s] Level 1:colcon.colcon_core.package_discovery:discover_packages(ignore) discover
[3.951s] Level 1:colcon.colcon_core.package_discovery:discover_packages(ignore) using defaults
[3.951s] Level 1:colcon.colcon_core.package_discovery:discover_packages(path) discover
[3.952s] Level 1:colcon.colcon_core.package_discovery:discover_packages(path) using defaults
[4.269s] Level 1:colcon.colcon_core.package_discovery:discover_packages(prefix_path) check parameters
[4.270s] Level 1:colcon.colcon_core.package_discovery:discover_packages(prefix_path) discover
[4.403s] DEBUG:colcon.colcon_installed_package_information.package_discovery:Found 5 installed packages in /home/iclab/motion/install
[4.460s] DEBUG:colcon.colcon_installed_package_information.package_discovery:Found 283 installed packages in /opt/ros/humble
[4.491s] Level 1:colcon.colcon_core.package_discovery:discover_packages(prefix_path) using defaults
[4.814s] Level 5:colcon.colcon_core.verb:set package 'motionpackage' build argument 'cmake_args' from command line to 'None'
[4.814s] Level 5:colcon.colcon_core.verb:set package 'motionpackage' build argument 'cmake_target' from command line to 'None'
[4.814s] Level 5:colcon.colcon_core.verb:set package 'motionpackage' build argument 'cmake_target_skip_unavailable' from command line to 'False'
[4.814s] Level 5:colcon.colcon_core.verb:set package 'motionpackage' build argument 'cmake_clean_cache' from command line to 'False'
[4.814s] Level 5:colcon.colcon_core.verb:set package 'motionpackage' build argument 'cmake_clean_first' from command line to 'False'
[4.814s] Level 5:colcon.colcon_core.verb:set package 'motionpackage' build argument 'cmake_force_configure' from command line to 'False'
[4.814s] Level 5:colcon.colcon_core.verb:set package 'motionpackage' build argument 'ament_cmake_args' from command line to 'None'
[4.815s] Level 5:colcon.colcon_core.verb:set package 'motionpackage' build argument 'catkin_cmake_args' from command line to 'None'
[4.815s] Level 5:colcon.colcon_core.verb:set package 'motionpackage' build argument 'catkin_skip_building_tests' from command line to 'False'
[4.815s] DEBUG:colcon.colcon_core.verb:Building package 'motionpackage' with the following arguments: {'ament_cmake_args': None, 'build_base': '/home/iclab/motion/build/motionpackage', 'catkin_cmake_args': None, 'catkin_skip_building_tests': False, 'cmake_args': None, 'cmake_clean_cache': False, 'cmake_clean_first': False, 'cmake_force_configure': False, 'cmake_target': None, 'cmake_target_skip_unavailable': False, 'install_base': '/home/iclab/motion/install/motionpackage', 'merge_install': False, 'path': '/home/iclab/motion/src/motionpackage', 'symlink_install': False, 'test_result_base': None}
[4.869s] Level 5:colcon.colcon_core.verb:set package 'tku_msgs' build argument 'cmake_args' from command line to 'None'
[4.869s] Level 5:colcon.colcon_core.verb:set package 'tku_msgs' build argument 'cmake_target' from command line to 'None'
[4.869s] Level 5:colcon.colcon_core.verb:set package 'tku_msgs' build argument 'cmake_target_skip_unavailable' from command line to 'False'
[4.869s] Level 5:colcon.colcon_core.verb:set package 'tku_msgs' build argument 'cmake_clean_cache' from command line to 'False'
[4.869s] Level 5:colcon.colcon_core.verb:set package 'tku_msgs' build argument 'cmake_clean_first' from command line to 'False'
[4.869s] Level 5:colcon.colcon_core.verb:set package 'tku_msgs' build argument 'cmake_force_configure' from command line to 'False'
[4.869s] Level 5:colcon.colcon_core.verb:set package 'tku_msgs' build argument 'ament_cmake_args' from command line to 'None'
[4.869s] Level 5:colcon.colcon_core.verb:set package 'tku_msgs' build argument 'catkin_cmake_args' from command line to 'None'
[4.869s] Level 5:colcon.colcon_core.verb:set package 'tku_msgs' build argument 'catkin_skip_building_tests' from command line to 'False'
[4.869s] DEBUG:colcon.colcon_core.verb:Building package 'tku_msgs' with the following arguments: {'ament_cmake_args': None, 'build_base': '/home/iclab/motion/build/tku_msgs', 'catkin_cmake_args': None, 'catkin_skip_building_tests': False, 'cmake_args': None, 'cmake_clean_cache': False, 'cmake_clean_first': False, 'cmake_force_configure': False, 'cmake_target': None, 'cmake_target_skip_unavailable': False, 'install_base': '/home/iclab/motion/install/tku_msgs', 'merge_install': False, 'path': '/home/iclab/motion/src/tku_msgs', 'symlink_install': False, 'test_result_base': None}
[4.922s] Level 5:colcon.colcon_core.verb:set package 'tku_libs' build argument 'cmake_args' from command line to 'None'
[4.923s] Level 5:colcon.colcon_core.verb:set package 'tku_libs' build argument 'cmake_target' from command line to 'None'
[4.923s] Level 5:colcon.colcon_core.verb:set package 'tku_libs' build argument 'cmake_target_skip_unavailable' from command line to 'False'
[4.923s] Level 5:colcon.colcon_core.verb:set package 'tku_libs' build argument 'cmake_clean_cache' from command line to 'False'
[4.923s] Level 5:colcon.colcon_core.verb:set package 'tku_libs' build argument 'cmake_clean_first' from command line to 'False'
[4.923s] Level 5:colcon.colcon_core.verb:set package 'tku_libs' build argument 'cmake_force_configure' from command line to 'False'
[4.923s] Level 5:colcon.colcon_core.verb:set package 'tku_libs' build argument 'ament_cmake_args' from command line to 'None'
[4.923s] Level 5:colcon.colcon_core.verb:set package 'tku_libs' build argument 'catkin_cmake_args' from command line to 'None'
[4.923s] Level 5:colcon.colcon_core.verb:set package 'tku_libs' build argument 'catkin_skip_building_tests' from command line to 'False'
[4.923s] DEBUG:colcon.colcon_core.verb:Building package 'tku_libs' with the following arguments: {'ament_cmake_args': None, 'build_base': '/home/iclab/motion/build/tku_libs', 'catkin_cmake_args': None, 'catkin_skip_building_tests': False, 'cmake_args': None, 'cmake_clean_cache': False, 'cmake_clean_first': False, 'cmake_force_configure': False, 'cmake_target': None, 'cmake_target_skip_unavailable': False, 'install_base': '/home/iclab/motion/install/tku_libs', 'merge_install': False, 'path': '/home/iclab/motion/src/tku_libs', 'symlink_install': False, 'test_result_base': None}
[4.977s] Level 5:colcon.colcon_core.verb:set package 'aaa' build argument 'cmake_args' from command line to 'None'
[4.978s] Level 5:colcon.colcon_core.verb:set package 'aaa' build argument 'cmake_target' from command line to 'None'
[4.978s] Level 5:colcon.colcon_core.verb:set package 'aaa' build argument 'cmake_target_skip_unavailable' from command line to 'False'
[4.978s] Level 5:colcon.colcon_core.verb:set package 'aaa' build argument 'cmake_clean_cache' from command line to 'False'
[4.978s] Level 5:colcon.colcon_core.verb:set package 'aaa' build argument 'cmake_clean_first' from command line to 'False'
[4.978s] Level 5:colcon.colcon_core.verb:set package 'aaa' build argument 'cmake_force_configure' from command line to 'False'
[4.978s] Level 5:colcon.colcon_core.verb:set package 'aaa' build argument 'ament_cmake_args' from command line to 'None'
[4.978s] Level 5:colcon.colcon_core.verb:set package 'aaa' build argument 'catkin_cmake_args' from command line to 'None'
[4.978s] Level 5:colcon.colcon_core.verb:set package 'aaa' build argument 'catkin_skip_building_tests' from command line to 'False'
[4.978s] DEBUG:colcon.colcon_core.verb:Building package 'aaa' with the following arguments: {'ament_cmake_args': None, 'build_base': '/home/iclab/motion/build/aaa', 'catkin_cmake_args': None, 'catkin_skip_building_tests': False, 'cmake_args': None, 'cmake_clean_cache': False, 'cmake_clean_first': False, 'cmake_force_configure': False, 'cmake_target': None, 'cmake_target_skip_unavailable': False, 'install_base': '/home/iclab/motion/install/aaa', 'merge_install': False, 'path': '/home/iclab/motion/src/aaa', 'symlink_install': False, 'test_result_base': None}
[5.031s] INFO:colcon.colcon_core.executor:Executing jobs using 'parallel' executor
[5.085s] DEBUG:colcon.colcon_parallel_executor.executor.parallel:run_until_complete
[5.086s] INFO:colcon.colcon_ros.task.ament_cmake.build:Building ROS package in '/home/iclab/motion/src/tku_msgs' with build type 'ament_cmake'
[5.086s] INFO:colcon.colcon_cmake.task.cmake.build:Building CMake package in '/home/iclab/motion/src/tku_msgs'
[5.155s] INFO:colcon.colcon_core.plugin_system:Skipping extension 'colcon_core.shell.bat': Not used on non-Windows systems
[5.155s] INFO:colcon.colcon_core.shell:Skip shell extension 'powershell' for command environment: Not usable outside of PowerShell
[5.156s] DEBUG:colcon.colcon_core.shell:Skip shell extension 'dsv' for command environment
[5.333s] INFO:colcon.colcon_ros.task.ament_python.build:Building ROS package in '/home/iclab/motion/src/motionpackage' with build type 'ament_python'
[5.335s] Level 1:colcon.colcon_core.shell:create_environment_hook('motionpackage', 'ament_prefix_path')
[5.400s] INFO:colcon.colcon_core.shell:Creating environment hook '/home/iclab/motion/install/motionpackage/share/motionpackage/hook/ament_prefix_path.ps1'
[5.403s] INFO:colcon.colcon_core.shell:Creating environment descriptor '/home/iclab/motion/install/motionpackage/share/motionpackage/hook/ament_prefix_path.dsv'
[5.405s] INFO:colcon.colcon_core.shell:Creating environment hook '/home/iclab/motion/install/motionpackage/share/motionpackage/hook/ament_prefix_path.sh'
[5.476s] INFO:colcon.colcon_core.shell:Skip shell extension 'powershell' for command environment: Not usable outside of PowerShell
[5.476s] DEBUG:colcon.colcon_core.shell:Skip shell extension 'dsv' for command environment
[5.692s] DEBUG:colcon.colcon_core.event_handler.log_command:Invoking command in '/home/iclab/motion/build/tku_msgs': CMAKE_PREFIX_PATH=${CMAKE_PREFIX_PATH}:/home/iclab/motion/install/aaa:/opt/ros/humble /usr/bin/cmake --build /home/iclab/motion/build/tku_msgs -- -j4 -l4
[6.941s] INFO:colcon.colcon_core.task.python.build:Building Python package in '/home/iclab/motion/src/motionpackage'
[7.004s] INFO:colcon.colcon_core.shell:Skip shell extension 'powershell' for command environment: Not usable outside of PowerShell
[7.005s] DEBUG:colcon.colcon_core.shell:Skip shell extension 'dsv' for command environment
[7.540s] DEBUG:colcon.colcon_core.event_handler.log_command:Invoked command in '/home/iclab/motion/build/tku_msgs' returned '0': CMAKE_PREFIX_PATH=${CMAKE_PREFIX_PATH}:/home/iclab/motion/install/aaa:/opt/ros/humble /usr/bin/cmake --build /home/iclab/motion/build/tku_msgs -- -j4 -l4
[8.539s] DEBUG:colcon.colcon_core.event_handler.log_command:Invoking command in '/home/iclab/motion/src/motionpackage': PYTHONPATH=/home/iclab/motion/build/motionpackage/prefix_override:/home/iclab/motion/install/motionpackage/lib/python3.10/site-packages:${PYTHONPATH} /usr/bin/python3 setup.py egg_info --egg-base ../../build/motionpackage build --build-base /home/iclab/motion/build/motionpackage/build install --record /home/iclab/motion/build/motionpackage/install.log --single-version-externally-managed
[9.045s] DEBUG:colcon.colcon_core.event_handler.log_command:Invoking command in '/home/iclab/motion/build/tku_msgs': CMAKE_PREFIX_PATH=${CMAKE_PREFIX_PATH}:/home/iclab/motion/install/aaa:/opt/ros/humble /usr/bin/cmake --install /home/iclab/motion/build/tku_msgs
[9.308s] Level 1:colcon.colcon_core.environment:create_environment_scripts_only(tku_msgs)
[9.453s] DEBUG:colcon.colcon_core.event_handler.log_command:Invoked command in '/home/iclab/motion/build/tku_msgs' returned '0': CMAKE_PREFIX_PATH=${CMAKE_PREFIX_PATH}:/home/iclab/motion/install/aaa:/opt/ros/humble /usr/bin/cmake --install /home/iclab/motion/build/tku_msgs
[9.500s] Level 1:colcon.colcon_core.environment:checking '/home/iclab/motion/install/tku_msgs' for CMake module files
[9.504s] Level 1:colcon.colcon_core.environment:checking '/home/iclab/motion/install/tku_msgs' for CMake config files
[9.507s] Level 1:colcon.colcon_core.shell:create_environment_hook('tku_msgs', 'cmake_prefix_path')
[9.641s] INFO:colcon.colcon_core.shell:Creating environment hook '/home/iclab/motion/install/tku_msgs/share/tku_msgs/hook/cmake_prefix_path.ps1'
[9.647s] INFO:colcon.colcon_core.shell:Creating environment descriptor '/home/iclab/motion/install/tku_msgs/share/tku_msgs/hook/cmake_prefix_path.dsv'
[9.669s] INFO:colcon.colcon_core.shell:Creating environment hook '/home/iclab/motion/install/tku_msgs/share/tku_msgs/hook/cmake_prefix_path.sh'
[9.671s] Level 1:colcon.colcon_core.environment:checking '/home/iclab/motion/install/tku_msgs/lib'
[9.672s] Level 1:colcon.colcon_core.shell:create_environment_hook('tku_msgs', 'ld_library_path_lib')
[9.809s] INFO:colcon.colcon_core.shell:Creating environment hook '/home/iclab/motion/install/tku_msgs/share/tku_msgs/hook/ld_library_path_lib.ps1'
[9.812s] INFO:colcon.colcon_core.shell:Creating environment descriptor '/home/iclab/motion/install/tku_msgs/share/tku_msgs/hook/ld_library_path_lib.dsv'
[9.814s] INFO:colcon.colcon_core.shell:Creating environment hook '/home/iclab/motion/install/tku_msgs/share/tku_msgs/hook/ld_library_path_lib.sh'
[9.816s] Level 1:colcon.colcon_core.environment:checking '/home/iclab/motion/install/tku_msgs/bin'
[9.816s] Level 1:colcon.colcon_core.environment:checking '/home/iclab/motion/install/tku_msgs/lib/pkgconfig/tku_msgs.pc'
[9.817s] Level 1:colcon.colcon_core.environment:checking '/home/iclab/motion/install/tku_msgs/lib/python3.10/site-packages'
[9.819s] Level 1:colcon.colcon_core.environment:checking '/home/iclab/motion/install/tku_msgs/bin'
[9.887s] INFO:colcon.colcon_core.shell:Creating package script '/home/iclab/motion/install/tku_msgs/share/tku_msgs/package.ps1'
[9.889s] INFO:colcon.colcon_core.shell:Creating package descriptor '/home/iclab/motion/install/tku_msgs/share/tku_msgs/package.dsv'
[9.891s] INFO:colcon.colcon_core.shell:Creating package script '/home/iclab/motion/install/tku_msgs/share/tku_msgs/package.sh'
[9.894s] INFO:colcon.colcon_core.shell:Creating package script '/home/iclab/motion/install/tku_msgs/share/tku_msgs/package.bash'
[9.896s] INFO:colcon.colcon_core.shell:Creating package script '/home/iclab/motion/install/tku_msgs/share/tku_msgs/package.zsh'
[9.898s] Level 1:colcon.colcon_core.environment:create_file_with_runtime_dependencies(/home/iclab/motion/install/tku_msgs/share/colcon-core/packages/tku_msgs)
[9.904s] DEBUG:colcon.colcon_core.event_handler.log_command:Invoked command in '/home/iclab/motion/src/motionpackage' returned '0': PYTHONPATH=/home/iclab/motion/build/motionpackage/prefix_override:/home/iclab/motion/install/motionpackage/lib/python3.10/site-packages:${PYTHONPATH} /usr/bin/python3 setup.py egg_info --egg-base ../../build/motionpackage build --build-base /home/iclab/motion/build/motionpackage/build install --record /home/iclab/motion/build/motionpackage/install.log --single-version-externally-managed
[9.978s] Level 1:colcon.colcon_core.environment:checking '/home/iclab/motion/install/motionpackage' for CMake module files
[9.980s] Level 1:colcon.colcon_core.environment:checking '/home/iclab/motion/install/motionpackage' for CMake config files
[9.981s] Level 1:colcon.colcon_core.shell:create_environment_hook('motionpackage', 'cmake_prefix_path')
[10.062s] INFO:colcon.colcon_core.shell:Creating environment hook '/home/iclab/motion/install/motionpackage/share/motionpackage/hook/cmake_prefix_path.ps1'
[10.066s] INFO:colcon.colcon_core.shell:Creating environment descriptor '/home/iclab/motion/install/motionpackage/share/motionpackage/hook/cmake_prefix_path.dsv'
[10.068s] INFO:colcon.colcon_core.shell:Creating environment hook '/home/iclab/motion/install/motionpackage/share/motionpackage/hook/cmake_prefix_path.sh'
[10.072s] Level 1:colcon.colcon_core.environment:checking '/home/iclab/motion/install/motionpackage/lib'
[10.073s] Level 1:colcon.colcon_core.environment:checking '/home/iclab/motion/install/motionpackage/bin'
[10.074s] Level 1:colcon.colcon_core.environment:checking '/home/iclab/motion/install/motionpackage/lib/pkgconfig/motionpackage.pc'
[10.075s] Level 1:colcon.colcon_core.environment:checking '/home/iclab/motion/install/motionpackage/lib/python3.10/site-packages'
[10.076s] Level 1:colcon.colcon_core.shell:create_environment_hook('motionpackage', 'pythonpath')
[10.186s] INFO:colcon.colcon_core.shell:Creating environment hook '/home/iclab/motion/install/motionpackage/share/motionpackage/hook/pythonpath.ps1'
[10.188s] INFO:colcon.colcon_core.shell:Creating environment descriptor '/home/iclab/motion/install/motionpackage/share/motionpackage/hook/pythonpath.dsv'
[10.190s] INFO:colcon.colcon_core.shell:Creating environment hook '/home/iclab/motion/install/motionpackage/share/motionpackage/hook/pythonpath.sh'
[10.192s] Level 1:colcon.colcon_core.environment:checking '/home/iclab/motion/install/motionpackage/bin'
[10.193s] Level 1:colcon.colcon_core.environment:create_environment_scripts_only(motionpackage)
[10.290s] INFO:colcon.colcon_core.shell:Creating package script '/home/iclab/motion/install/motionpackage/share/motionpackage/package.ps1'
[10.292s] INFO:colcon.colcon_core.shell:Creating package descriptor '/home/iclab/motion/install/motionpackage/share/motionpackage/package.dsv'
[10.294s] INFO:colcon.colcon_core.shell:Creating package script '/home/iclab/motion/install/motionpackage/share/motionpackage/package.sh'
[10.296s] INFO:colcon.colcon_core.shell:Creating package script '/home/iclab/motion/install/motionpackage/share/motionpackage/package.bash'
[10.297s] INFO:colcon.colcon_core.shell:Creating package script '/home/iclab/motion/install/motionpackage/share/motionpackage/package.zsh'
[10.306s] Level 1:colcon.colcon_core.environment:create_file_with_runtime_dependencies(/home/iclab/motion/install/motionpackage/share/colcon-core/packages/motionpackage)
[11.684s] Level 1:colcon.colcon_core.environment:create_environment_scripts_only(tku_msgs)
[11.764s] Level 1:colcon.colcon_core.environment:checking '/home/iclab/motion/install/tku_msgs' for CMake module files
[11.767s] Level 1:colcon.colcon_core.environment:checking '/home/iclab/motion/install/tku_msgs' for CMake config files
[11.770s] Level 1:colcon.colcon_core.shell:create_environment_hook('tku_msgs', 'cmake_prefix_path')
[11.844s] INFO:colcon.colcon_core.shell:Creating environment hook '/home/iclab/motion/install/tku_msgs/share/tku_msgs/hook/cmake_prefix_path.ps1'
[11.846s] INFO:colcon.colcon_core.shell:Creating environment descriptor '/home/iclab/motion/install/tku_msgs/share/tku_msgs/hook/cmake_prefix_path.dsv'
[11.849s] INFO:colcon.colcon_core.shell:Creating environment hook '/home/iclab/motion/install/tku_msgs/share/tku_msgs/hook/cmake_prefix_path.sh'
[11.851s] Level 1:colcon.colcon_core.environment:checking '/home/iclab/motion/install/tku_msgs/lib'
[11.852s] Level 1:colcon.colcon_core.shell:create_environment_hook('tku_msgs', 'ld_library_path_lib')
[11.943s] INFO:colcon.colcon_core.shell:Creating environment hook '/home/iclab/motion/install/tku_msgs/share/tku_msgs/hook/ld_library_path_lib.ps1'
[11.945s] INFO:colcon.colcon_core.shell:Creating environment descriptor '/home/iclab/motion/install/tku_msgs/share/tku_msgs/hook/ld_library_path_lib.dsv'
[11.947s] INFO:colcon.colcon_core.shell:Creating environment hook '/home/iclab/motion/install/tku_msgs/share/tku_msgs/hook/ld_library_path_lib.sh'
[11.949s] Level 1:colcon.colcon_core.environment:checking '/home/iclab/motion/install/tku_msgs/bin'
[11.950s] Level 1:colcon.colcon_core.environment:checking '/home/iclab/motion/install/tku_msgs/lib/pkgconfig/tku_msgs.pc'
[11.951s] Level 1:colcon.colcon_core.environment:checking '/home/iclab/motion/install/tku_msgs/lib/python3.10/site-packages'
[11.952s] Level 1:colcon.colcon_core.environment:checking '/home/iclab/motion/install/tku_msgs/bin'
[12.047s] INFO:colcon.colcon_core.shell:Creating package script '/home/iclab/motion/install/tku_msgs/share/tku_msgs/package.ps1'
[12.050s] INFO:colcon.colcon_core.shell:Creating package descriptor '/home/iclab/motion/install/tku_msgs/share/tku_msgs/package.dsv'
[12.053s] INFO:colcon.colcon_core.shell:Creating package script '/home/iclab/motion/install/tku_msgs/share/tku_msgs/package.sh'
[12.055s] INFO:colcon.colcon_core.shell:Creating package script '/home/iclab/motion/install/tku_msgs/share/tku_msgs/package.bash'
[12.057s] INFO:colcon.colcon_core.shell:Creating package script '/home/iclab/motion/install/tku_msgs/share/tku_msgs/package.zsh'
[12.058s] Level 1:colcon.colcon_core.environment:create_file_with_runtime_dependencies(/home/iclab/motion/install/tku_msgs/share/colcon-core/packages/tku_msgs)
[12.061s] INFO:colcon.colcon_ros.task.ament_python.build:Building ROS package in '/home/iclab/motion/src/tku_libs' with build type 'ament_python'
[12.062s] Level 1:colcon.colcon_core.shell:create_environment_hook('tku_libs', 'ament_prefix_path')
[12.155s] INFO:colcon.colcon_core.shell:Creating environment hook '/home/iclab/motion/install/tku_libs/share/tku_libs/hook/ament_prefix_path.ps1'
[12.157s] INFO:colcon.colcon_core.shell:Creating environment descriptor '/home/iclab/motion/install/tku_libs/share/tku_libs/hook/ament_prefix_path.dsv'
[12.159s] INFO:colcon.colcon_core.shell:Creating environment hook '/home/iclab/motion/install/tku_libs/share/tku_libs/hook/ament_prefix_path.sh'
[12.258s] INFO:colcon.colcon_core.shell:Skip shell extension 'powershell' for command environment: Not usable outside of PowerShell
[12.258s] DEBUG:colcon.colcon_core.shell:Skip shell extension 'dsv' for command environment
[13.776s] INFO:colcon.colcon_core.task.python.build:Building Python package in '/home/iclab/motion/src/tku_libs'
[13.863s] INFO:colcon.colcon_core.shell:Skip shell extension 'powershell' for command environment: Not usable outside of PowerShell
[13.864s] DEBUG:colcon.colcon_core.shell:Skip shell extension 'dsv' for command environment
[15.517s] DEBUG:colcon.colcon_core.event_handler.log_command:Invoking command in '/home/iclab/motion/src/tku_libs': CMAKE_PREFIX_PATH=/home/iclab/motion/install/tku_msgs:/home/iclab/motion/install/tuk_libs:/home/iclab/motion/install/tku_libs:/home/iclab/motion/install/motionpackage PYTHONPATH=/home/iclab/motion/build/tku_libs/prefix_override:/home/iclab/motion/install/tku_libs/lib/python3.10/site-packages:${PYTHONPATH} /usr/bin/python3 setup.py egg_info --egg-base ../../build/tku_libs build --build-base /home/iclab/motion/build/tku_libs/build install --record /home/iclab/motion/build/tku_libs/install.log --single-version-externally-managed
[16.723s] DEBUG:colcon.colcon_core.event_handler.log_command:Invoked command in '/home/iclab/motion/src/tku_libs' returned '0': CMAKE_PREFIX_PATH=/home/iclab/motion/install/tku_msgs:/home/iclab/motion/install/tuk_libs:/home/iclab/motion/install/tku_libs:/home/iclab/motion/install/motionpackage PYTHONPATH=/home/iclab/motion/build/tku_libs/prefix_override:/home/iclab/motion/install/tku_libs/lib/python3.10/site-packages:${PYTHONPATH} /usr/bin/python3 setup.py egg_info --egg-base ../../build/tku_libs build --build-base /home/iclab/motion/build/tku_libs/build install --record /home/iclab/motion/build/tku_libs/install.log --single-version-externally-managed
[16.791s] Level 1:colcon.colcon_core.environment:checking '/home/iclab/motion/install/tku_libs' for CMake module files
[16.793s] Level 1:colcon.colcon_core.environment:checking '/home/iclab/motion/install/tku_libs' for CMake config files
[16.794s] Level 1:colcon.colcon_core.shell:create_environment_hook('tku_libs', 'cmake_prefix_path')
[16.870s] INFO:colcon.colcon_core.shell:Creating environment hook '/home/iclab/motion/install/tku_libs/share/tku_libs/hook/cmake_prefix_path.ps1'
[16.871s] INFO:colcon.colcon_core.shell:Creating environment descriptor '/home/iclab/motion/install/tku_libs/share/tku_libs/hook/cmake_prefix_path.dsv'
[16.873s] INFO:colcon.colcon_core.shell:Creating environment hook '/home/iclab/motion/install/tku_libs/share/tku_libs/hook/cmake_prefix_path.sh'
[16.874s] Level 1:colcon.colcon_core.environment:checking '/home/iclab/motion/install/tku_libs/lib'
[16.875s] Level 1:colcon.colcon_core.environment:checking '/home/iclab/motion/install/tku_libs/bin'
[16.875s] Level 1:colcon.colcon_core.environment:checking '/home/iclab/motion/install/tku_libs/lib/pkgconfig/tku_libs.pc'
[16.876s] Level 1:colcon.colcon_core.environment:checking '/home/iclab/motion/install/tku_libs/lib/python3.10/site-packages'
[16.876s] Level 1:colcon.colcon_core.shell:create_environment_hook('tku_libs', 'pythonpath')
[16.934s] INFO:colcon.colcon_core.shell:Creating environment hook '/home/iclab/motion/install/tku_libs/share/tku_libs/hook/pythonpath.ps1'
[16.935s] INFO:colcon.colcon_core.shell:Creating environment descriptor '/home/iclab/motion/install/tku_libs/share/tku_libs/hook/pythonpath.dsv'
[16.937s] INFO:colcon.colcon_core.shell:Creating environment hook '/home/iclab/motion/install/tku_libs/share/tku_libs/hook/pythonpath.sh'
[16.943s] Level 1:colcon.colcon_core.environment:checking '/home/iclab/motion/install/tku_libs/bin'
[16.943s] Level 1:colcon.colcon_core.environment:create_environment_scripts_only(tku_libs)
[17.003s] INFO:colcon.colcon_core.shell:Creating package script '/home/iclab/motion/install/tku_libs/share/tku_libs/package.ps1'
[17.005s] INFO:colcon.colcon_core.shell:Creating package descriptor '/home/iclab/motion/install/tku_libs/share/tku_libs/package.dsv'
[17.007s] INFO:colcon.colcon_core.shell:Creating package script '/home/iclab/motion/install/tku_libs/share/tku_libs/package.sh'
[17.008s] INFO:colcon.colcon_core.shell:Creating package script '/home/iclab/motion/install/tku_libs/share/tku_libs/package.bash'
[17.010s] INFO:colcon.colcon_core.shell:Creating package script '/home/iclab/motion/install/tku_libs/share/tku_libs/package.zsh'
[17.011s] Level 1:colcon.colcon_core.environment:create_file_with_runtime_dependencies(/home/iclab/motion/install/tku_libs/share/colcon-core/packages/tku_libs)
[17.012s] INFO:colcon.colcon_ros.task.ament_python.build:Building ROS package in '/home/iclab/motion/src/aaa' with build type 'ament_python'
[17.015s] Level 1:colcon.colcon_core.shell:create_environment_hook('aaa', 'ament_prefix_path')
[17.105s] INFO:colcon.colcon_core.shell:Creating environment hook '/home/iclab/motion/install/aaa/share/aaa/hook/ament_prefix_path.ps1'
[17.108s] INFO:colcon.colcon_core.shell:Creating environment descriptor '/home/iclab/motion/install/aaa/share/aaa/hook/ament_prefix_path.dsv'
[17.110s] INFO:colcon.colcon_core.shell:Creating environment hook '/home/iclab/motion/install/aaa/share/aaa/hook/ament_prefix_path.sh'
[17.208s] INFO:colcon.colcon_core.shell:Skip shell extension 'powershell' for command environment: Not usable outside of PowerShell
[17.209s] DEBUG:colcon.colcon_core.shell:Skip shell extension 'dsv' for command environment
[18.511s] INFO:colcon.colcon_core.task.python.build:Building Python package in '/home/iclab/motion/src/aaa'
[18.585s] INFO:colcon.colcon_core.shell:Skip shell extension 'powershell' for command environment: Not usable outside of PowerShell
[18.586s] DEBUG:colcon.colcon_core.shell:Skip shell extension 'dsv' for command environment
[20.375s] DEBUG:colcon.colcon_core.event_handler.log_command:Invoking command in '/home/iclab/motion/src/aaa': AMENT_PREFIX_PATH=/home/iclab/motion/install/tku_libs:/home/iclab/motion/install/tuk_libs:/home/iclab/motion/install/aaa:/home/iclab/motion/install/tku_msgs:/home/iclab/motion/install/motionpackage:/opt/ros/humble CMAKE_PREFIX_PATH=/home/iclab/motion/install/tku_libs:/home/iclab/motion/install/tku_msgs:/home/iclab/motion/install/tuk_libs:/home/iclab/motion/install/motionpackage PYTHONPATH=/home/iclab/motion/build/aaa/prefix_override:/home/iclab/motion/install/aaa/lib/python3.10/site-packages:/home/iclab/motion/install/tku_libs/lib/python3.10/site-packages:/home/iclab/motion/install/aaa/lib/python3.10/site-packages:/home/iclab/motion/install/tku_msgs/local/lib/python3.10/dist-packages:/home/iclab/motion/install/motionpackage/lib/python3.10/site-packages:/opt/ros/humble/lib/python3.10/site-packages:/opt/ros/humble/local/lib/python3.10/dist-packages /usr/bin/python3 setup.py egg_info --egg-base ../../build/aaa build --build-base /home/iclab/motion/build/aaa/build install --record /home/iclab/motion/build/aaa/install.log --single-version-externally-managed
[21.633s] DEBUG:colcon.colcon_core.event_handler.log_command:Invoked command in '/home/iclab/motion/src/aaa' returned '0': AMENT_PREFIX_PATH=/home/iclab/motion/install/tku_libs:/home/iclab/motion/install/tuk_libs:/home/iclab/motion/install/aaa:/home/iclab/motion/install/tku_msgs:/home/iclab/motion/install/motionpackage:/opt/ros/humble CMAKE_PREFIX_PATH=/home/iclab/motion/install/tku_libs:/home/iclab/motion/install/tku_msgs:/home/iclab/motion/install/tuk_libs:/home/iclab/motion/install/motionpackage PYTHONPATH=/home/iclab/motion/build/aaa/prefix_override:/home/iclab/motion/install/aaa/lib/python3.10/site-packages:/home/iclab/motion/install/tku_libs/lib/python3.10/site-packages:/home/iclab/motion/install/aaa/lib/python3.10/site-packages:/home/iclab/motion/install/tku_msgs/local/lib/python3.10/dist-packages:/home/iclab/motion/install/motionpackage/lib/python3.10/site-packages:/opt/ros/humble/lib/python3.10/site-packages:/opt/ros/humble/local/lib/python3.10/dist-packages /usr/bin/python3 setup.py egg_info --egg-base ../../build/aaa build --build-base /home/iclab/motion/build/aaa/build install --record /home/iclab/motion/build/aaa/install.log --single-version-externally-managed
[21.714s] Level 1:colcon.colcon_core.environment:checking '/home/iclab/motion/install/aaa' for CMake module files
[21.717s] Level 1:colcon.colcon_core.environment:checking '/home/iclab/motion/install/aaa' for CMake config files
[21.719s] Level 1:colcon.colcon_core.environment:checking '/home/iclab/motion/install/aaa/lib'
[21.719s] Level 1:colcon.colcon_core.environment:checking '/home/iclab/motion/install/aaa/bin'
[21.719s] Level 1:colcon.colcon_core.environment:checking '/home/iclab/motion/install/aaa/lib/pkgconfig/aaa.pc'
[21.720s] Level 1:colcon.colcon_core.environment:checking '/home/iclab/motion/install/aaa/lib/python3.10/site-packages'
[21.720s] Level 1:colcon.colcon_core.shell:create_environment_hook('aaa', 'pythonpath')
[21.794s] INFO:colcon.colcon_core.shell:Creating environment hook '/home/iclab/motion/install/aaa/share/aaa/hook/pythonpath.ps1'
[21.796s] INFO:colcon.colcon_core.shell:Creating environment descriptor '/home/iclab/motion/install/aaa/share/aaa/hook/pythonpath.dsv'
[21.797s] INFO:colcon.colcon_core.shell:Creating environment hook '/home/iclab/motion/install/aaa/share/aaa/hook/pythonpath.sh'
[21.799s] Level 1:colcon.colcon_core.environment:checking '/home/iclab/motion/install/aaa/bin'
[21.799s] Level 1:colcon.colcon_core.environment:create_environment_scripts_only(aaa)
[21.874s] INFO:colcon.colcon_core.shell:Creating package script '/home/iclab/motion/install/aaa/share/aaa/package.ps1'
[21.876s] INFO:colcon.colcon_core.shell:Creating package descriptor '/home/iclab/motion/install/aaa/share/aaa/package.dsv'
[21.879s] INFO:colcon.colcon_core.shell:Creating package script '/home/iclab/motion/install/aaa/share/aaa/package.sh'
[21.881s] INFO:colcon.colcon_core.shell:Creating package script '/home/iclab/motion/install/aaa/share/aaa/package.bash'
[21.883s] INFO:colcon.colcon_core.shell:Creating package script '/home/iclab/motion/install/aaa/share/aaa/package.zsh'
[21.885s] Level 1:colcon.colcon_core.environment:create_file_with_runtime_dependencies(/home/iclab/motion/install/aaa/share/colcon-core/packages/aaa)
[21.886s] DEBUG:colcon.colcon_parallel_executor.executor.parallel:closing loop
[21.888s] DEBUG:colcon.colcon_parallel_executor.executor.parallel:loop closed
[21.888s] DEBUG:colcon.colcon_parallel_executor.executor.parallel:run_until_complete finished with '0'
[21.889s] DEBUG:colcon.colcon_core.event_reactor:joining thread
[22.002s] INFO:colcon.colcon_core.plugin_system:Skipping extension 'colcon_notification.desktop_notification.terminal_notifier': Not used on non-Darwin systems
[22.002s] INFO:colcon.colcon_core.plugin_system:Skipping extension 'colcon_notification.desktop_notification.win32': Not used on non-Windows systems
[22.002s] INFO:colcon.colcon_notification.desktop_notification:Sending desktop notification using 'notify2'
[22.048s] DEBUG:colcon.colcon_core.event_reactor:joined thread
[22.133s] INFO:colcon.colcon_core.shell:Creating prefix script '/home/iclab/motion/install/local_setup.ps1'
[22.136s] INFO:colcon.colcon_core.shell:Creating prefix util module '/home/iclab/motion/install/_local_setup_util_ps1.py'
[22.140s] INFO:colcon.colcon_core.shell:Creating prefix chain script '/home/iclab/motion/install/setup.ps1'
[22.224s] INFO:colcon.colcon_core.shell:Creating prefix script '/home/iclab/motion/install/local_setup.sh'
[22.226s] INFO:colcon.colcon_core.shell:Creating prefix util module '/home/iclab/motion/install/_local_setup_util_sh.py'
[22.228s] INFO:colcon.colcon_core.shell:Creating prefix chain script '/home/iclab/motion/install/setup.sh'
[22.287s] INFO:colcon.colcon_core.shell:Creating prefix script '/home/iclab/motion/install/local_setup.bash'
[22.289s] INFO:colcon.colcon_core.shell:Creating prefix chain script '/home/iclab/motion/install/setup.bash'
[22.344s] INFO:colcon.colcon_core.shell:Creating prefix script '/home/iclab/motion/install/local_setup.zsh'
[22.346s] INFO:colcon.colcon_core.shell:Creating prefix chain script '/home/iclab/motion/install/setup.zsh'
