[3.044s] Invoking command in '/home/iclab/motion/src/motionpackage': PYTHONPATH=/home/iclab/motion/build/motionpackage/prefix_override:/home/iclab/motion/install/motionpackage/lib/python3.10/site-packages:${PYTHONPATH} /usr/bin/python3 setup.py egg_info --egg-base ../../build/motionpackage build --build-base /home/iclab/motion/build/motionpackage/build install --record /home/iclab/motion/build/motionpackage/install.log --single-version-externally-managed
[3.945s] running egg_info
[3.946s] writing ../../build/motionpackage/motionpackage.egg-info/PKG-INFO
[3.947s] writing dependency_links to ../../build/motionpackage/motionpackage.egg-info/dependency_links.txt
[3.948s] writing entry points to ../../build/motionpackage/motionpackage.egg-info/entry_points.txt
[3.948s] writing requirements to ../../build/motionpackage/motionpackage.egg-info/requires.txt
[3.949s] writing top-level names to ../../build/motionpackage/motionpackage.egg-info/top_level.txt
[3.953s] reading manifest file '../../build/motionpackage/motionpackage.egg-info/SOURCES.txt'
[3.956s] writing manifest file '../../build/motionpackage/motionpackage.egg-info/SOURCES.txt'
[3.956s] running build
[3.956s] running build_py
[3.958s] running install
[3.958s] running install_lib
[3.961s] byte-compiling /home/iclab/motion/install/motionpackage/lib/python3.10/site-packages/motionpackage/motionpackage.py to motionpackage.cpython-310.pyc
[3.988s] running install_data
[3.989s] running install_egg_info
[3.993s] removing '/home/iclab/motion/install/motionpackage/lib/python3.10/site-packages/motionpackage-0.0.0-py3.10.egg-info' (and everything under it)
[3.994s] Copying ../../build/motionpackage/motionpackage.egg-info to /home/iclab/motion/install/motionpackage/lib/python3.10/site-packages/motionpackage-0.0.0-py3.10.egg-info
[3.998s] running install_scripts
[4.051s] Installing motionpackage script to /home/iclab/motion/install/motionpackage/lib/motionpackage
[4.052s] writing list of installed files to '/home/iclab/motion/build/motionpackage/install.log'
[4.669s] Invoked command in '/home/iclab/motion/src/motionpackage' returned '0': PYTHONPATH=/home/iclab/motion/build/motionpackage/prefix_override:/home/iclab/motion/install/motionpackage/lib/python3.10/site-packages:${PYTHONPATH} /usr/bin/python3 setup.py egg_info --egg-base ../../build/motionpackage build --build-base /home/iclab/motion/build/motionpackage/build install --record /home/iclab/motion/build/motionpackage/install.log --single-version-externally-managed
