[2.791s] Invoking command in '/home/iclab/motion/src/motionpackage': PYTHONPATH=/home/iclab/motion/build/motionpackage/prefix_override:/home/iclab/motion/install/motionpackage/lib/python3.10/site-packages:${PYTHONPATH} /usr/bin/python3 setup.py egg_info --egg-base ../../build/motionpackage build --build-base /home/iclab/motion/build/motionpackage/build install --record /home/iclab/motion/build/motionpackage/install.log --single-version-externally-managed
[3.640s] running egg_info
[3.642s] writing ../../build/motionpackage/motionpackage.egg-info/PKG-INFO
[3.642s] writing dependency_links to ../../build/motionpackage/motionpackage.egg-info/dependency_links.txt
[3.643s] writing entry points to ../../build/motionpackage/motionpackage.egg-info/entry_points.txt
[3.644s] writing requirements to ../../build/motionpackage/motionpackage.egg-info/requires.txt
[3.644s] writing top-level names to ../../build/motionpackage/motionpackage.egg-info/top_level.txt
[3.651s] reading manifest file '../../build/motionpackage/motionpackage.egg-info/SOURCES.txt'
[3.653s] writing manifest file '../../build/motionpackage/motionpackage.egg-info/SOURCES.txt'
[3.653s] running build
[3.654s] running build_py
[3.655s] running install
[3.655s] running install_lib
[3.659s] running install_data
[3.660s] running install_egg_info
[3.665s] removing '/home/iclab/motion/install/motionpackage/lib/python3.10/site-packages/motionpackage-0.0.0-py3.10.egg-info' (and everything under it)
[3.667s] Copying ../../build/motionpackage/motionpackage.egg-info to /home/iclab/motion/install/motionpackage/lib/python3.10/site-packages/motionpackage-0.0.0-py3.10.egg-info
[3.669s] running install_scripts
[3.723s] Installing motionpackage script to /home/iclab/motion/install/motionpackage/lib/motionpackage
[3.724s] writing list of installed files to '/home/iclab/motion/build/motionpackage/install.log'
[3.811s] Invoked command in '/home/iclab/motion/src/motionpackage' returned '0': PYTHONPATH=/home/iclab/motion/build/motionpackage/prefix_override:/home/iclab/motion/install/motionpackage/lib/python3.10/site-packages:${PYTHONPATH} /usr/bin/python3 setup.py egg_info --egg-base ../../build/motionpackage build --build-base /home/iclab/motion/build/motionpackage/build install --record /home/iclab/motion/build/motionpackage/install.log --single-version-externally-managed
