[4.813s] Invoking command in '/home/iclab/motion/src/aaa': AMENT_PREFIX_PATH=/home/iclab/motion/install/tku_libs:/home/iclab/motion/install/tuk_libs:/home/iclab/motion/install/aaa:/home/iclab/motion/install/tku_msgs:/home/iclab/motion/install/motionpackage:/opt/ros/humble CMAKE_PREFIX_PATH=/home/iclab/motion/install/tku_libs:/home/iclab/motion/install/tku_msgs:/home/iclab/motion/install/tuk_libs:/home/iclab/motion/install/motionpackage PYTHONPATH=/home/iclab/motion/build/aaa/prefix_override:/home/iclab/motion/install/aaa/lib/python3.10/site-packages:/home/iclab/motion/install/tku_libs/lib/python3.10/site-packages:/home/iclab/motion/install/aaa/lib/python3.10/site-packages:/home/iclab/motion/install/tku_msgs/local/lib/python3.10/dist-packages:/home/iclab/motion/install/motionpackage/lib/python3.10/site-packages:/opt/ros/humble/lib/python3.10/site-packages:/opt/ros/humble/local/lib/python3.10/dist-packages /usr/bin/python3 setup.py egg_info --egg-base ../../build/aaa build --build-base /home/iclab/motion/build/aaa/build install --record /home/iclab/motion/build/aaa/install.log --single-version-externally-managed
[6.022s] Traceback (most recent call last):
[6.022s]   File "/home/iclab/motion/src/aaa/setup.py", line 5, in <module>
[6.023s]     setup(
[6.023s]   File "/home/iclab/.local/lib/python3.10/site-packages/setuptools/__init__.py", line 153, in setup
[6.024s]     return distutils.core.setup(**attrs)
[6.024s]   File "/usr/lib/python3.10/distutils/core.py", line 134, in setup
[6.027s]     ok = dist.parse_command_line()
[6.027s]   File "/usr/lib/python3.10/distutils/dist.py", line 483, in parse_command_line
[6.029s]     args = self._parse_command_opts(parser, args)
[6.029s]   File "/home/iclab/.local/lib/python3.10/site-packages/setuptools/dist.py", line 1042, in _parse_command_opts
[6.031s]     nargs = _Distribution._parse_command_opts(self, parser, args)
[6.032s]   File "/usr/lib/python3.10/distutils/dist.py", line 539, in _parse_command_opts
[6.032s]     cmd_class = self.get_command_class(command)
[6.032s]   File "/home/iclab/.local/lib/python3.10/site-packages/setuptools/dist.py", line 887, in get_command_class
[6.033s]     self.cmdclass[command] = cmdclass = ep.load()
[6.034s]   File "/home/iclab/.local/lib/python3.10/site-packages/pkg_resources/__init__.py", line 2450, in load
[6.038s]     return self.resolve()
[6.039s]   File "/home/iclab/.local/lib/python3.10/site-packages/pkg_resources/__init__.py", line 2456, in resolve
[6.040s]     module = __import__(self.module_name, fromlist=['__name__'], level=0)
[6.040s]   File "/home/iclab/.local/lib/python3.10/site-packages/setuptools/command/install.py", line 6, in <module>
[6.041s]     import distutils.command.install as orig
[6.041s]   File "<frozen importlib._bootstrap>", line 1027, in _find_and_load
[6.042s]   File "<frozen importlib._bootstrap>", line 1006, in _find_and_load_unlocked
[6.043s]   File "<frozen importlib._bootstrap>", line 688, in _load_unlocked
[6.044s]   File "<frozen importlib._bootstrap_external>", line 879, in exec_module
[6.044s]   File "<frozen importlib._bootstrap_external>", line 1012, in get_code
[6.044s]   File "<frozen importlib._bootstrap_external>", line 672, in _compile_bytecode
[6.045s] KeyboardInterrupt
[6.146s] Invoked command in '/home/iclab/motion/src/aaa' returned '-2': AMENT_PREFIX_PATH=/home/iclab/motion/install/tku_libs:/home/iclab/motion/install/tuk_libs:/home/iclab/motion/install/aaa:/home/iclab/motion/install/tku_msgs:/home/iclab/motion/install/motionpackage:/opt/ros/humble CMAKE_PREFIX_PATH=/home/iclab/motion/install/tku_libs:/home/iclab/motion/install/tku_msgs:/home/iclab/motion/install/tuk_libs:/home/iclab/motion/install/motionpackage PYTHONPATH=/home/iclab/motion/build/aaa/prefix_override:/home/iclab/motion/install/aaa/lib/python3.10/site-packages:/home/iclab/motion/install/tku_libs/lib/python3.10/site-packages:/home/iclab/motion/install/aaa/lib/python3.10/site-packages:/home/iclab/motion/install/tku_msgs/local/lib/python3.10/dist-packages:/home/iclab/motion/install/motionpackage/lib/python3.10/site-packages:/opt/ros/humble/lib/python3.10/site-packages:/opt/ros/humble/local/lib/python3.10/dist-packages /usr/bin/python3 setup.py egg_info --egg-base ../../build/aaa build --build-base /home/iclab/motion/build/aaa/build install --record /home/iclab/motion/build/aaa/install.log --single-version-externally-managed
