[2.571s] Invoking command in '/home/iclab/motion/src/tku_libs': CMAKE_PREFIX_PATH=/home/iclab/motion/install/tku_msgs:/home/iclab/motion/install/tuk_libs:/home/iclab/motion/install/tku_libs:/home/iclab/motion/install/motionpackage PYTHONPATH=/home/iclab/motion/build/tku_libs/prefix_override:/home/iclab/motion/install/tku_libs/lib/python3.10/site-packages:${PYTHONPATH} /usr/bin/python3 setup.py egg_info --egg-base ../../build/tku_libs build --build-base /home/iclab/motion/build/tku_libs/build install --record /home/iclab/motion/build/tku_libs/install.log --single-version-externally-managed
[3.428s] running egg_info
[3.430s] writing ../../build/tku_libs/tku_libs.egg-info/PKG-INFO
[3.431s] writing dependency_links to ../../build/tku_libs/tku_libs.egg-info/dependency_links.txt
[3.431s] writing entry points to ../../build/tku_libs/tku_libs.egg-info/entry_points.txt
[3.432s] writing requirements to ../../build/tku_libs/tku_libs.egg-info/requires.txt
[3.432s] writing top-level names to ../../build/tku_libs/tku_libs.egg-info/top_level.txt
[3.438s] reading manifest file '../../build/tku_libs/tku_libs.egg-info/SOURCES.txt'
[3.440s] writing manifest file '../../build/tku_libs/tku_libs.egg-info/SOURCES.txt'
[3.440s] running build
[3.441s] running build_py
[3.441s] running install
[3.442s] running install_lib
[3.446s] running install_data
[3.448s] running install_egg_info
[3.452s] removing '/home/iclab/motion/install/tku_libs/lib/python3.10/site-packages/tku_libs-0.0.0-py3.10.egg-info' (and everything under it)
[3.453s] Copying ../../build/tku_libs/tku_libs.egg-info to /home/iclab/motion/install/tku_libs/lib/python3.10/site-packages/tku_libs-0.0.0-py3.10.egg-info
[3.455s] running install_scripts
[3.509s] Installing aaa script to /home/iclab/motion/install/tku_libs/lib/tku_libs
[3.510s] Installing bbb script to /home/iclab/motion/install/tku_libs/lib/tku_libs
[3.511s] writing list of installed files to '/home/iclab/motion/build/tku_libs/install.log'
[3.597s] Invoked command in '/home/iclab/motion/src/tku_libs' returned '0': CMAKE_PREFIX_PATH=/home/iclab/motion/install/tku_msgs:/home/iclab/motion/install/tuk_libs:/home/iclab/motion/install/tku_libs:/home/iclab/motion/install/motionpackage PYTHONPATH=/home/iclab/motion/build/tku_libs/prefix_override:/home/iclab/motion/install/tku_libs/lib/python3.10/site-packages:${PYTHONPATH} /usr/bin/python3 setup.py egg_info --egg-base ../../build/tku_libs build --build-base /home/iclab/motion/build/tku_libs/build install --record /home/iclab/motion/build/tku_libs/install.log --single-version-externally-managed
