[3.314s] Invoking command in '/home/iclab/motion/src/motionpackage': PYTHONPATH=/home/iclab/motion/build/motionpackage/prefix_override:/home/iclab/motion/install/motionpackage/lib/python3.10/site-packages:${PYTHONPATH} /usr/bin/python3 setup.py egg_info --egg-base ../../build/motionpackage build --build-base /home/iclab/motion/build/motionpackage/build install --record /home/iclab/motion/build/motionpackage/install.log --single-version-externally-managed
[4.220s] running egg_info
[4.224s] writing ../../build/motionpackage/motionpackage.egg-info/PKG-INFO
[4.226s] writing dependency_links to ../../build/motionpackage/motionpackage.egg-info/dependency_links.txt
[4.226s] writing entry points to ../../build/motionpackage/motionpackage.egg-info/entry_points.txt
[4.226s] writing requirements to ../../build/motionpackage/motionpackage.egg-info/requires.txt
[4.227s] writing top-level names to ../../build/motionpackage/motionpackage.egg-info/top_level.txt
[4.239s] reading manifest file '../../build/motionpackage/motionpackage.egg-info/SOURCES.txt'
[4.239s] writing manifest file '../../build/motionpackage/motionpackage.egg-info/SOURCES.txt'
[4.240s] running build
[4.240s] running build_py
[4.241s] running install
[4.241s] running install_lib
[4.244s] byte-compiling /home/iclab/motion/install/motionpackage/lib/python3.10/site-packages/motionpackage/motionpackage.py to motionpackage.cpython-310.pyc
[4.265s] running install_data
[4.266s] running install_egg_info
[4.270s] removing '/home/iclab/motion/install/motionpackage/lib/python3.10/site-packages/motionpackage-0.0.0-py3.10.egg-info' (and everything under it)
[4.271s] Copying ../../build/motionpackage/motionpackage.egg-info to /home/iclab/motion/install/motionpackage/lib/python3.10/site-packages/motionpackage-0.0.0-py3.10.egg-info
[4.273s] running install_scripts
[4.329s] Installing motionpackage script to /home/iclab/motion/install/motionpackage/lib/motionpackage
[4.330s] writing list of installed files to '/home/iclab/motion/build/motionpackage/install.log'
[4.427s] Invoked command in '/home/iclab/motion/src/motionpackage' returned '0': PYTHONPATH=/home/iclab/motion/build/motionpackage/prefix_override:/home/iclab/motion/install/motionpackage/lib/python3.10/site-packages:${PYTHONPATH} /usr/bin/python3 setup.py egg_info --egg-base ../../build/motionpackage build --build-base /home/iclab/motion/build/motionpackage/build install --record /home/iclab/motion/build/motionpackage/install.log --single-version-externally-managed
