[0.531s] Invoking command in '/home/iclab/motion/src/tku_libs': CMAKE_PREFIX_PATH=/home/iclab/motion/install/tku_msgs:/home/iclab/motion/install/tuk_libs:/home/iclab/motion/install/motionpackage:/home/iclab/motion/install/tku_libs PYTHONPATH=/home/iclab/motion/build/tku_libs/prefix_override:/home/iclab/motion/install/tku_libs/lib/python3.10/site-packages:${PYTHONPATH} /usr/bin/python3 setup.py egg_info --egg-base ../../build/tku_libs build --build-base /home/iclab/motion/build/tku_libs/build install --record /home/iclab/motion/build/tku_libs/install.log --single-version-externally-managed
[0.738s] running egg_info
[0.738s] writing ../../build/tku_libs/tku_libs.egg-info/PKG-INFO
[0.738s] writing dependency_links to ../../build/tku_libs/tku_libs.egg-info/dependency_links.txt
[0.738s] writing entry points to ../../build/tku_libs/tku_libs.egg-info/entry_points.txt
[0.738s] writing requirements to ../../build/tku_libs/tku_libs.egg-info/requires.txt
[0.739s] writing top-level names to ../../build/tku_libs/tku_libs.egg-info/top_level.txt
[0.740s] reading manifest file '../../build/tku_libs/tku_libs.egg-info/SOURCES.txt'
[0.741s] writing manifest file '../../build/tku_libs/tku_libs.egg-info/SOURCES.txt'
[0.741s] running build
[0.741s] running build_py
[0.741s] copying tku_libs/TKU_tool.py -> /home/iclab/motion/build/tku_libs/build/lib/tku_libs
[0.741s] copying tku_libs/TKU_tool copy.py -> /home/iclab/motion/build/tku_libs/build/lib/tku_libs
[0.742s] running install
[0.742s] running install_lib
[0.742s] copying /home/iclab/motion/build/tku_libs/build/lib/tku_libs/TKU_tool.py -> /home/iclab/motion/install/tku_libs/lib/python3.10/site-packages/tku_libs
[0.743s] copying /home/iclab/motion/build/tku_libs/build/lib/tku_libs/TKU_tool copy.py -> /home/iclab/motion/install/tku_libs/lib/python3.10/site-packages/tku_libs
[0.743s] byte-compiling /home/iclab/motion/install/tku_libs/lib/python3.10/site-packages/tku_libs/TKU_tool.py to TKU_tool.cpython-310.pyc
[0.743s] byte-compiling /home/iclab/motion/install/tku_libs/lib/python3.10/site-packages/tku_libs/TKU_tool copy.py to TKU_tool copy.cpython-310.pyc
[0.744s] running install_data
[0.744s] running install_egg_info
[0.746s] removing '/home/iclab/motion/install/tku_libs/lib/python3.10/site-packages/tku_libs-0.0.0-py3.10.egg-info' (and everything under it)
[0.746s] Copying ../../build/tku_libs/tku_libs.egg-info to /home/iclab/motion/install/tku_libs/lib/python3.10/site-packages/tku_libs-0.0.0-py3.10.egg-info
[0.746s] running install_scripts
[0.762s] Installing TKU_tool script to /home/iclab/motion/install/tku_libs/lib/tku_libs
[0.762s] writing list of installed files to '/home/iclab/motion/build/tku_libs/install.log'
[0.782s] Invoked command in '/home/iclab/motion/src/tku_libs' returned '0': CMAKE_PREFIX_PATH=/home/iclab/motion/install/tku_msgs:/home/iclab/motion/install/tuk_libs:/home/iclab/motion/install/motionpackage:/home/iclab/motion/install/tku_libs PYTHONPATH=/home/iclab/motion/build/tku_libs/prefix_override:/home/iclab/motion/install/tku_libs/lib/python3.10/site-packages:${PYTHONPATH} /usr/bin/python3 setup.py egg_info --egg-base ../../build/tku_libs build --build-base /home/iclab/motion/build/tku_libs/build install --record /home/iclab/motion/build/tku_libs/install.log --single-version-externally-managed
