[0.068s] Invoking command in '/home/iclab/motion/build/tku_libs': CMAKE_PREFIX_PATH=/opt/ros/humble /usr/bin/cmake --build /home/iclab/motion/build/tku_libs -- -j8 -l8
[0.097s] [100%] Built target TKU_tool
[0.105s] Invoked command in '/home/iclab/motion/build/tku_libs' returned '0': CMAKE_PREFIX_PATH=/opt/ros/humble /usr/bin/cmake --build /home/iclab/motion/build/tku_libs -- -j8 -l8
[0.145s] Invoking command in '/home/iclab/motion/build/tku_libs': CMAKE_PREFIX_PATH=/opt/ros/humble /usr/bin/cmake --install /home/iclab/motion/build/tku_libs
[0.152s] -- Install configuration: ""
[0.152s] -- Up-to-date: /home/iclab/motion/install/tku_libs/lib/tku_libs/TKU_tool
[0.153s] -- Up-to-date: /home/iclab/motion/install/tku_libs/share/ament_index/resource_index/package_run_dependencies/tku_libs
[0.153s] -- Up-to-date: /home/iclab/motion/install/tku_libs/share/ament_index/resource_index/parent_prefix_path/tku_libs
[0.153s] -- Up-to-date: /home/iclab/motion/install/tku_libs/share/tku_libs/environment/ament_prefix_path.sh
[0.153s] -- Up-to-date: /home/iclab/motion/install/tku_libs/share/tku_libs/environment/ament_prefix_path.dsv
[0.153s] -- Up-to-date: /home/iclab/motion/install/tku_libs/share/tku_libs/environment/path.sh
[0.153s] -- Up-to-date: /home/iclab/motion/install/tku_libs/share/tku_libs/environment/path.dsv
[0.153s] -- Up-to-date: /home/iclab/motion/install/tku_libs/share/tku_libs/local_setup.bash
[0.153s] -- Up-to-date: /home/iclab/motion/install/tku_libs/share/tku_libs/local_setup.sh
[0.153s] -- Up-to-date: /home/iclab/motion/install/tku_libs/share/tku_libs/local_setup.zsh
[0.153s] -- Up-to-date: /home/iclab/motion/install/tku_libs/share/tku_libs/local_setup.dsv
[0.153s] -- Installing: /home/iclab/motion/install/tku_libs/share/tku_libs/package.dsv
[0.154s] -- Up-to-date: /home/iclab/motion/install/tku_libs/share/ament_index/resource_index/packages/tku_libs
[0.154s] -- Up-to-date: /home/iclab/motion/install/tku_libs/share/tku_libs/cmake/tku_libsConfig.cmake
[0.154s] -- Up-to-date: /home/iclab/motion/install/tku_libs/share/tku_libs/cmake/tku_libsConfig-version.cmake
[0.154s] -- Up-to-date: /home/iclab/motion/install/tku_libs/share/tku_libs/package.xml
[0.155s] Invoked command in '/home/iclab/motion/build/tku_libs' returned '0': CMAKE_PREFIX_PATH=/opt/ros/humble /usr/bin/cmake --install /home/iclab/motion/build/tku_libs
