[3.621s] Invoking command in '/home/iclab/motion/src/motionpackage': PYTHONPATH=/home/iclab/motion/build/motionpackage/prefix_override:/home/iclab/motion/install/motionpackage/lib/python3.10/site-packages:${PYTHONPATH} /usr/bin/python3 setup.py egg_info --egg-base ../../build/motionpackage build --build-base /home/iclab/motion/build/motionpackage/build install --record /home/iclab/motion/build/motionpackage/install.log --single-version-externally-managed
[4.909s] running egg_info
[4.911s] writing ../../build/motionpackage/motionpackage.egg-info/PKG-INFO
[4.912s] writing dependency_links to ../../build/motionpackage/motionpackage.egg-info/dependency_links.txt
[4.913s] writing entry points to ../../build/motionpackage/motionpackage.egg-info/entry_points.txt
[4.914s] writing requirements to ../../build/motionpackage/motionpackage.egg-info/requires.txt
[4.920s] writing top-level names to ../../build/motionpackage/motionpackage.egg-info/top_level.txt
[4.924s] reading manifest file '../../build/motionpackage/motionpackage.egg-info/SOURCES.txt'
[4.931s] writing manifest file '../../build/motionpackage/motionpackage.egg-info/SOURCES.txt'
[4.932s] running build
[4.933s] running build_py
[4.933s] copying motionpackage/motionpackage.py -> /home/iclab/motion/build/motionpackage/build/lib/motionpackage
[4.934s] running install
[4.936s] running install_lib
[4.937s] copying /home/iclab/motion/build/motionpackage/build/lib/motionpackage/motionpackage.py -> /home/iclab/motion/install/motionpackage/lib/python3.10/site-packages/motionpackage
[4.939s] byte-compiling /home/iclab/motion/install/motionpackage/lib/python3.10/site-packages/motionpackage/motionpackage.py to motionpackage.cpython-310.pyc
[4.957s] running install_data
[4.962s] running install_egg_info
[4.963s] removing '/home/iclab/motion/install/motionpackage/lib/python3.10/site-packages/motionpackage-0.0.0-py3.10.egg-info' (and everything under it)
[4.964s] Copying ../../build/motionpackage/motionpackage.egg-info to /home/iclab/motion/install/motionpackage/lib/python3.10/site-packages/motionpackage-0.0.0-py3.10.egg-info
[4.968s] running install_scripts
[5.259s] Installing motionpackage script to /home/iclab/motion/install/motionpackage/lib/motionpackage
[5.286s] writing list of installed files to '/home/iclab/motion/build/motionpackage/install.log'
[5.490s] Invoked command in '/home/iclab/motion/src/motionpackage' returned '0': PYTHONPATH=/home/iclab/motion/build/motionpackage/prefix_override:/home/iclab/motion/install/motionpackage/lib/python3.10/site-packages:${PYTHONPATH} /usr/bin/python3 setup.py egg_info --egg-base ../../build/motionpackage build --build-base /home/iclab/motion/build/motionpackage/build install --record /home/iclab/motion/build/motionpackage/install.log --single-version-externally-managed
