[2.812s] Invoking command in '/home/iclab/motion/src/tku_libs': CMAKE_PREFIX_PATH=/home/iclab/motion/install/tku_msgs:/home/iclab/motion/install/tuk_libs:/home/iclab/motion/install/tku_libs:/home/iclab/motion/install/motionpackage:/home/iclab/test_serial/install/my_package PYTHONPATH=/home/iclab/motion/build/tku_libs/prefix_override:/home/iclab/motion/install/tku_libs/lib/python3.10/site-packages:${PYTHONPATH} /usr/bin/python3 setup.py egg_info --egg-base ../../build/tku_libs build --build-base /home/iclab/motion/build/tku_libs/build install --record /home/iclab/motion/build/tku_libs/install.log --single-version-externally-managed
[3.754s] running egg_info
[3.756s] writing ../../build/tku_libs/tku_libs.egg-info/PKG-INFO
[3.757s] writing dependency_links to ../../build/tku_libs/tku_libs.egg-info/dependency_links.txt
[3.757s] writing entry points to ../../build/tku_libs/tku_libs.egg-info/entry_points.txt
[3.758s] writing requirements to ../../build/tku_libs/tku_libs.egg-info/requires.txt
[3.759s] writing top-level names to ../../build/tku_libs/tku_libs.egg-info/top_level.txt
[3.765s] reading manifest file '../../build/tku_libs/tku_libs.egg-info/SOURCES.txt'
[3.767s] writing manifest file '../../build/tku_libs/tku_libs.egg-info/SOURCES.txt'
[3.768s] running build
[3.768s] running build_py
[3.769s] running install
[3.770s] running install_lib
[3.774s] running install_data
[3.775s] running install_egg_info
[3.780s] removing '/home/iclab/motion/install/tku_libs/lib/python3.10/site-packages/tku_libs-0.0.0-py3.10.egg-info' (and everything under it)
[3.781s] Copying ../../build/tku_libs/tku_libs.egg-info to /home/iclab/motion/install/tku_libs/lib/python3.10/site-packages/tku_libs-0.0.0-py3.10.egg-info
[3.783s] running install_scripts
[3.841s] Installing aaa script to /home/iclab/motion/install/tku_libs/lib/tku_libs
[3.842s] Installing bbb script to /home/iclab/motion/install/tku_libs/lib/tku_libs
[3.843s] writing list of installed files to '/home/iclab/motion/build/tku_libs/install.log'
[3.936s] Invoked command in '/home/iclab/motion/src/tku_libs' returned '0': CMAKE_PREFIX_PATH=/home/iclab/motion/install/tku_msgs:/home/iclab/motion/install/tuk_libs:/home/iclab/motion/install/tku_libs:/home/iclab/motion/install/motionpackage:/home/iclab/test_serial/install/my_package PYTHONPATH=/home/iclab/motion/build/tku_libs/prefix_override:/home/iclab/motion/install/tku_libs/lib/python3.10/site-packages:${PYTHONPATH} /usr/bin/python3 setup.py egg_info --egg-base ../../build/tku_libs build --build-base /home/iclab/motion/build/tku_libs/build install --record /home/iclab/motion/build/tku_libs/install.log --single-version-externally-managed
