[2.567s] Invoking command in '/home/iclab/motion/src/tku_libs': CMAKE_PREFIX_PATH=/home/iclab/motion/install/tku_msgs:/home/iclab/motion/install/tuk_libs:/home/iclab/motion/install/tku_libs:/home/iclab/motion/install/motionpackage PYTHONPATH=/home/iclab/motion/build/tku_libs/prefix_override:/home/iclab/motion/install/tku_libs/lib/python3.10/site-packages:${PYTHONPATH} /usr/bin/python3 setup.py egg_info --egg-base ../../build/tku_libs build --build-base /home/iclab/motion/build/tku_libs/build install --record /home/iclab/motion/build/tku_libs/install.log --single-version-externally-managed
[3.370s] running egg_info
[3.372s] writing ../../build/tku_libs/tku_libs.egg-info/PKG-INFO
[3.372s] writing dependency_links to ../../build/tku_libs/tku_libs.egg-info/dependency_links.txt
[3.373s] writing entry points to ../../build/tku_libs/tku_libs.egg-info/entry_points.txt
[3.374s] writing requirements to ../../build/tku_libs/tku_libs.egg-info/requires.txt
[3.374s] writing top-level names to ../../build/tku_libs/tku_libs.egg-info/top_level.txt
[3.380s] reading manifest file '../../build/tku_libs/tku_libs.egg-info/SOURCES.txt'
[3.383s] writing manifest file '../../build/tku_libs/tku_libs.egg-info/SOURCES.txt'
[3.383s] running build
[3.383s] running build_py
[3.384s] running install
[3.385s] running install_lib
[3.389s] running install_data
[3.391s] running install_egg_info
[3.397s] removing '/home/iclab/motion/install/tku_libs/lib/python3.10/site-packages/tku_libs-0.0.0-py3.10.egg-info' (and everything under it)
[3.398s] Copying ../../build/tku_libs/tku_libs.egg-info to /home/iclab/motion/install/tku_libs/lib/python3.10/site-packages/tku_libs-0.0.0-py3.10.egg-info
[3.400s] running install_scripts
[3.452s] Installing aaa script to /home/iclab/motion/install/tku_libs/lib/tku_libs
[3.453s] Installing bbb script to /home/iclab/motion/install/tku_libs/lib/tku_libs
[3.454s] writing list of installed files to '/home/iclab/motion/build/tku_libs/install.log'
[3.537s] Invoked command in '/home/iclab/motion/src/tku_libs' returned '0': CMAKE_PREFIX_PATH=/home/iclab/motion/install/tku_msgs:/home/iclab/motion/install/tuk_libs:/home/iclab/motion/install/tku_libs:/home/iclab/motion/install/motionpackage PYTHONPATH=/home/iclab/motion/build/tku_libs/prefix_override:/home/iclab/motion/install/tku_libs/lib/python3.10/site-packages:${PYTHONPATH} /usr/bin/python3 setup.py egg_info --egg-base ../../build/tku_libs build --build-base /home/iclab/motion/build/tku_libs/build install --record /home/iclab/motion/build/tku_libs/install.log --single-version-externally-managed
