[0.550s] Invoking command in '/home/iclab/motion/src/aaa': PYTHONPATH=/home/iclab/motion/build/aaa/prefix_override:/home/iclab/motion/install/aaa/lib/python3.10/site-packages:${PYTHONPATH} /usr/bin/python3 setup.py egg_info --egg-base ../../build/aaa build --build-base /home/iclab/motion/build/aaa/build install --record /home/iclab/motion/build/aaa/install.log --single-version-externally-managed
[0.723s] running egg_info
[0.724s] creating ../../build/aaa/aaa.egg-info
[0.724s] writing ../../build/aaa/aaa.egg-info/PKG-INFO
[0.724s] writing dependency_links to ../../build/aaa/aaa.egg-info/dependency_links.txt
[0.724s] writing entry points to ../../build/aaa/aaa.egg-info/entry_points.txt
[0.724s] writing requirements to ../../build/aaa/aaa.egg-info/requires.txt
[0.724s] writing top-level names to ../../build/aaa/aaa.egg-info/top_level.txt
[0.724s] writing manifest file '../../build/aaa/aaa.egg-info/SOURCES.txt'
[0.725s] reading manifest file '../../build/aaa/aaa.egg-info/SOURCES.txt'
[0.726s] writing manifest file '../../build/aaa/aaa.egg-info/SOURCES.txt'
[0.726s] running build
[0.726s] running build_py
[0.726s] creating /home/iclab/motion/build/aaa/build
[0.726s] creating /home/iclab/motion/build/aaa/build/lib
[0.726s] creating /home/iclab/motion/build/aaa/build/lib/aaa
[0.726s] copying aaa/aaa.py -> /home/iclab/motion/build/aaa/build/lib/aaa
[0.726s] copying aaa/__init__.py -> /home/iclab/motion/build/aaa/build/lib/aaa
[0.727s] running install
[0.727s] running install_lib
[0.727s] creating /home/iclab/motion/install/aaa/lib/python3.10/site-packages/aaa
[0.727s] copying /home/iclab/motion/build/aaa/build/lib/aaa/aaa.py -> /home/iclab/motion/install/aaa/lib/python3.10/site-packages/aaa
[0.727s] copying /home/iclab/motion/build/aaa/build/lib/aaa/__init__.py -> /home/iclab/motion/install/aaa/lib/python3.10/site-packages/aaa
[0.728s] byte-compiling /home/iclab/motion/install/aaa/lib/python3.10/site-packages/aaa/aaa.py to aaa.cpython-310.pyc
[0.728s] byte-compiling /home/iclab/motion/install/aaa/lib/python3.10/site-packages/aaa/__init__.py to __init__.cpython-310.pyc
[0.728s] running install_data
[0.728s] creating /home/iclab/motion/install/aaa/share/ament_index
[0.728s] creating /home/iclab/motion/install/aaa/share/ament_index/resource_index
[0.728s] creating /home/iclab/motion/install/aaa/share/ament_index/resource_index/packages
[0.728s] copying resource/aaa -> /home/iclab/motion/install/aaa/share/ament_index/resource_index/packages
[0.728s] copying package.xml -> /home/iclab/motion/install/aaa/share/aaa
[0.729s] running install_egg_info
[0.730s] Copying ../../build/aaa/aaa.egg-info to /home/iclab/motion/install/aaa/lib/python3.10/site-packages/aaa-0.0.0-py3.10.egg-info
[0.730s] running install_scripts
[0.743s] Installing aaa script to /home/iclab/motion/install/aaa/lib/aaa
[0.743s] writing list of installed files to '/home/iclab/motion/build/aaa/install.log'
[0.760s] Invoked command in '/home/iclab/motion/src/aaa' returned '0': PYTHONPATH=/home/iclab/motion/build/aaa/prefix_override:/home/iclab/motion/install/aaa/lib/python3.10/site-packages:${PYTHONPATH} /usr/bin/python3 setup.py egg_info --egg-base ../../build/aaa build --build-base /home/iclab/motion/build/aaa/build install --record /home/iclab/motion/build/aaa/install.log --single-version-externally-managed
