[0.089s] Invoking command in '/home/iclab/motion/build/tku_libs': CMAKE_PREFIX_PATH=${CMAKE_PREFIX_PATH}:/opt/ros/humble /usr/bin/cmake --build /home/iclab/motion/build/tku_libs -- -j8 -l8
[0.104s] -- Found ament_cmake: 1.3.5 (/opt/ros/humble/share/ament_cmake/cmake)
[0.254s] -- Found rclcpp: 16.0.6 (/opt/ros/humble/share/rclcpp/cmake)
[0.277s] -- Found rosidl_generator_c: 3.1.5 (/opt/ros/humble/share/rosidl_generator_c/cmake)
[0.279s] -- Found rosidl_adapter: 3.1.5 (/opt/ros/humble/share/rosidl_adapter/cmake)
[0.283s] -- Found rosidl_generator_cpp: 3.1.5 (/opt/ros/humble/share/rosidl_generator_cpp/cmake)
[0.290s] -- Using all available rosidl_typesupport_c: rosidl_typesupport_fastrtps_c;rosidl_typesupport_introspection_c
[0.304s] -- Using all available rosidl_typesupport_cpp: rosidl_typesupport_fastrtps_cpp;rosidl_typesupport_introspection_cpp
[0.373s] -- Found rmw_implementation_cmake: 6.1.1 (/opt/ros/humble/share/rmw_implementation_cmake/cmake)
[0.374s] -- Found rmw_fastrtps_cpp: 6.2.4 (/opt/ros/humble/share/rmw_fastrtps_cpp/cmake)
[0.498s] -- Using RMW implementation 'rmw_fastrtps_cpp' as default
[0.607s] -- Found ament_lint_auto: 0.12.8 (/opt/ros/humble/share/ament_lint_auto/cmake)
[0.655s] -- Added test 'cppcheck' to perform static code analysis on C / C++ code
[0.656s] -- Configured cppcheck include dirs: /home/iclab/motion/src/tku_libs/include;$<BUILD_INTERFACE:/home/iclab/motion/src/tku_libs/include>
[0.656s] -- Configured cppcheck exclude dirs and/or files: 
[0.656s] -- Added test 'lint_cmake' to check CMake code style
[0.656s] -- Added test 'uncrustify' to check C / C++ code style
[0.656s] -- Configured uncrustify additional arguments: 
[0.657s] -- Added test 'xmllint' to check XML markup files
[0.657s] -- Configuring done
[0.663s] -- Generating done
[0.664s] -- Build files have been written to: /home/iclab/motion/build/tku_libs
[0.680s] [35m[1mConsolidate compiler generated dependencies of target tku_libs[0m
[0.691s] [ 50%] [32mBuilding CXX object CMakeFiles/tku_libs.dir/src/TKU_tool.cpp.o[0m
[2.602s] [100%] [32m[1mLinking CXX static library libtku_libs.a[0m
[2.639s] [100%] Built target tku_libs
[2.648s] Invoked command in '/home/iclab/motion/build/tku_libs' returned '0': CMAKE_PREFIX_PATH=${CMAKE_PREFIX_PATH}:/opt/ros/humble /usr/bin/cmake --build /home/iclab/motion/build/tku_libs -- -j8 -l8
[2.664s] Invoking command in '/home/iclab/motion/build/tku_libs': CMAKE_PREFIX_PATH=${CMAKE_PREFIX_PATH}:/opt/ros/humble /usr/bin/cmake --install /home/iclab/motion/build/tku_libs
[2.669s] -- Install configuration: ""
[2.669s] -- Up-to-date: /home/iclab/motion/install/tku_libs/include/tku_libs
[2.669s] -- Installing: /home/iclab/motion/install/tku_libs/include/tku_libs/TKU_tool.h
[2.669s] -- Installing: /home/iclab/motion/install/tku_libs/lib/libtku_libs.a
[2.669s] -- Installing: /home/iclab/motion/install/tku_libs/lib/tku_libs/libtku_libs.a
[2.669s] -- Up-to-date: /home/iclab/motion/install/tku_libs/share/tku_libs/environment/library_path.sh
[2.670s] -- Installing: /home/iclab/motion/install/tku_libs/share/tku_libs/environment/library_path.dsv
[2.670s] -- Up-to-date: /home/iclab/motion/install/tku_libs/include/tku_libs
[2.670s] -- Up-to-date: /home/iclab/motion/install/tku_libs/include/tku_libs/TKU_tool.h
[2.670s] -- Up-to-date: /home/iclab/motion/install/tku_libs/share/ament_index/resource_index/package_run_dependencies/tku_libs
[2.670s] -- Up-to-date: /home/iclab/motion/install/tku_libs/share/ament_index/resource_index/parent_prefix_path/tku_libs
[2.670s] -- Up-to-date: /home/iclab/motion/install/tku_libs/share/tku_libs/environment/ament_prefix_path.sh
[2.670s] -- Installing: /home/iclab/motion/install/tku_libs/share/tku_libs/environment/ament_prefix_path.dsv
[2.670s] -- Up-to-date: /home/iclab/motion/install/tku_libs/share/tku_libs/environment/path.sh
[2.670s] -- Installing: /home/iclab/motion/install/tku_libs/share/tku_libs/environment/path.dsv
[2.670s] -- Up-to-date: /home/iclab/motion/install/tku_libs/share/tku_libs/local_setup.bash
[2.670s] -- Up-to-date: /home/iclab/motion/install/tku_libs/share/tku_libs/local_setup.sh
[2.670s] -- Up-to-date: /home/iclab/motion/install/tku_libs/share/tku_libs/local_setup.zsh
[2.671s] -- Installing: /home/iclab/motion/install/tku_libs/share/tku_libs/local_setup.dsv
[2.671s] -- Installing: /home/iclab/motion/install/tku_libs/share/tku_libs/package.dsv
[2.671s] -- Up-to-date: /home/iclab/motion/install/tku_libs/share/ament_index/resource_index/packages/tku_libs
[2.671s] -- Up-to-date: /home/iclab/motion/install/tku_libs/share/tku_libs/cmake/tku_libsExport.cmake
[2.671s] -- Up-to-date: /home/iclab/motion/install/tku_libs/share/tku_libs/cmake/tku_libsExport-noconfig.cmake
[2.671s] -- Up-to-date: /home/iclab/motion/install/tku_libs/share/tku_libs/cmake/ament_cmake_export_targets-extras.cmake
[2.671s] -- Up-to-date: /home/iclab/motion/install/tku_libs/share/tku_libs/cmake/tku_libsConfig.cmake
[2.671s] -- Up-to-date: /home/iclab/motion/install/tku_libs/share/tku_libs/cmake/tku_libsConfig-version.cmake
[2.671s] -- Installing: /home/iclab/motion/install/tku_libs/share/tku_libs/package.xml
[2.672s] Invoked command in '/home/iclab/motion/build/tku_libs' returned '0': CMAKE_PREFIX_PATH=${CMAKE_PREFIX_PATH}:/opt/ros/humble /usr/bin/cmake --install /home/iclab/motion/build/tku_libs
