[5.137s] Invoking command in '/home/iclab/motion/src/tku_libs': CMAKE_PREFIX_PATH=/home/iclab/motion/install/tku_msgs:/home/iclab/motion/install/tuk_libs:/home/iclab/motion/install/tku_libs:/home/iclab/motion/install/motionpackage PYTHONPATH=/home/iclab/motion/build/tku_libs/prefix_override:/home/iclab/motion/install/tku_libs/lib/python3.10/site-packages:${PYTHONPATH} /usr/bin/python3 setup.py egg_info --egg-base ../../build/tku_libs build --build-base /home/iclab/motion/build/tku_libs/build install --record /home/iclab/motion/build/tku_libs/install.log --single-version-externally-managed
[6.822s] running egg_info
[6.825s] writing ../../build/tku_libs/tku_libs.egg-info/PKG-INFO
[6.826s] writing dependency_links to ../../build/tku_libs/tku_libs.egg-info/dependency_links.txt
[6.828s] writing entry points to ../../build/tku_libs/tku_libs.egg-info/entry_points.txt
[6.830s] writing requirements to ../../build/tku_libs/tku_libs.egg-info/requires.txt
[6.830s] writing top-level names to ../../build/tku_libs/tku_libs.egg-info/top_level.txt
[6.837s] reading manifest file '../../build/tku_libs/tku_libs.egg-info/SOURCES.txt'
[6.841s] writing manifest file '../../build/tku_libs/tku_libs.egg-info/SOURCES.txt'
[6.842s] running build
[6.844s] running build_py
[6.845s] running install
[6.845s] running install_lib
[6.850s] running install_data
[6.853s] running install_egg_info
[6.860s] removing '/home/iclab/motion/install/tku_libs/lib/python3.10/site-packages/tku_libs-0.0.0-py3.10.egg-info' (and everything under it)
[6.861s] Copying ../../build/tku_libs/tku_libs.egg-info to /home/iclab/motion/install/tku_libs/lib/python3.10/site-packages/tku_libs-0.0.0-py3.10.egg-info
[6.867s] running install_scripts
[6.954s] Installing aaa script to /home/iclab/motion/install/tku_libs/lib/tku_libs
[6.955s] Installing bbb script to /home/iclab/motion/install/tku_libs/lib/tku_libs
[6.956s] writing list of installed files to '/home/iclab/motion/build/tku_libs/install.log'
[7.099s] Invoked command in '/home/iclab/motion/src/tku_libs' returned '0': CMAKE_PREFIX_PATH=/home/iclab/motion/install/tku_msgs:/home/iclab/motion/install/tuk_libs:/home/iclab/motion/install/tku_libs:/home/iclab/motion/install/motionpackage PYTHONPATH=/home/iclab/motion/build/tku_libs/prefix_override:/home/iclab/motion/install/tku_libs/lib/python3.10/site-packages:${PYTHONPATH} /usr/bin/python3 setup.py egg_info --egg-base ../../build/tku_libs build --build-base /home/iclab/motion/build/tku_libs/build install --record /home/iclab/motion/build/tku_libs/install.log --single-version-externally-managed
