[0.638s] Invoking command in '/home/iclab/motion/src/motionpackage': PYTHONPATH=/home/iclab/motion/build/motionpackage/prefix_override:/home/iclab/motion/install/motionpackage/lib/python3.10/site-packages:${PYTHONPATH} /usr/bin/python3 setup.py egg_info --egg-base ../../build/motionpackage build --build-base /home/iclab/motion/build/motionpackage/build install --record /home/iclab/motion/build/motionpackage/install.log --single-version-externally-managed
[0.837s] running egg_info
[0.838s] writing ../../build/motionpackage/motionpackage.egg-info/PKG-INFO
[0.838s] writing dependency_links to ../../build/motionpackage/motionpackage.egg-info/dependency_links.txt
[0.838s] writing entry points to ../../build/motionpackage/motionpackage.egg-info/entry_points.txt
[0.838s] writing requirements to ../../build/motionpackage/motionpackage.egg-info/requires.txt
[0.838s] writing top-level names to ../../build/motionpackage/motionpackage.egg-info/top_level.txt
[0.839s] reading manifest file '../../build/motionpackage/motionpackage.egg-info/SOURCES.txt'
[0.840s] writing manifest file '../../build/motionpackage/motionpackage.egg-info/SOURCES.txt'
[0.840s] running build
[0.840s] running build_py
[0.840s] copying motionpackage/motionpackage.py -> /home/iclab/motion/build/motionpackage/build/lib/motionpackage
[0.840s] running install
[0.841s] running install_lib
[0.841s] copying /home/iclab/motion/build/motionpackage/build/lib/motionpackage/motionpackage.py -> /home/iclab/motion/install/motionpackage/lib/python3.10/site-packages/motionpackage
[0.842s] byte-compiling /home/iclab/motion/install/motionpackage/lib/python3.10/site-packages/motionpackage/motionpackage.py to motionpackage.cpython-310.pyc
[0.844s] running install_data
[0.845s] running install_egg_info
[0.846s] removing '/home/iclab/motion/install/motionpackage/lib/python3.10/site-packages/motionpackage-0.0.0-py3.10.egg-info' (and everything under it)
[0.846s] Copying ../../build/motionpackage/motionpackage.egg-info to /home/iclab/motion/install/motionpackage/lib/python3.10/site-packages/motionpackage-0.0.0-py3.10.egg-info
[0.847s] running install_scripts
[0.861s] Installing motionpackage script to /home/iclab/motion/install/motionpackage/lib/motionpackage
[0.861s] writing list of installed files to '/home/iclab/motion/build/motionpackage/install.log'
[0.879s] Invoked command in '/home/iclab/motion/src/motionpackage' returned '0': PYTHONPATH=/home/iclab/motion/build/motionpackage/prefix_override:/home/iclab/motion/install/motionpackage/lib/python3.10/site-packages:${PYTHONPATH} /usr/bin/python3 setup.py egg_info --egg-base ../../build/motionpackage build --build-base /home/iclab/motion/build/motionpackage/build install --record /home/iclab/motion/build/motionpackage/install.log --single-version-externally-managed
