[2.710s] Invoking command in '/home/iclab/motion/src/tku_libs': CMAKE_PREFIX_PATH=/home/iclab/motion/install/tku_msgs:/home/iclab/motion/install/tuk_libs:/home/iclab/motion/install/tku_libs:/home/iclab/motion/install/motionpackage:/home/iclab/motion/install/cpp:/home/iclab/cpp_test/install/cpp_pubsub LD_LIBRARY_PATH=/home/iclab/motion/install/tku_msgs/lib:/path/to/your/library:/opt/ros/humble/opt/rviz_ogre_vendor/lib:/opt/ros/humble/lib/x86_64-linux-gnu:/opt/ros/humble/lib PYTHONPATH=/home/iclab/motion/build/tku_libs/prefix_override:/home/iclab/motion/install/tku_libs/lib/python3.10/site-packages:${PYTHONPATH} /usr/bin/python3 setup.py egg_info --egg-base ../../build/tku_libs build --build-base /home/iclab/motion/build/tku_libs/build install --record /home/iclab/motion/build/tku_libs/install.log --single-version-externally-managed
[3.546s] running egg_info
[3.547s] writing ../../build/tku_libs/tku_libs.egg-info/PKG-INFO
[3.548s] writing dependency_links to ../../build/tku_libs/tku_libs.egg-info/dependency_links.txt
[3.549s] writing entry points to ../../build/tku_libs/tku_libs.egg-info/entry_points.txt
[3.550s] writing requirements to ../../build/tku_libs/tku_libs.egg-info/requires.txt
[3.550s] writing top-level names to ../../build/tku_libs/tku_libs.egg-info/top_level.txt
[3.556s] reading manifest file '../../build/tku_libs/tku_libs.egg-info/SOURCES.txt'
[3.558s] writing manifest file '../../build/tku_libs/tku_libs.egg-info/SOURCES.txt'
[3.559s] running build
[3.559s] running build_py
[3.560s] running install
[3.561s] running install_lib
[3.565s] running install_data
[3.566s] running install_egg_info
[3.571s] removing '/home/iclab/motion/install/tku_libs/lib/python3.10/site-packages/tku_libs-0.0.0-py3.10.egg-info' (and everything under it)
[3.572s] Copying ../../build/tku_libs/tku_libs.egg-info to /home/iclab/motion/install/tku_libs/lib/python3.10/site-packages/tku_libs-0.0.0-py3.10.egg-info
[3.575s] running install_scripts
[3.630s] Installing aaa script to /home/iclab/motion/install/tku_libs/lib/tku_libs
[3.630s] Installing bbb script to /home/iclab/motion/install/tku_libs/lib/tku_libs
[3.632s] writing list of installed files to '/home/iclab/motion/build/tku_libs/install.log'
[3.715s] Invoked command in '/home/iclab/motion/src/tku_libs' returned '0': CMAKE_PREFIX_PATH=/home/iclab/motion/install/tku_msgs:/home/iclab/motion/install/tuk_libs:/home/iclab/motion/install/tku_libs:/home/iclab/motion/install/motionpackage:/home/iclab/motion/install/cpp:/home/iclab/cpp_test/install/cpp_pubsub LD_LIBRARY_PATH=/home/iclab/motion/install/tku_msgs/lib:/path/to/your/library:/opt/ros/humble/opt/rviz_ogre_vendor/lib:/opt/ros/humble/lib/x86_64-linux-gnu:/opt/ros/humble/lib PYTHONPATH=/home/iclab/motion/build/tku_libs/prefix_override:/home/iclab/motion/install/tku_libs/lib/python3.10/site-packages:${PYTHONPATH} /usr/bin/python3 setup.py egg_info --egg-base ../../build/tku_libs build --build-base /home/iclab/motion/build/tku_libs/build install --record /home/iclab/motion/build/tku_libs/install.log --single-version-externally-managed
