[3.535s] Invoking command in '/home/iclab/motion/src/tku_libs': CMAKE_PREFIX_PATH=/home/iclab/motion/install/tku_msgs:/home/iclab/motion/install/tuk_libs:/home/iclab/motion/install/tku_libs:/home/iclab/motion/install/motionpackage PYTHONPATH=/home/iclab/motion/build/tku_libs/prefix_override:/home/iclab/motion/install/tku_libs/lib/python3.10/site-packages:${PYTHONPATH} /usr/bin/python3 setup.py egg_info --egg-base ../../build/tku_libs build --build-base /home/iclab/motion/build/tku_libs/build install --record /home/iclab/motion/build/tku_libs/install.log --single-version-externally-managed
[4.695s] running egg_info
[4.697s] writing ../../build/tku_libs/tku_libs.egg-info/PKG-INFO
[4.699s] writing dependency_links to ../../build/tku_libs/tku_libs.egg-info/dependency_links.txt
[4.699s] writing entry points to ../../build/tku_libs/tku_libs.egg-info/entry_points.txt
[4.702s] writing requirements to ../../build/tku_libs/tku_libs.egg-info/requires.txt
[4.702s] writing top-level names to ../../build/tku_libs/tku_libs.egg-info/top_level.txt
[4.709s] reading manifest file '../../build/tku_libs/tku_libs.egg-info/SOURCES.txt'
[4.713s] writing manifest file '../../build/tku_libs/tku_libs.egg-info/SOURCES.txt'
[4.714s] running build
[4.714s] running build_py
[4.714s] copying tku_libs/TKU_tool.py -> /home/iclab/motion/build/tku_libs/build/lib/tku_libs
[4.717s] running install
[4.717s] running install_lib
[4.718s] copying /home/iclab/motion/build/tku_libs/build/lib/tku_libs/TKU_tool.py -> /home/iclab/motion/install/tku_libs/lib/python3.10/site-packages/tku_libs
[4.721s] byte-compiling /home/iclab/motion/install/tku_libs/lib/python3.10/site-packages/tku_libs/TKU_tool.py to TKU_tool.cpython-310.pyc
[4.725s] running install_data
[4.727s] running install_egg_info
[4.732s] removing '/home/iclab/motion/install/tku_libs/lib/python3.10/site-packages/tku_libs-0.0.0-py3.10.egg-info' (and everything under it)
[4.733s] Copying ../../build/tku_libs/tku_libs.egg-info to /home/iclab/motion/install/tku_libs/lib/python3.10/site-packages/tku_libs-0.0.0-py3.10.egg-info
[4.738s] running install_scripts
[4.813s] Installing aaa script to /home/iclab/motion/install/tku_libs/lib/tku_libs
[4.814s] Installing bbb script to /home/iclab/motion/install/tku_libs/lib/tku_libs
[4.815s] writing list of installed files to '/home/iclab/motion/build/tku_libs/install.log'
[4.937s] Invoked command in '/home/iclab/motion/src/tku_libs' returned '0': CMAKE_PREFIX_PATH=/home/iclab/motion/install/tku_msgs:/home/iclab/motion/install/tuk_libs:/home/iclab/motion/install/tku_libs:/home/iclab/motion/install/motionpackage PYTHONPATH=/home/iclab/motion/build/tku_libs/prefix_override:/home/iclab/motion/install/tku_libs/lib/python3.10/site-packages:${PYTHONPATH} /usr/bin/python3 setup.py egg_info --egg-base ../../build/tku_libs build --build-base /home/iclab/motion/build/tku_libs/build install --record /home/iclab/motion/build/tku_libs/install.log --single-version-externally-managed
