[2.865s] Invoking command in '/home/iclab/motion/src/motionpackage': PYTHONPATH=/home/iclab/motion/build/motionpackage/prefix_override:/home/iclab/motion/install/motionpackage/lib/python3.10/site-packages:${PYTHONPATH} /usr/bin/python3 setup.py egg_info --egg-base ../../build/motionpackage build --build-base /home/iclab/motion/build/motionpackage/build install --record /home/iclab/motion/build/motionpackage/install.log --single-version-externally-managed
[3.864s] running egg_info
[3.871s] writing ../../build/motionpackage/motionpackage.egg-info/PKG-INFO
[3.872s] writing dependency_links to ../../build/motionpackage/motionpackage.egg-info/dependency_links.txt
[3.872s] writing entry points to ../../build/motionpackage/motionpackage.egg-info/entry_points.txt
[3.872s] writing requirements to ../../build/motionpackage/motionpackage.egg-info/requires.txt
[3.873s] writing top-level names to ../../build/motionpackage/motionpackage.egg-info/top_level.txt
[3.876s] reading manifest file '../../build/motionpackage/motionpackage.egg-info/SOURCES.txt'
[3.879s] writing manifest file '../../build/motionpackage/motionpackage.egg-info/SOURCES.txt'
[3.880s] running build
[3.881s] running build_py
[3.882s] copying motionpackage/motionpackage.py -> /home/iclab/motion/build/motionpackage/build/lib/motionpackage
[3.882s] running install
[3.883s] running install_lib
[3.884s] copying /home/iclab/motion/build/motionpackage/build/lib/motionpackage/motionpackage.py -> /home/iclab/motion/install/motionpackage/lib/python3.10/site-packages/motionpackage
[3.886s] byte-compiling /home/iclab/motion/install/motionpackage/lib/python3.10/site-packages/motionpackage/motionpackage.py to motionpackage.cpython-310.pyc
[3.909s] running install_data
[3.910s] running install_egg_info
[3.916s] removing '/home/iclab/motion/install/motionpackage/lib/python3.10/site-packages/motionpackage-0.0.0-py3.10.egg-info' (and everything under it)
[3.917s] Copying ../../build/motionpackage/motionpackage.egg-info to /home/iclab/motion/install/motionpackage/lib/python3.10/site-packages/motionpackage-0.0.0-py3.10.egg-info
[3.918s] running install_scripts
[3.980s] Installing motionpackage script to /home/iclab/motion/install/motionpackage/lib/motionpackage
[3.981s] writing list of installed files to '/home/iclab/motion/build/motionpackage/install.log'
[4.081s] Invoked command in '/home/iclab/motion/src/motionpackage' returned '0': PYTHONPATH=/home/iclab/motion/build/motionpackage/prefix_override:/home/iclab/motion/install/motionpackage/lib/python3.10/site-packages:${PYTHONPATH} /usr/bin/python3 setup.py egg_info --egg-base ../../build/motionpackage build --build-base /home/iclab/motion/build/motionpackage/build install --record /home/iclab/motion/build/motionpackage/install.log --single-version-externally-managed
