[2.758s] Invoking command in '/home/iclab/motion/src/tku_libs': CMAKE_PREFIX_PATH=/home/iclab/motion/install/tku_msgs:/home/iclab/motion/install/tuk_libs:/home/iclab/motion/install/tku_libs:/home/iclab/motion/install/motionpackage PYTHONPATH=/home/iclab/motion/build/tku_libs/prefix_override:/home/iclab/motion/install/tku_libs/lib/python3.10/site-packages:${PYTHONPATH} /usr/bin/python3 setup.py egg_info --egg-base ../../build/tku_libs build --build-base /home/iclab/motion/build/tku_libs/build install --record /home/iclab/motion/build/tku_libs/install.log --single-version-externally-managed
[3.613s] running egg_info
[3.614s] writing ../../build/tku_libs/tku_libs.egg-info/PKG-INFO
[3.616s] writing dependency_links to ../../build/tku_libs/tku_libs.egg-info/dependency_links.txt
[3.617s] writing entry points to ../../build/tku_libs/tku_libs.egg-info/entry_points.txt
[3.617s] writing requirements to ../../build/tku_libs/tku_libs.egg-info/requires.txt
[3.617s] writing top-level names to ../../build/tku_libs/tku_libs.egg-info/top_level.txt
[3.623s] reading manifest file '../../build/tku_libs/tku_libs.egg-info/SOURCES.txt'
[3.625s] writing manifest file '../../build/tku_libs/tku_libs.egg-info/SOURCES.txt'
[3.625s] running build
[3.626s] running build_py
[3.627s] running install
[3.627s] running install_lib
[3.631s] running install_data
[3.633s] running install_egg_info
[3.637s] removing '/home/iclab/motion/install/tku_libs/lib/python3.10/site-packages/tku_libs-0.0.0-py3.10.egg-info' (and everything under it)
[3.638s] Copying ../../build/tku_libs/tku_libs.egg-info to /home/iclab/motion/install/tku_libs/lib/python3.10/site-packages/tku_libs-0.0.0-py3.10.egg-info
[3.641s] running install_scripts
[3.697s] Installing aaa script to /home/iclab/motion/install/tku_libs/lib/tku_libs
[3.698s] Installing bbb script to /home/iclab/motion/install/tku_libs/lib/tku_libs
[3.701s] writing list of installed files to '/home/iclab/motion/build/tku_libs/install.log'
[3.797s] Invoked command in '/home/iclab/motion/src/tku_libs' returned '0': CMAKE_PREFIX_PATH=/home/iclab/motion/install/tku_msgs:/home/iclab/motion/install/tuk_libs:/home/iclab/motion/install/tku_libs:/home/iclab/motion/install/motionpackage PYTHONPATH=/home/iclab/motion/build/tku_libs/prefix_override:/home/iclab/motion/install/tku_libs/lib/python3.10/site-packages:${PYTHONPATH} /usr/bin/python3 setup.py egg_info --egg-base ../../build/tku_libs build --build-base /home/iclab/motion/build/tku_libs/build install --record /home/iclab/motion/build/tku_libs/install.log --single-version-externally-managed
