[3.946s] Invoking command in '/home/iclab/motion/src/motionpackage': PYTHONPATH=/home/iclab/motion/build/motionpackage/prefix_override:/home/iclab/motion/install/motionpackage/lib/python3.10/site-packages:${PYTHONPATH} /usr/bin/python3 setup.py egg_info --egg-base ../../build/motionpackage build --build-base /home/iclab/motion/build/motionpackage/build install --record /home/iclab/motion/build/motionpackage/install.log --single-version-externally-managed
[5.353s] running egg_info
[5.354s] writing ../../build/motionpackage/motionpackage.egg-info/PKG-INFO
[5.354s] writing dependency_links to ../../build/motionpackage/motionpackage.egg-info/dependency_links.txt
[5.355s] writing entry points to ../../build/motionpackage/motionpackage.egg-info/entry_points.txt
[5.355s] writing requirements to ../../build/motionpackage/motionpackage.egg-info/requires.txt
[5.356s] writing top-level names to ../../build/motionpackage/motionpackage.egg-info/top_level.txt
[5.369s] reading manifest file '../../build/motionpackage/motionpackage.egg-info/SOURCES.txt'
[5.372s] writing manifest file '../../build/motionpackage/motionpackage.egg-info/SOURCES.txt'
[5.381s] running build
[5.382s] running build_py
[5.382s] copying motionpackage/motionpackage.py -> /home/iclab/motion/build/motionpackage/build/lib/motionpackage
[5.382s] running install
[5.383s] running install_lib
[5.386s] copying /home/iclab/motion/build/motionpackage/build/lib/motionpackage/motionpackage.py -> /home/iclab/motion/install/motionpackage/lib/python3.10/site-packages/motionpackage
[5.389s] byte-compiling /home/iclab/motion/install/motionpackage/lib/python3.10/site-packages/motionpackage/motionpackage.py to motionpackage.cpython-310.pyc
[5.397s] running install_data
[5.401s] running install_egg_info
[5.406s] removing '/home/iclab/motion/install/motionpackage/lib/python3.10/site-packages/motionpackage-0.0.0-py3.10.egg-info' (and everything under it)
[5.412s] Copying ../../build/motionpackage/motionpackage.egg-info to /home/iclab/motion/install/motionpackage/lib/python3.10/site-packages/motionpackage-0.0.0-py3.10.egg-info
[5.417s] running install_scripts
[5.504s] Installing motionpackage script to /home/iclab/motion/install/motionpackage/lib/motionpackage
[5.506s] writing list of installed files to '/home/iclab/motion/build/motionpackage/install.log'
[5.629s] Invoked command in '/home/iclab/motion/src/motionpackage' returned '0': PYTHONPATH=/home/iclab/motion/build/motionpackage/prefix_override:/home/iclab/motion/install/motionpackage/lib/python3.10/site-packages:${PYTHONPATH} /usr/bin/python3 setup.py egg_info --egg-base ../../build/motionpackage build --build-base /home/iclab/motion/build/motionpackage/build install --record /home/iclab/motion/build/motionpackage/install.log --single-version-externally-managed
