[3.804s] Invoking command in '/home/iclab/motion/src/motionpackage': PYTHONPATH=/home/iclab/motion/build/motionpackage/prefix_override:/home/iclab/motion/install/motionpackage/lib/python3.10/site-packages:${PYTHONPATH} /usr/bin/python3 setup.py egg_info --egg-base ../../build/motionpackage build --build-base /home/iclab/motion/build/motionpackage/build install --record /home/iclab/motion/build/motionpackage/install.log --single-version-externally-managed
[5.603s] running egg_info
[5.606s] writing ../../build/motionpackage/motionpackage.egg-info/PKG-INFO
[5.608s] writing dependency_links to ../../build/motionpackage/motionpackage.egg-info/dependency_links.txt
[5.610s] writing entry points to ../../build/motionpackage/motionpackage.egg-info/entry_points.txt
[5.612s] writing requirements to ../../build/motionpackage/motionpackage.egg-info/requires.txt
[5.614s] writing top-level names to ../../build/motionpackage/motionpackage.egg-info/top_level.txt
[5.623s] reading manifest file '../../build/motionpackage/motionpackage.egg-info/SOURCES.txt'
[5.629s] writing manifest file '../../build/motionpackage/motionpackage.egg-info/SOURCES.txt'
[5.634s] running build
[5.637s] running build_py
[5.640s] running install
[5.646s] running install_lib
[5.662s] running install_data
[5.670s] running install_egg_info
[5.677s] removing '/home/iclab/motion/install/motionpackage/lib/python3.10/site-packages/motionpackage-0.0.0-py3.10.egg-info' (and everything under it)
[5.684s] Copying ../../build/motionpackage/motionpackage.egg-info to /home/iclab/motion/install/motionpackage/lib/python3.10/site-packages/motionpackage-0.0.0-py3.10.egg-info
[5.691s] running install_scripts
[5.781s] Installing motionpackage script to /home/iclab/motion/install/motionpackage/lib/motionpackage
[5.783s] writing list of installed files to '/home/iclab/motion/build/motionpackage/install.log'
[5.922s] Invoked command in '/home/iclab/motion/src/motionpackage' returned '0': PYTHONPATH=/home/iclab/motion/build/motionpackage/prefix_override:/home/iclab/motion/install/motionpackage/lib/python3.10/site-packages:${PYTHONPATH} /usr/bin/python3 setup.py egg_info --egg-base ../../build/motionpackage build --build-base /home/iclab/motion/build/motionpackage/build install --record /home/iclab/motion/build/motionpackage/install.log --single-version-externally-managed
