[2.841s] Invoking command in '/home/iclab/motion/src/motionpackage': PYTHONPATH=/home/iclab/motion/build/motionpackage/prefix_override:/home/iclab/motion/install/motionpackage/lib/python3.10/site-packages:${PYTHONPATH} /usr/bin/python3 setup.py egg_info --egg-base ../../build/motionpackage build --build-base /home/iclab/motion/build/motionpackage/build install --record /home/iclab/motion/build/motionpackage/install.log --single-version-externally-managed
[3.877s] running egg_info
[3.881s] writing ../../build/motionpackage/motionpackage.egg-info/PKG-INFO
[3.881s] writing dependency_links to ../../build/motionpackage/motionpackage.egg-info/dependency_links.txt
[3.886s] writing entry points to ../../build/motionpackage/motionpackage.egg-info/entry_points.txt
[3.886s] writing requirements to ../../build/motionpackage/motionpackage.egg-info/requires.txt
[3.887s] writing top-level names to ../../build/motionpackage/motionpackage.egg-info/top_level.txt
[3.894s] reading manifest file '../../build/motionpackage/motionpackage.egg-info/SOURCES.txt'
[3.902s] writing manifest file '../../build/motionpackage/motionpackage.egg-info/SOURCES.txt'
[3.903s] running build
[3.903s] running build_py
[3.904s] copying motionpackage/motionpackage.py -> /home/iclab/motion/build/motionpackage/build/lib/motionpackage
[3.908s] running install
[3.911s] running install_lib
[3.913s] copying /home/iclab/motion/build/motionpackage/build/lib/motionpackage/motionpackage.py -> /home/iclab/motion/install/motionpackage/lib/python3.10/site-packages/motionpackage
[3.916s] byte-compiling /home/iclab/motion/install/motionpackage/lib/python3.10/site-packages/motionpackage/motionpackage.py to motionpackage.cpython-310.pyc
[3.950s] running install_data
[3.953s] running install_egg_info
[3.958s] removing '/home/iclab/motion/install/motionpackage/lib/python3.10/site-packages/motionpackage-0.0.0-py3.10.egg-info' (and everything under it)
[3.961s] Copying ../../build/motionpackage/motionpackage.egg-info to /home/iclab/motion/install/motionpackage/lib/python3.10/site-packages/motionpackage-0.0.0-py3.10.egg-info
[3.964s] running install_scripts
[4.040s] Installing motionpackage script to /home/iclab/motion/install/motionpackage/lib/motionpackage
[4.041s] writing list of installed files to '/home/iclab/motion/build/motionpackage/install.log'
[4.140s] Invoked command in '/home/iclab/motion/src/motionpackage' returned '0': PYTHONPATH=/home/iclab/motion/build/motionpackage/prefix_override:/home/iclab/motion/install/motionpackage/lib/python3.10/site-packages:${PYTHONPATH} /usr/bin/python3 setup.py egg_info --egg-base ../../build/motionpackage build --build-base /home/iclab/motion/build/motionpackage/build install --record /home/iclab/motion/build/motionpackage/install.log --single-version-externally-managed
