[3.707s] Invoking command in '/home/iclab/motion/src/motionpackage': PYTHONPATH=/home/iclab/motion/build/motionpackage/prefix_override:/home/iclab/motion/install/motionpackage/lib/python3.10/site-packages:${PYTHONPATH} /usr/bin/python3 setup.py egg_info --egg-base ../../build/motionpackage build --build-base /home/iclab/motion/build/motionpackage/build install --record /home/iclab/motion/build/motionpackage/install.log --single-version-externally-managed
[5.149s] running egg_info
[5.153s] writing ../../build/motionpackage/motionpackage.egg-info/PKG-INFO
[5.154s] writing dependency_links to ../../build/motionpackage/motionpackage.egg-info/dependency_links.txt
[5.157s] writing entry points to ../../build/motionpackage/motionpackage.egg-info/entry_points.txt
[5.158s] writing requirements to ../../build/motionpackage/motionpackage.egg-info/requires.txt
[5.158s] writing top-level names to ../../build/motionpackage/motionpackage.egg-info/top_level.txt
[5.167s] reading manifest file '../../build/motionpackage/motionpackage.egg-info/SOURCES.txt'
[5.169s] writing manifest file '../../build/motionpackage/motionpackage.egg-info/SOURCES.txt'
[5.170s] running build
[5.170s] running build_py
[5.171s] copying motionpackage/motionpackage.py -> /home/iclab/motion/build/motionpackage/build/lib/motionpackage
[5.174s] running install
[5.175s] running install_lib
[5.181s] copying /home/iclab/motion/build/motionpackage/build/lib/motionpackage/motionpackage.py -> /home/iclab/motion/install/motionpackage/lib/python3.10/site-packages/motionpackage
[5.182s] byte-compiling /home/iclab/motion/install/motionpackage/lib/python3.10/site-packages/motionpackage/motionpackage.py to motionpackage.cpython-310.pyc
[5.189s] running install_data
[5.190s] running install_egg_info
[5.196s] removing '/home/iclab/motion/install/motionpackage/lib/python3.10/site-packages/motionpackage-0.0.0-py3.10.egg-info' (and everything under it)
[5.201s] Copying ../../build/motionpackage/motionpackage.egg-info to /home/iclab/motion/install/motionpackage/lib/python3.10/site-packages/motionpackage-0.0.0-py3.10.egg-info
[5.203s] running install_scripts
[5.297s] Installing motionpackage script to /home/iclab/motion/install/motionpackage/lib/motionpackage
[5.300s] writing list of installed files to '/home/iclab/motion/build/motionpackage/install.log'
[5.434s] Invoked command in '/home/iclab/motion/src/motionpackage' returned '0': PYTHONPATH=/home/iclab/motion/build/motionpackage/prefix_override:/home/iclab/motion/install/motionpackage/lib/python3.10/site-packages:${PYTHONPATH} /usr/bin/python3 setup.py egg_info --egg-base ../../build/motionpackage build --build-base /home/iclab/motion/build/motionpackage/build install --record /home/iclab/motion/build/motionpackage/install.log --single-version-externally-managed
