[4.478s] Invoking command in '/home/iclab/motion/src/tku_libs': CMAKE_PREFIX_PATH=/home/iclab/motion/install/tku_msgs:/home/iclab/motion/install/tuk_libs:/home/iclab/motion/install/tku_libs:/home/iclab/motion/install/motionpackage PYTHONPATH=/home/iclab/motion/build/tku_libs/prefix_override:/home/iclab/motion/install/tku_libs/lib/python3.10/site-packages:${PYTHONPATH} /usr/bin/python3 setup.py egg_info --egg-base ../../build/tku_libs build --build-base /home/iclab/motion/build/tku_libs/build install --record /home/iclab/motion/build/tku_libs/install.log --single-version-externally-managed
[5.849s] running egg_info
[5.852s] writing ../../build/tku_libs/tku_libs.egg-info/PKG-INFO
[5.853s] writing dependency_links to ../../build/tku_libs/tku_libs.egg-info/dependency_links.txt
[5.854s] writing entry points to ../../build/tku_libs/tku_libs.egg-info/entry_points.txt
[5.856s] writing requirements to ../../build/tku_libs/tku_libs.egg-info/requires.txt
[5.857s] writing top-level names to ../../build/tku_libs/tku_libs.egg-info/top_level.txt
[5.867s] reading manifest file '../../build/tku_libs/tku_libs.egg-info/SOURCES.txt'
[5.871s] writing manifest file '../../build/tku_libs/tku_libs.egg-info/SOURCES.txt'
[5.872s] running build
[5.873s] running build_py
[5.875s] running install
[5.877s] running install_lib
[5.884s] running install_data
[5.887s] running install_egg_info
[5.895s] removing '/home/iclab/motion/install/tku_libs/lib/python3.10/site-packages/tku_libs-0.0.0-py3.10.egg-info' (and everything under it)
[5.896s] Copying ../../build/tku_libs/tku_libs.egg-info to /home/iclab/motion/install/tku_libs/lib/python3.10/site-packages/tku_libs-0.0.0-py3.10.egg-info
[5.900s] running install_scripts
[5.979s] Installing aaa script to /home/iclab/motion/install/tku_libs/lib/tku_libs
[5.980s] Installing bbb script to /home/iclab/motion/install/tku_libs/lib/tku_libs
[5.983s] writing list of installed files to '/home/iclab/motion/build/tku_libs/install.log'
[6.121s] Invoked command in '/home/iclab/motion/src/tku_libs' returned '0': CMAKE_PREFIX_PATH=/home/iclab/motion/install/tku_msgs:/home/iclab/motion/install/tuk_libs:/home/iclab/motion/install/tku_libs:/home/iclab/motion/install/motionpackage PYTHONPATH=/home/iclab/motion/build/tku_libs/prefix_override:/home/iclab/motion/install/tku_libs/lib/python3.10/site-packages:${PYTHONPATH} /usr/bin/python3 setup.py egg_info --egg-base ../../build/tku_libs build --build-base /home/iclab/motion/build/tku_libs/build install --record /home/iclab/motion/build/tku_libs/install.log --single-version-externally-managed
