[3.255s] Invoking command in '/home/iclab/motion/src/tku_libs': CMAKE_PREFIX_PATH=/home/iclab/motion/install/tku_msgs:/home/iclab/motion/install/tuk_libs:/home/iclab/motion/install/tku_libs:/home/iclab/motion/install/motionpackage:/home/iclab/motion/install/cpp PYTHONPATH=/home/iclab/motion/build/tku_libs/prefix_override:/home/iclab/motion/install/tku_libs/lib/python3.10/site-packages:${PYTHONPATH} /usr/bin/python3 setup.py egg_info --egg-base ../../build/tku_libs build --build-base /home/iclab/motion/build/tku_libs/build install --record /home/iclab/motion/build/tku_libs/install.log --single-version-externally-managed
[4.209s] running egg_info
[4.211s] writing ../../build/tku_libs/tku_libs.egg-info/PKG-INFO
[4.212s] writing dependency_links to ../../build/tku_libs/tku_libs.egg-info/dependency_links.txt
[4.213s] writing entry points to ../../build/tku_libs/tku_libs.egg-info/entry_points.txt
[4.214s] writing requirements to ../../build/tku_libs/tku_libs.egg-info/requires.txt
[4.214s] writing top-level names to ../../build/tku_libs/tku_libs.egg-info/top_level.txt
[4.222s] reading manifest file '../../build/tku_libs/tku_libs.egg-info/SOURCES.txt'
[4.225s] writing manifest file '../../build/tku_libs/tku_libs.egg-info/SOURCES.txt'
[4.226s] running build
[4.226s] running build_py
[4.227s] running install
[4.228s] running install_lib
[4.233s] running install_data
[4.235s] running install_egg_info
[4.241s] removing '/home/iclab/motion/install/tku_libs/lib/python3.10/site-packages/tku_libs-0.0.0-py3.10.egg-info' (and everything under it)
[4.242s] Copying ../../build/tku_libs/tku_libs.egg-info to /home/iclab/motion/install/tku_libs/lib/python3.10/site-packages/tku_libs-0.0.0-py3.10.egg-info
[4.246s] running install_scripts
[4.319s] Installing aaa script to /home/iclab/motion/install/tku_libs/lib/tku_libs
[4.319s] Installing bbb script to /home/iclab/motion/install/tku_libs/lib/tku_libs
[4.321s] writing list of installed files to '/home/iclab/motion/build/tku_libs/install.log'
[4.423s] Invoked command in '/home/iclab/motion/src/tku_libs' returned '0': CMAKE_PREFIX_PATH=/home/iclab/motion/install/tku_msgs:/home/iclab/motion/install/tuk_libs:/home/iclab/motion/install/tku_libs:/home/iclab/motion/install/motionpackage:/home/iclab/motion/install/cpp PYTHONPATH=/home/iclab/motion/build/tku_libs/prefix_override:/home/iclab/motion/install/tku_libs/lib/python3.10/site-packages:${PYTHONPATH} /usr/bin/python3 setup.py egg_info --egg-base ../../build/tku_libs build --build-base /home/iclab/motion/build/tku_libs/build install --record /home/iclab/motion/build/tku_libs/install.log --single-version-externally-managed
