[2.382s] Invoking command in '/home/iclab/motion/src/tku_libs': AMENT_PREFIX_PATH=/home/iclab/motion/install/tku_msgs:${AMENT_PREFIX_PATH} CMAKE_PREFIX_PATH=/home/iclab/motion/install/tku_msgs LD_LIBRARY_PATH=/home/iclab/motion/install/tku_msgs/lib:${LD_LIBRARY_PATH} PYTHONPATH=/home/iclab/motion/build/tku_libs/prefix_override:/home/iclab/motion/install/tku_libs/lib/python3.10/site-packages:/home/iclab/motion/install/tku_msgs/local/lib/python3.10/dist-packages:${PYTHONPATH} /usr/bin/python3 setup.py egg_info --egg-base ../../build/tku_libs build --build-base /home/iclab/motion/build/tku_libs/build install --record /home/iclab/motion/build/tku_libs/install.log --single-version-externally-managed
[3.176s] running egg_info
[3.178s] writing ../../build/tku_libs/tku_libs.egg-info/PKG-INFO
[3.178s] writing dependency_links to ../../build/tku_libs/tku_libs.egg-info/dependency_links.txt
[3.179s] writing entry points to ../../build/tku_libs/tku_libs.egg-info/entry_points.txt
[3.179s] writing requirements to ../../build/tku_libs/tku_libs.egg-info/requires.txt
[3.180s] writing top-level names to ../../build/tku_libs/tku_libs.egg-info/top_level.txt
[3.186s] reading manifest file '../../build/tku_libs/tku_libs.egg-info/SOURCES.txt'
[3.188s] writing manifest file '../../build/tku_libs/tku_libs.egg-info/SOURCES.txt'
[3.188s] running build
[3.189s] running build_py
[3.189s] running install
[3.190s] running install_lib
[3.194s] running install_data
[3.196s] running install_egg_info
[3.200s] removing '/home/iclab/motion/install/tku_libs/lib/python3.10/site-packages/tku_libs-0.0.0-py3.10.egg-info' (and everything under it)
[3.201s] Copying ../../build/tku_libs/tku_libs.egg-info to /home/iclab/motion/install/tku_libs/lib/python3.10/site-packages/tku_libs-0.0.0-py3.10.egg-info
[3.203s] running install_scripts
[3.255s] Installing aaa script to /home/iclab/motion/install/tku_libs/lib/tku_libs
[3.255s] Installing bbb script to /home/iclab/motion/install/tku_libs/lib/tku_libs
[3.256s] writing list of installed files to '/home/iclab/motion/build/tku_libs/install.log'
[3.337s] Invoked command in '/home/iclab/motion/src/tku_libs' returned '0': AMENT_PREFIX_PATH=/home/iclab/motion/install/tku_msgs:${AMENT_PREFIX_PATH} CMAKE_PREFIX_PATH=/home/iclab/motion/install/tku_msgs LD_LIBRARY_PATH=/home/iclab/motion/install/tku_msgs/lib:${LD_LIBRARY_PATH} PYTHONPATH=/home/iclab/motion/build/tku_libs/prefix_override:/home/iclab/motion/install/tku_libs/lib/python3.10/site-packages:/home/iclab/motion/install/tku_msgs/local/lib/python3.10/dist-packages:${PYTHONPATH} /usr/bin/python3 setup.py egg_info --egg-base ../../build/tku_libs build --build-base /home/iclab/motion/build/tku_libs/build install --record /home/iclab/motion/build/tku_libs/install.log --single-version-externally-managed
