[2.671s] Invoking command in '/home/iclab/motion/src/motionpackage': PYTHONPATH=/home/iclab/motion/build/motionpackage/prefix_override:/home/iclab/motion/install/motionpackage/lib/python3.10/site-packages:${PYTHONPATH} /usr/bin/python3 setup.py egg_info --egg-base ../../build/motionpackage build --build-base /home/iclab/motion/build/motionpackage/build install --record /home/iclab/motion/build/motionpackage/install.log --single-version-externally-managed
[3.526s] running egg_info
[3.528s] writing ../../build/motionpackage/motionpackage.egg-info/PKG-INFO
[3.529s] writing dependency_links to ../../build/motionpackage/motionpackage.egg-info/dependency_links.txt
[3.529s] writing entry points to ../../build/motionpackage/motionpackage.egg-info/entry_points.txt
[3.530s] writing requirements to ../../build/motionpackage/motionpackage.egg-info/requires.txt
[3.531s] writing top-level names to ../../build/motionpackage/motionpackage.egg-info/top_level.txt
[3.538s] reading manifest file '../../build/motionpackage/motionpackage.egg-info/SOURCES.txt'
[3.541s] writing manifest file '../../build/motionpackage/motionpackage.egg-info/SOURCES.txt'
[3.541s] running build
[3.542s] running build_py
[3.542s] running install
[3.543s] running install_lib
[3.547s] running install_data
[3.550s] running install_egg_info
[3.554s] removing '/home/iclab/motion/install/motionpackage/lib/python3.10/site-packages/motionpackage-0.0.0-py3.10.egg-info' (and everything under it)
[3.555s] Copying ../../build/motionpackage/motionpackage.egg-info to /home/iclab/motion/install/motionpackage/lib/python3.10/site-packages/motionpackage-0.0.0-py3.10.egg-info
[3.559s] running install_scripts
[3.618s] Installing motionpackage script to /home/iclab/motion/install/motionpackage/lib/motionpackage
[3.619s] writing list of installed files to '/home/iclab/motion/build/motionpackage/install.log'
[3.708s] Invoked command in '/home/iclab/motion/src/motionpackage' returned '0': PYTHONPATH=/home/iclab/motion/build/motionpackage/prefix_override:/home/iclab/motion/install/motionpackage/lib/python3.10/site-packages:${PYTHONPATH} /usr/bin/python3 setup.py egg_info --egg-base ../../build/motionpackage build --build-base /home/iclab/motion/build/motionpackage/build install --record /home/iclab/motion/build/motionpackage/install.log --single-version-externally-managed
