[0.180s] Invoking command in '/home/iclab/motion/build/cpp': CMAKE_PREFIX_PATH=/opt/ros/humble /usr/bin/cmake /home/iclab/motion/src/cpp -DCMAKE_INSTALL_PREFIX=/home/iclab/motion/install/cpp
[0.600s] -- The C compiler identification is GNU 11.4.0
[0.896s] -- The CXX compiler identification is GNU 11.4.0
[0.918s] -- Detecting C compiler ABI info
[1.119s] -- Detecting C compiler ABI info - done
[1.142s] -- Check for working C compiler: /usr/bin/cc - skipped
[1.143s] -- Detecting C compile features
[1.144s] -- Detecting C compile features - done
[1.153s] -- Detecting CXX compiler ABI info
[1.354s] -- Detecting CXX compiler ABI info - done
[1.379s] -- Check for working CXX compiler: /usr/bin/c++ - skipped
[1.379s] -- Detecting CXX compile features
[1.380s] -- Detecting CXX compile features - done
[1.415s] -- Found ament_cmake: 1.3.6 (/opt/ros/humble/share/ament_cmake/cmake)
[1.875s] -- Found Python3: /usr/bin/python3.10 (found version "3.10.12") found components: Interpreter 
[2.118s] -- Found ament_lint_auto: 0.12.9 (/opt/ros/humble/share/ament_lint_auto/cmake)
[2.328s] -- Added test 'cppcheck' to perform static code analysis on C / C++ code
[2.329s] -- Configured cppcheck include dirs: $<BUILD_INTERFACE:/home/iclab/motion/src/cpp/include>
[2.329s] -- Configured cppcheck exclude dirs and/or files: 
[2.331s] -- Added test 'lint_cmake' to check CMake code style
[2.337s] -- Added test 'uncrustify' to check C / C++ code style
[2.337s] -- Configured uncrustify additional arguments: 
[2.341s] -- Added test 'xmllint' to check XML markup files
[2.350s] -- Configuring done
[2.360s] -- Generating done
[2.364s] -- Build files have been written to: /home/iclab/motion/build/cpp
[2.378s] Invoked command in '/home/iclab/motion/build/cpp' returned '0': CMAKE_PREFIX_PATH=/opt/ros/humble /usr/bin/cmake /home/iclab/motion/src/cpp -DCMAKE_INSTALL_PREFIX=/home/iclab/motion/install/cpp
[2.381s] Invoking command in '/home/iclab/motion/build/cpp': CMAKE_PREFIX_PATH=/opt/ros/humble /usr/bin/cmake --build /home/iclab/motion/build/cpp -- -j4 -l4
[2.481s] [ 50%] [32mBuilding CXX object CMakeFiles/serial.dir/src/serial.cpp.o[0m
[2.559s] [100%] [32m[1mLinking CXX executable serial[0m
[2.682s] [100%] Built target serial
[2.706s] Invoked command in '/home/iclab/motion/build/cpp' returned '0': CMAKE_PREFIX_PATH=/opt/ros/humble /usr/bin/cmake --build /home/iclab/motion/build/cpp -- -j4 -l4
[2.783s] Invoking command in '/home/iclab/motion/build/cpp': CMAKE_PREFIX_PATH=/opt/ros/humble /usr/bin/cmake --install /home/iclab/motion/build/cpp
[2.797s] -- Install configuration: ""
[2.798s] -- Installing: /home/iclab/motion/install/cpp/lib/cpp/serial
[2.798s] -- Installing: /home/iclab/motion/install/cpp/share/ament_index/resource_index/package_run_dependencies/cpp
[2.799s] -- Installing: /home/iclab/motion/install/cpp/share/ament_index/resource_index/parent_prefix_path/cpp
[2.799s] -- Installing: /home/iclab/motion/install/cpp/share/cpp/environment/ament_prefix_path.sh
[2.800s] -- Installing: /home/iclab/motion/install/cpp/share/cpp/environment/ament_prefix_path.dsv
[2.800s] -- Installing: /home/iclab/motion/install/cpp/share/cpp/environment/path.sh
[2.800s] -- Installing: /home/iclab/motion/install/cpp/share/cpp/environment/path.dsv
[2.801s] -- Installing: /home/iclab/motion/install/cpp/share/cpp/local_setup.bash
[2.801s] -- Installing: /home/iclab/motion/install/cpp/share/cpp/local_setup.sh
[2.802s] -- Installing: /home/iclab/motion/install/cpp/share/cpp/local_setup.zsh
[2.802s] -- Installing: /home/iclab/motion/install/cpp/share/cpp/local_setup.dsv
[2.802s] -- Installing: /home/iclab/motion/install/cpp/share/cpp/package.dsv
[2.803s] -- Installing: /home/iclab/motion/install/cpp/share/ament_index/resource_index/packages/cpp
[2.803s] -- Installing: /home/iclab/motion/install/cpp/share/cpp/cmake/cppConfig.cmake
[2.804s] -- Installing: /home/iclab/motion/install/cpp/share/cpp/cmake/cppConfig-version.cmake
[2.804s] -- Installing: /home/iclab/motion/install/cpp/share/cpp/package.xml
[2.809s] Invoked command in '/home/iclab/motion/build/cpp' returned '0': CMAKE_PREFIX_PATH=/opt/ros/humble /usr/bin/cmake --install /home/iclab/motion/build/cpp
