[0.688s] Invoking command in '/home/iclab/motion/src/motionpackage': PYTHONPATH=/home/iclab/motion/build/motionpackage/prefix_override:/home/iclab/motion/install/motionpackage/lib/python3.10/site-packages:${PYTHONPATH} /usr/bin/python3 setup.py egg_info --egg-base ../../build/motionpackage build --build-base /home/iclab/motion/build/motionpackage/build install --record /home/iclab/motion/build/motionpackage/install.log --single-version-externally-managed
[0.916s] running egg_info
[0.916s] writing ../../build/motionpackage/motionpackage.egg-info/PKG-INFO
[0.916s] writing dependency_links to ../../build/motionpackage/motionpackage.egg-info/dependency_links.txt
[0.917s] writing entry points to ../../build/motionpackage/motionpackage.egg-info/entry_points.txt
[0.917s] writing requirements to ../../build/motionpackage/motionpackage.egg-info/requires.txt
[0.917s] writing top-level names to ../../build/motionpackage/motionpackage.egg-info/top_level.txt
[0.918s] reading manifest file '../../build/motionpackage/motionpackage.egg-info/SOURCES.txt'
[0.919s] writing manifest file '../../build/motionpackage/motionpackage.egg-info/SOURCES.txt'
[0.919s] running build
[0.919s] running build_py
[0.919s] copying motionpackage/motionpackage.py -> /home/iclab/motion/build/motionpackage/build/lib/motionpackage
[0.919s] running install
[0.920s] running install_lib
[0.920s] copying /home/iclab/motion/build/motionpackage/build/lib/motionpackage/motionpackage.py -> /home/iclab/motion/install/motionpackage/lib/python3.10/site-packages/motionpackage
[0.920s] byte-compiling /home/iclab/motion/install/motionpackage/lib/python3.10/site-packages/motionpackage/motionpackage.py to motionpackage.cpython-310.pyc
[0.922s] running install_data
[0.923s] running install_egg_info
[0.924s] removing '/home/iclab/motion/install/motionpackage/lib/python3.10/site-packages/motionpackage-0.0.0-py3.10.egg-info' (and everything under it)
[0.924s] Copying ../../build/motionpackage/motionpackage.egg-info to /home/iclab/motion/install/motionpackage/lib/python3.10/site-packages/motionpackage-0.0.0-py3.10.egg-info
[0.924s] running install_scripts
[0.940s] Installing motionpackage script to /home/iclab/motion/install/motionpackage/lib/motionpackage
[0.940s] writing list of installed files to '/home/iclab/motion/build/motionpackage/install.log'
[0.960s] Invoked command in '/home/iclab/motion/src/motionpackage' returned '0': PYTHONPATH=/home/iclab/motion/build/motionpackage/prefix_override:/home/iclab/motion/install/motionpackage/lib/python3.10/site-packages:${PYTHONPATH} /usr/bin/python3 setup.py egg_info --egg-base ../../build/motionpackage build --build-base /home/iclab/motion/build/motionpackage/build install --record /home/iclab/motion/build/motionpackage/install.log --single-version-externally-managed
