[5.842s] Invoking command in '/home/iclab/motion/src/motionpackage': PYTHONPATH=/home/iclab/motion/build/motionpackage/prefix_override:/home/iclab/motion/install/motionpackage/lib/python3.10/site-packages:${PYTHONPATH} /usr/bin/python3 setup.py egg_info --egg-base ../../build/motionpackage build --build-base /home/iclab/motion/build/motionpackage/build install --record /home/iclab/motion/build/motionpackage/install.log --single-version-externally-managed
[7.656s] running egg_info
[7.660s] writing ../../build/motionpackage/motionpackage.egg-info/PKG-INFO
[7.661s] writing dependency_links to ../../build/motionpackage/motionpackage.egg-info/dependency_links.txt
[7.662s] writing entry points to ../../build/motionpackage/motionpackage.egg-info/entry_points.txt
[7.665s] writing requirements to ../../build/motionpackage/motionpackage.egg-info/requires.txt
[7.665s] writing top-level names to ../../build/motionpackage/motionpackage.egg-info/top_level.txt
[7.682s] reading manifest file '../../build/motionpackage/motionpackage.egg-info/SOURCES.txt'
[7.689s] writing manifest file '../../build/motionpackage/motionpackage.egg-info/SOURCES.txt'
[7.690s] running build
[7.690s] running build_py
[7.691s] copying motionpackage/motionpackage.py -> /home/iclab/motion/build/motionpackage/build/lib/motionpackage
[7.692s] running install
[7.693s] running install_lib
[7.698s] copying /home/iclab/motion/build/motionpackage/build/lib/motionpackage/motionpackage.py -> /home/iclab/motion/install/motionpackage/lib/python3.10/site-packages/motionpackage
[7.704s] byte-compiling /home/iclab/motion/install/motionpackage/lib/python3.10/site-packages/motionpackage/motionpackage.py to motionpackage.cpython-310.pyc
[7.740s] running install_data
[7.740s] running install_egg_info
[7.745s] removing '/home/iclab/motion/install/motionpackage/lib/python3.10/site-packages/motionpackage-0.0.0-py3.10.egg-info' (and everything under it)
[7.746s] Copying ../../build/motionpackage/motionpackage.egg-info to /home/iclab/motion/install/motionpackage/lib/python3.10/site-packages/motionpackage-0.0.0-py3.10.egg-info
[7.752s] running install_scripts
[7.850s] Installing motionpackage script to /home/iclab/motion/install/motionpackage/lib/motionpackage
[7.851s] writing list of installed files to '/home/iclab/motion/build/motionpackage/install.log'
[8.472s] Invoked command in '/home/iclab/motion/src/motionpackage' returned '0': PYTHONPATH=/home/iclab/motion/build/motionpackage/prefix_override:/home/iclab/motion/install/motionpackage/lib/python3.10/site-packages:${PYTHONPATH} /usr/bin/python3 setup.py egg_info --egg-base ../../build/motionpackage build --build-base /home/iclab/motion/build/motionpackage/build install --record /home/iclab/motion/build/motionpackage/install.log --single-version-externally-managed
