[2.956s] Invoking command in '/home/iclab/motion/src/motionpackage': PYTHONPATH=/home/iclab/motion/build/motionpackage/prefix_override:/home/iclab/motion/install/motionpackage/lib/python3.10/site-packages:${PYTHONPATH} /usr/bin/python3 setup.py egg_info --egg-base ../../build/motionpackage build --build-base /home/iclab/motion/build/motionpackage/build install --record /home/iclab/motion/build/motionpackage/install.log --single-version-externally-managed
[3.848s] running egg_info
[3.853s] writing ../../build/motionpackage/motionpackage.egg-info/PKG-INFO
[3.853s] writing dependency_links to ../../build/motionpackage/motionpackage.egg-info/dependency_links.txt
[3.853s] writing entry points to ../../build/motionpackage/motionpackage.egg-info/entry_points.txt
[3.854s] writing requirements to ../../build/motionpackage/motionpackage.egg-info/requires.txt
[3.854s] writing top-level names to ../../build/motionpackage/motionpackage.egg-info/top_level.txt
[3.855s] reading manifest file '../../build/motionpackage/motionpackage.egg-info/SOURCES.txt'
[3.857s] writing manifest file '../../build/motionpackage/motionpackage.egg-info/SOURCES.txt'
[3.860s] running build
[3.861s] running build_py
[3.861s] running install
[3.861s] running install_lib
[3.862s] running install_data
[3.865s] running install_egg_info
[3.870s] removing '/home/iclab/motion/install/motionpackage/lib/python3.10/site-packages/motionpackage-0.0.0-py3.10.egg-info' (and everything under it)
[3.871s] Copying ../../build/motionpackage/motionpackage.egg-info to /home/iclab/motion/install/motionpackage/lib/python3.10/site-packages/motionpackage-0.0.0-py3.10.egg-info
[3.876s] running install_scripts
[3.946s] Installing motionpackage script to /home/iclab/motion/install/motionpackage/lib/motionpackage
[3.947s] writing list of installed files to '/home/iclab/motion/build/motionpackage/install.log'
[4.052s] Invoked command in '/home/iclab/motion/src/motionpackage' returned '0': PYTHONPATH=/home/iclab/motion/build/motionpackage/prefix_override:/home/iclab/motion/install/motionpackage/lib/python3.10/site-packages:${PYTHONPATH} /usr/bin/python3 setup.py egg_info --egg-base ../../build/motionpackage build --build-base /home/iclab/motion/build/motionpackage/build install --record /home/iclab/motion/build/motionpackage/install.log --single-version-externally-managed
