[2.734s] Invoking command in '/home/iclab/motion/src/aaa': AMENT_PREFIX_PATH=/home/iclab/motion/install/tku_libs:/home/iclab/motion/install/tku_msgs:${AMENT_PREFIX_PATH} CMAKE_PREFIX_PATH=/home/iclab/motion/install/tku_libs:/home/iclab/motion/install/tku_msgs LD_LIBRARY_PATH=/home/iclab/motion/install/tku_msgs/lib:${LD_LIBRARY_PATH} PYTHONPATH=/home/iclab/motion/build/aaa/prefix_override:/home/iclab/motion/install/aaa/lib/python3.10/site-packages:/home/iclab/motion/install/tku_libs/lib/python3.10/site-packages:/home/iclab/motion/install/tku_msgs/local/lib/python3.10/dist-packages:${PYTHONPATH} /usr/bin/python3 setup.py egg_info --egg-base ../../build/aaa build --build-base /home/iclab/motion/build/aaa/build install --record /home/iclab/motion/build/aaa/install.log --single-version-externally-managed
[3.585s] running egg_info
[3.587s] writing ../../build/aaa/aaa.egg-info/PKG-INFO
[3.588s] writing dependency_links to ../../build/aaa/aaa.egg-info/dependency_links.txt
[3.588s] writing entry points to ../../build/aaa/aaa.egg-info/entry_points.txt
[3.589s] writing requirements to ../../build/aaa/aaa.egg-info/requires.txt
[3.590s] writing top-level names to ../../build/aaa/aaa.egg-info/top_level.txt
[3.595s] reading manifest file '../../build/aaa/aaa.egg-info/SOURCES.txt'
[3.598s] writing manifest file '../../build/aaa/aaa.egg-info/SOURCES.txt'
[3.598s] running build
[3.599s] running build_py
[3.599s] running install
[3.601s] running install_lib
[3.604s] running install_data
[3.605s] running install_egg_info
[3.610s] removing '/home/iclab/motion/install/aaa/lib/python3.10/site-packages/aaa-0.0.0-py3.10.egg-info' (and everything under it)
[3.611s] Copying ../../build/aaa/aaa.egg-info to /home/iclab/motion/install/aaa/lib/python3.10/site-packages/aaa-0.0.0-py3.10.egg-info
[3.614s] running install_scripts
[3.668s] Installing aaa script to /home/iclab/motion/install/aaa/lib/aaa
[3.669s] writing list of installed files to '/home/iclab/motion/build/aaa/install.log'
[3.752s] Invoked command in '/home/iclab/motion/src/aaa' returned '0': AMENT_PREFIX_PATH=/home/iclab/motion/install/tku_libs:/home/iclab/motion/install/tku_msgs:${AMENT_PREFIX_PATH} CMAKE_PREFIX_PATH=/home/iclab/motion/install/tku_libs:/home/iclab/motion/install/tku_msgs LD_LIBRARY_PATH=/home/iclab/motion/install/tku_msgs/lib:${LD_LIBRARY_PATH} PYTHONPATH=/home/iclab/motion/build/aaa/prefix_override:/home/iclab/motion/install/aaa/lib/python3.10/site-packages:/home/iclab/motion/install/tku_libs/lib/python3.10/site-packages:/home/iclab/motion/install/tku_msgs/local/lib/python3.10/dist-packages:${PYTHONPATH} /usr/bin/python3 setup.py egg_info --egg-base ../../build/aaa build --build-base /home/iclab/motion/build/aaa/build install --record /home/iclab/motion/build/aaa/install.log --single-version-externally-managed
