[3.719s] Invoking command in '/home/iclab/motion/src/motionpackage': PYTHONPATH=/home/iclab/motion/build/motionpackage/prefix_override:/home/iclab/motion/install/motionpackage/lib/python3.10/site-packages:${PYTHONPATH} /usr/bin/python3 setup.py egg_info --egg-base ../../build/motionpackage build --build-base /home/iclab/motion/build/motionpackage/build install --record /home/iclab/motion/build/motionpackage/install.log --single-version-externally-managed
[5.004s] running egg_info
[5.012s] writing ../../build/motionpackage/motionpackage.egg-info/PKG-INFO
[5.013s] writing dependency_links to ../../build/motionpackage/motionpackage.egg-info/dependency_links.txt
[5.014s] writing entry points to ../../build/motionpackage/motionpackage.egg-info/entry_points.txt
[5.015s] writing requirements to ../../build/motionpackage/motionpackage.egg-info/requires.txt
[5.017s] writing top-level names to ../../build/motionpackage/motionpackage.egg-info/top_level.txt
[5.019s] reading manifest file '../../build/motionpackage/motionpackage.egg-info/SOURCES.txt'
[5.032s] writing manifest file '../../build/motionpackage/motionpackage.egg-info/SOURCES.txt'
[5.035s] running build
[5.036s] running build_py
[5.038s] copying motionpackage/motionpackage.py -> /home/iclab/motion/build/motionpackage/build/lib/motionpackage
[5.039s] running install
[5.040s] running install_lib
[5.047s] copying /home/iclab/motion/build/motionpackage/build/lib/motionpackage/motionpackage.py -> /home/iclab/motion/install/motionpackage/lib/python3.10/site-packages/motionpackage
[5.049s] byte-compiling /home/iclab/motion/install/motionpackage/lib/python3.10/site-packages/motionpackage/motionpackage.py to motionpackage.cpython-310.pyc
[5.050s] running install_data
[5.051s] running install_egg_info
[5.052s] removing '/home/iclab/motion/install/motionpackage/lib/python3.10/site-packages/motionpackage-0.0.0-py3.10.egg-info' (and everything under it)
[5.052s] Copying ../../build/motionpackage/motionpackage.egg-info to /home/iclab/motion/install/motionpackage/lib/python3.10/site-packages/motionpackage-0.0.0-py3.10.egg-info
[5.055s] running install_scripts
[5.144s] Installing motionpackage script to /home/iclab/motion/install/motionpackage/lib/motionpackage
[5.157s] writing list of installed files to '/home/iclab/motion/build/motionpackage/install.log'
[5.274s] Invoked command in '/home/iclab/motion/src/motionpackage' returned '0': PYTHONPATH=/home/iclab/motion/build/motionpackage/prefix_override:/home/iclab/motion/install/motionpackage/lib/python3.10/site-packages:${PYTHONPATH} /usr/bin/python3 setup.py egg_info --egg-base ../../build/motionpackage build --build-base /home/iclab/motion/build/motionpackage/build install --record /home/iclab/motion/build/motionpackage/install.log --single-version-externally-managed
