[2.963s] Invoking command in '/home/iclab/motion/src/tku_libs': CMAKE_PREFIX_PATH=/home/iclab/motion/install/tku_msgs:/home/iclab/motion/install/tuk_libs:/home/iclab/motion/install/tku_libs:/home/iclab/motion/install/motionpackage PYTHONPATH=/home/iclab/motion/build/tku_libs/prefix_override:/home/iclab/motion/install/tku_libs/lib/python3.10/site-packages:${PYTHONPATH} /usr/bin/python3 setup.py egg_info --egg-base ../../build/tku_libs build --build-base /home/iclab/motion/build/tku_libs/build install --record /home/iclab/motion/build/tku_libs/install.log --single-version-externally-managed
[3.814s] running egg_info
[3.816s] writing ../../build/tku_libs/tku_libs.egg-info/PKG-INFO
[3.817s] writing dependency_links to ../../build/tku_libs/tku_libs.egg-info/dependency_links.txt
[3.817s] writing entry points to ../../build/tku_libs/tku_libs.egg-info/entry_points.txt
[3.818s] writing requirements to ../../build/tku_libs/tku_libs.egg-info/requires.txt
[3.818s] writing top-level names to ../../build/tku_libs/tku_libs.egg-info/top_level.txt
[3.825s] reading manifest file '../../build/tku_libs/tku_libs.egg-info/SOURCES.txt'
[3.828s] writing manifest file '../../build/tku_libs/tku_libs.egg-info/SOURCES.txt'
[3.828s] running build
[3.829s] running build_py
[3.831s] running install
[3.832s] running install_lib
[3.835s] running install_data
[3.836s] running install_egg_info
[3.841s] removing '/home/iclab/motion/install/tku_libs/lib/python3.10/site-packages/tku_libs-0.0.0-py3.10.egg-info' (and everything under it)
[3.842s] Copying ../../build/tku_libs/tku_libs.egg-info to /home/iclab/motion/install/tku_libs/lib/python3.10/site-packages/tku_libs-0.0.0-py3.10.egg-info
[3.845s] running install_scripts
[3.898s] Installing aaa script to /home/iclab/motion/install/tku_libs/lib/tku_libs
[3.898s] Installing bbb script to /home/iclab/motion/install/tku_libs/lib/tku_libs
[3.899s] writing list of installed files to '/home/iclab/motion/build/tku_libs/install.log'
[3.986s] Invoked command in '/home/iclab/motion/src/tku_libs' returned '0': CMAKE_PREFIX_PATH=/home/iclab/motion/install/tku_msgs:/home/iclab/motion/install/tuk_libs:/home/iclab/motion/install/tku_libs:/home/iclab/motion/install/motionpackage PYTHONPATH=/home/iclab/motion/build/tku_libs/prefix_override:/home/iclab/motion/install/tku_libs/lib/python3.10/site-packages:${PYTHONPATH} /usr/bin/python3 setup.py egg_info --egg-base ../../build/tku_libs build --build-base /home/iclab/motion/build/tku_libs/build install --record /home/iclab/motion/build/tku_libs/install.log --single-version-externally-managed
