[3.031s] Invoking command in '/home/iclab/motion/src/tku_libs': CMAKE_PREFIX_PATH=/home/iclab/motion/install/tku_msgs:/home/iclab/motion/install/tuk_libs:/home/iclab/motion/install/tku_libs:/home/iclab/motion/install/motionpackage PYTHONPATH=/home/iclab/motion/build/tku_libs/prefix_override:/home/iclab/motion/install/tku_libs/lib/python3.10/site-packages:${PYTHONPATH} /usr/bin/python3 setup.py egg_info --egg-base ../../build/tku_libs build --build-base /home/iclab/motion/build/tku_libs/build install --record /home/iclab/motion/build/tku_libs/install.log --single-version-externally-managed
[4.073s] running egg_info
[4.075s] writing ../../build/tku_libs/tku_libs.egg-info/PKG-INFO
[4.085s] writing dependency_links to ../../build/tku_libs/tku_libs.egg-info/dependency_links.txt
[4.086s] writing entry points to ../../build/tku_libs/tku_libs.egg-info/entry_points.txt
[4.086s] writing requirements to ../../build/tku_libs/tku_libs.egg-info/requires.txt
[4.086s] writing top-level names to ../../build/tku_libs/tku_libs.egg-info/top_level.txt
[4.088s] reading manifest file '../../build/tku_libs/tku_libs.egg-info/SOURCES.txt'
[4.092s] writing manifest file '../../build/tku_libs/tku_libs.egg-info/SOURCES.txt'
[4.092s] running build
[4.092s] running build_py
[4.097s] running install
[4.097s] running install_lib
[4.099s] running install_data
[4.101s] running install_egg_info
[4.108s] removing '/home/iclab/motion/install/tku_libs/lib/python3.10/site-packages/tku_libs-0.0.0-py3.10.egg-info' (and everything under it)
[4.115s] Copying ../../build/tku_libs/tku_libs.egg-info to /home/iclab/motion/install/tku_libs/lib/python3.10/site-packages/tku_libs-0.0.0-py3.10.egg-info
[4.122s] running install_scripts
[4.199s] Installing aaa script to /home/iclab/motion/install/tku_libs/lib/tku_libs
[4.200s] Installing bbb script to /home/iclab/motion/install/tku_libs/lib/tku_libs
[4.204s] writing list of installed files to '/home/iclab/motion/build/tku_libs/install.log'
[4.318s] Invoked command in '/home/iclab/motion/src/tku_libs' returned '0': CMAKE_PREFIX_PATH=/home/iclab/motion/install/tku_msgs:/home/iclab/motion/install/tuk_libs:/home/iclab/motion/install/tku_libs:/home/iclab/motion/install/motionpackage PYTHONPATH=/home/iclab/motion/build/tku_libs/prefix_override:/home/iclab/motion/install/tku_libs/lib/python3.10/site-packages:${PYTHONPATH} /usr/bin/python3 setup.py egg_info --egg-base ../../build/tku_libs build --build-base /home/iclab/motion/build/tku_libs/build install --record /home/iclab/motion/build/tku_libs/install.log --single-version-externally-managed
