-- The C compiler identification is GNU 11.4.0
-- The CXX compiler identification is GNU 11.4.0
-- Detecting C compiler ABI info
-- Detecting C compiler ABI info - done
-- Check for working C compiler: /usr/bin/cc - skipped
-- Detecting C compile features
-- Detecting C compile features - done
-- Detecting CXX compiler ABI info
-- Detecting CXX compiler ABI info - done
-- Check for working CXX compiler: /usr/bin/c++ - skipped
-- Detecting CXX compile features
-- Detecting CXX compile features - done
-- Found ament_cmake: 1.3.5 (/opt/ros/humble/share/ament_cmake/cmake)
-- Found Python3: /usr/bin/python3.10 (found version "3.10.12") found components: Interpreter 
-- Found ament_lint_auto: 0.12.8 (/opt/ros/humble/share/ament_lint_auto/cmake)
-- Added test 'cppcheck' to perform static code analysis on C / C++ code
-- Configured cppcheck include dirs: $<BUILD_INTERFACE:/home/iclab/motion/src/tuk_libs/include>
-- Configured cppcheck exclude dirs and/or files: 
-- Added test 'lint_cmake' to check CMake code style
-- Added test 'uncrustify' to check C / C++ code style
-- Configured uncrustify additional arguments: 
-- Added test 'xmllint' to check XML markup files
-- Configuring done
-- Generating done
-- Build files have been written to: /home/iclab/motion/build/tuk_libs
[ 50%] [32mBuilding CXX object CMakeFiles/TKU_tool.dir/src/TKU_tool.cpp.o[0m
[100%] [32m[1mLinking CXX executable TKU_tool[0m
[100%] Built target TKU_tool
-- Install configuration: ""
-- Installing: /home/iclab/motion/install/tuk_libs/lib/tuk_libs/TKU_tool
-- Installing: /home/iclab/motion/install/tuk_libs/share/ament_index/resource_index/package_run_dependencies/tuk_libs
-- Installing: /home/iclab/motion/install/tuk_libs/share/ament_index/resource_index/parent_prefix_path/tuk_libs
-- Installing: /home/iclab/motion/install/tuk_libs/share/tuk_libs/environment/ament_prefix_path.sh
-- Installing: /home/iclab/motion/install/tuk_libs/share/tuk_libs/environment/ament_prefix_path.dsv
-- Installing: /home/iclab/motion/install/tuk_libs/share/tuk_libs/environment/path.sh
-- Installing: /home/iclab/motion/install/tuk_libs/share/tuk_libs/environment/path.dsv
-- Installing: /home/iclab/motion/install/tuk_libs/share/tuk_libs/local_setup.bash
-- Installing: /home/iclab/motion/install/tuk_libs/share/tuk_libs/local_setup.sh
-- Installing: /home/iclab/motion/install/tuk_libs/share/tuk_libs/local_setup.zsh
-- Installing: /home/iclab/motion/install/tuk_libs/share/tuk_libs/local_setup.dsv
-- Installing: /home/iclab/motion/install/tuk_libs/share/tuk_libs/package.dsv
-- Installing: /home/iclab/motion/install/tuk_libs/share/ament_index/resource_index/packages/tuk_libs
-- Installing: /home/iclab/motion/install/tuk_libs/share/tuk_libs/cmake/tuk_libsConfig.cmake
-- Installing: /home/iclab/motion/install/tuk_libs/share/tuk_libs/cmake/tuk_libsConfig-version.cmake
-- Installing: /home/iclab/motion/install/tuk_libs/share/tuk_libs/package.xml
