[2.790s] Invoking command in '/home/iclab/motion/src/motionpackage': PYTHONPATH=/home/iclab/motion/build/motionpackage/prefix_override:/home/iclab/motion/install/motionpackage/lib/python3.10/site-packages:${PYTHONPATH} /usr/bin/python3 setup.py egg_info --egg-base ../../build/motionpackage build --build-base /home/iclab/motion/build/motionpackage/build install --record /home/iclab/motion/build/motionpackage/install.log --single-version-externally-managed
[3.682s] running egg_info
[3.683s] writing ../../build/motionpackage/motionpackage.egg-info/PKG-INFO
[3.683s] writing dependency_links to ../../build/motionpackage/motionpackage.egg-info/dependency_links.txt
[3.683s] writing entry points to ../../build/motionpackage/motionpackage.egg-info/entry_points.txt
[3.684s] writing requirements to ../../build/motionpackage/motionpackage.egg-info/requires.txt
[3.684s] writing top-level names to ../../build/motionpackage/motionpackage.egg-info/top_level.txt
[3.704s] reading manifest file '../../build/motionpackage/motionpackage.egg-info/SOURCES.txt'
[3.709s] writing manifest file '../../build/motionpackage/motionpackage.egg-info/SOURCES.txt'
[3.709s] running build
[3.709s] running build_py
[3.710s] copying motionpackage/motionpackage.py -> /home/iclab/motion/build/motionpackage/build/lib/motionpackage
[3.710s] running install
[3.710s] running install_lib
[3.711s] copying /home/iclab/motion/build/motionpackage/build/lib/motionpackage/motionpackage.py -> /home/iclab/motion/install/motionpackage/lib/python3.10/site-packages/motionpackage
[3.715s] byte-compiling /home/iclab/motion/install/motionpackage/lib/python3.10/site-packages/motionpackage/motionpackage.py to motionpackage.cpython-310.pyc
[3.730s] running install_data
[3.730s] running install_egg_info
[3.730s] removing '/home/iclab/motion/install/motionpackage/lib/python3.10/site-packages/motionpackage-0.0.0-py3.10.egg-info' (and everything under it)
[3.760s] Copying ../../build/motionpackage/motionpackage.egg-info to /home/iclab/motion/install/motionpackage/lib/python3.10/site-packages/motionpackage-0.0.0-py3.10.egg-info
[3.760s] running install_scripts
[3.796s] Installing motionpackage script to /home/iclab/motion/install/motionpackage/lib/motionpackage
[3.803s] writing list of installed files to '/home/iclab/motion/build/motionpackage/install.log'
[3.917s] Invoked command in '/home/iclab/motion/src/motionpackage' returned '0': PYTHONPATH=/home/iclab/motion/build/motionpackage/prefix_override:/home/iclab/motion/install/motionpackage/lib/python3.10/site-packages:${PYTHONPATH} /usr/bin/python3 setup.py egg_info --egg-base ../../build/motionpackage build --build-base /home/iclab/motion/build/motionpackage/build install --record /home/iclab/motion/build/motionpackage/install.log --single-version-externally-managed
