[4.433s] Invoking command in '/home/iclab/motion/src/tku_libs': CMAKE_PREFIX_PATH=/home/iclab/motion/install/tku_msgs:/home/iclab/motion/install/tuk_libs:/home/iclab/motion/install/tku_libs:/home/iclab/motion/install/motionpackage PYTHONPATH=/home/iclab/motion/build/tku_libs/prefix_override:/home/iclab/motion/install/tku_libs/lib/python3.10/site-packages:${PYTHONPATH} /usr/bin/python3 setup.py egg_info --egg-base ../../build/tku_libs build --build-base /home/iclab/motion/build/tku_libs/build install --record /home/iclab/motion/build/tku_libs/install.log --single-version-externally-managed
[5.557s] running egg_info
[5.560s] writing ../../build/tku_libs/tku_libs.egg-info/PKG-INFO
[5.561s] writing dependency_links to ../../build/tku_libs/tku_libs.egg-info/dependency_links.txt
[5.562s] writing entry points to ../../build/tku_libs/tku_libs.egg-info/entry_points.txt
[5.563s] writing requirements to ../../build/tku_libs/tku_libs.egg-info/requires.txt
[5.564s] writing top-level names to ../../build/tku_libs/tku_libs.egg-info/top_level.txt
[5.573s] reading manifest file '../../build/tku_libs/tku_libs.egg-info/SOURCES.txt'
[5.576s] writing manifest file '../../build/tku_libs/tku_libs.egg-info/SOURCES.txt'
[5.577s] running build
[5.577s] running build_py
[5.578s] running install
[5.580s] running install_lib
[5.587s] running install_data
[5.589s] running install_egg_info
[5.596s] removing '/home/iclab/motion/install/tku_libs/lib/python3.10/site-packages/tku_libs-0.0.0-py3.10.egg-info' (and everything under it)
[5.598s] Copying ../../build/tku_libs/tku_libs.egg-info to /home/iclab/motion/install/tku_libs/lib/python3.10/site-packages/tku_libs-0.0.0-py3.10.egg-info
[5.603s] running install_scripts
[5.674s] Installing aaa script to /home/iclab/motion/install/tku_libs/lib/tku_libs
[5.675s] Installing bbb script to /home/iclab/motion/install/tku_libs/lib/tku_libs
[5.676s] writing list of installed files to '/home/iclab/motion/build/tku_libs/install.log'
[5.820s] Invoked command in '/home/iclab/motion/src/tku_libs' returned '0': CMAKE_PREFIX_PATH=/home/iclab/motion/install/tku_msgs:/home/iclab/motion/install/tuk_libs:/home/iclab/motion/install/tku_libs:/home/iclab/motion/install/motionpackage PYTHONPATH=/home/iclab/motion/build/tku_libs/prefix_override:/home/iclab/motion/install/tku_libs/lib/python3.10/site-packages:${PYTHONPATH} /usr/bin/python3 setup.py egg_info --egg-base ../../build/tku_libs build --build-base /home/iclab/motion/build/tku_libs/build install --record /home/iclab/motion/build/tku_libs/install.log --single-version-externally-managed
