[3.098s] Invoking command in '/home/iclab/motion/src/motionpackage': PYTHONPATH=/home/iclab/motion/build/motionpackage/prefix_override:/home/iclab/motion/install/motionpackage/lib/python3.10/site-packages:${PYTHONPATH} /usr/bin/python3 setup.py egg_info --egg-base ../../build/motionpackage build --build-base /home/iclab/motion/build/motionpackage/build install --record /home/iclab/motion/build/motionpackage/install.log --single-version-externally-managed
[4.211s] running egg_info
[4.212s] writing ../../build/motionpackage/motionpackage.egg-info/PKG-INFO
[4.212s] writing dependency_links to ../../build/motionpackage/motionpackage.egg-info/dependency_links.txt
[4.212s] writing entry points to ../../build/motionpackage/motionpackage.egg-info/entry_points.txt
[4.212s] writing requirements to ../../build/motionpackage/motionpackage.egg-info/requires.txt
[4.213s] writing top-level names to ../../build/motionpackage/motionpackage.egg-info/top_level.txt
[4.217s] reading manifest file '../../build/motionpackage/motionpackage.egg-info/SOURCES.txt'
[4.222s] writing manifest file '../../build/motionpackage/motionpackage.egg-info/SOURCES.txt'
[4.223s] running build
[4.223s] running build_py
[4.223s] running install
[4.224s] running install_lib
[4.239s] byte-compiling /home/iclab/motion/install/motionpackage/lib/python3.10/site-packages/motionpackage/motionpackage.py to motionpackage.cpython-310.pyc
[4.281s] running install_data
[4.281s] running install_egg_info
[4.290s] removing '/home/iclab/motion/install/motionpackage/lib/python3.10/site-packages/motionpackage-0.0.0-py3.10.egg-info' (and everything under it)
[4.292s] Copying ../../build/motionpackage/motionpackage.egg-info to /home/iclab/motion/install/motionpackage/lib/python3.10/site-packages/motionpackage-0.0.0-py3.10.egg-info
[4.292s] running install_scripts
[4.354s] Installing motionpackage script to /home/iclab/motion/install/motionpackage/lib/motionpackage
[4.367s] writing list of installed files to '/home/iclab/motion/build/motionpackage/install.log'
[4.494s] Invoked command in '/home/iclab/motion/src/motionpackage' returned '0': PYTHONPATH=/home/iclab/motion/build/motionpackage/prefix_override:/home/iclab/motion/install/motionpackage/lib/python3.10/site-packages:${PYTHONPATH} /usr/bin/python3 setup.py egg_info --egg-base ../../build/motionpackage build --build-base /home/iclab/motion/build/motionpackage/build install --record /home/iclab/motion/build/motionpackage/install.log --single-version-externally-managed
