[3.600s] DEBUG:colcon:Command line arguments: ['/usr/bin/colcon', 'build']
[3.600s] DEBUG:colcon:Parsed command line arguments: Namespace(log_base=None, log_level=None, verb_name='build', build_base='build', install_base='install', merge_install=False, symlink_install=False, test_result_base=None, continue_on_error=False, executor='parallel', parallel_workers=4, event_handlers=None, ignore_user_meta=False, metas=['./colcon.meta'], base_paths=['.'], packages_ignore=None, packages_ignore_regex=None, paths=None, packages_up_to=None, packages_up_to_regex=None, packages_above=None, packages_above_and_dependencies=None, packages_above_depth=None, packages_select_by_dep=None, packages_skip_by_dep=None, packages_skip_up_to=None, packages_select_build_failed=False, packages_skip_build_finished=False, packages_select_test_failures=False, packages_skip_test_passed=False, packages_select=None, packages_skip=None, packages_select_regex=None, packages_skip_regex=None, packages_start=None, packages_end=None, allow_overriding=[], cmake_args=None, cmake_target=None, cmake_target_skip_unavailable=False, cmake_clean_cache=False, cmake_clean_first=False, cmake_force_configure=False, ament_cmake_args=None, catkin_cmake_args=None, catkin_skip_building_tests=False, verb_parser=<colcon_defaults.argument_parser.defaults.DefaultArgumentsDecorator object at 0x7f0c1c3a4a30>, verb_extension=<colcon_core.verb.build.BuildVerb object at 0x7f0c1c51ba60>, main=<bound method BuildVerb.main of <colcon_core.verb.build.BuildVerb object at 0x7f0c1c51ba60>>)
[3.762s] Level 1:colcon.colcon_core.package_discovery:discover_packages(colcon_meta) check parameters
[3.762s] Level 1:colcon.colcon_core.package_discovery:discover_packages(recursive) check parameters
[3.762s] Level 1:colcon.colcon_core.package_discovery:discover_packages(ignore) check parameters
[3.762s] Level 1:colcon.colcon_core.package_discovery:discover_packages(path) check parameters
[3.762s] Level 1:colcon.colcon_core.package_discovery:discover_packages(colcon_meta) discover
[3.762s] Level 1:colcon.colcon_core.package_discovery:discover_packages(recursive) discover
[3.763s] INFO:colcon.colcon_core.package_discovery:Crawling recursively for packages in '/home/iclab/motion'
[3.763s] Level 1:colcon.colcon_core.package_identification:_identify(.) by extensions ['ignore', 'ignore_ament_install']
[3.763s] Level 1:colcon.colcon_core.package_identification:_identify(.) by extension 'ignore'
[3.763s] Level 1:colcon.colcon_core.package_identification:_identify(.) by extension 'ignore_ament_install'
[3.764s] Level 1:colcon.colcon_core.package_identification:_identify(.) by extensions ['colcon_pkg']
[3.764s] Level 1:colcon.colcon_core.package_identification:_identify(.) by extension 'colcon_pkg'
[3.764s] Level 1:colcon.colcon_core.package_identification:_identify(.) by extensions ['colcon_meta']
[3.764s] Level 1:colcon.colcon_core.package_identification:_identify(.) by extension 'colcon_meta'
[3.764s] Level 1:colcon.colcon_core.package_identification:_identify(.) by extensions ['ros']
[3.765s] Level 1:colcon.colcon_core.package_identification:_identify(.) by extension 'ros'
[3.795s] Level 1:colcon.colcon_core.package_identification:_identify(.) by extensions ['cmake', 'python']
[3.796s] Level 1:colcon.colcon_core.package_identification:_identify(.) by extension 'cmake'
[3.796s] Level 1:colcon.colcon_core.package_identification:_identify(.) by extension 'python'
[3.796s] Level 1:colcon.colcon_core.package_identification:_identify(.) by extensions ['python_setup_py']
[3.796s] Level 1:colcon.colcon_core.package_identification:_identify(.) by extension 'python_setup_py'
[3.797s] Level 1:colcon.colcon_core.package_identification:_identify(build) by extensions ['ignore', 'ignore_ament_install']
[3.797s] Level 1:colcon.colcon_core.package_identification:_identify(build) by extension 'ignore'
[3.797s] Level 1:colcon.colcon_core.package_identification:_identify(build) ignored
[3.798s] Level 1:colcon.colcon_core.package_identification:_identify(install) by extensions ['ignore', 'ignore_ament_install']
[3.798s] Level 1:colcon.colcon_core.package_identification:_identify(install) by extension 'ignore'
[3.798s] Level 1:colcon.colcon_core.package_identification:_identify(install) ignored
[3.799s] Level 1:colcon.colcon_core.package_identification:_identify(interface) by extensions ['ignore', 'ignore_ament_install']
[3.799s] Level 1:colcon.colcon_core.package_identification:_identify(interface) by extension 'ignore'
[3.799s] Level 1:colcon.colcon_core.package_identification:_identify(interface) by extension 'ignore_ament_install'
[3.800s] Level 1:colcon.colcon_core.package_identification:_identify(interface) by extensions ['colcon_pkg']
[3.800s] Level 1:colcon.colcon_core.package_identification:_identify(interface) by extension 'colcon_pkg'
[3.800s] Level 1:colcon.colcon_core.package_identification:_identify(interface) by extensions ['colcon_meta']
[3.800s] Level 1:colcon.colcon_core.package_identification:_identify(interface) by extension 'colcon_meta'
[3.800s] Level 1:colcon.colcon_core.package_identification:_identify(interface) by extensions ['ros']
[3.800s] Level 1:colcon.colcon_core.package_identification:_identify(interface) by extension 'ros'
[3.801s] Level 1:colcon.colcon_core.package_identification:_identify(interface) by extensions ['cmake', 'python']
[3.801s] Level 1:colcon.colcon_core.package_identification:_identify(interface) by extension 'cmake'
[3.801s] Level 1:colcon.colcon_core.package_identification:_identify(interface) by extension 'python'
[3.801s] Level 1:colcon.colcon_core.package_identification:_identify(interface) by extensions ['python_setup_py']
[3.801s] Level 1:colcon.colcon_core.package_identification:_identify(interface) by extension 'python_setup_py'
[3.801s] Level 1:colcon.colcon_core.package_identification:_identify(interface/css) by extensions ['ignore', 'ignore_ament_install']
[3.802s] Level 1:colcon.colcon_core.package_identification:_identify(interface/css) by extension 'ignore'
[3.802s] Level 1:colcon.colcon_core.package_identification:_identify(interface/css) by extension 'ignore_ament_install'
[3.802s] Level 1:colcon.colcon_core.package_identification:_identify(interface/css) by extensions ['colcon_pkg']
[3.802s] Level 1:colcon.colcon_core.package_identification:_identify(interface/css) by extension 'colcon_pkg'
[3.803s] Level 1:colcon.colcon_core.package_identification:_identify(interface/css) by extensions ['colcon_meta']
[3.803s] Level 1:colcon.colcon_core.package_identification:_identify(interface/css) by extension 'colcon_meta'
[3.803s] Level 1:colcon.colcon_core.package_identification:_identify(interface/css) by extensions ['ros']
[3.803s] Level 1:colcon.colcon_core.package_identification:_identify(interface/css) by extension 'ros'
[3.803s] Level 1:colcon.colcon_core.package_identification:_identify(interface/css) by extensions ['cmake', 'python']
[3.803s] Level 1:colcon.colcon_core.package_identification:_identify(interface/css) by extension 'cmake'
[3.803s] Level 1:colcon.colcon_core.package_identification:_identify(interface/css) by extension 'python'
[3.804s] Level 1:colcon.colcon_core.package_identification:_identify(interface/css) by extensions ['python_setup_py']
[3.804s] Level 1:colcon.colcon_core.package_identification:_identify(interface/css) by extension 'python_setup_py'
[3.804s] Level 1:colcon.colcon_core.package_identification:_identify(interface/jquery-ui-1.11.4) by extensions ['ignore', 'ignore_ament_install']
[3.804s] Level 1:colcon.colcon_core.package_identification:_identify(interface/jquery-ui-1.11.4) by extension 'ignore'
[3.805s] Level 1:colcon.colcon_core.package_identification:_identify(interface/jquery-ui-1.11.4) by extension 'ignore_ament_install'
[3.805s] Level 1:colcon.colcon_core.package_identification:_identify(interface/jquery-ui-1.11.4) by extensions ['colcon_pkg']
[3.805s] Level 1:colcon.colcon_core.package_identification:_identify(interface/jquery-ui-1.11.4) by extension 'colcon_pkg'
[3.805s] Level 1:colcon.colcon_core.package_identification:_identify(interface/jquery-ui-1.11.4) by extensions ['colcon_meta']
[3.805s] Level 1:colcon.colcon_core.package_identification:_identify(interface/jquery-ui-1.11.4) by extension 'colcon_meta'
[3.805s] Level 1:colcon.colcon_core.package_identification:_identify(interface/jquery-ui-1.11.4) by extensions ['ros']
[3.806s] Level 1:colcon.colcon_core.package_identification:_identify(interface/jquery-ui-1.11.4) by extension 'ros'
[3.806s] Level 1:colcon.colcon_core.package_identification:_identify(interface/jquery-ui-1.11.4) by extensions ['cmake', 'python']
[3.806s] Level 1:colcon.colcon_core.package_identification:_identify(interface/jquery-ui-1.11.4) by extension 'cmake'
[3.806s] Level 1:colcon.colcon_core.package_identification:_identify(interface/jquery-ui-1.11.4) by extension 'python'
[3.806s] Level 1:colcon.colcon_core.package_identification:_identify(interface/jquery-ui-1.11.4) by extensions ['python_setup_py']
[3.806s] Level 1:colcon.colcon_core.package_identification:_identify(interface/jquery-ui-1.11.4) by extension 'python_setup_py'
[3.807s] Level 1:colcon.colcon_core.package_identification:_identify(interface/jquery-ui-1.11.4/external) by extensions ['ignore', 'ignore_ament_install']
[3.807s] Level 1:colcon.colcon_core.package_identification:_identify(interface/jquery-ui-1.11.4/external) by extension 'ignore'
[3.807s] Level 1:colcon.colcon_core.package_identification:_identify(interface/jquery-ui-1.11.4/external) by extension 'ignore_ament_install'
[3.808s] Level 1:colcon.colcon_core.package_identification:_identify(interface/jquery-ui-1.11.4/external) by extensions ['colcon_pkg']
[3.808s] Level 1:colcon.colcon_core.package_identification:_identify(interface/jquery-ui-1.11.4/external) by extension 'colcon_pkg'
[3.808s] Level 1:colcon.colcon_core.package_identification:_identify(interface/jquery-ui-1.11.4/external) by extensions ['colcon_meta']
[3.808s] Level 1:colcon.colcon_core.package_identification:_identify(interface/jquery-ui-1.11.4/external) by extension 'colcon_meta'
[3.808s] Level 1:colcon.colcon_core.package_identification:_identify(interface/jquery-ui-1.11.4/external) by extensions ['ros']
[3.808s] Level 1:colcon.colcon_core.package_identification:_identify(interface/jquery-ui-1.11.4/external) by extension 'ros'
[3.809s] Level 1:colcon.colcon_core.package_identification:_identify(interface/jquery-ui-1.11.4/external) by extensions ['cmake', 'python']
[3.809s] Level 1:colcon.colcon_core.package_identification:_identify(interface/jquery-ui-1.11.4/external) by extension 'cmake'
[3.809s] Level 1:colcon.colcon_core.package_identification:_identify(interface/jquery-ui-1.11.4/external) by extension 'python'
[3.809s] Level 1:colcon.colcon_core.package_identification:_identify(interface/jquery-ui-1.11.4/external) by extensions ['python_setup_py']
[3.809s] Level 1:colcon.colcon_core.package_identification:_identify(interface/jquery-ui-1.11.4/external) by extension 'python_setup_py'
[3.810s] Level 1:colcon.colcon_core.package_identification:_identify(interface/jquery-ui-1.11.4/external/jquery) by extensions ['ignore', 'ignore_ament_install']
[3.810s] Level 1:colcon.colcon_core.package_identification:_identify(interface/jquery-ui-1.11.4/external/jquery) by extension 'ignore'
[3.810s] Level 1:colcon.colcon_core.package_identification:_identify(interface/jquery-ui-1.11.4/external/jquery) by extension 'ignore_ament_install'
[3.810s] Level 1:colcon.colcon_core.package_identification:_identify(interface/jquery-ui-1.11.4/external/jquery) by extensions ['colcon_pkg']
[3.811s] Level 1:colcon.colcon_core.package_identification:_identify(interface/jquery-ui-1.11.4/external/jquery) by extension 'colcon_pkg'
[3.811s] Level 1:colcon.colcon_core.package_identification:_identify(interface/jquery-ui-1.11.4/external/jquery) by extensions ['colcon_meta']
[3.811s] Level 1:colcon.colcon_core.package_identification:_identify(interface/jquery-ui-1.11.4/external/jquery) by extension 'colcon_meta'
[3.811s] Level 1:colcon.colcon_core.package_identification:_identify(interface/jquery-ui-1.11.4/external/jquery) by extensions ['ros']
[3.811s] Level 1:colcon.colcon_core.package_identification:_identify(interface/jquery-ui-1.11.4/external/jquery) by extension 'ros'
[3.811s] Level 1:colcon.colcon_core.package_identification:_identify(interface/jquery-ui-1.11.4/external/jquery) by extensions ['cmake', 'python']
[3.812s] Level 1:colcon.colcon_core.package_identification:_identify(interface/jquery-ui-1.11.4/external/jquery) by extension 'cmake'
[3.812s] Level 1:colcon.colcon_core.package_identification:_identify(interface/jquery-ui-1.11.4/external/jquery) by extension 'python'
[3.812s] Level 1:colcon.colcon_core.package_identification:_identify(interface/jquery-ui-1.11.4/external/jquery) by extensions ['python_setup_py']
[3.812s] Level 1:colcon.colcon_core.package_identification:_identify(interface/jquery-ui-1.11.4/external/jquery) by extension 'python_setup_py'
[3.812s] Level 1:colcon.colcon_core.package_identification:_identify(interface/jquery-ui-1.11.4/images) by extensions ['ignore', 'ignore_ament_install']
[3.813s] Level 1:colcon.colcon_core.package_identification:_identify(interface/jquery-ui-1.11.4/images) by extension 'ignore'
[3.813s] Level 1:colcon.colcon_core.package_identification:_identify(interface/jquery-ui-1.11.4/images) by extension 'ignore_ament_install'
[3.813s] Level 1:colcon.colcon_core.package_identification:_identify(interface/jquery-ui-1.11.4/images) by extensions ['colcon_pkg']
[3.813s] Level 1:colcon.colcon_core.package_identification:_identify(interface/jquery-ui-1.11.4/images) by extension 'colcon_pkg'
[3.814s] Level 1:colcon.colcon_core.package_identification:_identify(interface/jquery-ui-1.11.4/images) by extensions ['colcon_meta']
[3.814s] Level 1:colcon.colcon_core.package_identification:_identify(interface/jquery-ui-1.11.4/images) by extension 'colcon_meta'
[3.814s] Level 1:colcon.colcon_core.package_identification:_identify(interface/jquery-ui-1.11.4/images) by extensions ['ros']
[3.814s] Level 1:colcon.colcon_core.package_identification:_identify(interface/jquery-ui-1.11.4/images) by extension 'ros'
[3.814s] Level 1:colcon.colcon_core.package_identification:_identify(interface/jquery-ui-1.11.4/images) by extensions ['cmake', 'python']
[3.814s] Level 1:colcon.colcon_core.package_identification:_identify(interface/jquery-ui-1.11.4/images) by extension 'cmake'
[3.814s] Level 1:colcon.colcon_core.package_identification:_identify(interface/jquery-ui-1.11.4/images) by extension 'python'
[3.815s] Level 1:colcon.colcon_core.package_identification:_identify(interface/jquery-ui-1.11.4/images) by extensions ['python_setup_py']
[3.815s] Level 1:colcon.colcon_core.package_identification:_identify(interface/jquery-ui-1.11.4/images) by extension 'python_setup_py'
[3.815s] Level 1:colcon.colcon_core.package_identification:_identify(interface/js) by extensions ['ignore', 'ignore_ament_install']
[3.815s] Level 1:colcon.colcon_core.package_identification:_identify(interface/js) by extension 'ignore'
[3.816s] Level 1:colcon.colcon_core.package_identification:_identify(interface/js) by extension 'ignore_ament_install'
[3.816s] Level 1:colcon.colcon_core.package_identification:_identify(interface/js) by extensions ['colcon_pkg']
[3.816s] Level 1:colcon.colcon_core.package_identification:_identify(interface/js) by extension 'colcon_pkg'
[3.816s] Level 1:colcon.colcon_core.package_identification:_identify(interface/js) by extensions ['colcon_meta']
[3.816s] Level 1:colcon.colcon_core.package_identification:_identify(interface/js) by extension 'colcon_meta'
[3.817s] Level 1:colcon.colcon_core.package_identification:_identify(interface/js) by extensions ['ros']
[3.817s] Level 1:colcon.colcon_core.package_identification:_identify(interface/js) by extension 'ros'
[3.817s] Level 1:colcon.colcon_core.package_identification:_identify(interface/js) by extensions ['cmake', 'python']
[3.817s] Level 1:colcon.colcon_core.package_identification:_identify(interface/js) by extension 'cmake'
[3.817s] Level 1:colcon.colcon_core.package_identification:_identify(interface/js) by extension 'python'
[3.817s] Level 1:colcon.colcon_core.package_identification:_identify(interface/js) by extensions ['python_setup_py']
[3.817s] Level 1:colcon.colcon_core.package_identification:_identify(interface/js) by extension 'python_setup_py'
[3.818s] Level 1:colcon.colcon_core.package_identification:_identify(interface/js/roslib) by extensions ['ignore', 'ignore_ament_install']
[3.818s] Level 1:colcon.colcon_core.package_identification:_identify(interface/js/roslib) by extension 'ignore'
[3.818s] Level 1:colcon.colcon_core.package_identification:_identify(interface/js/roslib) by extension 'ignore_ament_install'
[3.819s] Level 1:colcon.colcon_core.package_identification:_identify(interface/js/roslib) by extensions ['colcon_pkg']
[3.819s] Level 1:colcon.colcon_core.package_identification:_identify(interface/js/roslib) by extension 'colcon_pkg'
[3.819s] Level 1:colcon.colcon_core.package_identification:_identify(interface/js/roslib) by extensions ['colcon_meta']
[3.819s] Level 1:colcon.colcon_core.package_identification:_identify(interface/js/roslib) by extension 'colcon_meta'
[3.819s] Level 1:colcon.colcon_core.package_identification:_identify(interface/js/roslib) by extensions ['ros']
[3.819s] Level 1:colcon.colcon_core.package_identification:_identify(interface/js/roslib) by extension 'ros'
[3.820s] Level 1:colcon.colcon_core.package_identification:_identify(interface/js/roslib) by extensions ['cmake', 'python']
[3.820s] Level 1:colcon.colcon_core.package_identification:_identify(interface/js/roslib) by extension 'cmake'
[3.820s] Level 1:colcon.colcon_core.package_identification:_identify(interface/js/roslib) by extension 'python'
[3.820s] Level 1:colcon.colcon_core.package_identification:_identify(interface/js/roslib) by extensions ['python_setup_py']
[3.820s] Level 1:colcon.colcon_core.package_identification:_identify(interface/js/roslib) by extension 'python_setup_py'
[3.821s] Level 1:colcon.colcon_core.package_identification:_identify(interface/picture) by extensions ['ignore', 'ignore_ament_install']
[3.821s] Level 1:colcon.colcon_core.package_identification:_identify(interface/picture) by extension 'ignore'
[3.821s] Level 1:colcon.colcon_core.package_identification:_identify(interface/picture) by extension 'ignore_ament_install'
[3.821s] Level 1:colcon.colcon_core.package_identification:_identify(interface/picture) by extensions ['colcon_pkg']
[3.822s] Level 1:colcon.colcon_core.package_identification:_identify(interface/picture) by extension 'colcon_pkg'
[3.822s] Level 1:colcon.colcon_core.package_identification:_identify(interface/picture) by extensions ['colcon_meta']
[3.822s] Level 1:colcon.colcon_core.package_identification:_identify(interface/picture) by extension 'colcon_meta'
[3.822s] Level 1:colcon.colcon_core.package_identification:_identify(interface/picture) by extensions ['ros']
[3.822s] Level 1:colcon.colcon_core.package_identification:_identify(interface/picture) by extension 'ros'
[3.822s] Level 1:colcon.colcon_core.package_identification:_identify(interface/picture) by extensions ['cmake', 'python']
[3.822s] Level 1:colcon.colcon_core.package_identification:_identify(interface/picture) by extension 'cmake'
[3.823s] Level 1:colcon.colcon_core.package_identification:_identify(interface/picture) by extension 'python'
[3.823s] Level 1:colcon.colcon_core.package_identification:_identify(interface/picture) by extensions ['python_setup_py']
[3.823s] Level 1:colcon.colcon_core.package_identification:_identify(interface/picture) by extension 'python_setup_py'
[3.823s] Level 1:colcon.colcon_core.package_identification:_identify(interface/resources) by extensions ['ignore', 'ignore_ament_install']
[3.824s] Level 1:colcon.colcon_core.package_identification:_identify(interface/resources) by extension 'ignore'
[3.824s] Level 1:colcon.colcon_core.package_identification:_identify(interface/resources) by extension 'ignore_ament_install'
[3.824s] Level 1:colcon.colcon_core.package_identification:_identify(interface/resources) by extensions ['colcon_pkg']
[3.824s] Level 1:colcon.colcon_core.package_identification:_identify(interface/resources) by extension 'colcon_pkg'
[3.824s] Level 1:colcon.colcon_core.package_identification:_identify(interface/resources) by extensions ['colcon_meta']
[3.824s] Level 1:colcon.colcon_core.package_identification:_identify(interface/resources) by extension 'colcon_meta'
[3.825s] Level 1:colcon.colcon_core.package_identification:_identify(interface/resources) by extensions ['ros']
[3.825s] Level 1:colcon.colcon_core.package_identification:_identify(interface/resources) by extension 'ros'
[3.825s] Level 1:colcon.colcon_core.package_identification:_identify(interface/resources) by extensions ['cmake', 'python']
[3.825s] Level 1:colcon.colcon_core.package_identification:_identify(interface/resources) by extension 'cmake'
[3.825s] Level 1:colcon.colcon_core.package_identification:_identify(interface/resources) by extension 'python'
[3.825s] Level 1:colcon.colcon_core.package_identification:_identify(interface/resources) by extensions ['python_setup_py']
[3.826s] Level 1:colcon.colcon_core.package_identification:_identify(interface/resources) by extension 'python_setup_py'
[3.826s] Level 1:colcon.colcon_core.package_identification:_identify(interface/resources/TKU_ICLab) by extensions ['ignore', 'ignore_ament_install']
[3.826s] Level 1:colcon.colcon_core.package_identification:_identify(interface/resources/TKU_ICLab) by extension 'ignore'
[3.827s] Level 1:colcon.colcon_core.package_identification:_identify(interface/resources/TKU_ICLab) by extension 'ignore_ament_install'
[3.827s] Level 1:colcon.colcon_core.package_identification:_identify(interface/resources/TKU_ICLab) by extensions ['colcon_pkg']
[3.827s] Level 1:colcon.colcon_core.package_identification:_identify(interface/resources/TKU_ICLab) by extension 'colcon_pkg'
[3.827s] Level 1:colcon.colcon_core.package_identification:_identify(interface/resources/TKU_ICLab) by extensions ['colcon_meta']
[3.827s] Level 1:colcon.colcon_core.package_identification:_identify(interface/resources/TKU_ICLab) by extension 'colcon_meta'
[3.827s] Level 1:colcon.colcon_core.package_identification:_identify(interface/resources/TKU_ICLab) by extensions ['ros']
[3.827s] Level 1:colcon.colcon_core.package_identification:_identify(interface/resources/TKU_ICLab) by extension 'ros'
[3.828s] Level 1:colcon.colcon_core.package_identification:_identify(interface/resources/TKU_ICLab) by extensions ['cmake', 'python']
[3.828s] Level 1:colcon.colcon_core.package_identification:_identify(interface/resources/TKU_ICLab) by extension 'cmake'
[3.828s] Level 1:colcon.colcon_core.package_identification:_identify(interface/resources/TKU_ICLab) by extension 'python'
[3.828s] Level 1:colcon.colcon_core.package_identification:_identify(interface/resources/TKU_ICLab) by extensions ['python_setup_py']
[3.828s] Level 1:colcon.colcon_core.package_identification:_identify(interface/resources/TKU_ICLab) by extension 'python_setup_py'
[3.829s] Level 1:colcon.colcon_core.package_identification:_identify(log) by extensions ['ignore', 'ignore_ament_install']
[3.830s] Level 1:colcon.colcon_core.package_identification:_identify(log) by extension 'ignore'
[3.830s] Level 1:colcon.colcon_core.package_identification:_identify(log) ignored
[3.830s] Level 1:colcon.colcon_core.package_identification:_identify(src) by extensions ['ignore', 'ignore_ament_install']
[3.830s] Level 1:colcon.colcon_core.package_identification:_identify(src) by extension 'ignore'
[3.831s] Level 1:colcon.colcon_core.package_identification:_identify(src) by extension 'ignore_ament_install'
[3.831s] Level 1:colcon.colcon_core.package_identification:_identify(src) by extensions ['colcon_pkg']
[3.831s] Level 1:colcon.colcon_core.package_identification:_identify(src) by extension 'colcon_pkg'
[3.831s] Level 1:colcon.colcon_core.package_identification:_identify(src) by extensions ['colcon_meta']
[3.831s] Level 1:colcon.colcon_core.package_identification:_identify(src) by extension 'colcon_meta'
[3.831s] Level 1:colcon.colcon_core.package_identification:_identify(src) by extensions ['ros']
[3.832s] Level 1:colcon.colcon_core.package_identification:_identify(src) by extension 'ros'
[3.832s] Level 1:colcon.colcon_core.package_identification:_identify(src) by extensions ['cmake', 'python']
[3.832s] Level 1:colcon.colcon_core.package_identification:_identify(src) by extension 'cmake'
[3.832s] Level 1:colcon.colcon_core.package_identification:_identify(src) by extension 'python'
[3.832s] Level 1:colcon.colcon_core.package_identification:_identify(src) by extensions ['python_setup_py']
[3.833s] Level 1:colcon.colcon_core.package_identification:_identify(src) by extension 'python_setup_py'
[3.833s] Level 1:colcon.colcon_core.package_identification:_identify(src/aaa) by extensions ['ignore', 'ignore_ament_install']
[3.833s] Level 1:colcon.colcon_core.package_identification:_identify(src/aaa) by extension 'ignore'
[3.834s] Level 1:colcon.colcon_core.package_identification:_identify(src/aaa) by extension 'ignore_ament_install'
[3.834s] Level 1:colcon.colcon_core.package_identification:_identify(src/aaa) by extensions ['colcon_pkg']
[3.834s] Level 1:colcon.colcon_core.package_identification:_identify(src/aaa) by extension 'colcon_pkg'
[3.834s] Level 1:colcon.colcon_core.package_identification:_identify(src/aaa) by extensions ['colcon_meta']
[3.834s] Level 1:colcon.colcon_core.package_identification:_identify(src/aaa) by extension 'colcon_meta'
[3.834s] Level 1:colcon.colcon_core.package_identification:_identify(src/aaa) by extensions ['ros']
[3.834s] Level 1:colcon.colcon_core.package_identification:_identify(src/aaa) by extension 'ros'
[3.843s] DEBUG:colcon.colcon_core.package_identification:Package 'src/aaa' with type 'ros.ament_python' and name 'aaa'
[3.843s] Level 1:colcon.colcon_core.package_identification:_identify(src/build) by extensions ['ignore', 'ignore_ament_install']
[3.843s] Level 1:colcon.colcon_core.package_identification:_identify(src/build) by extension 'ignore'
[3.844s] Level 1:colcon.colcon_core.package_identification:_identify(src/build) ignored
[3.844s] Level 1:colcon.colcon_core.package_identification:_identify(src/install) by extensions ['ignore', 'ignore_ament_install']
[3.844s] Level 1:colcon.colcon_core.package_identification:_identify(src/install) by extension 'ignore'
[3.845s] Level 1:colcon.colcon_core.package_identification:_identify(src/install) ignored
[3.845s] Level 1:colcon.colcon_core.package_identification:_identify(src/log) by extensions ['ignore', 'ignore_ament_install']
[3.845s] Level 1:colcon.colcon_core.package_identification:_identify(src/log) by extension 'ignore'
[3.846s] Level 1:colcon.colcon_core.package_identification:_identify(src/log) ignored
[3.846s] Level 1:colcon.colcon_core.package_identification:_identify(src/motionpackage) by extensions ['ignore', 'ignore_ament_install']
[3.846s] Level 1:colcon.colcon_core.package_identification:_identify(src/motionpackage) by extension 'ignore'
[3.846s] Level 1:colcon.colcon_core.package_identification:_identify(src/motionpackage) by extension 'ignore_ament_install'
[3.847s] Level 1:colcon.colcon_core.package_identification:_identify(src/motionpackage) by extensions ['colcon_pkg']
[3.847s] Level 1:colcon.colcon_core.package_identification:_identify(src/motionpackage) by extension 'colcon_pkg'
[3.847s] Level 1:colcon.colcon_core.package_identification:_identify(src/motionpackage) by extensions ['colcon_meta']
[3.847s] Level 1:colcon.colcon_core.package_identification:_identify(src/motionpackage) by extension 'colcon_meta'
[3.847s] Level 1:colcon.colcon_core.package_identification:_identify(src/motionpackage) by extensions ['ros']
[3.847s] Level 1:colcon.colcon_core.package_identification:_identify(src/motionpackage) by extension 'ros'
[3.849s] DEBUG:colcon.colcon_core.package_identification:Package 'src/motionpackage' with type 'ros.ament_python' and name 'motionpackage'
[3.849s] Level 1:colcon.colcon_core.package_identification:_identify(src/tku_libs) by extensions ['ignore', 'ignore_ament_install']
[3.850s] Level 1:colcon.colcon_core.package_identification:_identify(src/tku_libs) by extension 'ignore'
[3.850s] Level 1:colcon.colcon_core.package_identification:_identify(src/tku_libs) by extension 'ignore_ament_install'
[3.850s] Level 1:colcon.colcon_core.package_identification:_identify(src/tku_libs) by extensions ['colcon_pkg']
[3.850s] Level 1:colcon.colcon_core.package_identification:_identify(src/tku_libs) by extension 'colcon_pkg'
[3.850s] Level 1:colcon.colcon_core.package_identification:_identify(src/tku_libs) by extensions ['colcon_meta']
[3.851s] Level 1:colcon.colcon_core.package_identification:_identify(src/tku_libs) by extension 'colcon_meta'
[3.851s] Level 1:colcon.colcon_core.package_identification:_identify(src/tku_libs) by extensions ['ros']
[3.851s] Level 1:colcon.colcon_core.package_identification:_identify(src/tku_libs) by extension 'ros'
[3.852s] DEBUG:colcon.colcon_core.package_identification:Package 'src/tku_libs' with type 'ros.ament_python' and name 'tku_libs'
[3.853s] Level 1:colcon.colcon_core.package_identification:_identify(src/tku_msgs) by extensions ['ignore', 'ignore_ament_install']
[3.853s] Level 1:colcon.colcon_core.package_identification:_identify(src/tku_msgs) by extension 'ignore'
[3.853s] Level 1:colcon.colcon_core.package_identification:_identify(src/tku_msgs) by extension 'ignore_ament_install'
[3.854s] Level 1:colcon.colcon_core.package_identification:_identify(src/tku_msgs) by extensions ['colcon_pkg']
[3.854s] Level 1:colcon.colcon_core.package_identification:_identify(src/tku_msgs) by extension 'colcon_pkg'
[3.854s] Level 1:colcon.colcon_core.package_identification:_identify(src/tku_msgs) by extensions ['colcon_meta']
[3.854s] Level 1:colcon.colcon_core.package_identification:_identify(src/tku_msgs) by extension 'colcon_meta'
[3.854s] Level 1:colcon.colcon_core.package_identification:_identify(src/tku_msgs) by extensions ['ros']
[3.854s] Level 1:colcon.colcon_core.package_identification:_identify(src/tku_msgs) by extension 'ros'
[3.856s] DEBUG:colcon.colcon_core.package_identification:Package 'src/tku_msgs' with type 'ros.ament_cmake' and name 'tku_msgs'
[3.857s] Level 1:colcon.colcon_core.package_discovery:discover_packages(recursive) using defaults
[3.857s] Level 1:colcon.colcon_core.package_discovery:discover_packages(ignore) discover
[3.857s] Level 1:colcon.colcon_core.package_discovery:discover_packages(ignore) using defaults
[3.857s] Level 1:colcon.colcon_core.package_discovery:discover_packages(path) discover
[3.857s] Level 1:colcon.colcon_core.package_discovery:discover_packages(path) using defaults
[4.192s] Level 1:colcon.colcon_core.package_discovery:discover_packages(prefix_path) check parameters
[4.193s] Level 1:colcon.colcon_core.package_discovery:discover_packages(prefix_path) discover
[4.306s] DEBUG:colcon.colcon_installed_package_information.package_discovery:Found 5 installed packages in /home/iclab/motion/install
[4.364s] DEBUG:colcon.colcon_installed_package_information.package_discovery:Found 283 installed packages in /opt/ros/humble
[4.392s] Level 1:colcon.colcon_core.package_discovery:discover_packages(prefix_path) using defaults
[4.709s] Level 5:colcon.colcon_core.verb:set package 'motionpackage' build argument 'cmake_args' from command line to 'None'
[4.710s] Level 5:colcon.colcon_core.verb:set package 'motionpackage' build argument 'cmake_target' from command line to 'None'
[4.710s] Level 5:colcon.colcon_core.verb:set package 'motionpackage' build argument 'cmake_target_skip_unavailable' from command line to 'False'
[4.710s] Level 5:colcon.colcon_core.verb:set package 'motionpackage' build argument 'cmake_clean_cache' from command line to 'False'
[4.710s] Level 5:colcon.colcon_core.verb:set package 'motionpackage' build argument 'cmake_clean_first' from command line to 'False'
[4.710s] Level 5:colcon.colcon_core.verb:set package 'motionpackage' build argument 'cmake_force_configure' from command line to 'False'
[4.710s] Level 5:colcon.colcon_core.verb:set package 'motionpackage' build argument 'ament_cmake_args' from command line to 'None'
[4.710s] Level 5:colcon.colcon_core.verb:set package 'motionpackage' build argument 'catkin_cmake_args' from command line to 'None'
[4.710s] Level 5:colcon.colcon_core.verb:set package 'motionpackage' build argument 'catkin_skip_building_tests' from command line to 'False'
[4.710s] DEBUG:colcon.colcon_core.verb:Building package 'motionpackage' with the following arguments: {'ament_cmake_args': None, 'build_base': '/home/iclab/motion/build/motionpackage', 'catkin_cmake_args': None, 'catkin_skip_building_tests': False, 'cmake_args': None, 'cmake_clean_cache': False, 'cmake_clean_first': False, 'cmake_force_configure': False, 'cmake_target': None, 'cmake_target_skip_unavailable': False, 'install_base': '/home/iclab/motion/install/motionpackage', 'merge_install': False, 'path': '/home/iclab/motion/src/motionpackage', 'symlink_install': False, 'test_result_base': None}
[4.766s] Level 5:colcon.colcon_core.verb:set package 'tku_msgs' build argument 'cmake_args' from command line to 'None'
[4.767s] Level 5:colcon.colcon_core.verb:set package 'tku_msgs' build argument 'cmake_target' from command line to 'None'
[4.767s] Level 5:colcon.colcon_core.verb:set package 'tku_msgs' build argument 'cmake_target_skip_unavailable' from command line to 'False'
[4.767s] Level 5:colcon.colcon_core.verb:set package 'tku_msgs' build argument 'cmake_clean_cache' from command line to 'False'
[4.767s] Level 5:colcon.colcon_core.verb:set package 'tku_msgs' build argument 'cmake_clean_first' from command line to 'False'
[4.767s] Level 5:colcon.colcon_core.verb:set package 'tku_msgs' build argument 'cmake_force_configure' from command line to 'False'
[4.767s] Level 5:colcon.colcon_core.verb:set package 'tku_msgs' build argument 'ament_cmake_args' from command line to 'None'
[4.767s] Level 5:colcon.colcon_core.verb:set package 'tku_msgs' build argument 'catkin_cmake_args' from command line to 'None'
[4.767s] Level 5:colcon.colcon_core.verb:set package 'tku_msgs' build argument 'catkin_skip_building_tests' from command line to 'False'
[4.767s] DEBUG:colcon.colcon_core.verb:Building package 'tku_msgs' with the following arguments: {'ament_cmake_args': None, 'build_base': '/home/iclab/motion/build/tku_msgs', 'catkin_cmake_args': None, 'catkin_skip_building_tests': False, 'cmake_args': None, 'cmake_clean_cache': False, 'cmake_clean_first': False, 'cmake_force_configure': False, 'cmake_target': None, 'cmake_target_skip_unavailable': False, 'install_base': '/home/iclab/motion/install/tku_msgs', 'merge_install': False, 'path': '/home/iclab/motion/src/tku_msgs', 'symlink_install': False, 'test_result_base': None}
[4.824s] Level 5:colcon.colcon_core.verb:set package 'tku_libs' build argument 'cmake_args' from command line to 'None'
[4.824s] Level 5:colcon.colcon_core.verb:set package 'tku_libs' build argument 'cmake_target' from command line to 'None'
[4.825s] Level 5:colcon.colcon_core.verb:set package 'tku_libs' build argument 'cmake_target_skip_unavailable' from command line to 'False'
[4.825s] Level 5:colcon.colcon_core.verb:set package 'tku_libs' build argument 'cmake_clean_cache' from command line to 'False'
[4.825s] Level 5:colcon.colcon_core.verb:set package 'tku_libs' build argument 'cmake_clean_first' from command line to 'False'
[4.825s] Level 5:colcon.colcon_core.verb:set package 'tku_libs' build argument 'cmake_force_configure' from command line to 'False'
[4.825s] Level 5:colcon.colcon_core.verb:set package 'tku_libs' build argument 'ament_cmake_args' from command line to 'None'
[4.825s] Level 5:colcon.colcon_core.verb:set package 'tku_libs' build argument 'catkin_cmake_args' from command line to 'None'
[4.825s] Level 5:colcon.colcon_core.verb:set package 'tku_libs' build argument 'catkin_skip_building_tests' from command line to 'False'
[4.825s] DEBUG:colcon.colcon_core.verb:Building package 'tku_libs' with the following arguments: {'ament_cmake_args': None, 'build_base': '/home/iclab/motion/build/tku_libs', 'catkin_cmake_args': None, 'catkin_skip_building_tests': False, 'cmake_args': None, 'cmake_clean_cache': False, 'cmake_clean_first': False, 'cmake_force_configure': False, 'cmake_target': None, 'cmake_target_skip_unavailable': False, 'install_base': '/home/iclab/motion/install/tku_libs', 'merge_install': False, 'path': '/home/iclab/motion/src/tku_libs', 'symlink_install': False, 'test_result_base': None}
[4.881s] Level 5:colcon.colcon_core.verb:set package 'aaa' build argument 'cmake_args' from command line to 'None'
[4.882s] Level 5:colcon.colcon_core.verb:set package 'aaa' build argument 'cmake_target' from command line to 'None'
[4.882s] Level 5:colcon.colcon_core.verb:set package 'aaa' build argument 'cmake_target_skip_unavailable' from command line to 'False'
[4.882s] Level 5:colcon.colcon_core.verb:set package 'aaa' build argument 'cmake_clean_cache' from command line to 'False'
[4.882s] Level 5:colcon.colcon_core.verb:set package 'aaa' build argument 'cmake_clean_first' from command line to 'False'
[4.882s] Level 5:colcon.colcon_core.verb:set package 'aaa' build argument 'cmake_force_configure' from command line to 'False'
[4.882s] Level 5:colcon.colcon_core.verb:set package 'aaa' build argument 'ament_cmake_args' from command line to 'None'
[4.882s] Level 5:colcon.colcon_core.verb:set package 'aaa' build argument 'catkin_cmake_args' from command line to 'None'
[4.882s] Level 5:colcon.colcon_core.verb:set package 'aaa' build argument 'catkin_skip_building_tests' from command line to 'False'
[4.882s] DEBUG:colcon.colcon_core.verb:Building package 'aaa' with the following arguments: {'ament_cmake_args': None, 'build_base': '/home/iclab/motion/build/aaa', 'catkin_cmake_args': None, 'catkin_skip_building_tests': False, 'cmake_args': None, 'cmake_clean_cache': False, 'cmake_clean_first': False, 'cmake_force_configure': False, 'cmake_target': None, 'cmake_target_skip_unavailable': False, 'install_base': '/home/iclab/motion/install/aaa', 'merge_install': False, 'path': '/home/iclab/motion/src/aaa', 'symlink_install': False, 'test_result_base': None}
[4.937s] INFO:colcon.colcon_core.executor:Executing jobs using 'parallel' executor
[4.995s] DEBUG:colcon.colcon_parallel_executor.executor.parallel:run_until_complete
[4.996s] INFO:colcon.colcon_ros.task.ament_cmake.build:Building ROS package in '/home/iclab/motion/src/tku_msgs' with build type 'ament_cmake'
[4.996s] INFO:colcon.colcon_cmake.task.cmake.build:Building CMake package in '/home/iclab/motion/src/tku_msgs'
[5.061s] INFO:colcon.colcon_core.plugin_system:Skipping extension 'colcon_core.shell.bat': Not used on non-Windows systems
[5.062s] INFO:colcon.colcon_core.shell:Skip shell extension 'powershell' for command environment: Not usable outside of PowerShell
[5.062s] DEBUG:colcon.colcon_core.shell:Skip shell extension 'dsv' for command environment
[5.277s] INFO:colcon.colcon_ros.task.ament_python.build:Building ROS package in '/home/iclab/motion/src/motionpackage' with build type 'ament_python'
[5.277s] Level 1:colcon.colcon_core.shell:create_environment_hook('motionpackage', 'ament_prefix_path')
[5.352s] INFO:colcon.colcon_core.shell:Creating environment hook '/home/iclab/motion/install/motionpackage/share/motionpackage/hook/ament_prefix_path.ps1'
[5.354s] INFO:colcon.colcon_core.shell:Creating environment descriptor '/home/iclab/motion/install/motionpackage/share/motionpackage/hook/ament_prefix_path.dsv'
[5.356s] INFO:colcon.colcon_core.shell:Creating environment hook '/home/iclab/motion/install/motionpackage/share/motionpackage/hook/ament_prefix_path.sh'
[5.433s] INFO:colcon.colcon_core.shell:Skip shell extension 'powershell' for command environment: Not usable outside of PowerShell
[5.434s] DEBUG:colcon.colcon_core.shell:Skip shell extension 'dsv' for command environment
[5.687s] DEBUG:colcon.colcon_core.event_handler.log_command:Invoking command in '/home/iclab/motion/build/tku_msgs': CMAKE_PREFIX_PATH=${CMAKE_PREFIX_PATH}:/home/iclab/motion/install/aaa:/opt/ros/humble /usr/bin/cmake --build /home/iclab/motion/build/tku_msgs -- -j4 -l4
[7.084s] INFO:colcon.colcon_core.task.python.build:Building Python package in '/home/iclab/motion/src/motionpackage'
[7.176s] INFO:colcon.colcon_core.shell:Skip shell extension 'powershell' for command environment: Not usable outside of PowerShell
[7.177s] DEBUG:colcon.colcon_core.shell:Skip shell extension 'dsv' for command environment
[7.663s] DEBUG:colcon.colcon_core.event_handler.log_command:Invoked command in '/home/iclab/motion/build/tku_msgs' returned '0': CMAKE_PREFIX_PATH=${CMAKE_PREFIX_PATH}:/home/iclab/motion/install/aaa:/opt/ros/humble /usr/bin/cmake --build /home/iclab/motion/build/tku_msgs -- -j4 -l4
[9.225s] DEBUG:colcon.colcon_core.event_handler.log_command:Invoking command in '/home/iclab/motion/src/motionpackage': PYTHONPATH=/home/iclab/motion/build/motionpackage/prefix_override:/home/iclab/motion/install/motionpackage/lib/python3.10/site-packages:${PYTHONPATH} /usr/bin/python3 setup.py egg_info --egg-base ../../build/motionpackage build --build-base /home/iclab/motion/build/motionpackage/build install --record /home/iclab/motion/build/motionpackage/install.log --single-version-externally-managed
[9.964s] DEBUG:colcon.colcon_core.event_handler.log_command:Invoking command in '/home/iclab/motion/build/tku_msgs': CMAKE_PREFIX_PATH=${CMAKE_PREFIX_PATH}:/home/iclab/motion/install/aaa:/opt/ros/humble /usr/bin/cmake --install /home/iclab/motion/build/tku_msgs
[10.439s] Level 1:colcon.colcon_core.environment:create_environment_scripts_only(tku_msgs)
[10.496s] DEBUG:colcon.colcon_core.event_handler.log_command:Invoked command in '/home/iclab/motion/build/tku_msgs' returned '0': CMAKE_PREFIX_PATH=${CMAKE_PREFIX_PATH}:/home/iclab/motion/install/aaa:/opt/ros/humble /usr/bin/cmake --install /home/iclab/motion/build/tku_msgs
[10.576s] Level 1:colcon.colcon_core.environment:checking '/home/iclab/motion/install/tku_msgs' for CMake module files
[10.578s] Level 1:colcon.colcon_core.environment:checking '/home/iclab/motion/install/tku_msgs' for CMake config files
[10.581s] Level 1:colcon.colcon_core.shell:create_environment_hook('tku_msgs', 'cmake_prefix_path')
[10.733s] INFO:colcon.colcon_core.shell:Creating environment hook '/home/iclab/motion/install/tku_msgs/share/tku_msgs/hook/cmake_prefix_path.ps1'
[10.736s] INFO:colcon.colcon_core.shell:Creating environment descriptor '/home/iclab/motion/install/tku_msgs/share/tku_msgs/hook/cmake_prefix_path.dsv'
[10.740s] INFO:colcon.colcon_core.shell:Creating environment hook '/home/iclab/motion/install/tku_msgs/share/tku_msgs/hook/cmake_prefix_path.sh'
[10.744s] Level 1:colcon.colcon_core.environment:checking '/home/iclab/motion/install/tku_msgs/lib'
[10.745s] Level 1:colcon.colcon_core.shell:create_environment_hook('tku_msgs', 'ld_library_path_lib')
[10.878s] INFO:colcon.colcon_core.shell:Creating environment hook '/home/iclab/motion/install/tku_msgs/share/tku_msgs/hook/ld_library_path_lib.ps1'
[10.880s] INFO:colcon.colcon_core.shell:Creating environment descriptor '/home/iclab/motion/install/tku_msgs/share/tku_msgs/hook/ld_library_path_lib.dsv'
[10.882s] INFO:colcon.colcon_core.shell:Creating environment hook '/home/iclab/motion/install/tku_msgs/share/tku_msgs/hook/ld_library_path_lib.sh'
[10.884s] Level 1:colcon.colcon_core.environment:checking '/home/iclab/motion/install/tku_msgs/bin'
[10.884s] Level 1:colcon.colcon_core.environment:checking '/home/iclab/motion/install/tku_msgs/lib/pkgconfig/tku_msgs.pc'
[10.885s] Level 1:colcon.colcon_core.environment:checking '/home/iclab/motion/install/tku_msgs/lib/python3.10/site-packages'
[10.886s] Level 1:colcon.colcon_core.environment:checking '/home/iclab/motion/install/tku_msgs/bin'
[10.986s] INFO:colcon.colcon_core.shell:Creating package script '/home/iclab/motion/install/tku_msgs/share/tku_msgs/package.ps1'
[10.989s] INFO:colcon.colcon_core.shell:Creating package descriptor '/home/iclab/motion/install/tku_msgs/share/tku_msgs/package.dsv'
[10.992s] INFO:colcon.colcon_core.shell:Creating package script '/home/iclab/motion/install/tku_msgs/share/tku_msgs/package.sh'
[10.995s] INFO:colcon.colcon_core.shell:Creating package script '/home/iclab/motion/install/tku_msgs/share/tku_msgs/package.bash'
[10.999s] INFO:colcon.colcon_core.shell:Creating package script '/home/iclab/motion/install/tku_msgs/share/tku_msgs/package.zsh'
[11.002s] Level 1:colcon.colcon_core.environment:create_file_with_runtime_dependencies(/home/iclab/motion/install/tku_msgs/share/colcon-core/packages/tku_msgs)
[11.018s] DEBUG:colcon.colcon_core.event_handler.log_command:Invoked command in '/home/iclab/motion/src/motionpackage' returned '0': PYTHONPATH=/home/iclab/motion/build/motionpackage/prefix_override:/home/iclab/motion/install/motionpackage/lib/python3.10/site-packages:${PYTHONPATH} /usr/bin/python3 setup.py egg_info --egg-base ../../build/motionpackage build --build-base /home/iclab/motion/build/motionpackage/build install --record /home/iclab/motion/build/motionpackage/install.log --single-version-externally-managed
[11.110s] Level 1:colcon.colcon_core.environment:checking '/home/iclab/motion/install/motionpackage' for CMake module files
[11.113s] Level 1:colcon.colcon_core.environment:checking '/home/iclab/motion/install/motionpackage' for CMake config files
[11.114s] Level 1:colcon.colcon_core.shell:create_environment_hook('motionpackage', 'cmake_prefix_path')
[11.255s] INFO:colcon.colcon_core.shell:Creating environment hook '/home/iclab/motion/install/motionpackage/share/motionpackage/hook/cmake_prefix_path.ps1'
[11.261s] INFO:colcon.colcon_core.shell:Creating environment descriptor '/home/iclab/motion/install/motionpackage/share/motionpackage/hook/cmake_prefix_path.dsv'
[11.264s] INFO:colcon.colcon_core.shell:Creating environment hook '/home/iclab/motion/install/motionpackage/share/motionpackage/hook/cmake_prefix_path.sh'
[11.269s] Level 1:colcon.colcon_core.environment:checking '/home/iclab/motion/install/motionpackage/lib'
[11.270s] Level 1:colcon.colcon_core.environment:checking '/home/iclab/motion/install/motionpackage/bin'
[11.271s] Level 1:colcon.colcon_core.environment:checking '/home/iclab/motion/install/motionpackage/lib/pkgconfig/motionpackage.pc'
[11.272s] Level 1:colcon.colcon_core.environment:checking '/home/iclab/motion/install/motionpackage/lib/python3.10/site-packages'
[11.272s] Level 1:colcon.colcon_core.shell:create_environment_hook('motionpackage', 'pythonpath')
[11.465s] INFO:colcon.colcon_core.shell:Creating environment hook '/home/iclab/motion/install/motionpackage/share/motionpackage/hook/pythonpath.ps1'
[11.468s] INFO:colcon.colcon_core.shell:Creating environment descriptor '/home/iclab/motion/install/motionpackage/share/motionpackage/hook/pythonpath.dsv'
[11.469s] INFO:colcon.colcon_core.shell:Creating environment hook '/home/iclab/motion/install/motionpackage/share/motionpackage/hook/pythonpath.sh'
[11.476s] Level 1:colcon.colcon_core.environment:checking '/home/iclab/motion/install/motionpackage/bin'
[11.477s] Level 1:colcon.colcon_core.environment:create_environment_scripts_only(motionpackage)
[11.623s] INFO:colcon.colcon_core.shell:Creating package script '/home/iclab/motion/install/motionpackage/share/motionpackage/package.ps1'
[11.626s] INFO:colcon.colcon_core.shell:Creating package descriptor '/home/iclab/motion/install/motionpackage/share/motionpackage/package.dsv'
[11.628s] INFO:colcon.colcon_core.shell:Creating package script '/home/iclab/motion/install/motionpackage/share/motionpackage/package.sh'
[11.630s] INFO:colcon.colcon_core.shell:Creating package script '/home/iclab/motion/install/motionpackage/share/motionpackage/package.bash'
[11.631s] INFO:colcon.colcon_core.shell:Creating package script '/home/iclab/motion/install/motionpackage/share/motionpackage/package.zsh'
[11.636s] Level 1:colcon.colcon_core.environment:create_file_with_runtime_dependencies(/home/iclab/motion/install/motionpackage/share/colcon-core/packages/motionpackage)
[13.033s] Level 1:colcon.colcon_core.environment:create_environment_scripts_only(tku_msgs)
[13.097s] Level 1:colcon.colcon_core.environment:checking '/home/iclab/motion/install/tku_msgs' for CMake module files
[13.099s] Level 1:colcon.colcon_core.environment:checking '/home/iclab/motion/install/tku_msgs' for CMake config files
[13.101s] Level 1:colcon.colcon_core.shell:create_environment_hook('tku_msgs', 'cmake_prefix_path')
[13.167s] INFO:colcon.colcon_core.shell:Creating environment hook '/home/iclab/motion/install/tku_msgs/share/tku_msgs/hook/cmake_prefix_path.ps1'
[13.169s] INFO:colcon.colcon_core.shell:Creating environment descriptor '/home/iclab/motion/install/tku_msgs/share/tku_msgs/hook/cmake_prefix_path.dsv'
[13.170s] INFO:colcon.colcon_core.shell:Creating environment hook '/home/iclab/motion/install/tku_msgs/share/tku_msgs/hook/cmake_prefix_path.sh'
[13.172s] Level 1:colcon.colcon_core.environment:checking '/home/iclab/motion/install/tku_msgs/lib'
[13.173s] Level 1:colcon.colcon_core.shell:create_environment_hook('tku_msgs', 'ld_library_path_lib')
[13.227s] INFO:colcon.colcon_core.shell:Creating environment hook '/home/iclab/motion/install/tku_msgs/share/tku_msgs/hook/ld_library_path_lib.ps1'
[13.228s] INFO:colcon.colcon_core.shell:Creating environment descriptor '/home/iclab/motion/install/tku_msgs/share/tku_msgs/hook/ld_library_path_lib.dsv'
[13.230s] INFO:colcon.colcon_core.shell:Creating environment hook '/home/iclab/motion/install/tku_msgs/share/tku_msgs/hook/ld_library_path_lib.sh'
[13.232s] Level 1:colcon.colcon_core.environment:checking '/home/iclab/motion/install/tku_msgs/bin'
[13.232s] Level 1:colcon.colcon_core.environment:checking '/home/iclab/motion/install/tku_msgs/lib/pkgconfig/tku_msgs.pc'
[13.233s] Level 1:colcon.colcon_core.environment:checking '/home/iclab/motion/install/tku_msgs/lib/python3.10/site-packages'
[13.234s] Level 1:colcon.colcon_core.environment:checking '/home/iclab/motion/install/tku_msgs/bin'
[13.302s] INFO:colcon.colcon_core.shell:Creating package script '/home/iclab/motion/install/tku_msgs/share/tku_msgs/package.ps1'
[13.304s] INFO:colcon.colcon_core.shell:Creating package descriptor '/home/iclab/motion/install/tku_msgs/share/tku_msgs/package.dsv'
[13.306s] INFO:colcon.colcon_core.shell:Creating package script '/home/iclab/motion/install/tku_msgs/share/tku_msgs/package.sh'
[13.308s] INFO:colcon.colcon_core.shell:Creating package script '/home/iclab/motion/install/tku_msgs/share/tku_msgs/package.bash'
[13.310s] INFO:colcon.colcon_core.shell:Creating package script '/home/iclab/motion/install/tku_msgs/share/tku_msgs/package.zsh'
[13.311s] Level 1:colcon.colcon_core.environment:create_file_with_runtime_dependencies(/home/iclab/motion/install/tku_msgs/share/colcon-core/packages/tku_msgs)
[13.313s] INFO:colcon.colcon_ros.task.ament_python.build:Building ROS package in '/home/iclab/motion/src/tku_libs' with build type 'ament_python'
[13.314s] Level 1:colcon.colcon_core.shell:create_environment_hook('tku_libs', 'ament_prefix_path')
[13.394s] INFO:colcon.colcon_core.shell:Creating environment hook '/home/iclab/motion/install/tku_libs/share/tku_libs/hook/ament_prefix_path.ps1'
[13.396s] INFO:colcon.colcon_core.shell:Creating environment descriptor '/home/iclab/motion/install/tku_libs/share/tku_libs/hook/ament_prefix_path.dsv'
[13.397s] INFO:colcon.colcon_core.shell:Creating environment hook '/home/iclab/motion/install/tku_libs/share/tku_libs/hook/ament_prefix_path.sh'
[13.457s] INFO:colcon.colcon_core.shell:Skip shell extension 'powershell' for command environment: Not usable outside of PowerShell
[13.457s] DEBUG:colcon.colcon_core.shell:Skip shell extension 'dsv' for command environment
[14.583s] INFO:colcon.colcon_core.task.python.build:Building Python package in '/home/iclab/motion/src/tku_libs'
[14.641s] INFO:colcon.colcon_core.shell:Skip shell extension 'powershell' for command environment: Not usable outside of PowerShell
[14.641s] DEBUG:colcon.colcon_core.shell:Skip shell extension 'dsv' for command environment
[16.117s] DEBUG:colcon.colcon_core.event_handler.log_command:Invoking command in '/home/iclab/motion/src/tku_libs': CMAKE_PREFIX_PATH=/home/iclab/motion/install/tku_msgs:/home/iclab/motion/install/tuk_libs:/home/iclab/motion/install/tku_libs:/home/iclab/motion/install/motionpackage PYTHONPATH=/home/iclab/motion/build/tku_libs/prefix_override:/home/iclab/motion/install/tku_libs/lib/python3.10/site-packages:${PYTHONPATH} /usr/bin/python3 setup.py egg_info --egg-base ../../build/tku_libs build --build-base /home/iclab/motion/build/tku_libs/build install --record /home/iclab/motion/build/tku_libs/install.log --single-version-externally-managed
[17.239s] DEBUG:colcon.colcon_core.event_handler.log_command:Invoked command in '/home/iclab/motion/src/tku_libs' returned '0': CMAKE_PREFIX_PATH=/home/iclab/motion/install/tku_msgs:/home/iclab/motion/install/tuk_libs:/home/iclab/motion/install/tku_libs:/home/iclab/motion/install/motionpackage PYTHONPATH=/home/iclab/motion/build/tku_libs/prefix_override:/home/iclab/motion/install/tku_libs/lib/python3.10/site-packages:${PYTHONPATH} /usr/bin/python3 setup.py egg_info --egg-base ../../build/tku_libs build --build-base /home/iclab/motion/build/tku_libs/build install --record /home/iclab/motion/build/tku_libs/install.log --single-version-externally-managed
[17.336s] Level 1:colcon.colcon_core.environment:checking '/home/iclab/motion/install/tku_libs' for CMake module files
[17.338s] Level 1:colcon.colcon_core.environment:checking '/home/iclab/motion/install/tku_libs' for CMake config files
[17.339s] Level 1:colcon.colcon_core.shell:create_environment_hook('tku_libs', 'cmake_prefix_path')
[17.404s] INFO:colcon.colcon_core.shell:Creating environment hook '/home/iclab/motion/install/tku_libs/share/tku_libs/hook/cmake_prefix_path.ps1'
[17.405s] INFO:colcon.colcon_core.shell:Creating environment descriptor '/home/iclab/motion/install/tku_libs/share/tku_libs/hook/cmake_prefix_path.dsv'
[17.406s] INFO:colcon.colcon_core.shell:Creating environment hook '/home/iclab/motion/install/tku_libs/share/tku_libs/hook/cmake_prefix_path.sh'
[17.408s] Level 1:colcon.colcon_core.environment:checking '/home/iclab/motion/install/tku_libs/lib'
[17.409s] Level 1:colcon.colcon_core.environment:checking '/home/iclab/motion/install/tku_libs/bin'
[17.409s] Level 1:colcon.colcon_core.environment:checking '/home/iclab/motion/install/tku_libs/lib/pkgconfig/tku_libs.pc'
[17.410s] Level 1:colcon.colcon_core.environment:checking '/home/iclab/motion/install/tku_libs/lib/python3.10/site-packages'
[17.410s] Level 1:colcon.colcon_core.shell:create_environment_hook('tku_libs', 'pythonpath')
[17.463s] INFO:colcon.colcon_core.shell:Creating environment hook '/home/iclab/motion/install/tku_libs/share/tku_libs/hook/pythonpath.ps1'
[17.464s] INFO:colcon.colcon_core.shell:Creating environment descriptor '/home/iclab/motion/install/tku_libs/share/tku_libs/hook/pythonpath.dsv'
[17.465s] INFO:colcon.colcon_core.shell:Creating environment hook '/home/iclab/motion/install/tku_libs/share/tku_libs/hook/pythonpath.sh'
[17.467s] Level 1:colcon.colcon_core.environment:checking '/home/iclab/motion/install/tku_libs/bin'
[17.467s] Level 1:colcon.colcon_core.environment:create_environment_scripts_only(tku_libs)
[17.543s] INFO:colcon.colcon_core.shell:Creating package script '/home/iclab/motion/install/tku_libs/share/tku_libs/package.ps1'
[17.545s] INFO:colcon.colcon_core.shell:Creating package descriptor '/home/iclab/motion/install/tku_libs/share/tku_libs/package.dsv'
[17.547s] INFO:colcon.colcon_core.shell:Creating package script '/home/iclab/motion/install/tku_libs/share/tku_libs/package.sh'
[17.549s] INFO:colcon.colcon_core.shell:Creating package script '/home/iclab/motion/install/tku_libs/share/tku_libs/package.bash'
[17.551s] INFO:colcon.colcon_core.shell:Creating package script '/home/iclab/motion/install/tku_libs/share/tku_libs/package.zsh'
[17.552s] Level 1:colcon.colcon_core.environment:create_file_with_runtime_dependencies(/home/iclab/motion/install/tku_libs/share/colcon-core/packages/tku_libs)
[17.554s] INFO:colcon.colcon_ros.task.ament_python.build:Building ROS package in '/home/iclab/motion/src/aaa' with build type 'ament_python'
[17.554s] Level 1:colcon.colcon_core.shell:create_environment_hook('aaa', 'ament_prefix_path')
[17.623s] INFO:colcon.colcon_core.shell:Creating environment hook '/home/iclab/motion/install/aaa/share/aaa/hook/ament_prefix_path.ps1'
[17.625s] INFO:colcon.colcon_core.shell:Creating environment descriptor '/home/iclab/motion/install/aaa/share/aaa/hook/ament_prefix_path.dsv'
[17.626s] INFO:colcon.colcon_core.shell:Creating environment hook '/home/iclab/motion/install/aaa/share/aaa/hook/ament_prefix_path.sh'
[17.703s] INFO:colcon.colcon_core.shell:Skip shell extension 'powershell' for command environment: Not usable outside of PowerShell
[17.703s] DEBUG:colcon.colcon_core.shell:Skip shell extension 'dsv' for command environment
[18.962s] INFO:colcon.colcon_core.task.python.build:Building Python package in '/home/iclab/motion/src/aaa'
[19.021s] INFO:colcon.colcon_core.shell:Skip shell extension 'powershell' for command environment: Not usable outside of PowerShell
[19.021s] DEBUG:colcon.colcon_core.shell:Skip shell extension 'dsv' for command environment
[20.591s] DEBUG:colcon.colcon_core.event_handler.log_command:Invoking command in '/home/iclab/motion/src/aaa': AMENT_PREFIX_PATH=/home/iclab/motion/install/tku_libs:/home/iclab/motion/install/tuk_libs:/home/iclab/motion/install/aaa:/home/iclab/motion/install/tku_msgs:/home/iclab/motion/install/motionpackage:/opt/ros/humble CMAKE_PREFIX_PATH=/home/iclab/motion/install/tku_libs:/home/iclab/motion/install/tku_msgs:/home/iclab/motion/install/tuk_libs:/home/iclab/motion/install/motionpackage PYTHONPATH=/home/iclab/motion/build/aaa/prefix_override:/home/iclab/motion/install/aaa/lib/python3.10/site-packages:/home/iclab/motion/install/tku_libs/lib/python3.10/site-packages:/home/iclab/motion/install/aaa/lib/python3.10/site-packages:/home/iclab/motion/install/tku_msgs/local/lib/python3.10/dist-packages:/home/iclab/motion/install/motionpackage/lib/python3.10/site-packages:/opt/ros/humble/lib/python3.10/site-packages:/opt/ros/humble/local/lib/python3.10/dist-packages /usr/bin/python3 setup.py egg_info --egg-base ../../build/aaa build --build-base /home/iclab/motion/build/aaa/build install --record /home/iclab/motion/build/aaa/install.log --single-version-externally-managed
[21.621s] DEBUG:colcon.colcon_core.event_handler.log_command:Invoked command in '/home/iclab/motion/src/aaa' returned '0': AMENT_PREFIX_PATH=/home/iclab/motion/install/tku_libs:/home/iclab/motion/install/tuk_libs:/home/iclab/motion/install/aaa:/home/iclab/motion/install/tku_msgs:/home/iclab/motion/install/motionpackage:/opt/ros/humble CMAKE_PREFIX_PATH=/home/iclab/motion/install/tku_libs:/home/iclab/motion/install/tku_msgs:/home/iclab/motion/install/tuk_libs:/home/iclab/motion/install/motionpackage PYTHONPATH=/home/iclab/motion/build/aaa/prefix_override:/home/iclab/motion/install/aaa/lib/python3.10/site-packages:/home/iclab/motion/install/tku_libs/lib/python3.10/site-packages:/home/iclab/motion/install/aaa/lib/python3.10/site-packages:/home/iclab/motion/install/tku_msgs/local/lib/python3.10/dist-packages:/home/iclab/motion/install/motionpackage/lib/python3.10/site-packages:/opt/ros/humble/lib/python3.10/site-packages:/opt/ros/humble/local/lib/python3.10/dist-packages /usr/bin/python3 setup.py egg_info --egg-base ../../build/aaa build --build-base /home/iclab/motion/build/aaa/build install --record /home/iclab/motion/build/aaa/install.log --single-version-externally-managed
[21.711s] Level 1:colcon.colcon_core.environment:checking '/home/iclab/motion/install/aaa' for CMake module files
[21.712s] Level 1:colcon.colcon_core.environment:checking '/home/iclab/motion/install/aaa' for CMake config files
[21.714s] Level 1:colcon.colcon_core.environment:checking '/home/iclab/motion/install/aaa/lib'
[21.714s] Level 1:colcon.colcon_core.environment:checking '/home/iclab/motion/install/aaa/bin'
[21.714s] Level 1:colcon.colcon_core.environment:checking '/home/iclab/motion/install/aaa/lib/pkgconfig/aaa.pc'
[21.715s] Level 1:colcon.colcon_core.environment:checking '/home/iclab/motion/install/aaa/lib/python3.10/site-packages'
[21.716s] Level 1:colcon.colcon_core.shell:create_environment_hook('aaa', 'pythonpath')
[21.777s] INFO:colcon.colcon_core.shell:Creating environment hook '/home/iclab/motion/install/aaa/share/aaa/hook/pythonpath.ps1'
[21.779s] INFO:colcon.colcon_core.shell:Creating environment descriptor '/home/iclab/motion/install/aaa/share/aaa/hook/pythonpath.dsv'
[21.780s] INFO:colcon.colcon_core.shell:Creating environment hook '/home/iclab/motion/install/aaa/share/aaa/hook/pythonpath.sh'
[21.782s] Level 1:colcon.colcon_core.environment:checking '/home/iclab/motion/install/aaa/bin'
[21.782s] Level 1:colcon.colcon_core.environment:create_environment_scripts_only(aaa)
[21.843s] INFO:colcon.colcon_core.shell:Creating package script '/home/iclab/motion/install/aaa/share/aaa/package.ps1'
[21.845s] INFO:colcon.colcon_core.shell:Creating package descriptor '/home/iclab/motion/install/aaa/share/aaa/package.dsv'
[21.847s] INFO:colcon.colcon_core.shell:Creating package script '/home/iclab/motion/install/aaa/share/aaa/package.sh'
[21.850s] INFO:colcon.colcon_core.shell:Creating package script '/home/iclab/motion/install/aaa/share/aaa/package.bash'
[21.851s] INFO:colcon.colcon_core.shell:Creating package script '/home/iclab/motion/install/aaa/share/aaa/package.zsh'
[21.853s] Level 1:colcon.colcon_core.environment:create_file_with_runtime_dependencies(/home/iclab/motion/install/aaa/share/colcon-core/packages/aaa)
[21.855s] DEBUG:colcon.colcon_parallel_executor.executor.parallel:closing loop
[21.855s] DEBUG:colcon.colcon_parallel_executor.executor.parallel:loop closed
[21.856s] DEBUG:colcon.colcon_parallel_executor.executor.parallel:run_until_complete finished with '0'
[21.856s] DEBUG:colcon.colcon_core.event_reactor:joining thread
[21.951s] INFO:colcon.colcon_core.plugin_system:Skipping extension 'colcon_notification.desktop_notification.terminal_notifier': Not used on non-Darwin systems
[21.951s] INFO:colcon.colcon_core.plugin_system:Skipping extension 'colcon_notification.desktop_notification.win32': Not used on non-Windows systems
[21.951s] INFO:colcon.colcon_notification.desktop_notification:Sending desktop notification using 'notify2'
[21.989s] DEBUG:colcon.colcon_core.event_reactor:joined thread
[22.058s] INFO:colcon.colcon_core.shell:Creating prefix script '/home/iclab/motion/install/local_setup.ps1'
[22.061s] INFO:colcon.colcon_core.shell:Creating prefix util module '/home/iclab/motion/install/_local_setup_util_ps1.py'
[22.065s] INFO:colcon.colcon_core.shell:Creating prefix chain script '/home/iclab/motion/install/setup.ps1'
[22.131s] INFO:colcon.colcon_core.shell:Creating prefix script '/home/iclab/motion/install/local_setup.sh'
[22.133s] INFO:colcon.colcon_core.shell:Creating prefix util module '/home/iclab/motion/install/_local_setup_util_sh.py'
[22.135s] INFO:colcon.colcon_core.shell:Creating prefix chain script '/home/iclab/motion/install/setup.sh'
[22.200s] INFO:colcon.colcon_core.shell:Creating prefix script '/home/iclab/motion/install/local_setup.bash'
[22.202s] INFO:colcon.colcon_core.shell:Creating prefix chain script '/home/iclab/motion/install/setup.bash'
[22.280s] INFO:colcon.colcon_core.shell:Creating prefix script '/home/iclab/motion/install/local_setup.zsh'
[22.282s] INFO:colcon.colcon_core.shell:Creating prefix chain script '/home/iclab/motion/install/setup.zsh'
