[5.561s] Invoking command in '/home/iclab/motion/src/motionpackage': PYTHONPATH=/home/iclab/motion/build/motionpackage/prefix_override:/home/iclab/motion/install/motionpackage/lib/python3.10/site-packages:${PYTHONPATH} /usr/bin/python3 setup.py egg_info --egg-base ../../build/motionpackage build --build-base /home/iclab/motion/build/motionpackage/build install --record /home/iclab/motion/build/motionpackage/install.log --single-version-externally-managed
[7.569s] running egg_info
[7.569s] writing ../../build/motionpackage/motionpackage.egg-info/PKG-INFO
[7.570s] writing dependency_links to ../../build/motionpackage/motionpackage.egg-info/dependency_links.txt
[7.570s] writing entry points to ../../build/motionpackage/motionpackage.egg-info/entry_points.txt
[7.571s] writing requirements to ../../build/motionpackage/motionpackage.egg-info/requires.txt
[7.571s] writing top-level names to ../../build/motionpackage/motionpackage.egg-info/top_level.txt
[7.572s] reading manifest file '../../build/motionpackage/motionpackage.egg-info/SOURCES.txt'
[7.577s] writing manifest file '../../build/motionpackage/motionpackage.egg-info/SOURCES.txt'
[7.578s] running build
[7.578s] running build_py
[7.579s] copying motionpackage/motionpackage.py -> /home/iclab/motion/build/motionpackage/build/lib/motionpackage
[7.579s] running install
[7.580s] running install_lib
[7.580s] copying /home/iclab/motion/build/motionpackage/build/lib/motionpackage/motionpackage.py -> /home/iclab/motion/install/motionpackage/lib/python3.10/site-packages/motionpackage
[7.581s] byte-compiling /home/iclab/motion/install/motionpackage/lib/python3.10/site-packages/motionpackage/motionpackage.py to motionpackage.cpython-310.pyc
[7.582s] running install_data
[7.582s] running install_egg_info
[7.583s] removing '/home/iclab/motion/install/motionpackage/lib/python3.10/site-packages/motionpackage-0.0.0-py3.10.egg-info' (and everything under it)
[7.583s] Copying ../../build/motionpackage/motionpackage.egg-info to /home/iclab/motion/install/motionpackage/lib/python3.10/site-packages/motionpackage-0.0.0-py3.10.egg-info
[7.584s] running install_scripts
[7.661s] Installing motionpackage script to /home/iclab/motion/install/motionpackage/lib/motionpackage
[7.664s] writing list of installed files to '/home/iclab/motion/build/motionpackage/install.log'
[8.259s] Invoked command in '/home/iclab/motion/src/motionpackage' returned '0': PYTHONPATH=/home/iclab/motion/build/motionpackage/prefix_override:/home/iclab/motion/install/motionpackage/lib/python3.10/site-packages:${PYTHONPATH} /usr/bin/python3 setup.py egg_info --egg-base ../../build/motionpackage build --build-base /home/iclab/motion/build/motionpackage/build install --record /home/iclab/motion/build/motionpackage/install.log --single-version-externally-managed
