[2.716s] Invoking command in '/home/iclab/motion/src/motionpackage': PYTHONPATH=/home/iclab/motion/build/motionpackage/prefix_override:/home/iclab/motion/install/motionpackage/lib/python3.10/site-packages:${PYTHONPATH} /usr/bin/python3 setup.py egg_info --egg-base ../../build/motionpackage build --build-base /home/iclab/motion/build/motionpackage/build install --record /home/iclab/motion/build/motionpackage/install.log --single-version-externally-managed
[3.625s] running egg_info
[3.627s] writing ../../build/motionpackage/motionpackage.egg-info/PKG-INFO
[3.629s] writing dependency_links to ../../build/motionpackage/motionpackage.egg-info/dependency_links.txt
[3.629s] writing entry points to ../../build/motionpackage/motionpackage.egg-info/entry_points.txt
[3.630s] writing requirements to ../../build/motionpackage/motionpackage.egg-info/requires.txt
[3.632s] writing top-level names to ../../build/motionpackage/motionpackage.egg-info/top_level.txt
[3.637s] reading manifest file '../../build/motionpackage/motionpackage.egg-info/SOURCES.txt'
[3.642s] writing manifest file '../../build/motionpackage/motionpackage.egg-info/SOURCES.txt'
[3.642s] running build
[3.643s] running build_py
[3.647s] running install
[3.649s] running install_lib
[3.654s] running install_data
[3.657s] running install_egg_info
[3.663s] removing '/home/iclab/motion/install/motionpackage/lib/python3.10/site-packages/motionpackage-0.0.0-py3.10.egg-info' (and everything under it)
[3.668s] Copying ../../build/motionpackage/motionpackage.egg-info to /home/iclab/motion/install/motionpackage/lib/python3.10/site-packages/motionpackage-0.0.0-py3.10.egg-info
[3.677s] running install_scripts
[3.736s] Installing motionpackage script to /home/iclab/motion/install/motionpackage/lib/motionpackage
[3.738s] writing list of installed files to '/home/iclab/motion/build/motionpackage/install.log'
[3.824s] Invoked command in '/home/iclab/motion/src/motionpackage' returned '0': PYTHONPATH=/home/iclab/motion/build/motionpackage/prefix_override:/home/iclab/motion/install/motionpackage/lib/python3.10/site-packages:${PYTHONPATH} /usr/bin/python3 setup.py egg_info --egg-base ../../build/motionpackage build --build-base /home/iclab/motion/build/motionpackage/build install --record /home/iclab/motion/build/motionpackage/install.log --single-version-externally-managed
