[0.689s] DEBUG:colcon:Command line arguments: ['/usr/bin/colcon', 'build']
[0.689s] DEBUG:colcon:Parsed command line arguments: Namespace(log_base=None, log_level=None, verb_name='build', build_base='build', install_base='install', merge_install=False, symlink_install=False, test_result_base=None, continue_on_error=False, executor='parallel', parallel_workers=8, event_handlers=None, ignore_user_meta=False, metas=['./colcon.meta'], base_paths=['.'], packages_ignore=None, packages_ignore_regex=None, paths=None, packages_up_to=None, packages_up_to_regex=None, packages_above=None, packages_above_and_dependencies=None, packages_above_depth=None, packages_select_by_dep=None, packages_skip_by_dep=None, packages_skip_up_to=None, packages_select_build_failed=False, packages_skip_build_finished=False, packages_select_test_failures=False, packages_skip_test_passed=False, packages_select=None, packages_skip=None, packages_select_regex=None, packages_skip_regex=None, packages_start=None, packages_end=None, allow_overriding=[], cmake_args=None, cmake_target=None, cmake_target_skip_unavailable=False, cmake_clean_cache=False, cmake_clean_first=False, cmake_force_configure=False, ament_cmake_args=None, catkin_cmake_args=None, catkin_skip_building_tests=False, verb_parser=<colcon_defaults.argument_parser.defaults.DefaultArgumentsDecorator object at 0x7fe80453af20>, verb_extension=<colcon_core.verb.build.BuildVerb object at 0x7fe8049c7d60>, main=<bound method BuildVerb.main of <colcon_core.verb.build.BuildVerb object at 0x7fe8049c7d60>>)
[0.719s] Level 1:colcon.colcon_core.package_discovery:discover_packages(colcon_meta) check parameters
[0.719s] Level 1:colcon.colcon_core.package_discovery:discover_packages(recursive) check parameters
[0.719s] Level 1:colcon.colcon_core.package_discovery:discover_packages(ignore) check parameters
[0.719s] Level 1:colcon.colcon_core.package_discovery:discover_packages(path) check parameters
[0.719s] Level 1:colcon.colcon_core.package_discovery:discover_packages(colcon_meta) discover
[0.719s] Level 1:colcon.colcon_core.package_discovery:discover_packages(recursive) discover
[0.720s] INFO:colcon.colcon_core.package_discovery:Crawling recursively for packages in '/home/iclab/motion'
[0.720s] Level 1:colcon.colcon_core.package_identification:_identify(.) by extensions ['ignore', 'ignore_ament_install']
[0.720s] Level 1:colcon.colcon_core.package_identification:_identify(.) by extension 'ignore'
[0.720s] Level 1:colcon.colcon_core.package_identification:_identify(.) by extension 'ignore_ament_install'
[0.720s] Level 1:colcon.colcon_core.package_identification:_identify(.) by extensions ['colcon_pkg']
[0.720s] Level 1:colcon.colcon_core.package_identification:_identify(.) by extension 'colcon_pkg'
[0.720s] Level 1:colcon.colcon_core.package_identification:_identify(.) by extensions ['colcon_meta']
[0.720s] Level 1:colcon.colcon_core.package_identification:_identify(.) by extension 'colcon_meta'
[0.720s] Level 1:colcon.colcon_core.package_identification:_identify(.) by extensions ['ros']
[0.720s] Level 1:colcon.colcon_core.package_identification:_identify(.) by extension 'ros'
[0.727s] Level 1:colcon.colcon_core.package_identification:_identify(.) by extensions ['cmake', 'python']
[0.727s] Level 1:colcon.colcon_core.package_identification:_identify(.) by extension 'cmake'
[0.727s] Level 1:colcon.colcon_core.package_identification:_identify(.) by extension 'python'
[0.727s] Level 1:colcon.colcon_core.package_identification:_identify(.) by extensions ['python_setup_py']
[0.727s] Level 1:colcon.colcon_core.package_identification:_identify(.) by extension 'python_setup_py'
[0.727s] Level 1:colcon.colcon_core.package_identification:_identify(build) by extensions ['ignore', 'ignore_ament_install']
[0.727s] Level 1:colcon.colcon_core.package_identification:_identify(build) by extension 'ignore'
[0.727s] Level 1:colcon.colcon_core.package_identification:_identify(build) ignored
[0.727s] Level 1:colcon.colcon_core.package_identification:_identify(install) by extensions ['ignore', 'ignore_ament_install']
[0.727s] Level 1:colcon.colcon_core.package_identification:_identify(install) by extension 'ignore'
[0.727s] Level 1:colcon.colcon_core.package_identification:_identify(install) ignored
[0.727s] Level 1:colcon.colcon_core.package_identification:_identify(interface) by extensions ['ignore', 'ignore_ament_install']
[0.727s] Level 1:colcon.colcon_core.package_identification:_identify(interface) by extension 'ignore'
[0.727s] Level 1:colcon.colcon_core.package_identification:_identify(interface) by extension 'ignore_ament_install'
[0.727s] Level 1:colcon.colcon_core.package_identification:_identify(interface) by extensions ['colcon_pkg']
[0.728s] Level 1:colcon.colcon_core.package_identification:_identify(interface) by extension 'colcon_pkg'
[0.728s] Level 1:colcon.colcon_core.package_identification:_identify(interface) by extensions ['colcon_meta']
[0.728s] Level 1:colcon.colcon_core.package_identification:_identify(interface) by extension 'colcon_meta'
[0.728s] Level 1:colcon.colcon_core.package_identification:_identify(interface) by extensions ['ros']
[0.728s] Level 1:colcon.colcon_core.package_identification:_identify(interface) by extension 'ros'
[0.728s] Level 1:colcon.colcon_core.package_identification:_identify(interface) by extensions ['cmake', 'python']
[0.728s] Level 1:colcon.colcon_core.package_identification:_identify(interface) by extension 'cmake'
[0.728s] Level 1:colcon.colcon_core.package_identification:_identify(interface) by extension 'python'
[0.728s] Level 1:colcon.colcon_core.package_identification:_identify(interface) by extensions ['python_setup_py']
[0.728s] Level 1:colcon.colcon_core.package_identification:_identify(interface) by extension 'python_setup_py'
[0.728s] Level 1:colcon.colcon_core.package_identification:_identify(interface/css) by extensions ['ignore', 'ignore_ament_install']
[0.728s] Level 1:colcon.colcon_core.package_identification:_identify(interface/css) by extension 'ignore'
[0.728s] Level 1:colcon.colcon_core.package_identification:_identify(interface/css) by extension 'ignore_ament_install'
[0.728s] Level 1:colcon.colcon_core.package_identification:_identify(interface/css) by extensions ['colcon_pkg']
[0.728s] Level 1:colcon.colcon_core.package_identification:_identify(interface/css) by extension 'colcon_pkg'
[0.728s] Level 1:colcon.colcon_core.package_identification:_identify(interface/css) by extensions ['colcon_meta']
[0.728s] Level 1:colcon.colcon_core.package_identification:_identify(interface/css) by extension 'colcon_meta'
[0.728s] Level 1:colcon.colcon_core.package_identification:_identify(interface/css) by extensions ['ros']
[0.728s] Level 1:colcon.colcon_core.package_identification:_identify(interface/css) by extension 'ros'
[0.728s] Level 1:colcon.colcon_core.package_identification:_identify(interface/css) by extensions ['cmake', 'python']
[0.728s] Level 1:colcon.colcon_core.package_identification:_identify(interface/css) by extension 'cmake'
[0.728s] Level 1:colcon.colcon_core.package_identification:_identify(interface/css) by extension 'python'
[0.728s] Level 1:colcon.colcon_core.package_identification:_identify(interface/css) by extensions ['python_setup_py']
[0.728s] Level 1:colcon.colcon_core.package_identification:_identify(interface/css) by extension 'python_setup_py'
[0.728s] Level 1:colcon.colcon_core.package_identification:_identify(interface/jquery-ui-1.11.4) by extensions ['ignore', 'ignore_ament_install']
[0.728s] Level 1:colcon.colcon_core.package_identification:_identify(interface/jquery-ui-1.11.4) by extension 'ignore'
[0.728s] Level 1:colcon.colcon_core.package_identification:_identify(interface/jquery-ui-1.11.4) by extension 'ignore_ament_install'
[0.728s] Level 1:colcon.colcon_core.package_identification:_identify(interface/jquery-ui-1.11.4) by extensions ['colcon_pkg']
[0.728s] Level 1:colcon.colcon_core.package_identification:_identify(interface/jquery-ui-1.11.4) by extension 'colcon_pkg'
[0.728s] Level 1:colcon.colcon_core.package_identification:_identify(interface/jquery-ui-1.11.4) by extensions ['colcon_meta']
[0.728s] Level 1:colcon.colcon_core.package_identification:_identify(interface/jquery-ui-1.11.4) by extension 'colcon_meta'
[0.728s] Level 1:colcon.colcon_core.package_identification:_identify(interface/jquery-ui-1.11.4) by extensions ['ros']
[0.728s] Level 1:colcon.colcon_core.package_identification:_identify(interface/jquery-ui-1.11.4) by extension 'ros'
[0.728s] Level 1:colcon.colcon_core.package_identification:_identify(interface/jquery-ui-1.11.4) by extensions ['cmake', 'python']
[0.728s] Level 1:colcon.colcon_core.package_identification:_identify(interface/jquery-ui-1.11.4) by extension 'cmake'
[0.728s] Level 1:colcon.colcon_core.package_identification:_identify(interface/jquery-ui-1.11.4) by extension 'python'
[0.728s] Level 1:colcon.colcon_core.package_identification:_identify(interface/jquery-ui-1.11.4) by extensions ['python_setup_py']
[0.729s] Level 1:colcon.colcon_core.package_identification:_identify(interface/jquery-ui-1.11.4) by extension 'python_setup_py'
[0.729s] Level 1:colcon.colcon_core.package_identification:_identify(interface/jquery-ui-1.11.4/external) by extensions ['ignore', 'ignore_ament_install']
[0.729s] Level 1:colcon.colcon_core.package_identification:_identify(interface/jquery-ui-1.11.4/external) by extension 'ignore'
[0.729s] Level 1:colcon.colcon_core.package_identification:_identify(interface/jquery-ui-1.11.4/external) by extension 'ignore_ament_install'
[0.729s] Level 1:colcon.colcon_core.package_identification:_identify(interface/jquery-ui-1.11.4/external) by extensions ['colcon_pkg']
[0.729s] Level 1:colcon.colcon_core.package_identification:_identify(interface/jquery-ui-1.11.4/external) by extension 'colcon_pkg'
[0.729s] Level 1:colcon.colcon_core.package_identification:_identify(interface/jquery-ui-1.11.4/external) by extensions ['colcon_meta']
[0.729s] Level 1:colcon.colcon_core.package_identification:_identify(interface/jquery-ui-1.11.4/external) by extension 'colcon_meta'
[0.729s] Level 1:colcon.colcon_core.package_identification:_identify(interface/jquery-ui-1.11.4/external) by extensions ['ros']
[0.729s] Level 1:colcon.colcon_core.package_identification:_identify(interface/jquery-ui-1.11.4/external) by extension 'ros'
[0.729s] Level 1:colcon.colcon_core.package_identification:_identify(interface/jquery-ui-1.11.4/external) by extensions ['cmake', 'python']
[0.729s] Level 1:colcon.colcon_core.package_identification:_identify(interface/jquery-ui-1.11.4/external) by extension 'cmake'
[0.729s] Level 1:colcon.colcon_core.package_identification:_identify(interface/jquery-ui-1.11.4/external) by extension 'python'
[0.729s] Level 1:colcon.colcon_core.package_identification:_identify(interface/jquery-ui-1.11.4/external) by extensions ['python_setup_py']
[0.729s] Level 1:colcon.colcon_core.package_identification:_identify(interface/jquery-ui-1.11.4/external) by extension 'python_setup_py'
[0.729s] Level 1:colcon.colcon_core.package_identification:_identify(interface/jquery-ui-1.11.4/external/jquery) by extensions ['ignore', 'ignore_ament_install']
[0.729s] Level 1:colcon.colcon_core.package_identification:_identify(interface/jquery-ui-1.11.4/external/jquery) by extension 'ignore'
[0.729s] Level 1:colcon.colcon_core.package_identification:_identify(interface/jquery-ui-1.11.4/external/jquery) by extension 'ignore_ament_install'
[0.729s] Level 1:colcon.colcon_core.package_identification:_identify(interface/jquery-ui-1.11.4/external/jquery) by extensions ['colcon_pkg']
[0.729s] Level 1:colcon.colcon_core.package_identification:_identify(interface/jquery-ui-1.11.4/external/jquery) by extension 'colcon_pkg'
[0.729s] Level 1:colcon.colcon_core.package_identification:_identify(interface/jquery-ui-1.11.4/external/jquery) by extensions ['colcon_meta']
[0.729s] Level 1:colcon.colcon_core.package_identification:_identify(interface/jquery-ui-1.11.4/external/jquery) by extension 'colcon_meta'
[0.729s] Level 1:colcon.colcon_core.package_identification:_identify(interface/jquery-ui-1.11.4/external/jquery) by extensions ['ros']
[0.729s] Level 1:colcon.colcon_core.package_identification:_identify(interface/jquery-ui-1.11.4/external/jquery) by extension 'ros'
[0.729s] Level 1:colcon.colcon_core.package_identification:_identify(interface/jquery-ui-1.11.4/external/jquery) by extensions ['cmake', 'python']
[0.729s] Level 1:colcon.colcon_core.package_identification:_identify(interface/jquery-ui-1.11.4/external/jquery) by extension 'cmake'
[0.729s] Level 1:colcon.colcon_core.package_identification:_identify(interface/jquery-ui-1.11.4/external/jquery) by extension 'python'
[0.729s] Level 1:colcon.colcon_core.package_identification:_identify(interface/jquery-ui-1.11.4/external/jquery) by extensions ['python_setup_py']
[0.729s] Level 1:colcon.colcon_core.package_identification:_identify(interface/jquery-ui-1.11.4/external/jquery) by extension 'python_setup_py'
[0.729s] Level 1:colcon.colcon_core.package_identification:_identify(interface/jquery-ui-1.11.4/images) by extensions ['ignore', 'ignore_ament_install']
[0.729s] Level 1:colcon.colcon_core.package_identification:_identify(interface/jquery-ui-1.11.4/images) by extension 'ignore'
[0.729s] Level 1:colcon.colcon_core.package_identification:_identify(interface/jquery-ui-1.11.4/images) by extension 'ignore_ament_install'
[0.729s] Level 1:colcon.colcon_core.package_identification:_identify(interface/jquery-ui-1.11.4/images) by extensions ['colcon_pkg']
[0.729s] Level 1:colcon.colcon_core.package_identification:_identify(interface/jquery-ui-1.11.4/images) by extension 'colcon_pkg'
[0.729s] Level 1:colcon.colcon_core.package_identification:_identify(interface/jquery-ui-1.11.4/images) by extensions ['colcon_meta']
[0.729s] Level 1:colcon.colcon_core.package_identification:_identify(interface/jquery-ui-1.11.4/images) by extension 'colcon_meta'
[0.730s] Level 1:colcon.colcon_core.package_identification:_identify(interface/jquery-ui-1.11.4/images) by extensions ['ros']
[0.730s] Level 1:colcon.colcon_core.package_identification:_identify(interface/jquery-ui-1.11.4/images) by extension 'ros'
[0.730s] Level 1:colcon.colcon_core.package_identification:_identify(interface/jquery-ui-1.11.4/images) by extensions ['cmake', 'python']
[0.730s] Level 1:colcon.colcon_core.package_identification:_identify(interface/jquery-ui-1.11.4/images) by extension 'cmake'
[0.730s] Level 1:colcon.colcon_core.package_identification:_identify(interface/jquery-ui-1.11.4/images) by extension 'python'
[0.730s] Level 1:colcon.colcon_core.package_identification:_identify(interface/jquery-ui-1.11.4/images) by extensions ['python_setup_py']
[0.730s] Level 1:colcon.colcon_core.package_identification:_identify(interface/jquery-ui-1.11.4/images) by extension 'python_setup_py'
[0.730s] Level 1:colcon.colcon_core.package_identification:_identify(interface/js) by extensions ['ignore', 'ignore_ament_install']
[0.730s] Level 1:colcon.colcon_core.package_identification:_identify(interface/js) by extension 'ignore'
[0.730s] Level 1:colcon.colcon_core.package_identification:_identify(interface/js) by extension 'ignore_ament_install'
[0.730s] Level 1:colcon.colcon_core.package_identification:_identify(interface/js) by extensions ['colcon_pkg']
[0.730s] Level 1:colcon.colcon_core.package_identification:_identify(interface/js) by extension 'colcon_pkg'
[0.730s] Level 1:colcon.colcon_core.package_identification:_identify(interface/js) by extensions ['colcon_meta']
[0.730s] Level 1:colcon.colcon_core.package_identification:_identify(interface/js) by extension 'colcon_meta'
[0.730s] Level 1:colcon.colcon_core.package_identification:_identify(interface/js) by extensions ['ros']
[0.730s] Level 1:colcon.colcon_core.package_identification:_identify(interface/js) by extension 'ros'
[0.730s] Level 1:colcon.colcon_core.package_identification:_identify(interface/js) by extensions ['cmake', 'python']
[0.730s] Level 1:colcon.colcon_core.package_identification:_identify(interface/js) by extension 'cmake'
[0.730s] Level 1:colcon.colcon_core.package_identification:_identify(interface/js) by extension 'python'
[0.730s] Level 1:colcon.colcon_core.package_identification:_identify(interface/js) by extensions ['python_setup_py']
[0.730s] Level 1:colcon.colcon_core.package_identification:_identify(interface/js) by extension 'python_setup_py'
[0.730s] Level 1:colcon.colcon_core.package_identification:_identify(interface/js/roslib) by extensions ['ignore', 'ignore_ament_install']
[0.730s] Level 1:colcon.colcon_core.package_identification:_identify(interface/js/roslib) by extension 'ignore'
[0.730s] Level 1:colcon.colcon_core.package_identification:_identify(interface/js/roslib) by extension 'ignore_ament_install'
[0.730s] Level 1:colcon.colcon_core.package_identification:_identify(interface/js/roslib) by extensions ['colcon_pkg']
[0.730s] Level 1:colcon.colcon_core.package_identification:_identify(interface/js/roslib) by extension 'colcon_pkg'
[0.730s] Level 1:colcon.colcon_core.package_identification:_identify(interface/js/roslib) by extensions ['colcon_meta']
[0.730s] Level 1:colcon.colcon_core.package_identification:_identify(interface/js/roslib) by extension 'colcon_meta'
[0.730s] Level 1:colcon.colcon_core.package_identification:_identify(interface/js/roslib) by extensions ['ros']
[0.730s] Level 1:colcon.colcon_core.package_identification:_identify(interface/js/roslib) by extension 'ros'
[0.730s] Level 1:colcon.colcon_core.package_identification:_identify(interface/js/roslib) by extensions ['cmake', 'python']
[0.730s] Level 1:colcon.colcon_core.package_identification:_identify(interface/js/roslib) by extension 'cmake'
[0.730s] Level 1:colcon.colcon_core.package_identification:_identify(interface/js/roslib) by extension 'python'
[0.730s] Level 1:colcon.colcon_core.package_identification:_identify(interface/js/roslib) by extensions ['python_setup_py']
[0.730s] Level 1:colcon.colcon_core.package_identification:_identify(interface/js/roslib) by extension 'python_setup_py'
[0.731s] Level 1:colcon.colcon_core.package_identification:_identify(interface/picture) by extensions ['ignore', 'ignore_ament_install']
[0.731s] Level 1:colcon.colcon_core.package_identification:_identify(interface/picture) by extension 'ignore'
[0.731s] Level 1:colcon.colcon_core.package_identification:_identify(interface/picture) by extension 'ignore_ament_install'
[0.731s] Level 1:colcon.colcon_core.package_identification:_identify(interface/picture) by extensions ['colcon_pkg']
[0.731s] Level 1:colcon.colcon_core.package_identification:_identify(interface/picture) by extension 'colcon_pkg'
[0.731s] Level 1:colcon.colcon_core.package_identification:_identify(interface/picture) by extensions ['colcon_meta']
[0.731s] Level 1:colcon.colcon_core.package_identification:_identify(interface/picture) by extension 'colcon_meta'
[0.731s] Level 1:colcon.colcon_core.package_identification:_identify(interface/picture) by extensions ['ros']
[0.731s] Level 1:colcon.colcon_core.package_identification:_identify(interface/picture) by extension 'ros'
[0.731s] Level 1:colcon.colcon_core.package_identification:_identify(interface/picture) by extensions ['cmake', 'python']
[0.731s] Level 1:colcon.colcon_core.package_identification:_identify(interface/picture) by extension 'cmake'
[0.731s] Level 1:colcon.colcon_core.package_identification:_identify(interface/picture) by extension 'python'
[0.731s] Level 1:colcon.colcon_core.package_identification:_identify(interface/picture) by extensions ['python_setup_py']
[0.731s] Level 1:colcon.colcon_core.package_identification:_identify(interface/picture) by extension 'python_setup_py'
[0.731s] Level 1:colcon.colcon_core.package_identification:_identify(interface/resources) by extensions ['ignore', 'ignore_ament_install']
[0.731s] Level 1:colcon.colcon_core.package_identification:_identify(interface/resources) by extension 'ignore'
[0.731s] Level 1:colcon.colcon_core.package_identification:_identify(interface/resources) by extension 'ignore_ament_install'
[0.731s] Level 1:colcon.colcon_core.package_identification:_identify(interface/resources) by extensions ['colcon_pkg']
[0.731s] Level 1:colcon.colcon_core.package_identification:_identify(interface/resources) by extension 'colcon_pkg'
[0.731s] Level 1:colcon.colcon_core.package_identification:_identify(interface/resources) by extensions ['colcon_meta']
[0.731s] Level 1:colcon.colcon_core.package_identification:_identify(interface/resources) by extension 'colcon_meta'
[0.731s] Level 1:colcon.colcon_core.package_identification:_identify(interface/resources) by extensions ['ros']
[0.731s] Level 1:colcon.colcon_core.package_identification:_identify(interface/resources) by extension 'ros'
[0.731s] Level 1:colcon.colcon_core.package_identification:_identify(interface/resources) by extensions ['cmake', 'python']
[0.731s] Level 1:colcon.colcon_core.package_identification:_identify(interface/resources) by extension 'cmake'
[0.731s] Level 1:colcon.colcon_core.package_identification:_identify(interface/resources) by extension 'python'
[0.731s] Level 1:colcon.colcon_core.package_identification:_identify(interface/resources) by extensions ['python_setup_py']
[0.731s] Level 1:colcon.colcon_core.package_identification:_identify(interface/resources) by extension 'python_setup_py'
[0.731s] Level 1:colcon.colcon_core.package_identification:_identify(interface/resources/TKU_ICLab) by extensions ['ignore', 'ignore_ament_install']
[0.731s] Level 1:colcon.colcon_core.package_identification:_identify(interface/resources/TKU_ICLab) by extension 'ignore'
[0.731s] Level 1:colcon.colcon_core.package_identification:_identify(interface/resources/TKU_ICLab) by extension 'ignore_ament_install'
[0.731s] Level 1:colcon.colcon_core.package_identification:_identify(interface/resources/TKU_ICLab) by extensions ['colcon_pkg']
[0.731s] Level 1:colcon.colcon_core.package_identification:_identify(interface/resources/TKU_ICLab) by extension 'colcon_pkg'
[0.731s] Level 1:colcon.colcon_core.package_identification:_identify(interface/resources/TKU_ICLab) by extensions ['colcon_meta']
[0.731s] Level 1:colcon.colcon_core.package_identification:_identify(interface/resources/TKU_ICLab) by extension 'colcon_meta'
[0.731s] Level 1:colcon.colcon_core.package_identification:_identify(interface/resources/TKU_ICLab) by extensions ['ros']
[0.732s] Level 1:colcon.colcon_core.package_identification:_identify(interface/resources/TKU_ICLab) by extension 'ros'
[0.732s] Level 1:colcon.colcon_core.package_identification:_identify(interface/resources/TKU_ICLab) by extensions ['cmake', 'python']
[0.732s] Level 1:colcon.colcon_core.package_identification:_identify(interface/resources/TKU_ICLab) by extension 'cmake'
[0.732s] Level 1:colcon.colcon_core.package_identification:_identify(interface/resources/TKU_ICLab) by extension 'python'
[0.732s] Level 1:colcon.colcon_core.package_identification:_identify(interface/resources/TKU_ICLab) by extensions ['python_setup_py']
[0.732s] Level 1:colcon.colcon_core.package_identification:_identify(interface/resources/TKU_ICLab) by extension 'python_setup_py'
[0.732s] Level 1:colcon.colcon_core.package_identification:_identify(log) by extensions ['ignore', 'ignore_ament_install']
[0.732s] Level 1:colcon.colcon_core.package_identification:_identify(log) by extension 'ignore'
[0.732s] Level 1:colcon.colcon_core.package_identification:_identify(log) ignored
[0.732s] Level 1:colcon.colcon_core.package_identification:_identify(src) by extensions ['ignore', 'ignore_ament_install']
[0.732s] Level 1:colcon.colcon_core.package_identification:_identify(src) by extension 'ignore'
[0.732s] Level 1:colcon.colcon_core.package_identification:_identify(src) by extension 'ignore_ament_install'
[0.732s] Level 1:colcon.colcon_core.package_identification:_identify(src) by extensions ['colcon_pkg']
[0.732s] Level 1:colcon.colcon_core.package_identification:_identify(src) by extension 'colcon_pkg'
[0.732s] Level 1:colcon.colcon_core.package_identification:_identify(src) by extensions ['colcon_meta']
[0.732s] Level 1:colcon.colcon_core.package_identification:_identify(src) by extension 'colcon_meta'
[0.732s] Level 1:colcon.colcon_core.package_identification:_identify(src) by extensions ['ros']
[0.732s] Level 1:colcon.colcon_core.package_identification:_identify(src) by extension 'ros'
[0.732s] Level 1:colcon.colcon_core.package_identification:_identify(src) by extensions ['cmake', 'python']
[0.732s] Level 1:colcon.colcon_core.package_identification:_identify(src) by extension 'cmake'
[0.732s] Level 1:colcon.colcon_core.package_identification:_identify(src) by extension 'python'
[0.732s] Level 1:colcon.colcon_core.package_identification:_identify(src) by extensions ['python_setup_py']
[0.732s] Level 1:colcon.colcon_core.package_identification:_identify(src) by extension 'python_setup_py'
[0.732s] Level 1:colcon.colcon_core.package_identification:_identify(src/aaa) by extensions ['ignore', 'ignore_ament_install']
[0.732s] Level 1:colcon.colcon_core.package_identification:_identify(src/aaa) by extension 'ignore'
[0.732s] Level 1:colcon.colcon_core.package_identification:_identify(src/aaa) by extension 'ignore_ament_install'
[0.732s] Level 1:colcon.colcon_core.package_identification:_identify(src/aaa) by extensions ['colcon_pkg']
[0.732s] Level 1:colcon.colcon_core.package_identification:_identify(src/aaa) by extension 'colcon_pkg'
[0.732s] Level 1:colcon.colcon_core.package_identification:_identify(src/aaa) by extensions ['colcon_meta']
[0.732s] Level 1:colcon.colcon_core.package_identification:_identify(src/aaa) by extension 'colcon_meta'
[0.732s] Level 1:colcon.colcon_core.package_identification:_identify(src/aaa) by extensions ['ros']
[0.732s] Level 1:colcon.colcon_core.package_identification:_identify(src/aaa) by extension 'ros'
[0.734s] DEBUG:colcon.colcon_core.package_identification:Package 'src/aaa' with type 'ros.ament_python' and name 'aaa'
[0.734s] Level 1:colcon.colcon_core.package_identification:_identify(src/tku_libs) by extensions ['ignore', 'ignore_ament_install']
[0.734s] Level 1:colcon.colcon_core.package_identification:_identify(src/tku_libs) by extension 'ignore'
[0.734s] Level 1:colcon.colcon_core.package_identification:_identify(src/tku_libs) by extension 'ignore_ament_install'
[0.734s] Level 1:colcon.colcon_core.package_identification:_identify(src/tku_libs) by extensions ['colcon_pkg']
[0.734s] Level 1:colcon.colcon_core.package_identification:_identify(src/tku_libs) by extension 'colcon_pkg'
[0.734s] Level 1:colcon.colcon_core.package_identification:_identify(src/tku_libs) by extensions ['colcon_meta']
[0.734s] Level 1:colcon.colcon_core.package_identification:_identify(src/tku_libs) by extension 'colcon_meta'
[0.734s] Level 1:colcon.colcon_core.package_identification:_identify(src/tku_libs) by extensions ['ros']
[0.734s] Level 1:colcon.colcon_core.package_identification:_identify(src/tku_libs) by extension 'ros'
[0.735s] DEBUG:colcon.colcon_core.package_identification:Package 'src/tku_libs' with type 'ros.ament_python' and name 'tku_libs'
[0.735s] Level 1:colcon.colcon_core.package_identification:_identify(src/tku_msgs) by extensions ['ignore', 'ignore_ament_install']
[0.735s] Level 1:colcon.colcon_core.package_identification:_identify(src/tku_msgs) by extension 'ignore'
[0.735s] Level 1:colcon.colcon_core.package_identification:_identify(src/tku_msgs) by extension 'ignore_ament_install'
[0.735s] Level 1:colcon.colcon_core.package_identification:_identify(src/tku_msgs) by extensions ['colcon_pkg']
[0.735s] Level 1:colcon.colcon_core.package_identification:_identify(src/tku_msgs) by extension 'colcon_pkg'
[0.735s] Level 1:colcon.colcon_core.package_identification:_identify(src/tku_msgs) by extensions ['colcon_meta']
[0.735s] Level 1:colcon.colcon_core.package_identification:_identify(src/tku_msgs) by extension 'colcon_meta'
[0.735s] Level 1:colcon.colcon_core.package_identification:_identify(src/tku_msgs) by extensions ['ros']
[0.735s] Level 1:colcon.colcon_core.package_identification:_identify(src/tku_msgs) by extension 'ros'
[0.735s] DEBUG:colcon.colcon_core.package_identification:Package 'src/tku_msgs' with type 'ros.ament_cmake' and name 'tku_msgs'
[0.735s] Level 1:colcon.colcon_core.package_discovery:discover_packages(recursive) using defaults
[0.735s] Level 1:colcon.colcon_core.package_discovery:discover_packages(ignore) discover
[0.735s] Level 1:colcon.colcon_core.package_discovery:discover_packages(ignore) using defaults
[0.735s] Level 1:colcon.colcon_core.package_discovery:discover_packages(path) discover
[0.735s] Level 1:colcon.colcon_core.package_discovery:discover_packages(path) using defaults
[0.805s] Level 1:colcon.colcon_core.package_discovery:discover_packages(prefix_path) check parameters
[0.805s] Level 1:colcon.colcon_core.package_discovery:discover_packages(prefix_path) discover
[0.826s] DEBUG:colcon.colcon_installed_package_information.package_discovery:Found 5 installed packages in /home/iclab/motion/install
[0.836s] DEBUG:colcon.colcon_installed_package_information.package_discovery:Found 329 installed packages in /opt/ros/humble
[0.837s] Level 1:colcon.colcon_core.package_discovery:discover_packages(prefix_path) using defaults
[0.903s] Level 5:colcon.colcon_core.verb:set package 'aaa' build argument 'cmake_args' from command line to 'None'
[0.903s] Level 5:colcon.colcon_core.verb:set package 'aaa' build argument 'cmake_target' from command line to 'None'
[0.903s] Level 5:colcon.colcon_core.verb:set package 'aaa' build argument 'cmake_target_skip_unavailable' from command line to 'False'
[0.904s] Level 5:colcon.colcon_core.verb:set package 'aaa' build argument 'cmake_clean_cache' from command line to 'False'
[0.904s] Level 5:colcon.colcon_core.verb:set package 'aaa' build argument 'cmake_clean_first' from command line to 'False'
[0.904s] Level 5:colcon.colcon_core.verb:set package 'aaa' build argument 'cmake_force_configure' from command line to 'False'
[0.904s] Level 5:colcon.colcon_core.verb:set package 'aaa' build argument 'ament_cmake_args' from command line to 'None'
[0.904s] Level 5:colcon.colcon_core.verb:set package 'aaa' build argument 'catkin_cmake_args' from command line to 'None'
[0.904s] Level 5:colcon.colcon_core.verb:set package 'aaa' build argument 'catkin_skip_building_tests' from command line to 'False'
[0.904s] DEBUG:colcon.colcon_core.verb:Building package 'aaa' with the following arguments: {'ament_cmake_args': None, 'build_base': '/home/iclab/motion/build/aaa', 'catkin_cmake_args': None, 'catkin_skip_building_tests': False, 'cmake_args': None, 'cmake_clean_cache': False, 'cmake_clean_first': False, 'cmake_force_configure': False, 'cmake_target': None, 'cmake_target_skip_unavailable': False, 'install_base': '/home/iclab/motion/install/aaa', 'merge_install': False, 'path': '/home/iclab/motion/src/aaa', 'symlink_install': False, 'test_result_base': None}
[0.914s] Level 5:colcon.colcon_core.verb:set package 'tku_msgs' build argument 'cmake_args' from command line to 'None'
[0.914s] Level 5:colcon.colcon_core.verb:set package 'tku_msgs' build argument 'cmake_target' from command line to 'None'
[0.914s] Level 5:colcon.colcon_core.verb:set package 'tku_msgs' build argument 'cmake_target_skip_unavailable' from command line to 'False'
[0.914s] Level 5:colcon.colcon_core.verb:set package 'tku_msgs' build argument 'cmake_clean_cache' from command line to 'False'
[0.914s] Level 5:colcon.colcon_core.verb:set package 'tku_msgs' build argument 'cmake_clean_first' from command line to 'False'
[0.914s] Level 5:colcon.colcon_core.verb:set package 'tku_msgs' build argument 'cmake_force_configure' from command line to 'False'
[0.914s] Level 5:colcon.colcon_core.verb:set package 'tku_msgs' build argument 'ament_cmake_args' from command line to 'None'
[0.914s] Level 5:colcon.colcon_core.verb:set package 'tku_msgs' build argument 'catkin_cmake_args' from command line to 'None'
[0.914s] Level 5:colcon.colcon_core.verb:set package 'tku_msgs' build argument 'catkin_skip_building_tests' from command line to 'False'
[0.914s] DEBUG:colcon.colcon_core.verb:Building package 'tku_msgs' with the following arguments: {'ament_cmake_args': None, 'build_base': '/home/iclab/motion/build/tku_msgs', 'catkin_cmake_args': None, 'catkin_skip_building_tests': False, 'cmake_args': None, 'cmake_clean_cache': False, 'cmake_clean_first': False, 'cmake_force_configure': False, 'cmake_target': None, 'cmake_target_skip_unavailable': False, 'install_base': '/home/iclab/motion/install/tku_msgs', 'merge_install': False, 'path': '/home/iclab/motion/src/tku_msgs', 'symlink_install': False, 'test_result_base': None}
[0.924s] Level 5:colcon.colcon_core.verb:set package 'tku_libs' build argument 'cmake_args' from command line to 'None'
[0.924s] Level 5:colcon.colcon_core.verb:set package 'tku_libs' build argument 'cmake_target' from command line to 'None'
[0.924s] Level 5:colcon.colcon_core.verb:set package 'tku_libs' build argument 'cmake_target_skip_unavailable' from command line to 'False'
[0.924s] Level 5:colcon.colcon_core.verb:set package 'tku_libs' build argument 'cmake_clean_cache' from command line to 'False'
[0.924s] Level 5:colcon.colcon_core.verb:set package 'tku_libs' build argument 'cmake_clean_first' from command line to 'False'
[0.924s] Level 5:colcon.colcon_core.verb:set package 'tku_libs' build argument 'cmake_force_configure' from command line to 'False'
[0.924s] Level 5:colcon.colcon_core.verb:set package 'tku_libs' build argument 'ament_cmake_args' from command line to 'None'
[0.924s] Level 5:colcon.colcon_core.verb:set package 'tku_libs' build argument 'catkin_cmake_args' from command line to 'None'
[0.924s] Level 5:colcon.colcon_core.verb:set package 'tku_libs' build argument 'catkin_skip_building_tests' from command line to 'False'
[0.924s] DEBUG:colcon.colcon_core.verb:Building package 'tku_libs' with the following arguments: {'ament_cmake_args': None, 'build_base': '/home/iclab/motion/build/tku_libs', 'catkin_cmake_args': None, 'catkin_skip_building_tests': False, 'cmake_args': None, 'cmake_clean_cache': False, 'cmake_clean_first': False, 'cmake_force_configure': False, 'cmake_target': None, 'cmake_target_skip_unavailable': False, 'install_base': '/home/iclab/motion/install/tku_libs', 'merge_install': False, 'path': '/home/iclab/motion/src/tku_libs', 'symlink_install': False, 'test_result_base': None}
[0.934s] INFO:colcon.colcon_core.executor:Executing jobs using 'parallel' executor
[0.944s] DEBUG:colcon.colcon_parallel_executor.executor.parallel:run_until_complete
[0.944s] INFO:colcon.colcon_ros.task.ament_cmake.build:Building ROS package in '/home/iclab/motion/src/tku_msgs' with build type 'ament_cmake'
[0.944s] INFO:colcon.colcon_cmake.task.cmake.build:Building CMake package in '/home/iclab/motion/src/tku_msgs'
[0.955s] INFO:colcon.colcon_core.plugin_system:Skipping extension 'colcon_core.shell.bat': Not used on non-Windows systems
[0.956s] INFO:colcon.colcon_core.shell:Skip shell extension 'powershell' for command environment: Not usable outside of PowerShell
[0.956s] DEBUG:colcon.colcon_core.shell:Skip shell extension 'dsv' for command environment
[0.988s] INFO:colcon.colcon_ros.task.ament_python.build:Building ROS package in '/home/iclab/motion/src/aaa' with build type 'ament_python'
[0.989s] Level 1:colcon.colcon_core.shell:create_environment_hook('aaa', 'ament_prefix_path')
[0.999s] INFO:colcon.colcon_core.shell:Creating environment hook '/home/iclab/motion/install/aaa/share/aaa/hook/ament_prefix_path.ps1'
[1.000s] INFO:colcon.colcon_core.shell:Creating environment descriptor '/home/iclab/motion/install/aaa/share/aaa/hook/ament_prefix_path.dsv'
[1.000s] INFO:colcon.colcon_core.shell:Creating environment hook '/home/iclab/motion/install/aaa/share/aaa/hook/ament_prefix_path.sh'
[1.010s] INFO:colcon.colcon_core.shell:Skip shell extension 'powershell' for command environment: Not usable outside of PowerShell
[1.010s] DEBUG:colcon.colcon_core.shell:Skip shell extension 'dsv' for command environment
[1.044s] DEBUG:colcon.colcon_core.event_handler.log_command:Invoking command in '/home/iclab/motion/build/tku_msgs': CMAKE_PREFIX_PATH=${CMAKE_PREFIX_PATH}:/home/iclab/motion/install/aaa:/opt/ros/humble /usr/bin/cmake --build /home/iclab/motion/build/tku_msgs -- -j8 -l8
[1.326s] INFO:colcon.colcon_core.task.python.build:Building Python package in '/home/iclab/motion/src/aaa'
[1.338s] INFO:colcon.colcon_core.shell:Skip shell extension 'powershell' for command environment: Not usable outside of PowerShell
[1.338s] DEBUG:colcon.colcon_core.shell:Skip shell extension 'dsv' for command environment
[1.413s] DEBUG:colcon.colcon_core.event_handler.log_command:Invoked command in '/home/iclab/motion/build/tku_msgs' returned '0': CMAKE_PREFIX_PATH=${CMAKE_PREFIX_PATH}:/home/iclab/motion/install/aaa:/opt/ros/humble /usr/bin/cmake --build /home/iclab/motion/build/tku_msgs -- -j8 -l8
[1.679s] DEBUG:colcon.colcon_core.event_handler.log_command:Invoking command in '/home/iclab/motion/src/aaa': PYTHONPATH=/home/iclab/motion/build/aaa/prefix_override:/home/iclab/motion/install/aaa/lib/python3.10/site-packages:${PYTHONPATH} /usr/bin/python3 setup.py egg_info --egg-base ../../build/aaa build --build-base /home/iclab/motion/build/aaa/build install --record /home/iclab/motion/build/aaa/install.log --single-version-externally-managed
[1.741s] DEBUG:colcon.colcon_core.event_handler.log_command:Invoking command in '/home/iclab/motion/build/tku_msgs': CMAKE_PREFIX_PATH=${CMAKE_PREFIX_PATH}:/home/iclab/motion/install/aaa:/opt/ros/humble /usr/bin/cmake --install /home/iclab/motion/build/tku_msgs
[1.790s] Level 1:colcon.colcon_core.environment:create_environment_scripts_only(tku_msgs)
[1.790s] DEBUG:colcon.colcon_core.event_handler.log_command:Invoked command in '/home/iclab/motion/build/tku_msgs' returned '0': CMAKE_PREFIX_PATH=${CMAKE_PREFIX_PATH}:/home/iclab/motion/install/aaa:/opt/ros/humble /usr/bin/cmake --install /home/iclab/motion/build/tku_msgs
[1.810s] Level 1:colcon.colcon_core.environment:checking '/home/iclab/motion/install/tku_msgs' for CMake module files
[1.811s] Level 1:colcon.colcon_core.environment:checking '/home/iclab/motion/install/tku_msgs' for CMake config files
[1.811s] Level 1:colcon.colcon_core.shell:create_environment_hook('tku_msgs', 'cmake_prefix_path')
[1.828s] INFO:colcon.colcon_core.shell:Creating environment hook '/home/iclab/motion/install/tku_msgs/share/tku_msgs/hook/cmake_prefix_path.ps1'
[1.828s] INFO:colcon.colcon_core.shell:Creating environment descriptor '/home/iclab/motion/install/tku_msgs/share/tku_msgs/hook/cmake_prefix_path.dsv'
[1.828s] INFO:colcon.colcon_core.shell:Creating environment hook '/home/iclab/motion/install/tku_msgs/share/tku_msgs/hook/cmake_prefix_path.sh'
[1.829s] Level 1:colcon.colcon_core.environment:checking '/home/iclab/motion/install/tku_msgs/lib'
[1.829s] Level 1:colcon.colcon_core.shell:create_environment_hook('tku_msgs', 'ld_library_path_lib')
[1.839s] INFO:colcon.colcon_core.shell:Creating environment hook '/home/iclab/motion/install/tku_msgs/share/tku_msgs/hook/ld_library_path_lib.ps1'
[1.840s] INFO:colcon.colcon_core.shell:Creating environment descriptor '/home/iclab/motion/install/tku_msgs/share/tku_msgs/hook/ld_library_path_lib.dsv'
[1.840s] INFO:colcon.colcon_core.shell:Creating environment hook '/home/iclab/motion/install/tku_msgs/share/tku_msgs/hook/ld_library_path_lib.sh'
[1.840s] Level 1:colcon.colcon_core.environment:checking '/home/iclab/motion/install/tku_msgs/bin'
[1.840s] Level 1:colcon.colcon_core.environment:checking '/home/iclab/motion/install/tku_msgs/lib/pkgconfig/tku_msgs.pc'
[1.840s] Level 1:colcon.colcon_core.environment:checking '/home/iclab/motion/install/tku_msgs/lib/python3.10/site-packages'
[1.840s] Level 1:colcon.colcon_core.environment:checking '/home/iclab/motion/install/tku_msgs/bin'
[1.851s] INFO:colcon.colcon_core.shell:Creating package script '/home/iclab/motion/install/tku_msgs/share/tku_msgs/package.ps1'
[1.852s] INFO:colcon.colcon_core.shell:Creating package descriptor '/home/iclab/motion/install/tku_msgs/share/tku_msgs/package.dsv'
[1.852s] INFO:colcon.colcon_core.shell:Creating package script '/home/iclab/motion/install/tku_msgs/share/tku_msgs/package.sh'
[1.853s] INFO:colcon.colcon_core.shell:Creating package script '/home/iclab/motion/install/tku_msgs/share/tku_msgs/package.bash'
[1.853s] INFO:colcon.colcon_core.shell:Creating package script '/home/iclab/motion/install/tku_msgs/share/tku_msgs/package.zsh'
[1.853s] Level 1:colcon.colcon_core.environment:create_file_with_runtime_dependencies(/home/iclab/motion/install/tku_msgs/share/colcon-core/packages/tku_msgs)
[1.909s] DEBUG:colcon.colcon_core.event_handler.log_command:Invoked command in '/home/iclab/motion/src/aaa' returned '0': PYTHONPATH=/home/iclab/motion/build/aaa/prefix_override:/home/iclab/motion/install/aaa/lib/python3.10/site-packages:${PYTHONPATH} /usr/bin/python3 setup.py egg_info --egg-base ../../build/aaa build --build-base /home/iclab/motion/build/aaa/build install --record /home/iclab/motion/build/aaa/install.log --single-version-externally-managed
[1.920s] Level 1:colcon.colcon_core.environment:checking '/home/iclab/motion/install/aaa' for CMake module files
[1.921s] Level 1:colcon.colcon_core.environment:checking '/home/iclab/motion/install/aaa' for CMake config files
[1.921s] Level 1:colcon.colcon_core.environment:checking '/home/iclab/motion/install/aaa/lib'
[1.921s] Level 1:colcon.colcon_core.environment:checking '/home/iclab/motion/install/aaa/bin'
[1.921s] Level 1:colcon.colcon_core.environment:checking '/home/iclab/motion/install/aaa/lib/pkgconfig/aaa.pc'
[1.921s] Level 1:colcon.colcon_core.environment:checking '/home/iclab/motion/install/aaa/lib/python3.10/site-packages'
[1.921s] Level 1:colcon.colcon_core.shell:create_environment_hook('aaa', 'pythonpath')
[1.932s] INFO:colcon.colcon_core.shell:Creating environment hook '/home/iclab/motion/install/aaa/share/aaa/hook/pythonpath.ps1'
[1.932s] INFO:colcon.colcon_core.shell:Creating environment descriptor '/home/iclab/motion/install/aaa/share/aaa/hook/pythonpath.dsv'
[1.933s] INFO:colcon.colcon_core.shell:Creating environment hook '/home/iclab/motion/install/aaa/share/aaa/hook/pythonpath.sh'
[1.933s] Level 1:colcon.colcon_core.environment:checking '/home/iclab/motion/install/aaa/bin'
[1.933s] Level 1:colcon.colcon_core.environment:create_environment_scripts_only(aaa)
[1.944s] INFO:colcon.colcon_core.shell:Creating package script '/home/iclab/motion/install/aaa/share/aaa/package.ps1'
[1.944s] INFO:colcon.colcon_core.shell:Creating package descriptor '/home/iclab/motion/install/aaa/share/aaa/package.dsv'
[1.944s] INFO:colcon.colcon_core.shell:Creating package script '/home/iclab/motion/install/aaa/share/aaa/package.sh'
[1.944s] INFO:colcon.colcon_core.shell:Creating package script '/home/iclab/motion/install/aaa/share/aaa/package.bash'
[1.945s] INFO:colcon.colcon_core.shell:Creating package script '/home/iclab/motion/install/aaa/share/aaa/package.zsh'
[1.945s] Level 1:colcon.colcon_core.environment:create_file_with_runtime_dependencies(/home/iclab/motion/install/aaa/share/colcon-core/packages/aaa)
[2.184s] Level 1:colcon.colcon_core.environment:create_environment_scripts_only(tku_msgs)
[2.195s] Level 1:colcon.colcon_core.environment:checking '/home/iclab/motion/install/tku_msgs' for CMake module files
[2.196s] Level 1:colcon.colcon_core.environment:checking '/home/iclab/motion/install/tku_msgs' for CMake config files
[2.196s] Level 1:colcon.colcon_core.shell:create_environment_hook('tku_msgs', 'cmake_prefix_path')
[2.207s] INFO:colcon.colcon_core.shell:Creating environment hook '/home/iclab/motion/install/tku_msgs/share/tku_msgs/hook/cmake_prefix_path.ps1'
[2.207s] INFO:colcon.colcon_core.shell:Creating environment descriptor '/home/iclab/motion/install/tku_msgs/share/tku_msgs/hook/cmake_prefix_path.dsv'
[2.207s] INFO:colcon.colcon_core.shell:Creating environment hook '/home/iclab/motion/install/tku_msgs/share/tku_msgs/hook/cmake_prefix_path.sh'
[2.208s] Level 1:colcon.colcon_core.environment:checking '/home/iclab/motion/install/tku_msgs/lib'
[2.208s] Level 1:colcon.colcon_core.shell:create_environment_hook('tku_msgs', 'ld_library_path_lib')
[2.218s] INFO:colcon.colcon_core.shell:Creating environment hook '/home/iclab/motion/install/tku_msgs/share/tku_msgs/hook/ld_library_path_lib.ps1'
[2.218s] INFO:colcon.colcon_core.shell:Creating environment descriptor '/home/iclab/motion/install/tku_msgs/share/tku_msgs/hook/ld_library_path_lib.dsv'
[2.219s] INFO:colcon.colcon_core.shell:Creating environment hook '/home/iclab/motion/install/tku_msgs/share/tku_msgs/hook/ld_library_path_lib.sh'
[2.219s] Level 1:colcon.colcon_core.environment:checking '/home/iclab/motion/install/tku_msgs/bin'
[2.219s] Level 1:colcon.colcon_core.environment:checking '/home/iclab/motion/install/tku_msgs/lib/pkgconfig/tku_msgs.pc'
[2.219s] Level 1:colcon.colcon_core.environment:checking '/home/iclab/motion/install/tku_msgs/lib/python3.10/site-packages'
[2.219s] Level 1:colcon.colcon_core.environment:checking '/home/iclab/motion/install/tku_msgs/bin'
[2.230s] INFO:colcon.colcon_core.shell:Creating package script '/home/iclab/motion/install/tku_msgs/share/tku_msgs/package.ps1'
[2.230s] INFO:colcon.colcon_core.shell:Creating package descriptor '/home/iclab/motion/install/tku_msgs/share/tku_msgs/package.dsv'
[2.230s] INFO:colcon.colcon_core.shell:Creating package script '/home/iclab/motion/install/tku_msgs/share/tku_msgs/package.sh'
[2.231s] INFO:colcon.colcon_core.shell:Creating package script '/home/iclab/motion/install/tku_msgs/share/tku_msgs/package.bash'
[2.231s] INFO:colcon.colcon_core.shell:Creating package script '/home/iclab/motion/install/tku_msgs/share/tku_msgs/package.zsh'
[2.231s] Level 1:colcon.colcon_core.environment:create_file_with_runtime_dependencies(/home/iclab/motion/install/tku_msgs/share/colcon-core/packages/tku_msgs)
[2.232s] INFO:colcon.colcon_ros.task.ament_python.build:Building ROS package in '/home/iclab/motion/src/tku_libs' with build type 'ament_python'
[2.232s] Level 1:colcon.colcon_core.shell:create_environment_hook('tku_libs', 'ament_prefix_path')
[2.243s] INFO:colcon.colcon_core.shell:Creating environment hook '/home/iclab/motion/install/tku_libs/share/tku_libs/hook/ament_prefix_path.ps1'
[2.243s] INFO:colcon.colcon_core.shell:Creating environment descriptor '/home/iclab/motion/install/tku_libs/share/tku_libs/hook/ament_prefix_path.dsv'
[2.243s] INFO:colcon.colcon_core.shell:Creating environment hook '/home/iclab/motion/install/tku_libs/share/tku_libs/hook/ament_prefix_path.sh'
[2.255s] INFO:colcon.colcon_core.shell:Skip shell extension 'powershell' for command environment: Not usable outside of PowerShell
[2.255s] DEBUG:colcon.colcon_core.shell:Skip shell extension 'dsv' for command environment
[2.485s] INFO:colcon.colcon_core.task.python.build:Building Python package in '/home/iclab/motion/src/tku_libs'
[2.496s] INFO:colcon.colcon_core.shell:Skip shell extension 'powershell' for command environment: Not usable outside of PowerShell
[2.496s] DEBUG:colcon.colcon_core.shell:Skip shell extension 'dsv' for command environment
[2.803s] DEBUG:colcon.colcon_core.event_handler.log_command:Invoking command in '/home/iclab/motion/src/tku_libs': CMAKE_PREFIX_PATH=/home/iclab/motion/install/tku_msgs:/home/iclab/motion/install/tuk_libs:/home/iclab/motion/install/motionpackage:/home/iclab/motion/install/tku_libs PYTHONPATH=/home/iclab/motion/build/tku_libs/prefix_override:/home/iclab/motion/install/tku_libs/lib/python3.10/site-packages:${PYTHONPATH} /usr/bin/python3 setup.py egg_info --egg-base ../../build/tku_libs build --build-base /home/iclab/motion/build/tku_libs/build install --record /home/iclab/motion/build/tku_libs/install.log --single-version-externally-managed
[3.007s] DEBUG:colcon.colcon_core.event_handler.log_command:Invoked command in '/home/iclab/motion/src/tku_libs' returned '0': CMAKE_PREFIX_PATH=/home/iclab/motion/install/tku_msgs:/home/iclab/motion/install/tuk_libs:/home/iclab/motion/install/motionpackage:/home/iclab/motion/install/tku_libs PYTHONPATH=/home/iclab/motion/build/tku_libs/prefix_override:/home/iclab/motion/install/tku_libs/lib/python3.10/site-packages:${PYTHONPATH} /usr/bin/python3 setup.py egg_info --egg-base ../../build/tku_libs build --build-base /home/iclab/motion/build/tku_libs/build install --record /home/iclab/motion/build/tku_libs/install.log --single-version-externally-managed
[3.018s] Level 1:colcon.colcon_core.environment:checking '/home/iclab/motion/install/tku_libs' for CMake module files
[3.018s] Level 1:colcon.colcon_core.environment:checking '/home/iclab/motion/install/tku_libs' for CMake config files
[3.018s] Level 1:colcon.colcon_core.shell:create_environment_hook('tku_libs', 'cmake_prefix_path')
[3.027s] INFO:colcon.colcon_core.shell:Creating environment hook '/home/iclab/motion/install/tku_libs/share/tku_libs/hook/cmake_prefix_path.ps1'
[3.028s] INFO:colcon.colcon_core.shell:Creating environment descriptor '/home/iclab/motion/install/tku_libs/share/tku_libs/hook/cmake_prefix_path.dsv'
[3.028s] INFO:colcon.colcon_core.shell:Creating environment hook '/home/iclab/motion/install/tku_libs/share/tku_libs/hook/cmake_prefix_path.sh'
[3.028s] Level 1:colcon.colcon_core.environment:checking '/home/iclab/motion/install/tku_libs/lib'
[3.028s] Level 1:colcon.colcon_core.environment:checking '/home/iclab/motion/install/tku_libs/bin'
[3.028s] Level 1:colcon.colcon_core.environment:checking '/home/iclab/motion/install/tku_libs/lib/pkgconfig/tku_libs.pc'
[3.028s] Level 1:colcon.colcon_core.environment:checking '/home/iclab/motion/install/tku_libs/lib/python3.10/site-packages'
[3.028s] Level 1:colcon.colcon_core.shell:create_environment_hook('tku_libs', 'pythonpath')
[3.037s] INFO:colcon.colcon_core.shell:Creating environment hook '/home/iclab/motion/install/tku_libs/share/tku_libs/hook/pythonpath.ps1'
[3.038s] INFO:colcon.colcon_core.shell:Creating environment descriptor '/home/iclab/motion/install/tku_libs/share/tku_libs/hook/pythonpath.dsv'
[3.038s] INFO:colcon.colcon_core.shell:Creating environment hook '/home/iclab/motion/install/tku_libs/share/tku_libs/hook/pythonpath.sh'
[3.038s] Level 1:colcon.colcon_core.environment:checking '/home/iclab/motion/install/tku_libs/bin'
[3.038s] Level 1:colcon.colcon_core.environment:create_environment_scripts_only(tku_libs)
[3.048s] INFO:colcon.colcon_core.shell:Creating package script '/home/iclab/motion/install/tku_libs/share/tku_libs/package.ps1'
[3.048s] INFO:colcon.colcon_core.shell:Creating package descriptor '/home/iclab/motion/install/tku_libs/share/tku_libs/package.dsv'
[3.048s] INFO:colcon.colcon_core.shell:Creating package script '/home/iclab/motion/install/tku_libs/share/tku_libs/package.sh'
[3.049s] INFO:colcon.colcon_core.shell:Creating package script '/home/iclab/motion/install/tku_libs/share/tku_libs/package.bash'
[3.049s] INFO:colcon.colcon_core.shell:Creating package script '/home/iclab/motion/install/tku_libs/share/tku_libs/package.zsh'
[3.049s] Level 1:colcon.colcon_core.environment:create_file_with_runtime_dependencies(/home/iclab/motion/install/tku_libs/share/colcon-core/packages/tku_libs)
[3.049s] DEBUG:colcon.colcon_parallel_executor.executor.parallel:closing loop
[3.049s] DEBUG:colcon.colcon_parallel_executor.executor.parallel:loop closed
[3.049s] DEBUG:colcon.colcon_parallel_executor.executor.parallel:run_until_complete finished with '0'
[3.049s] DEBUG:colcon.colcon_core.event_reactor:joining thread
[3.062s] INFO:colcon.colcon_core.plugin_system:Skipping extension 'colcon_notification.desktop_notification.terminal_notifier': Not used on non-Darwin systems
[3.062s] INFO:colcon.colcon_core.plugin_system:Skipping extension 'colcon_notification.desktop_notification.win32': Not used on non-Windows systems
[3.062s] INFO:colcon.colcon_notification.desktop_notification:Sending desktop notification using 'notify2'
[3.070s] DEBUG:colcon.colcon_core.event_reactor:joined thread
[3.092s] INFO:colcon.colcon_core.shell:Creating prefix script '/home/iclab/motion/install/local_setup.ps1'
[3.093s] INFO:colcon.colcon_core.shell:Creating prefix util module '/home/iclab/motion/install/_local_setup_util_ps1.py'
[3.093s] INFO:colcon.colcon_core.shell:Creating prefix chain script '/home/iclab/motion/install/setup.ps1'
[3.103s] INFO:colcon.colcon_core.shell:Creating prefix script '/home/iclab/motion/install/local_setup.sh'
[3.103s] INFO:colcon.colcon_core.shell:Creating prefix util module '/home/iclab/motion/install/_local_setup_util_sh.py'
[3.104s] INFO:colcon.colcon_core.shell:Creating prefix chain script '/home/iclab/motion/install/setup.sh'
[3.113s] INFO:colcon.colcon_core.shell:Creating prefix script '/home/iclab/motion/install/local_setup.bash'
[3.114s] INFO:colcon.colcon_core.shell:Creating prefix chain script '/home/iclab/motion/install/setup.bash'
[3.124s] INFO:colcon.colcon_core.shell:Creating prefix script '/home/iclab/motion/install/local_setup.zsh'
[3.124s] INFO:colcon.colcon_core.shell:Creating prefix chain script '/home/iclab/motion/install/setup.zsh'
