[3.067s] Invoking command in '/home/iclab/motion/src/motionpackage': PYTHONPATH=/home/iclab/motion/build/motionpackage/prefix_override:/home/iclab/motion/install/motionpackage/lib/python3.10/site-packages:${PYTHONPATH} /usr/bin/python3 setup.py egg_info --egg-base ../../build/motionpackage build --build-base /home/iclab/motion/build/motionpackage/build install --record /home/iclab/motion/build/motionpackage/install.log --single-version-externally-managed
[4.225s] running egg_info
[4.226s] writing ../../build/motionpackage/motionpackage.egg-info/PKG-INFO
[4.226s] writing dependency_links to ../../build/motionpackage/motionpackage.egg-info/dependency_links.txt
[4.229s] writing entry points to ../../build/motionpackage/motionpackage.egg-info/entry_points.txt
[4.230s] writing requirements to ../../build/motionpackage/motionpackage.egg-info/requires.txt
[4.230s] writing top-level names to ../../build/motionpackage/motionpackage.egg-info/top_level.txt
[4.241s] reading manifest file '../../build/motionpackage/motionpackage.egg-info/SOURCES.txt'
[4.243s] writing manifest file '../../build/motionpackage/motionpackage.egg-info/SOURCES.txt'
[4.243s] running build
[4.244s] running build_py
[4.245s] running install
[4.248s] running install_lib
[4.249s] byte-compiling /home/iclab/motion/install/motionpackage/lib/python3.10/site-packages/motionpackage/motionpackage.py to motionpackage.cpython-310.pyc
[4.272s] running install_data
[4.274s] running install_egg_info
[4.279s] removing '/home/iclab/motion/install/motionpackage/lib/python3.10/site-packages/motionpackage-0.0.0-py3.10.egg-info' (and everything under it)
[4.280s] Copying ../../build/motionpackage/motionpackage.egg-info to /home/iclab/motion/install/motionpackage/lib/python3.10/site-packages/motionpackage-0.0.0-py3.10.egg-info
[4.284s] running install_scripts
[4.344s] Installing motionpackage script to /home/iclab/motion/install/motionpackage/lib/motionpackage
[4.346s] writing list of installed files to '/home/iclab/motion/build/motionpackage/install.log'
[4.447s] Invoked command in '/home/iclab/motion/src/motionpackage' returned '0': PYTHONPATH=/home/iclab/motion/build/motionpackage/prefix_override:/home/iclab/motion/install/motionpackage/lib/python3.10/site-packages:${PYTHONPATH} /usr/bin/python3 setup.py egg_info --egg-base ../../build/motionpackage build --build-base /home/iclab/motion/build/motionpackage/build install --record /home/iclab/motion/build/motionpackage/install.log --single-version-externally-managed
