[1.735s] Invoking command in '/home/iclab/motion/src/aaa': AMENT_PREFIX_PATH=/home/iclab/motion/install/tku_libs:/home/iclab/motion/install/tku_msgs CMAKE_PREFIX_PATH=/home/iclab/motion/install/tku_libs:/home/iclab/motion/install/tku_msgs LD_LIBRARY_PATH=/home/iclab/motion/install/tku_msgs/lib PYTHONPATH=/home/iclab/motion/build/aaa/prefix_override:/home/iclab/motion/install/aaa/lib/python3.10/site-packages:/home/iclab/motion/install/tku_libs/lib/python3.10/site-packages:/home/iclab/motion/install/tku_msgs/local/lib/python3.10/dist-packages /usr/bin/python3 setup.py egg_info --egg-base ../../build/aaa build --build-base /home/iclab/motion/build/aaa/build install --record /home/iclab/motion/build/aaa/install.log --single-version-externally-managed
[2.345s] running egg_info
[2.347s] writing ../../build/aaa/aaa.egg-info/PKG-INFO
[2.347s] writing dependency_links to ../../build/aaa/aaa.egg-info/dependency_links.txt
[2.348s] writing entry points to ../../build/aaa/aaa.egg-info/entry_points.txt
[2.348s] writing requirements to ../../build/aaa/aaa.egg-info/requires.txt
[2.348s] writing top-level names to ../../build/aaa/aaa.egg-info/top_level.txt
[2.353s] reading manifest file '../../build/aaa/aaa.egg-info/SOURCES.txt'
[2.355s] writing manifest file '../../build/aaa/aaa.egg-info/SOURCES.txt'
[2.356s] running build
[2.356s] running build_py
[2.357s] running install
[2.357s] /usr/lib/python3/dist-packages/setuptools/command/install.py:34: SetuptoolsDeprecationWarning: setup.py install is deprecated. Use build and pip and other standards-based tools.
[2.357s]   warnings.warn(
[2.358s] running install_lib
[2.361s] running install_data
[2.362s] running install_egg_info
[2.366s] removing '/home/iclab/motion/install/aaa/lib/python3.10/site-packages/aaa-0.0.0-py3.10.egg-info' (and everything under it)
[2.367s] Copying ../../build/aaa/aaa.egg-info to /home/iclab/motion/install/aaa/lib/python3.10/site-packages/aaa-0.0.0-py3.10.egg-info
[2.369s] running install_scripts
[2.422s] Installing aaa script to /home/iclab/motion/install/aaa/lib/aaa
[2.423s] writing list of installed files to '/home/iclab/motion/build/aaa/install.log'
[2.495s] Invoked command in '/home/iclab/motion/src/aaa' returned '0': AMENT_PREFIX_PATH=/home/iclab/motion/install/tku_libs:/home/iclab/motion/install/tku_msgs CMAKE_PREFIX_PATH=/home/iclab/motion/install/tku_libs:/home/iclab/motion/install/tku_msgs LD_LIBRARY_PATH=/home/iclab/motion/install/tku_msgs/lib PYTHONPATH=/home/iclab/motion/build/aaa/prefix_override:/home/iclab/motion/install/aaa/lib/python3.10/site-packages:/home/iclab/motion/install/tku_libs/lib/python3.10/site-packages:/home/iclab/motion/install/tku_msgs/local/lib/python3.10/dist-packages /usr/bin/python3 setup.py egg_info --egg-base ../../build/aaa build --build-base /home/iclab/motion/build/aaa/build install --record /home/iclab/motion/build/aaa/install.log --single-version-externally-managed
