[0.231s] Invoking command in '/home/iclab/motion/build/cpp': CMAKE_PREFIX_PATH=/opt/ros/humble /usr/bin/cmake --build /home/iclab/motion/build/cpp -- -j4 -l4
[0.281s] -- Found ament_cmake: 1.3.6 (/opt/ros/humble/share/ament_cmake/cmake)
[0.669s] -- Found rclcpp: 16.0.7 (/opt/ros/humble/share/rclcpp/cmake)
[0.740s] -- Found rosidl_generator_c: 3.1.5 (/opt/ros/humble/share/rosidl_generator_c/cmake)
[0.747s] -- Found rosidl_adapter: 3.1.5 (/opt/ros/humble/share/rosidl_adapter/cmake)
[0.763s] -- Found rosidl_generator_cpp: 3.1.5 (/opt/ros/humble/share/rosidl_generator_cpp/cmake)
[0.793s] -- Using all available rosidl_typesupport_c: rosidl_typesupport_fastrtps_c;rosidl_typesupport_introspection_c
[0.839s] -- Using all available rosidl_typesupport_cpp: rosidl_typesupport_fastrtps_cpp;rosidl_typesupport_introspection_cpp
[1.001s] -- Found rmw_implementation_cmake: 6.1.1 (/opt/ros/humble/share/rmw_implementation_cmake/cmake)
[1.004s] -- Found rmw_fastrtps_cpp: 6.2.5 (/opt/ros/humble/share/rmw_fastrtps_cpp/cmake)
[1.281s] -- Using RMW implementation 'rmw_fastrtps_cpp' as default
[1.720s] -- Found ament_lint_auto: 0.12.9 (/opt/ros/humble/share/ament_lint_auto/cmake)
[1.917s] -- Added test 'cppcheck' to perform static code analysis on C / C++ code
[1.917s] -- Configured cppcheck include dirs: $<BUILD_INTERFACE:/home/iclab/motion/src/cpp/include>
[1.918s] -- Configured cppcheck exclude dirs and/or files: 
[1.919s] -- Added test 'lint_cmake' to check CMake code style
[1.922s] -- Added test 'uncrustify' to check C / C++ code style
[1.922s] -- Configured uncrustify additional arguments: 
[1.922s] -- Added test 'xmllint' to check XML markup files
[1.925s] -- Configuring done
[1.944s] -- Generating done
[1.952s] -- Build files have been written to: /home/iclab/motion/build/cpp
[2.036s] [35m[1mConsolidate compiler generated dependencies of target serial[0m
[2.066s] [ 33%] [32mBuilding CXX object CMakeFiles/serial.dir/src/serial.cpp.o[0m
[2.103s] In file included from [01m[K/home/iclab/motion/src/cpp/src/serial.cpp:4[m[K:
[2.103s] [01m[K/home/iclab/motion/src/cpp/src/../cssl/cssl.c:4:[m[K [01;35m[Kwarning: [m[K"_GNU_SOURCE" redefined
[2.104s]     4 | #define _GNU_SOURCE
[2.104s]       | 
[2.104s] [01m[K<command-line>:[m[K [01;36m[Knote: [m[Kthis is the location of the previous definition
[2.123s] [01m[K/home/iclab/motion/src/cpp/src/serial.cpp:14:10:[m[K [01;31m[Kfatal error: [m[Krclcpp/rclcpp.hpp: No such file or directory
[2.123s]    14 | #include [01;31m[K<rclcpp/rclcpp.hpp>[m[K
[2.124s]       |          [01;31m[K^~~~~~~~~~~~~~~~~~~[m[K
[2.124s] compilation terminated.
[2.127s] gmake[2]: *** [CMakeFiles/serial.dir/build.make:76: CMakeFiles/serial.dir/src/serial.cpp.o] Error 1
[2.128s] gmake[1]: *** [CMakeFiles/Makefile2:137: CMakeFiles/serial.dir/all] Error 2
[2.129s] gmake: *** [Makefile:146: all] Error 2
[2.141s] Invoked command in '/home/iclab/motion/build/cpp' returned '2': CMAKE_PREFIX_PATH=/opt/ros/humble /usr/bin/cmake --build /home/iclab/motion/build/cpp -- -j4 -l4
