[0.045s] Invoking command in '/home/iclab/motion/build/tku_libs': CMAKE_PREFIX_PATH=${CMAKE_PREFIX_PATH}:/opt/ros/humble /usr/bin/cmake --build /home/iclab/motion/build/tku_libs -- -j8 -l8
[0.064s] [35m[1mConsolidate compiler generated dependencies of target TKU_tool[0m
[0.070s] [100%] Built target TKU_tool
[0.078s] Invoked command in '/home/iclab/motion/build/tku_libs' returned '0': CMAKE_PREFIX_PATH=${CMAKE_PREFIX_PATH}:/opt/ros/humble /usr/bin/cmake --build /home/iclab/motion/build/tku_libs -- -j8 -l8
[0.097s] Invoking command in '/home/iclab/motion/build/tku_libs': CMAKE_PREFIX_PATH=${CMAKE_PREFIX_PATH}:/opt/ros/humble /usr/bin/cmake --install /home/iclab/motion/build/tku_libs
[0.102s] -- Install configuration: ""
[0.102s] -- Up-to-date: /home/iclab/motion/install/tku_libs/lib/tku_libs/TKU_tool
[0.102s] -- Up-to-date: /home/iclab/motion/install/tku_libs/share/ament_index/resource_index/package_run_dependencies/tku_libs
[0.102s] -- Up-to-date: /home/iclab/motion/install/tku_libs/share/ament_index/resource_index/parent_prefix_path/tku_libs
[0.102s] -- Up-to-date: /home/iclab/motion/install/tku_libs/share/tku_libs/environment/ament_prefix_path.sh
[0.102s] -- Up-to-date: /home/iclab/motion/install/tku_libs/share/tku_libs/environment/ament_prefix_path.dsv
[0.103s] -- Up-to-date: /home/iclab/motion/install/tku_libs/share/tku_libs/environment/path.sh
[0.103s] -- Up-to-date: /home/iclab/motion/install/tku_libs/share/tku_libs/environment/path.dsv
[0.103s] -- Up-to-date: /home/iclab/motion/install/tku_libs/share/tku_libs/local_setup.bash
[0.103s] -- Up-to-date: /home/iclab/motion/install/tku_libs/share/tku_libs/local_setup.sh
[0.103s] -- Up-to-date: /home/iclab/motion/install/tku_libs/share/tku_libs/local_setup.zsh
[0.103s] -- Up-to-date: /home/iclab/motion/install/tku_libs/share/tku_libs/local_setup.dsv
[0.103s] -- Up-to-date: /home/iclab/motion/install/tku_libs/share/tku_libs/package.dsv
[0.103s] -- Up-to-date: /home/iclab/motion/install/tku_libs/share/ament_index/resource_index/packages/tku_libs
[0.103s] -- Up-to-date: /home/iclab/motion/install/tku_libs/share/tku_libs/cmake/tku_libsConfig.cmake
[0.103s] -- Up-to-date: /home/iclab/motion/install/tku_libs/share/tku_libs/cmake/tku_libsConfig-version.cmake
[0.103s] -- Up-to-date: /home/iclab/motion/install/tku_libs/share/tku_libs/package.xml
[0.138s] Invoked command in '/home/iclab/motion/build/tku_libs' returned '0': CMAKE_PREFIX_PATH=${CMAKE_PREFIX_PATH}:/opt/ros/humble /usr/bin/cmake --install /home/iclab/motion/build/tku_libs
