[0.550s] Invoking command in '/home/iclab/motion/src/tku_libs': CMAKE_PREFIX_PATH=/home/iclab/motion/install/tku_msgs:/home/iclab/motion/install/tuk_libs:/home/iclab/motion/install/motionpackage:/home/iclab/motion/install/tku_libs PYTHONPATH=/home/iclab/motion/build/tku_libs/prefix_override:/home/iclab/motion/install/tku_libs/lib/python3.10/site-packages:${PYTHONPATH} /usr/bin/python3 setup.py egg_info --egg-base ../../build/tku_libs build --build-base /home/iclab/motion/build/tku_libs/build install --record /home/iclab/motion/build/tku_libs/install.log --single-version-externally-managed
[0.817s] running egg_info
[0.818s] writing ../../build/tku_libs/tku_libs.egg-info/PKG-INFO
[0.818s] writing dependency_links to ../../build/tku_libs/tku_libs.egg-info/dependency_links.txt
[0.818s] writing entry points to ../../build/tku_libs/tku_libs.egg-info/entry_points.txt
[0.818s] writing requirements to ../../build/tku_libs/tku_libs.egg-info/requires.txt
[0.818s] writing top-level names to ../../build/tku_libs/tku_libs.egg-info/top_level.txt
[0.820s] reading manifest file '../../build/tku_libs/tku_libs.egg-info/SOURCES.txt'
[0.821s] writing manifest file '../../build/tku_libs/tku_libs.egg-info/SOURCES.txt'
[0.821s] running build
[0.821s] running build_py
[0.821s] copying tku_libs/TKU_tool.py -> /home/iclab/motion/build/tku_libs/build/lib/tku_libs
[0.822s] running install
[0.822s] running install_lib
[0.823s] copying /home/iclab/motion/build/tku_libs/build/lib/tku_libs/TKU_tool.py -> /home/iclab/motion/install/tku_libs/lib/python3.10/site-packages/tku_libs
[0.824s] byte-compiling /home/iclab/motion/install/tku_libs/lib/python3.10/site-packages/tku_libs/TKU_tool.py to TKU_tool.cpython-310.pyc
[0.826s] running install_data
[0.826s] running install_egg_info
[0.828s] removing '/home/iclab/motion/install/tku_libs/lib/python3.10/site-packages/tku_libs-0.0.0-py3.10.egg-info' (and everything under it)
[0.828s] Copying ../../build/tku_libs/tku_libs.egg-info to /home/iclab/motion/install/tku_libs/lib/python3.10/site-packages/tku_libs-0.0.0-py3.10.egg-info
[0.829s] running install_scripts
[0.849s] Installing aaa script to /home/iclab/motion/install/tku_libs/lib/tku_libs
[0.849s] Installing bbb script to /home/iclab/motion/install/tku_libs/lib/tku_libs
[0.849s] writing list of installed files to '/home/iclab/motion/build/tku_libs/install.log'
[0.878s] Invoked command in '/home/iclab/motion/src/tku_libs' returned '0': CMAKE_PREFIX_PATH=/home/iclab/motion/install/tku_msgs:/home/iclab/motion/install/tuk_libs:/home/iclab/motion/install/motionpackage:/home/iclab/motion/install/tku_libs PYTHONPATH=/home/iclab/motion/build/tku_libs/prefix_override:/home/iclab/motion/install/tku_libs/lib/python3.10/site-packages:${PYTHONPATH} /usr/bin/python3 setup.py egg_info --egg-base ../../build/tku_libs build --build-base /home/iclab/motion/build/tku_libs/build install --record /home/iclab/motion/build/tku_libs/install.log --single-version-externally-managed
