running egg_info
writing ../../build/tku_libs/tku_libs.egg-info/PKG-INFO
writing dependency_links to ../../build/tku_libs/tku_libs.egg-info/dependency_links.txt
writing entry points to ../../build/tku_libs/tku_libs.egg-info/entry_points.txt
writing requirements to ../../build/tku_libs/tku_libs.egg-info/requires.txt
writing top-level names to ../../build/tku_libs/tku_libs.egg-info/top_level.txt
reading manifest file '../../build/tku_libs/tku_libs.egg-info/SOURCES.txt'
writing manifest file '../../build/tku_libs/tku_libs.egg-info/SOURCES.txt'
running build
running build_py
running install
/usr/lib/python3/dist-packages/setuptools/command/install.py:34: SetuptoolsDeprecationWarning: setup.py install is deprecated. Use build and pip and other standards-based tools.
  warnings.warn(
running install_lib
running install_data
running install_egg_info
removing '/home/iclab/motion/install/tku_libs/lib/python3.10/site-packages/tku_libs-0.0.0-py3.10.egg-info' (and everything under it)
Copying ../../build/tku_libs/tku_libs.egg-info to /home/iclab/motion/install/tku_libs/lib/python3.10/site-packages/tku_libs-0.0.0-py3.10.egg-info
running install_scripts
Installing aaa script to /home/iclab/motion/install/tku_libs/lib/tku_libs
Installing bbb script to /home/iclab/motion/install/tku_libs/lib/tku_libs
writing list of installed files to '/home/iclab/motion/build/tku_libs/install.log'
