[3.944s] Invoking command in '/home/iclab/motion/src/tku_libs': CMAKE_PREFIX_PATH=/home/iclab/motion/install/tku_msgs:/home/iclab/motion/install/tuk_libs:/home/iclab/motion/install/tku_libs:/home/iclab/motion/install/motionpackage:/home/iclab/motion/install/cpp:/home/iclab/cpp_test/install/cpp_pubsub LD_LIBRARY_PATH=/home/iclab/motion/install/tku_msgs/lib:/path/to/your/library:/opt/ros/humble/opt/rviz_ogre_vendor/lib:/opt/ros/humble/lib/x86_64-linux-gnu:/opt/ros/humble/lib PYTHONPATH=/home/iclab/motion/build/tku_libs/prefix_override:/home/iclab/motion/install/tku_libs/lib/python3.10/site-packages:${PYTHONPATH} /usr/bin/python3 setup.py egg_info --egg-base ../../build/tku_libs build --build-base /home/iclab/motion/build/tku_libs/build install --record /home/iclab/motion/build/tku_libs/install.log --single-version-externally-managed
[5.075s] running egg_info
[5.077s] writing ../../build/tku_libs/tku_libs.egg-info/PKG-INFO
[5.077s] writing dependency_links to ../../build/tku_libs/tku_libs.egg-info/dependency_links.txt
[5.078s] writing entry points to ../../build/tku_libs/tku_libs.egg-info/entry_points.txt
[5.078s] writing requirements to ../../build/tku_libs/tku_libs.egg-info/requires.txt
[5.079s] writing top-level names to ../../build/tku_libs/tku_libs.egg-info/top_level.txt
[5.086s] reading manifest file '../../build/tku_libs/tku_libs.egg-info/SOURCES.txt'
[5.088s] writing manifest file '../../build/tku_libs/tku_libs.egg-info/SOURCES.txt'
[5.089s] running build
[5.089s] running build_py
[5.090s] running install
[5.091s] running install_lib
[5.095s] running install_data
[5.097s] running install_egg_info
[5.102s] removing '/home/iclab/motion/install/tku_libs/lib/python3.10/site-packages/tku_libs-0.0.0-py3.10.egg-info' (and everything under it)
[5.103s] Copying ../../build/tku_libs/tku_libs.egg-info to /home/iclab/motion/install/tku_libs/lib/python3.10/site-packages/tku_libs-0.0.0-py3.10.egg-info
[5.107s] running install_scripts
[5.168s] Installing aaa script to /home/iclab/motion/install/tku_libs/lib/tku_libs
[5.168s] Installing bbb script to /home/iclab/motion/install/tku_libs/lib/tku_libs
[5.170s] writing list of installed files to '/home/iclab/motion/build/tku_libs/install.log'
[5.280s] Invoked command in '/home/iclab/motion/src/tku_libs' returned '0': CMAKE_PREFIX_PATH=/home/iclab/motion/install/tku_msgs:/home/iclab/motion/install/tuk_libs:/home/iclab/motion/install/tku_libs:/home/iclab/motion/install/motionpackage:/home/iclab/motion/install/cpp:/home/iclab/cpp_test/install/cpp_pubsub LD_LIBRARY_PATH=/home/iclab/motion/install/tku_msgs/lib:/path/to/your/library:/opt/ros/humble/opt/rviz_ogre_vendor/lib:/opt/ros/humble/lib/x86_64-linux-gnu:/opt/ros/humble/lib PYTHONPATH=/home/iclab/motion/build/tku_libs/prefix_override:/home/iclab/motion/install/tku_libs/lib/python3.10/site-packages:${PYTHONPATH} /usr/bin/python3 setup.py egg_info --egg-base ../../build/tku_libs build --build-base /home/iclab/motion/build/tku_libs/build install --record /home/iclab/motion/build/tku_libs/install.log --single-version-externally-managed
