[2.913s] Invoking command in '/home/iclab/motion/src/aaa': AMENT_PREFIX_PATH=/home/iclab/motion/install/tku_libs:/home/iclab/motion/install/tuk_libs:/home/iclab/motion/install/aaa:/home/iclab/motion/install/tku_msgs:/home/iclab/motion/install/motionpackage:/home/iclab/motion/install/cpp:/home/iclab/cpp_test/install/cpp_pubsub:/opt/ros/humble CMAKE_PREFIX_PATH=/home/iclab/motion/install/tku_libs:/home/iclab/motion/install/tku_msgs:/home/iclab/motion/install/tuk_libs:/home/iclab/motion/install/motionpackage:/home/iclab/motion/install/cpp:/home/iclab/cpp_test/install/cpp_pubsub LD_LIBRARY_PATH=/home/iclab/motion/install/tku_msgs/lib:/path/to/your/library:/opt/ros/humble/opt/rviz_ogre_vendor/lib:/opt/ros/humble/lib/x86_64-linux-gnu:/opt/ros/humble/lib PYTHONPATH=/home/iclab/motion/build/aaa/prefix_override:/home/iclab/motion/install/aaa/lib/python3.10/site-packages:/home/iclab/motion/install/tku_libs/lib/python3.10/site-packages:/home/iclab/motion/install/aaa/lib/python3.10/site-packages:/home/iclab/motion/install/tku_msgs/local/lib/python3.10/dist-packages:/home/iclab/motion/install/motionpackage/lib/python3.10/site-packages:/opt/ros/humble/lib/python3.10/site-packages:/opt/ros/humble/local/lib/python3.10/dist-packages /usr/bin/python3 setup.py egg_info --egg-base ../../build/aaa build --build-base /home/iclab/motion/build/aaa/build install --record /home/iclab/motion/build/aaa/install.log --single-version-externally-managed
[3.757s] running egg_info
[3.759s] writing ../../build/aaa/aaa.egg-info/PKG-INFO
[3.760s] writing dependency_links to ../../build/aaa/aaa.egg-info/dependency_links.txt
[3.760s] writing entry points to ../../build/aaa/aaa.egg-info/entry_points.txt
[3.761s] writing requirements to ../../build/aaa/aaa.egg-info/requires.txt
[3.762s] writing top-level names to ../../build/aaa/aaa.egg-info/top_level.txt
[3.768s] reading manifest file '../../build/aaa/aaa.egg-info/SOURCES.txt'
[3.771s] writing manifest file '../../build/aaa/aaa.egg-info/SOURCES.txt'
[3.771s] running build
[3.772s] running build_py
[3.772s] running install
[3.773s] running install_lib
[3.778s] running install_data
[3.779s] running install_egg_info
[3.785s] removing '/home/iclab/motion/install/aaa/lib/python3.10/site-packages/aaa-0.0.0-py3.10.egg-info' (and everything under it)
[3.786s] Copying ../../build/aaa/aaa.egg-info to /home/iclab/motion/install/aaa/lib/python3.10/site-packages/aaa-0.0.0-py3.10.egg-info
[3.790s] running install_scripts
[3.856s] Installing aaa script to /home/iclab/motion/install/aaa/lib/aaa
[3.857s] writing list of installed files to '/home/iclab/motion/build/aaa/install.log'
[3.943s] Invoked command in '/home/iclab/motion/src/aaa' returned '0': AMENT_PREFIX_PATH=/home/iclab/motion/install/tku_libs:/home/iclab/motion/install/tuk_libs:/home/iclab/motion/install/aaa:/home/iclab/motion/install/tku_msgs:/home/iclab/motion/install/motionpackage:/home/iclab/motion/install/cpp:/home/iclab/cpp_test/install/cpp_pubsub:/opt/ros/humble CMAKE_PREFIX_PATH=/home/iclab/motion/install/tku_libs:/home/iclab/motion/install/tku_msgs:/home/iclab/motion/install/tuk_libs:/home/iclab/motion/install/motionpackage:/home/iclab/motion/install/cpp:/home/iclab/cpp_test/install/cpp_pubsub LD_LIBRARY_PATH=/home/iclab/motion/install/tku_msgs/lib:/path/to/your/library:/opt/ros/humble/opt/rviz_ogre_vendor/lib:/opt/ros/humble/lib/x86_64-linux-gnu:/opt/ros/humble/lib PYTHONPATH=/home/iclab/motion/build/aaa/prefix_override:/home/iclab/motion/install/aaa/lib/python3.10/site-packages:/home/iclab/motion/install/tku_libs/lib/python3.10/site-packages:/home/iclab/motion/install/aaa/lib/python3.10/site-packages:/home/iclab/motion/install/tku_msgs/local/lib/python3.10/dist-packages:/home/iclab/motion/install/motionpackage/lib/python3.10/site-packages:/opt/ros/humble/lib/python3.10/site-packages:/opt/ros/humble/local/lib/python3.10/dist-packages /usr/bin/python3 setup.py egg_info --egg-base ../../build/aaa build --build-base /home/iclab/motion/build/aaa/build install --record /home/iclab/motion/build/aaa/install.log --single-version-externally-managed
