[6.292s] Invoking command in '/home/iclab/motion/src/motionpackage': PYTHONPATH=/home/iclab/motion/build/motionpackage/prefix_override:/home/iclab/motion/install/motionpackage/lib/python3.10/site-packages:${PYTHONPATH} /usr/bin/python3 setup.py egg_info --egg-base ../../build/motionpackage build --build-base /home/iclab/motion/build/motionpackage/build install --record /home/iclab/motion/build/motionpackage/install.log --single-version-externally-managed
[8.307s] running egg_info
[8.312s] writing ../../build/motionpackage/motionpackage.egg-info/PKG-INFO
[8.313s] writing dependency_links to ../../build/motionpackage/motionpackage.egg-info/dependency_links.txt
[8.313s] writing entry points to ../../build/motionpackage/motionpackage.egg-info/entry_points.txt
[8.317s] writing requirements to ../../build/motionpackage/motionpackage.egg-info/requires.txt
[8.318s] writing top-level names to ../../build/motionpackage/motionpackage.egg-info/top_level.txt
[8.333s] reading manifest file '../../build/motionpackage/motionpackage.egg-info/SOURCES.txt'
[8.337s] writing manifest file '../../build/motionpackage/motionpackage.egg-info/SOURCES.txt'
[8.338s] running build
[8.338s] running build_py
[8.340s] copying motionpackage/motionpackage.py -> /home/iclab/motion/build/motionpackage/build/lib/motionpackage
[8.344s] running install
[8.348s] running install_lib
[8.349s] copying /home/iclab/motion/build/motionpackage/build/lib/motionpackage/motionpackage.py -> /home/iclab/motion/install/motionpackage/lib/python3.10/site-packages/motionpackage
[8.354s] byte-compiling /home/iclab/motion/install/motionpackage/lib/python3.10/site-packages/motionpackage/motionpackage.py to motionpackage.cpython-310.pyc
[8.408s] running install_data
[8.412s] running install_egg_info
[8.422s] removing '/home/iclab/motion/install/motionpackage/lib/python3.10/site-packages/motionpackage-0.0.0-py3.10.egg-info' (and everything under it)
[8.423s] Copying ../../build/motionpackage/motionpackage.egg-info to /home/iclab/motion/install/motionpackage/lib/python3.10/site-packages/motionpackage-0.0.0-py3.10.egg-info
[8.430s] running install_scripts
[8.545s] Installing motionpackage script to /home/iclab/motion/install/motionpackage/lib/motionpackage
[8.549s] writing list of installed files to '/home/iclab/motion/build/motionpackage/install.log'
[8.709s] Invoked command in '/home/iclab/motion/src/motionpackage' returned '0': PYTHONPATH=/home/iclab/motion/build/motionpackage/prefix_override:/home/iclab/motion/install/motionpackage/lib/python3.10/site-packages:${PYTHONPATH} /usr/bin/python3 setup.py egg_info --egg-base ../../build/motionpackage build --build-base /home/iclab/motion/build/motionpackage/build install --record /home/iclab/motion/build/motionpackage/install.log --single-version-externally-managed
