[0.655s] Invoking command in '/home/iclab/motion/src/motionpackage': PYTHONPATH=/home/iclab/motion/build/motionpackage/prefix_override:/home/iclab/motion/install/motionpackage/lib/python3.10/site-packages:${PYTHONPATH} /usr/bin/python3 setup.py egg_info --egg-base ../../build/motionpackage build --build-base /home/iclab/motion/build/motionpackage/build install --record /home/iclab/motion/build/motionpackage/install.log --single-version-externally-managed
[0.890s] running egg_info
[0.890s] writing ../../build/motionpackage/motionpackage.egg-info/PKG-INFO
[0.890s] writing dependency_links to ../../build/motionpackage/motionpackage.egg-info/dependency_links.txt
[0.890s] writing entry points to ../../build/motionpackage/motionpackage.egg-info/entry_points.txt
[0.890s] writing requirements to ../../build/motionpackage/motionpackage.egg-info/requires.txt
[0.891s] writing top-level names to ../../build/motionpackage/motionpackage.egg-info/top_level.txt
[0.892s] reading manifest file '../../build/motionpackage/motionpackage.egg-info/SOURCES.txt'
[0.892s] writing manifest file '../../build/motionpackage/motionpackage.egg-info/SOURCES.txt'
[0.893s] running build
[0.893s] running build_py
[0.893s] running install
[0.893s] running install_lib
[0.894s] running install_data
[0.894s] running install_egg_info
[0.895s] removing '/home/iclab/motion/install/motionpackage/lib/python3.10/site-packages/motionpackage-0.0.0-py3.10.egg-info' (and everything under it)
[0.896s] Copying ../../build/motionpackage/motionpackage.egg-info to /home/iclab/motion/install/motionpackage/lib/python3.10/site-packages/motionpackage-0.0.0-py3.10.egg-info
[0.896s] running install_scripts
[0.910s] Installing motionpackage script to /home/iclab/motion/install/motionpackage/lib/motionpackage
[0.911s] writing list of installed files to '/home/iclab/motion/build/motionpackage/install.log'
[0.929s] Invoked command in '/home/iclab/motion/src/motionpackage' returned '0': PYTHONPATH=/home/iclab/motion/build/motionpackage/prefix_override:/home/iclab/motion/install/motionpackage/lib/python3.10/site-packages:${PYTHONPATH} /usr/bin/python3 setup.py egg_info --egg-base ../../build/motionpackage build --build-base /home/iclab/motion/build/motionpackage/build install --record /home/iclab/motion/build/motionpackage/install.log --single-version-externally-managed
