[0.089s] Invoking command in '/home/iclab/motion/build/tku_libs': CMAKE_PREFIX_PATH=${CMAKE_PREFIX_PATH}:/opt/ros/humble /usr/bin/cmake --build /home/iclab/motion/build/tku_libs -- -j8 -l8
[0.114s] [35m[1mConsolidate compiler generated dependencies of target tku_libs[0m
[0.125s] [ 50%] [32mBuilding CXX object CMakeFiles/tku_libs.dir/src/TKU_tool.cpp.o[0m
[2.130s] [100%] [32m[1mLinking CXX static library libtku_libs.a[0m
[2.167s] [100%] Built target tku_libs
[2.173s] Invoked command in '/home/iclab/motion/build/tku_libs' returned '0': CMAKE_PREFIX_PATH=${CMAKE_PREFIX_PATH}:/opt/ros/humble /usr/bin/cmake --build /home/iclab/motion/build/tku_libs -- -j8 -l8
[2.189s] Invoking command in '/home/iclab/motion/build/tku_libs': CMAKE_PREFIX_PATH=${CMAKE_PREFIX_PATH}:/opt/ros/humble /usr/bin/cmake --install /home/iclab/motion/build/tku_libs
[2.195s] -- Install configuration: ""
[2.195s] -- Up-to-date: /home/iclab/motion/install/tku_libs/include/tku_libs
[2.195s] -- Up-to-date: /home/iclab/motion/install/tku_libs/include/tku_libs/TKU_tool.h
[2.195s] -- Installing: /home/iclab/motion/install/tku_libs/lib/libtku_libs.a
[2.195s] -- Installing: /home/iclab/motion/install/tku_libs/lib/tku_libs/libtku_libs.a
[2.195s] -- Up-to-date: /home/iclab/motion/install/tku_libs/share/tku_libs/environment/library_path.sh
[2.195s] -- Up-to-date: /home/iclab/motion/install/tku_libs/share/tku_libs/environment/library_path.dsv
[2.195s] -- Up-to-date: /home/iclab/motion/install/tku_libs/include/tku_libs
[2.195s] -- Up-to-date: /home/iclab/motion/install/tku_libs/include/tku_libs/TKU_tool.h
[2.195s] -- Up-to-date: /home/iclab/motion/install/tku_libs/share/ament_index/resource_index/package_run_dependencies/tku_libs
[2.195s] -- Up-to-date: /home/iclab/motion/install/tku_libs/share/ament_index/resource_index/parent_prefix_path/tku_libs
[2.195s] -- Up-to-date: /home/iclab/motion/install/tku_libs/share/tku_libs/environment/ament_prefix_path.sh
[2.195s] -- Up-to-date: /home/iclab/motion/install/tku_libs/share/tku_libs/environment/ament_prefix_path.dsv
[2.195s] -- Up-to-date: /home/iclab/motion/install/tku_libs/share/tku_libs/environment/path.sh
[2.196s] -- Up-to-date: /home/iclab/motion/install/tku_libs/share/tku_libs/environment/path.dsv
[2.196s] -- Up-to-date: /home/iclab/motion/install/tku_libs/share/tku_libs/local_setup.bash
[2.196s] -- Up-to-date: /home/iclab/motion/install/tku_libs/share/tku_libs/local_setup.sh
[2.196s] -- Up-to-date: /home/iclab/motion/install/tku_libs/share/tku_libs/local_setup.zsh
[2.196s] -- Up-to-date: /home/iclab/motion/install/tku_libs/share/tku_libs/local_setup.dsv
[2.196s] -- Installing: /home/iclab/motion/install/tku_libs/share/tku_libs/package.dsv
[2.196s] -- Up-to-date: /home/iclab/motion/install/tku_libs/share/ament_index/resource_index/packages/tku_libs
[2.196s] -- Up-to-date: /home/iclab/motion/install/tku_libs/share/tku_libs/cmake/tku_libsExport.cmake
[2.196s] -- Up-to-date: /home/iclab/motion/install/tku_libs/share/tku_libs/cmake/tku_libsExport-noconfig.cmake
[2.196s] -- Up-to-date: /home/iclab/motion/install/tku_libs/share/tku_libs/cmake/ament_cmake_export_targets-extras.cmake
[2.196s] -- Up-to-date: /home/iclab/motion/install/tku_libs/share/tku_libs/cmake/tku_libsConfig.cmake
[2.196s] -- Up-to-date: /home/iclab/motion/install/tku_libs/share/tku_libs/cmake/tku_libsConfig-version.cmake
[2.196s] -- Up-to-date: /home/iclab/motion/install/tku_libs/share/tku_libs/package.xml
[2.197s] Invoked command in '/home/iclab/motion/build/tku_libs' returned '0': CMAKE_PREFIX_PATH=${CMAKE_PREFIX_PATH}:/opt/ros/humble /usr/bin/cmake --install /home/iclab/motion/build/tku_libs
