[3.676s] Invoking command in '/home/iclab/motion/src/tku_libs': AMENT_PREFIX_PATH=/home/iclab/motion/install/tku_msgs:${AMENT_PREFIX_PATH} CMAKE_PREFIX_PATH=/home/iclab/motion/install/tku_msgs LD_LIBRARY_PATH=/home/iclab/motion/install/tku_msgs/lib:${LD_LIBRARY_PATH} PYTHONPATH=/home/iclab/motion/build/tku_libs/prefix_override:/home/iclab/motion/install/tku_libs/lib/python3.10/site-packages:/home/iclab/motion/install/tku_msgs/local/lib/python3.10/dist-packages:${PYTHONPATH} /usr/bin/python3 setup.py egg_info --egg-base ../../build/tku_libs build --build-base /home/iclab/motion/build/tku_libs/build install --record /home/iclab/motion/build/tku_libs/install.log --single-version-externally-managed
[4.874s] running egg_info
[4.876s] writing ../../build/tku_libs/tku_libs.egg-info/PKG-INFO
[4.877s] writing dependency_links to ../../build/tku_libs/tku_libs.egg-info/dependency_links.txt
[4.877s] writing entry points to ../../build/tku_libs/tku_libs.egg-info/entry_points.txt
[4.878s] writing requirements to ../../build/tku_libs/tku_libs.egg-info/requires.txt
[4.879s] writing top-level names to ../../build/tku_libs/tku_libs.egg-info/top_level.txt
[4.886s] reading manifest file '../../build/tku_libs/tku_libs.egg-info/SOURCES.txt'
[4.889s] writing manifest file '../../build/tku_libs/tku_libs.egg-info/SOURCES.txt'
[4.889s] running build
[4.889s] running build_py
[4.890s] running install
[4.891s] running install_lib
[4.896s] running install_data
[4.898s] running install_egg_info
[4.903s] removing '/home/iclab/motion/install/tku_libs/lib/python3.10/site-packages/tku_libs-0.0.0-py3.10.egg-info' (and everything under it)
[4.904s] Copying ../../build/tku_libs/tku_libs.egg-info to /home/iclab/motion/install/tku_libs/lib/python3.10/site-packages/tku_libs-0.0.0-py3.10.egg-info
[4.912s] running install_scripts
[4.981s] Installing aaa script to /home/iclab/motion/install/tku_libs/lib/tku_libs
[4.981s] Installing bbb script to /home/iclab/motion/install/tku_libs/lib/tku_libs
[4.983s] writing list of installed files to '/home/iclab/motion/build/tku_libs/install.log'
[5.091s] Invoked command in '/home/iclab/motion/src/tku_libs' returned '0': AMENT_PREFIX_PATH=/home/iclab/motion/install/tku_msgs:${AMENT_PREFIX_PATH} CMAKE_PREFIX_PATH=/home/iclab/motion/install/tku_msgs LD_LIBRARY_PATH=/home/iclab/motion/install/tku_msgs/lib:${LD_LIBRARY_PATH} PYTHONPATH=/home/iclab/motion/build/tku_libs/prefix_override:/home/iclab/motion/install/tku_libs/lib/python3.10/site-packages:/home/iclab/motion/install/tku_msgs/local/lib/python3.10/dist-packages:${PYTHONPATH} /usr/bin/python3 setup.py egg_info --egg-base ../../build/tku_libs build --build-base /home/iclab/motion/build/tku_libs/build install --record /home/iclab/motion/build/tku_libs/install.log --single-version-externally-managed
