[3.492s] DEBUG:colcon:Command line arguments: ['/usr/bin/colcon', 'build']
[3.493s] DEBUG:colcon:Parsed command line arguments: Namespace(log_base=None, log_level=None, verb_name='build', build_base='build', install_base='install', merge_install=False, symlink_install=False, test_result_base=None, continue_on_error=False, executor='parallel', parallel_workers=4, event_handlers=None, ignore_user_meta=False, metas=['./colcon.meta'], base_paths=['.'], packages_ignore=None, packages_ignore_regex=None, paths=None, packages_up_to=None, packages_up_to_regex=None, packages_above=None, packages_above_and_dependencies=None, packages_above_depth=None, packages_select_by_dep=None, packages_skip_by_dep=None, packages_skip_up_to=None, packages_select_build_failed=False, packages_skip_build_finished=False, packages_select_test_failures=False, packages_skip_test_passed=False, packages_select=None, packages_skip=None, packages_select_regex=None, packages_skip_regex=None, packages_start=None, packages_end=None, allow_overriding=[], cmake_args=None, cmake_target=None, cmake_target_skip_unavailable=False, cmake_clean_cache=False, cmake_clean_first=False, cmake_force_configure=False, ament_cmake_args=None, catkin_cmake_args=None, catkin_skip_building_tests=False, verb_parser=<colcon_defaults.argument_parser.defaults.DefaultArgumentsDecorator object at 0x7f79ecce8940>, verb_extension=<colcon_core.verb.build.BuildVerb object at 0x7f79ecc67a90>, main=<bound method BuildVerb.main of <colcon_core.verb.build.BuildVerb object at 0x7f79ecc67a90>>)
[3.660s] Level 1:colcon.colcon_core.package_discovery:discover_packages(colcon_meta) check parameters
[3.660s] Level 1:colcon.colcon_core.package_discovery:discover_packages(recursive) check parameters
[3.660s] Level 1:colcon.colcon_core.package_discovery:discover_packages(ignore) check parameters
[3.660s] Level 1:colcon.colcon_core.package_discovery:discover_packages(path) check parameters
[3.660s] Level 1:colcon.colcon_core.package_discovery:discover_packages(colcon_meta) discover
[3.661s] Level 1:colcon.colcon_core.package_discovery:discover_packages(recursive) discover
[3.661s] INFO:colcon.colcon_core.package_discovery:Crawling recursively for packages in '/home/iclab/motion'
[3.661s] Level 1:colcon.colcon_core.package_identification:_identify(.) by extensions ['ignore', 'ignore_ament_install']
[3.662s] Level 1:colcon.colcon_core.package_identification:_identify(.) by extension 'ignore'
[3.662s] Level 1:colcon.colcon_core.package_identification:_identify(.) by extension 'ignore_ament_install'
[3.662s] Level 1:colcon.colcon_core.package_identification:_identify(.) by extensions ['colcon_pkg']
[3.662s] Level 1:colcon.colcon_core.package_identification:_identify(.) by extension 'colcon_pkg'
[3.662s] Level 1:colcon.colcon_core.package_identification:_identify(.) by extensions ['colcon_meta']
[3.662s] Level 1:colcon.colcon_core.package_identification:_identify(.) by extension 'colcon_meta'
[3.663s] Level 1:colcon.colcon_core.package_identification:_identify(.) by extensions ['ros']
[3.663s] Level 1:colcon.colcon_core.package_identification:_identify(.) by extension 'ros'
[3.693s] Level 1:colcon.colcon_core.package_identification:_identify(.) by extensions ['cmake', 'python']
[3.693s] Level 1:colcon.colcon_core.package_identification:_identify(.) by extension 'cmake'
[3.693s] Level 1:colcon.colcon_core.package_identification:_identify(.) by extension 'python'
[3.693s] Level 1:colcon.colcon_core.package_identification:_identify(.) by extensions ['python_setup_py']
[3.694s] Level 1:colcon.colcon_core.package_identification:_identify(.) by extension 'python_setup_py'
[3.694s] Level 1:colcon.colcon_core.package_identification:_identify(build) by extensions ['ignore', 'ignore_ament_install']
[3.694s] Level 1:colcon.colcon_core.package_identification:_identify(build) by extension 'ignore'
[3.695s] Level 1:colcon.colcon_core.package_identification:_identify(build) ignored
[3.695s] Level 1:colcon.colcon_core.package_identification:_identify(install) by extensions ['ignore', 'ignore_ament_install']
[3.696s] Level 1:colcon.colcon_core.package_identification:_identify(install) by extension 'ignore'
[3.696s] Level 1:colcon.colcon_core.package_identification:_identify(install) ignored
[3.696s] Level 1:colcon.colcon_core.package_identification:_identify(interface) by extensions ['ignore', 'ignore_ament_install']
[3.696s] Level 1:colcon.colcon_core.package_identification:_identify(interface) by extension 'ignore'
[3.697s] Level 1:colcon.colcon_core.package_identification:_identify(interface) by extension 'ignore_ament_install'
[3.697s] Level 1:colcon.colcon_core.package_identification:_identify(interface) by extensions ['colcon_pkg']
[3.697s] Level 1:colcon.colcon_core.package_identification:_identify(interface) by extension 'colcon_pkg'
[3.697s] Level 1:colcon.colcon_core.package_identification:_identify(interface) by extensions ['colcon_meta']
[3.697s] Level 1:colcon.colcon_core.package_identification:_identify(interface) by extension 'colcon_meta'
[3.697s] Level 1:colcon.colcon_core.package_identification:_identify(interface) by extensions ['ros']
[3.697s] Level 1:colcon.colcon_core.package_identification:_identify(interface) by extension 'ros'
[3.698s] Level 1:colcon.colcon_core.package_identification:_identify(interface) by extensions ['cmake', 'python']
[3.698s] Level 1:colcon.colcon_core.package_identification:_identify(interface) by extension 'cmake'
[3.698s] Level 1:colcon.colcon_core.package_identification:_identify(interface) by extension 'python'
[3.698s] Level 1:colcon.colcon_core.package_identification:_identify(interface) by extensions ['python_setup_py']
[3.698s] Level 1:colcon.colcon_core.package_identification:_identify(interface) by extension 'python_setup_py'
[3.699s] Level 1:colcon.colcon_core.package_identification:_identify(interface/css) by extensions ['ignore', 'ignore_ament_install']
[3.699s] Level 1:colcon.colcon_core.package_identification:_identify(interface/css) by extension 'ignore'
[3.699s] Level 1:colcon.colcon_core.package_identification:_identify(interface/css) by extension 'ignore_ament_install'
[3.699s] Level 1:colcon.colcon_core.package_identification:_identify(interface/css) by extensions ['colcon_pkg']
[3.700s] Level 1:colcon.colcon_core.package_identification:_identify(interface/css) by extension 'colcon_pkg'
[3.700s] Level 1:colcon.colcon_core.package_identification:_identify(interface/css) by extensions ['colcon_meta']
[3.700s] Level 1:colcon.colcon_core.package_identification:_identify(interface/css) by extension 'colcon_meta'
[3.700s] Level 1:colcon.colcon_core.package_identification:_identify(interface/css) by extensions ['ros']
[3.700s] Level 1:colcon.colcon_core.package_identification:_identify(interface/css) by extension 'ros'
[3.700s] Level 1:colcon.colcon_core.package_identification:_identify(interface/css) by extensions ['cmake', 'python']
[3.700s] Level 1:colcon.colcon_core.package_identification:_identify(interface/css) by extension 'cmake'
[3.701s] Level 1:colcon.colcon_core.package_identification:_identify(interface/css) by extension 'python'
[3.701s] Level 1:colcon.colcon_core.package_identification:_identify(interface/css) by extensions ['python_setup_py']
[3.701s] Level 1:colcon.colcon_core.package_identification:_identify(interface/css) by extension 'python_setup_py'
[3.701s] Level 1:colcon.colcon_core.package_identification:_identify(interface/jquery-ui-1.11.4) by extensions ['ignore', 'ignore_ament_install']
[3.702s] Level 1:colcon.colcon_core.package_identification:_identify(interface/jquery-ui-1.11.4) by extension 'ignore'
[3.702s] Level 1:colcon.colcon_core.package_identification:_identify(interface/jquery-ui-1.11.4) by extension 'ignore_ament_install'
[3.702s] Level 1:colcon.colcon_core.package_identification:_identify(interface/jquery-ui-1.11.4) by extensions ['colcon_pkg']
[3.702s] Level 1:colcon.colcon_core.package_identification:_identify(interface/jquery-ui-1.11.4) by extension 'colcon_pkg'
[3.702s] Level 1:colcon.colcon_core.package_identification:_identify(interface/jquery-ui-1.11.4) by extensions ['colcon_meta']
[3.702s] Level 1:colcon.colcon_core.package_identification:_identify(interface/jquery-ui-1.11.4) by extension 'colcon_meta'
[3.703s] Level 1:colcon.colcon_core.package_identification:_identify(interface/jquery-ui-1.11.4) by extensions ['ros']
[3.703s] Level 1:colcon.colcon_core.package_identification:_identify(interface/jquery-ui-1.11.4) by extension 'ros'
[3.703s] Level 1:colcon.colcon_core.package_identification:_identify(interface/jquery-ui-1.11.4) by extensions ['cmake', 'python']
[3.703s] Level 1:colcon.colcon_core.package_identification:_identify(interface/jquery-ui-1.11.4) by extension 'cmake'
[3.703s] Level 1:colcon.colcon_core.package_identification:_identify(interface/jquery-ui-1.11.4) by extension 'python'
[3.703s] Level 1:colcon.colcon_core.package_identification:_identify(interface/jquery-ui-1.11.4) by extensions ['python_setup_py']
[3.704s] Level 1:colcon.colcon_core.package_identification:_identify(interface/jquery-ui-1.11.4) by extension 'python_setup_py'
[3.704s] Level 1:colcon.colcon_core.package_identification:_identify(interface/jquery-ui-1.11.4/external) by extensions ['ignore', 'ignore_ament_install']
[3.704s] Level 1:colcon.colcon_core.package_identification:_identify(interface/jquery-ui-1.11.4/external) by extension 'ignore'
[3.704s] Level 1:colcon.colcon_core.package_identification:_identify(interface/jquery-ui-1.11.4/external) by extension 'ignore_ament_install'
[3.705s] Level 1:colcon.colcon_core.package_identification:_identify(interface/jquery-ui-1.11.4/external) by extensions ['colcon_pkg']
[3.705s] Level 1:colcon.colcon_core.package_identification:_identify(interface/jquery-ui-1.11.4/external) by extension 'colcon_pkg'
[3.705s] Level 1:colcon.colcon_core.package_identification:_identify(interface/jquery-ui-1.11.4/external) by extensions ['colcon_meta']
[3.705s] Level 1:colcon.colcon_core.package_identification:_identify(interface/jquery-ui-1.11.4/external) by extension 'colcon_meta'
[3.705s] Level 1:colcon.colcon_core.package_identification:_identify(interface/jquery-ui-1.11.4/external) by extensions ['ros']
[3.705s] Level 1:colcon.colcon_core.package_identification:_identify(interface/jquery-ui-1.11.4/external) by extension 'ros'
[3.706s] Level 1:colcon.colcon_core.package_identification:_identify(interface/jquery-ui-1.11.4/external) by extensions ['cmake', 'python']
[3.706s] Level 1:colcon.colcon_core.package_identification:_identify(interface/jquery-ui-1.11.4/external) by extension 'cmake'
[3.706s] Level 1:colcon.colcon_core.package_identification:_identify(interface/jquery-ui-1.11.4/external) by extension 'python'
[3.706s] Level 1:colcon.colcon_core.package_identification:_identify(interface/jquery-ui-1.11.4/external) by extensions ['python_setup_py']
[3.706s] Level 1:colcon.colcon_core.package_identification:_identify(interface/jquery-ui-1.11.4/external) by extension 'python_setup_py'
[3.706s] Level 1:colcon.colcon_core.package_identification:_identify(interface/jquery-ui-1.11.4/external/jquery) by extensions ['ignore', 'ignore_ament_install']
[3.707s] Level 1:colcon.colcon_core.package_identification:_identify(interface/jquery-ui-1.11.4/external/jquery) by extension 'ignore'
[3.707s] Level 1:colcon.colcon_core.package_identification:_identify(interface/jquery-ui-1.11.4/external/jquery) by extension 'ignore_ament_install'
[3.707s] Level 1:colcon.colcon_core.package_identification:_identify(interface/jquery-ui-1.11.4/external/jquery) by extensions ['colcon_pkg']
[3.707s] Level 1:colcon.colcon_core.package_identification:_identify(interface/jquery-ui-1.11.4/external/jquery) by extension 'colcon_pkg'
[3.708s] Level 1:colcon.colcon_core.package_identification:_identify(interface/jquery-ui-1.11.4/external/jquery) by extensions ['colcon_meta']
[3.708s] Level 1:colcon.colcon_core.package_identification:_identify(interface/jquery-ui-1.11.4/external/jquery) by extension 'colcon_meta'
[3.708s] Level 1:colcon.colcon_core.package_identification:_identify(interface/jquery-ui-1.11.4/external/jquery) by extensions ['ros']
[3.708s] Level 1:colcon.colcon_core.package_identification:_identify(interface/jquery-ui-1.11.4/external/jquery) by extension 'ros'
[3.708s] Level 1:colcon.colcon_core.package_identification:_identify(interface/jquery-ui-1.11.4/external/jquery) by extensions ['cmake', 'python']
[3.708s] Level 1:colcon.colcon_core.package_identification:_identify(interface/jquery-ui-1.11.4/external/jquery) by extension 'cmake'
[3.709s] Level 1:colcon.colcon_core.package_identification:_identify(interface/jquery-ui-1.11.4/external/jquery) by extension 'python'
[3.709s] Level 1:colcon.colcon_core.package_identification:_identify(interface/jquery-ui-1.11.4/external/jquery) by extensions ['python_setup_py']
[3.709s] Level 1:colcon.colcon_core.package_identification:_identify(interface/jquery-ui-1.11.4/external/jquery) by extension 'python_setup_py'
[3.709s] Level 1:colcon.colcon_core.package_identification:_identify(interface/jquery-ui-1.11.4/images) by extensions ['ignore', 'ignore_ament_install']
[3.709s] Level 1:colcon.colcon_core.package_identification:_identify(interface/jquery-ui-1.11.4/images) by extension 'ignore'
[3.710s] Level 1:colcon.colcon_core.package_identification:_identify(interface/jquery-ui-1.11.4/images) by extension 'ignore_ament_install'
[3.710s] Level 1:colcon.colcon_core.package_identification:_identify(interface/jquery-ui-1.11.4/images) by extensions ['colcon_pkg']
[3.710s] Level 1:colcon.colcon_core.package_identification:_identify(interface/jquery-ui-1.11.4/images) by extension 'colcon_pkg'
[3.710s] Level 1:colcon.colcon_core.package_identification:_identify(interface/jquery-ui-1.11.4/images) by extensions ['colcon_meta']
[3.710s] Level 1:colcon.colcon_core.package_identification:_identify(interface/jquery-ui-1.11.4/images) by extension 'colcon_meta'
[3.710s] Level 1:colcon.colcon_core.package_identification:_identify(interface/jquery-ui-1.11.4/images) by extensions ['ros']
[3.711s] Level 1:colcon.colcon_core.package_identification:_identify(interface/jquery-ui-1.11.4/images) by extension 'ros'
[3.711s] Level 1:colcon.colcon_core.package_identification:_identify(interface/jquery-ui-1.11.4/images) by extensions ['cmake', 'python']
[3.711s] Level 1:colcon.colcon_core.package_identification:_identify(interface/jquery-ui-1.11.4/images) by extension 'cmake'
[3.711s] Level 1:colcon.colcon_core.package_identification:_identify(interface/jquery-ui-1.11.4/images) by extension 'python'
[3.711s] Level 1:colcon.colcon_core.package_identification:_identify(interface/jquery-ui-1.11.4/images) by extensions ['python_setup_py']
[3.711s] Level 1:colcon.colcon_core.package_identification:_identify(interface/jquery-ui-1.11.4/images) by extension 'python_setup_py'
[3.712s] Level 1:colcon.colcon_core.package_identification:_identify(interface/js) by extensions ['ignore', 'ignore_ament_install']
[3.712s] Level 1:colcon.colcon_core.package_identification:_identify(interface/js) by extension 'ignore'
[3.712s] Level 1:colcon.colcon_core.package_identification:_identify(interface/js) by extension 'ignore_ament_install'
[3.712s] Level 1:colcon.colcon_core.package_identification:_identify(interface/js) by extensions ['colcon_pkg']
[3.713s] Level 1:colcon.colcon_core.package_identification:_identify(interface/js) by extension 'colcon_pkg'
[3.713s] Level 1:colcon.colcon_core.package_identification:_identify(interface/js) by extensions ['colcon_meta']
[3.713s] Level 1:colcon.colcon_core.package_identification:_identify(interface/js) by extension 'colcon_meta'
[3.713s] Level 1:colcon.colcon_core.package_identification:_identify(interface/js) by extensions ['ros']
[3.713s] Level 1:colcon.colcon_core.package_identification:_identify(interface/js) by extension 'ros'
[3.713s] Level 1:colcon.colcon_core.package_identification:_identify(interface/js) by extensions ['cmake', 'python']
[3.713s] Level 1:colcon.colcon_core.package_identification:_identify(interface/js) by extension 'cmake'
[3.714s] Level 1:colcon.colcon_core.package_identification:_identify(interface/js) by extension 'python'
[3.714s] Level 1:colcon.colcon_core.package_identification:_identify(interface/js) by extensions ['python_setup_py']
[3.714s] Level 1:colcon.colcon_core.package_identification:_identify(interface/js) by extension 'python_setup_py'
[3.714s] Level 1:colcon.colcon_core.package_identification:_identify(interface/js/roslib) by extensions ['ignore', 'ignore_ament_install']
[3.715s] Level 1:colcon.colcon_core.package_identification:_identify(interface/js/roslib) by extension 'ignore'
[3.715s] Level 1:colcon.colcon_core.package_identification:_identify(interface/js/roslib) by extension 'ignore_ament_install'
[3.715s] Level 1:colcon.colcon_core.package_identification:_identify(interface/js/roslib) by extensions ['colcon_pkg']
[3.715s] Level 1:colcon.colcon_core.package_identification:_identify(interface/js/roslib) by extension 'colcon_pkg'
[3.715s] Level 1:colcon.colcon_core.package_identification:_identify(interface/js/roslib) by extensions ['colcon_meta']
[3.715s] Level 1:colcon.colcon_core.package_identification:_identify(interface/js/roslib) by extension 'colcon_meta'
[3.716s] Level 1:colcon.colcon_core.package_identification:_identify(interface/js/roslib) by extensions ['ros']
[3.716s] Level 1:colcon.colcon_core.package_identification:_identify(interface/js/roslib) by extension 'ros'
[3.716s] Level 1:colcon.colcon_core.package_identification:_identify(interface/js/roslib) by extensions ['cmake', 'python']
[3.716s] Level 1:colcon.colcon_core.package_identification:_identify(interface/js/roslib) by extension 'cmake'
[3.716s] Level 1:colcon.colcon_core.package_identification:_identify(interface/js/roslib) by extension 'python'
[3.716s] Level 1:colcon.colcon_core.package_identification:_identify(interface/js/roslib) by extensions ['python_setup_py']
[3.716s] Level 1:colcon.colcon_core.package_identification:_identify(interface/js/roslib) by extension 'python_setup_py'
[3.717s] Level 1:colcon.colcon_core.package_identification:_identify(interface/picture) by extensions ['ignore', 'ignore_ament_install']
[3.717s] Level 1:colcon.colcon_core.package_identification:_identify(interface/picture) by extension 'ignore'
[3.717s] Level 1:colcon.colcon_core.package_identification:_identify(interface/picture) by extension 'ignore_ament_install'
[3.718s] Level 1:colcon.colcon_core.package_identification:_identify(interface/picture) by extensions ['colcon_pkg']
[3.718s] Level 1:colcon.colcon_core.package_identification:_identify(interface/picture) by extension 'colcon_pkg'
[3.718s] Level 1:colcon.colcon_core.package_identification:_identify(interface/picture) by extensions ['colcon_meta']
[3.718s] Level 1:colcon.colcon_core.package_identification:_identify(interface/picture) by extension 'colcon_meta'
[3.718s] Level 1:colcon.colcon_core.package_identification:_identify(interface/picture) by extensions ['ros']
[3.718s] Level 1:colcon.colcon_core.package_identification:_identify(interface/picture) by extension 'ros'
[3.718s] Level 1:colcon.colcon_core.package_identification:_identify(interface/picture) by extensions ['cmake', 'python']
[3.719s] Level 1:colcon.colcon_core.package_identification:_identify(interface/picture) by extension 'cmake'
[3.719s] Level 1:colcon.colcon_core.package_identification:_identify(interface/picture) by extension 'python'
[3.719s] Level 1:colcon.colcon_core.package_identification:_identify(interface/picture) by extensions ['python_setup_py']
[3.719s] Level 1:colcon.colcon_core.package_identification:_identify(interface/picture) by extension 'python_setup_py'
[3.719s] Level 1:colcon.colcon_core.package_identification:_identify(interface/resources) by extensions ['ignore', 'ignore_ament_install']
[3.720s] Level 1:colcon.colcon_core.package_identification:_identify(interface/resources) by extension 'ignore'
[3.720s] Level 1:colcon.colcon_core.package_identification:_identify(interface/resources) by extension 'ignore_ament_install'
[3.720s] Level 1:colcon.colcon_core.package_identification:_identify(interface/resources) by extensions ['colcon_pkg']
[3.720s] Level 1:colcon.colcon_core.package_identification:_identify(interface/resources) by extension 'colcon_pkg'
[3.720s] Level 1:colcon.colcon_core.package_identification:_identify(interface/resources) by extensions ['colcon_meta']
[3.720s] Level 1:colcon.colcon_core.package_identification:_identify(interface/resources) by extension 'colcon_meta'
[3.721s] Level 1:colcon.colcon_core.package_identification:_identify(interface/resources) by extensions ['ros']
[3.721s] Level 1:colcon.colcon_core.package_identification:_identify(interface/resources) by extension 'ros'
[3.721s] Level 1:colcon.colcon_core.package_identification:_identify(interface/resources) by extensions ['cmake', 'python']
[3.721s] Level 1:colcon.colcon_core.package_identification:_identify(interface/resources) by extension 'cmake'
[3.721s] Level 1:colcon.colcon_core.package_identification:_identify(interface/resources) by extension 'python'
[3.721s] Level 1:colcon.colcon_core.package_identification:_identify(interface/resources) by extensions ['python_setup_py']
[3.722s] Level 1:colcon.colcon_core.package_identification:_identify(interface/resources) by extension 'python_setup_py'
[3.722s] Level 1:colcon.colcon_core.package_identification:_identify(interface/resources/TKU_ICLab) by extensions ['ignore', 'ignore_ament_install']
[3.722s] Level 1:colcon.colcon_core.package_identification:_identify(interface/resources/TKU_ICLab) by extension 'ignore'
[3.722s] Level 1:colcon.colcon_core.package_identification:_identify(interface/resources/TKU_ICLab) by extension 'ignore_ament_install'
[3.723s] Level 1:colcon.colcon_core.package_identification:_identify(interface/resources/TKU_ICLab) by extensions ['colcon_pkg']
[3.723s] Level 1:colcon.colcon_core.package_identification:_identify(interface/resources/TKU_ICLab) by extension 'colcon_pkg'
[3.723s] Level 1:colcon.colcon_core.package_identification:_identify(interface/resources/TKU_ICLab) by extensions ['colcon_meta']
[3.723s] Level 1:colcon.colcon_core.package_identification:_identify(interface/resources/TKU_ICLab) by extension 'colcon_meta'
[3.723s] Level 1:colcon.colcon_core.package_identification:_identify(interface/resources/TKU_ICLab) by extensions ['ros']
[3.723s] Level 1:colcon.colcon_core.package_identification:_identify(interface/resources/TKU_ICLab) by extension 'ros'
[3.724s] Level 1:colcon.colcon_core.package_identification:_identify(interface/resources/TKU_ICLab) by extensions ['cmake', 'python']
[3.724s] Level 1:colcon.colcon_core.package_identification:_identify(interface/resources/TKU_ICLab) by extension 'cmake'
[3.724s] Level 1:colcon.colcon_core.package_identification:_identify(interface/resources/TKU_ICLab) by extension 'python'
[3.724s] Level 1:colcon.colcon_core.package_identification:_identify(interface/resources/TKU_ICLab) by extensions ['python_setup_py']
[3.724s] Level 1:colcon.colcon_core.package_identification:_identify(interface/resources/TKU_ICLab) by extension 'python_setup_py'
[3.725s] Level 1:colcon.colcon_core.package_identification:_identify(log) by extensions ['ignore', 'ignore_ament_install']
[3.726s] Level 1:colcon.colcon_core.package_identification:_identify(log) by extension 'ignore'
[3.726s] Level 1:colcon.colcon_core.package_identification:_identify(log) ignored
[3.726s] Level 1:colcon.colcon_core.package_identification:_identify(src) by extensions ['ignore', 'ignore_ament_install']
[3.726s] Level 1:colcon.colcon_core.package_identification:_identify(src) by extension 'ignore'
[3.727s] Level 1:colcon.colcon_core.package_identification:_identify(src) by extension 'ignore_ament_install'
[3.727s] Level 1:colcon.colcon_core.package_identification:_identify(src) by extensions ['colcon_pkg']
[3.727s] Level 1:colcon.colcon_core.package_identification:_identify(src) by extension 'colcon_pkg'
[3.727s] Level 1:colcon.colcon_core.package_identification:_identify(src) by extensions ['colcon_meta']
[3.727s] Level 1:colcon.colcon_core.package_identification:_identify(src) by extension 'colcon_meta'
[3.727s] Level 1:colcon.colcon_core.package_identification:_identify(src) by extensions ['ros']
[3.727s] Level 1:colcon.colcon_core.package_identification:_identify(src) by extension 'ros'
[3.728s] Level 1:colcon.colcon_core.package_identification:_identify(src) by extensions ['cmake', 'python']
[3.728s] Level 1:colcon.colcon_core.package_identification:_identify(src) by extension 'cmake'
[3.728s] Level 1:colcon.colcon_core.package_identification:_identify(src) by extension 'python'
[3.728s] Level 1:colcon.colcon_core.package_identification:_identify(src) by extensions ['python_setup_py']
[3.728s] Level 1:colcon.colcon_core.package_identification:_identify(src) by extension 'python_setup_py'
[3.729s] Level 1:colcon.colcon_core.package_identification:_identify(src/aaa) by extensions ['ignore', 'ignore_ament_install']
[3.729s] Level 1:colcon.colcon_core.package_identification:_identify(src/aaa) by extension 'ignore'
[3.729s] Level 1:colcon.colcon_core.package_identification:_identify(src/aaa) by extension 'ignore_ament_install'
[3.729s] Level 1:colcon.colcon_core.package_identification:_identify(src/aaa) by extensions ['colcon_pkg']
[3.729s] Level 1:colcon.colcon_core.package_identification:_identify(src/aaa) by extension 'colcon_pkg'
[3.730s] Level 1:colcon.colcon_core.package_identification:_identify(src/aaa) by extensions ['colcon_meta']
[3.730s] Level 1:colcon.colcon_core.package_identification:_identify(src/aaa) by extension 'colcon_meta'
[3.730s] Level 1:colcon.colcon_core.package_identification:_identify(src/aaa) by extensions ['ros']
[3.730s] Level 1:colcon.colcon_core.package_identification:_identify(src/aaa) by extension 'ros'
[3.738s] DEBUG:colcon.colcon_core.package_identification:Package 'src/aaa' with type 'ros.ament_python' and name 'aaa'
[3.739s] Level 1:colcon.colcon_core.package_identification:_identify(src/build) by extensions ['ignore', 'ignore_ament_install']
[3.739s] Level 1:colcon.colcon_core.package_identification:_identify(src/build) by extension 'ignore'
[3.739s] Level 1:colcon.colcon_core.package_identification:_identify(src/build) ignored
[3.740s] Level 1:colcon.colcon_core.package_identification:_identify(src/install) by extensions ['ignore', 'ignore_ament_install']
[3.740s] Level 1:colcon.colcon_core.package_identification:_identify(src/install) by extension 'ignore'
[3.740s] Level 1:colcon.colcon_core.package_identification:_identify(src/install) ignored
[3.740s] Level 1:colcon.colcon_core.package_identification:_identify(src/log) by extensions ['ignore', 'ignore_ament_install']
[3.741s] Level 1:colcon.colcon_core.package_identification:_identify(src/log) by extension 'ignore'
[3.741s] Level 1:colcon.colcon_core.package_identification:_identify(src/log) ignored
[3.741s] Level 1:colcon.colcon_core.package_identification:_identify(src/motionpackage) by extensions ['ignore', 'ignore_ament_install']
[3.742s] Level 1:colcon.colcon_core.package_identification:_identify(src/motionpackage) by extension 'ignore'
[3.742s] Level 1:colcon.colcon_core.package_identification:_identify(src/motionpackage) by extension 'ignore_ament_install'
[3.742s] Level 1:colcon.colcon_core.package_identification:_identify(src/motionpackage) by extensions ['colcon_pkg']
[3.742s] Level 1:colcon.colcon_core.package_identification:_identify(src/motionpackage) by extension 'colcon_pkg'
[3.742s] Level 1:colcon.colcon_core.package_identification:_identify(src/motionpackage) by extensions ['colcon_meta']
[3.742s] Level 1:colcon.colcon_core.package_identification:_identify(src/motionpackage) by extension 'colcon_meta'
[3.743s] Level 1:colcon.colcon_core.package_identification:_identify(src/motionpackage) by extensions ['ros']
[3.743s] Level 1:colcon.colcon_core.package_identification:_identify(src/motionpackage) by extension 'ros'
[3.744s] DEBUG:colcon.colcon_core.package_identification:Package 'src/motionpackage' with type 'ros.ament_python' and name 'motionpackage'
[3.745s] Level 1:colcon.colcon_core.package_identification:_identify(src/tku_libs) by extensions ['ignore', 'ignore_ament_install']
[3.745s] Level 1:colcon.colcon_core.package_identification:_identify(src/tku_libs) by extension 'ignore'
[3.745s] Level 1:colcon.colcon_core.package_identification:_identify(src/tku_libs) by extension 'ignore_ament_install'
[3.745s] Level 1:colcon.colcon_core.package_identification:_identify(src/tku_libs) by extensions ['colcon_pkg']
[3.746s] Level 1:colcon.colcon_core.package_identification:_identify(src/tku_libs) by extension 'colcon_pkg'
[3.746s] Level 1:colcon.colcon_core.package_identification:_identify(src/tku_libs) by extensions ['colcon_meta']
[3.746s] Level 1:colcon.colcon_core.package_identification:_identify(src/tku_libs) by extension 'colcon_meta'
[3.746s] Level 1:colcon.colcon_core.package_identification:_identify(src/tku_libs) by extensions ['ros']
[3.746s] Level 1:colcon.colcon_core.package_identification:_identify(src/tku_libs) by extension 'ros'
[3.748s] DEBUG:colcon.colcon_core.package_identification:Package 'src/tku_libs' with type 'ros.ament_python' and name 'tku_libs'
[3.748s] Level 1:colcon.colcon_core.package_identification:_identify(src/tku_msgs) by extensions ['ignore', 'ignore_ament_install']
[3.748s] Level 1:colcon.colcon_core.package_identification:_identify(src/tku_msgs) by extension 'ignore'
[3.749s] Level 1:colcon.colcon_core.package_identification:_identify(src/tku_msgs) by extension 'ignore_ament_install'
[3.749s] Level 1:colcon.colcon_core.package_identification:_identify(src/tku_msgs) by extensions ['colcon_pkg']
[3.749s] Level 1:colcon.colcon_core.package_identification:_identify(src/tku_msgs) by extension 'colcon_pkg'
[3.749s] Level 1:colcon.colcon_core.package_identification:_identify(src/tku_msgs) by extensions ['colcon_meta']
[3.749s] Level 1:colcon.colcon_core.package_identification:_identify(src/tku_msgs) by extension 'colcon_meta'
[3.749s] Level 1:colcon.colcon_core.package_identification:_identify(src/tku_msgs) by extensions ['ros']
[3.749s] Level 1:colcon.colcon_core.package_identification:_identify(src/tku_msgs) by extension 'ros'
[3.751s] DEBUG:colcon.colcon_core.package_identification:Package 'src/tku_msgs' with type 'ros.ament_cmake' and name 'tku_msgs'
[3.751s] Level 1:colcon.colcon_core.package_discovery:discover_packages(recursive) using defaults
[3.752s] Level 1:colcon.colcon_core.package_discovery:discover_packages(ignore) discover
[3.752s] Level 1:colcon.colcon_core.package_discovery:discover_packages(ignore) using defaults
[3.752s] Level 1:colcon.colcon_core.package_discovery:discover_packages(path) discover
[3.752s] Level 1:colcon.colcon_core.package_discovery:discover_packages(path) using defaults
[4.061s] Level 1:colcon.colcon_core.package_discovery:discover_packages(prefix_path) check parameters
[4.061s] Level 1:colcon.colcon_core.package_discovery:discover_packages(prefix_path) discover
[4.169s] DEBUG:colcon.colcon_installed_package_information.package_discovery:Found 5 installed packages in /home/iclab/motion/install
[4.224s] DEBUG:colcon.colcon_installed_package_information.package_discovery:Found 283 installed packages in /opt/ros/humble
[4.253s] Level 1:colcon.colcon_core.package_discovery:discover_packages(prefix_path) using defaults
[4.549s] Level 5:colcon.colcon_core.verb:set package 'motionpackage' build argument 'cmake_args' from command line to 'None'
[4.549s] Level 5:colcon.colcon_core.verb:set package 'motionpackage' build argument 'cmake_target' from command line to 'None'
[4.550s] Level 5:colcon.colcon_core.verb:set package 'motionpackage' build argument 'cmake_target_skip_unavailable' from command line to 'False'
[4.550s] Level 5:colcon.colcon_core.verb:set package 'motionpackage' build argument 'cmake_clean_cache' from command line to 'False'
[4.550s] Level 5:colcon.colcon_core.verb:set package 'motionpackage' build argument 'cmake_clean_first' from command line to 'False'
[4.550s] Level 5:colcon.colcon_core.verb:set package 'motionpackage' build argument 'cmake_force_configure' from command line to 'False'
[4.550s] Level 5:colcon.colcon_core.verb:set package 'motionpackage' build argument 'ament_cmake_args' from command line to 'None'
[4.550s] Level 5:colcon.colcon_core.verb:set package 'motionpackage' build argument 'catkin_cmake_args' from command line to 'None'
[4.550s] Level 5:colcon.colcon_core.verb:set package 'motionpackage' build argument 'catkin_skip_building_tests' from command line to 'False'
[4.550s] DEBUG:colcon.colcon_core.verb:Building package 'motionpackage' with the following arguments: {'ament_cmake_args': None, 'build_base': '/home/iclab/motion/build/motionpackage', 'catkin_cmake_args': None, 'catkin_skip_building_tests': False, 'cmake_args': None, 'cmake_clean_cache': False, 'cmake_clean_first': False, 'cmake_force_configure': False, 'cmake_target': None, 'cmake_target_skip_unavailable': False, 'install_base': '/home/iclab/motion/install/motionpackage', 'merge_install': False, 'path': '/home/iclab/motion/src/motionpackage', 'symlink_install': False, 'test_result_base': None}
[4.603s] Level 5:colcon.colcon_core.verb:set package 'tku_msgs' build argument 'cmake_args' from command line to 'None'
[4.603s] Level 5:colcon.colcon_core.verb:set package 'tku_msgs' build argument 'cmake_target' from command line to 'None'
[4.603s] Level 5:colcon.colcon_core.verb:set package 'tku_msgs' build argument 'cmake_target_skip_unavailable' from command line to 'False'
[4.603s] Level 5:colcon.colcon_core.verb:set package 'tku_msgs' build argument 'cmake_clean_cache' from command line to 'False'
[4.603s] Level 5:colcon.colcon_core.verb:set package 'tku_msgs' build argument 'cmake_clean_first' from command line to 'False'
[4.603s] Level 5:colcon.colcon_core.verb:set package 'tku_msgs' build argument 'cmake_force_configure' from command line to 'False'
[4.603s] Level 5:colcon.colcon_core.verb:set package 'tku_msgs' build argument 'ament_cmake_args' from command line to 'None'
[4.603s] Level 5:colcon.colcon_core.verb:set package 'tku_msgs' build argument 'catkin_cmake_args' from command line to 'None'
[4.603s] Level 5:colcon.colcon_core.verb:set package 'tku_msgs' build argument 'catkin_skip_building_tests' from command line to 'False'
[4.603s] DEBUG:colcon.colcon_core.verb:Building package 'tku_msgs' with the following arguments: {'ament_cmake_args': None, 'build_base': '/home/iclab/motion/build/tku_msgs', 'catkin_cmake_args': None, 'catkin_skip_building_tests': False, 'cmake_args': None, 'cmake_clean_cache': False, 'cmake_clean_first': False, 'cmake_force_configure': False, 'cmake_target': None, 'cmake_target_skip_unavailable': False, 'install_base': '/home/iclab/motion/install/tku_msgs', 'merge_install': False, 'path': '/home/iclab/motion/src/tku_msgs', 'symlink_install': False, 'test_result_base': None}
[4.655s] Level 5:colcon.colcon_core.verb:set package 'tku_libs' build argument 'cmake_args' from command line to 'None'
[4.655s] Level 5:colcon.colcon_core.verb:set package 'tku_libs' build argument 'cmake_target' from command line to 'None'
[4.655s] Level 5:colcon.colcon_core.verb:set package 'tku_libs' build argument 'cmake_target_skip_unavailable' from command line to 'False'
[4.655s] Level 5:colcon.colcon_core.verb:set package 'tku_libs' build argument 'cmake_clean_cache' from command line to 'False'
[4.655s] Level 5:colcon.colcon_core.verb:set package 'tku_libs' build argument 'cmake_clean_first' from command line to 'False'
[4.655s] Level 5:colcon.colcon_core.verb:set package 'tku_libs' build argument 'cmake_force_configure' from command line to 'False'
[4.655s] Level 5:colcon.colcon_core.verb:set package 'tku_libs' build argument 'ament_cmake_args' from command line to 'None'
[4.655s] Level 5:colcon.colcon_core.verb:set package 'tku_libs' build argument 'catkin_cmake_args' from command line to 'None'
[4.656s] Level 5:colcon.colcon_core.verb:set package 'tku_libs' build argument 'catkin_skip_building_tests' from command line to 'False'
[4.656s] DEBUG:colcon.colcon_core.verb:Building package 'tku_libs' with the following arguments: {'ament_cmake_args': None, 'build_base': '/home/iclab/motion/build/tku_libs', 'catkin_cmake_args': None, 'catkin_skip_building_tests': False, 'cmake_args': None, 'cmake_clean_cache': False, 'cmake_clean_first': False, 'cmake_force_configure': False, 'cmake_target': None, 'cmake_target_skip_unavailable': False, 'install_base': '/home/iclab/motion/install/tku_libs', 'merge_install': False, 'path': '/home/iclab/motion/src/tku_libs', 'symlink_install': False, 'test_result_base': None}
[4.708s] Level 5:colcon.colcon_core.verb:set package 'aaa' build argument 'cmake_args' from command line to 'None'
[4.708s] Level 5:colcon.colcon_core.verb:set package 'aaa' build argument 'cmake_target' from command line to 'None'
[4.709s] Level 5:colcon.colcon_core.verb:set package 'aaa' build argument 'cmake_target_skip_unavailable' from command line to 'False'
[4.709s] Level 5:colcon.colcon_core.verb:set package 'aaa' build argument 'cmake_clean_cache' from command line to 'False'
[4.709s] Level 5:colcon.colcon_core.verb:set package 'aaa' build argument 'cmake_clean_first' from command line to 'False'
[4.709s] Level 5:colcon.colcon_core.verb:set package 'aaa' build argument 'cmake_force_configure' from command line to 'False'
[4.709s] Level 5:colcon.colcon_core.verb:set package 'aaa' build argument 'ament_cmake_args' from command line to 'None'
[4.709s] Level 5:colcon.colcon_core.verb:set package 'aaa' build argument 'catkin_cmake_args' from command line to 'None'
[4.709s] Level 5:colcon.colcon_core.verb:set package 'aaa' build argument 'catkin_skip_building_tests' from command line to 'False'
[4.709s] DEBUG:colcon.colcon_core.verb:Building package 'aaa' with the following arguments: {'ament_cmake_args': None, 'build_base': '/home/iclab/motion/build/aaa', 'catkin_cmake_args': None, 'catkin_skip_building_tests': False, 'cmake_args': None, 'cmake_clean_cache': False, 'cmake_clean_first': False, 'cmake_force_configure': False, 'cmake_target': None, 'cmake_target_skip_unavailable': False, 'install_base': '/home/iclab/motion/install/aaa', 'merge_install': False, 'path': '/home/iclab/motion/src/aaa', 'symlink_install': False, 'test_result_base': None}
[4.759s] INFO:colcon.colcon_core.executor:Executing jobs using 'parallel' executor
[4.813s] DEBUG:colcon.colcon_parallel_executor.executor.parallel:run_until_complete
[4.813s] INFO:colcon.colcon_ros.task.ament_cmake.build:Building ROS package in '/home/iclab/motion/src/tku_msgs' with build type 'ament_cmake'
[4.814s] INFO:colcon.colcon_cmake.task.cmake.build:Building CMake package in '/home/iclab/motion/src/tku_msgs'
[4.874s] INFO:colcon.colcon_core.plugin_system:Skipping extension 'colcon_core.shell.bat': Not used on non-Windows systems
[4.875s] INFO:colcon.colcon_core.shell:Skip shell extension 'powershell' for command environment: Not usable outside of PowerShell
[4.875s] DEBUG:colcon.colcon_core.shell:Skip shell extension 'dsv' for command environment
[5.052s] INFO:colcon.colcon_ros.task.ament_python.build:Building ROS package in '/home/iclab/motion/src/motionpackage' with build type 'ament_python'
[5.054s] Level 1:colcon.colcon_core.shell:create_environment_hook('motionpackage', 'ament_prefix_path')
[5.112s] INFO:colcon.colcon_core.shell:Creating environment hook '/home/iclab/motion/install/motionpackage/share/motionpackage/hook/ament_prefix_path.ps1'
[5.114s] INFO:colcon.colcon_core.shell:Creating environment descriptor '/home/iclab/motion/install/motionpackage/share/motionpackage/hook/ament_prefix_path.dsv'
[5.116s] INFO:colcon.colcon_core.shell:Creating environment hook '/home/iclab/motion/install/motionpackage/share/motionpackage/hook/ament_prefix_path.sh'
[5.189s] INFO:colcon.colcon_core.shell:Skip shell extension 'powershell' for command environment: Not usable outside of PowerShell
[5.190s] DEBUG:colcon.colcon_core.shell:Skip shell extension 'dsv' for command environment
[5.394s] DEBUG:colcon.colcon_core.event_handler.log_command:Invoking command in '/home/iclab/motion/build/tku_msgs': CMAKE_PREFIX_PATH=${CMAKE_PREFIX_PATH}:/home/iclab/motion/install/aaa:/opt/ros/humble /usr/bin/cmake --build /home/iclab/motion/build/tku_msgs -- -j4 -l4
[7.144s] INFO:colcon.colcon_core.task.python.build:Building Python package in '/home/iclab/motion/src/motionpackage'
[7.226s] INFO:colcon.colcon_core.shell:Skip shell extension 'powershell' for command environment: Not usable outside of PowerShell
[7.227s] DEBUG:colcon.colcon_core.shell:Skip shell extension 'dsv' for command environment
[7.406s] DEBUG:colcon.colcon_core.event_handler.log_command:Invoked command in '/home/iclab/motion/build/tku_msgs' returned '0': CMAKE_PREFIX_PATH=${CMAKE_PREFIX_PATH}:/home/iclab/motion/install/aaa:/opt/ros/humble /usr/bin/cmake --build /home/iclab/motion/build/tku_msgs -- -j4 -l4
[8.840s] DEBUG:colcon.colcon_core.event_handler.log_command:Invoking command in '/home/iclab/motion/src/motionpackage': PYTHONPATH=/home/iclab/motion/build/motionpackage/prefix_override:/home/iclab/motion/install/motionpackage/lib/python3.10/site-packages:${PYTHONPATH} /usr/bin/python3 setup.py egg_info --egg-base ../../build/motionpackage build --build-base /home/iclab/motion/build/motionpackage/build install --record /home/iclab/motion/build/motionpackage/install.log --single-version-externally-managed
[9.165s] DEBUG:colcon.colcon_core.event_handler.log_command:Invoking command in '/home/iclab/motion/build/tku_msgs': CMAKE_PREFIX_PATH=${CMAKE_PREFIX_PATH}:/home/iclab/motion/install/aaa:/opt/ros/humble /usr/bin/cmake --install /home/iclab/motion/build/tku_msgs
[9.438s] Level 1:colcon.colcon_core.environment:create_environment_scripts_only(tku_msgs)
[9.634s] Level 1:colcon.colcon_core.environment:checking '/home/iclab/motion/install/tku_msgs' for CMake module files
[9.637s] Level 1:colcon.colcon_core.environment:checking '/home/iclab/motion/install/tku_msgs' for CMake config files
[9.654s] DEBUG:colcon.colcon_core.event_handler.log_command:Invoked command in '/home/iclab/motion/build/tku_msgs' returned '0': CMAKE_PREFIX_PATH=${CMAKE_PREFIX_PATH}:/home/iclab/motion/install/aaa:/opt/ros/humble /usr/bin/cmake --install /home/iclab/motion/build/tku_msgs
[9.659s] Level 1:colcon.colcon_core.shell:create_environment_hook('tku_msgs', 'cmake_prefix_path')
[9.791s] INFO:colcon.colcon_core.shell:Creating environment hook '/home/iclab/motion/install/tku_msgs/share/tku_msgs/hook/cmake_prefix_path.ps1'
[9.792s] INFO:colcon.colcon_core.shell:Creating environment descriptor '/home/iclab/motion/install/tku_msgs/share/tku_msgs/hook/cmake_prefix_path.dsv'
[9.794s] INFO:colcon.colcon_core.shell:Creating environment hook '/home/iclab/motion/install/tku_msgs/share/tku_msgs/hook/cmake_prefix_path.sh'
[9.805s] Level 1:colcon.colcon_core.environment:checking '/home/iclab/motion/install/tku_msgs/lib'
[9.805s] Level 1:colcon.colcon_core.shell:create_environment_hook('tku_msgs', 'ld_library_path_lib')
[9.923s] INFO:colcon.colcon_core.shell:Creating environment hook '/home/iclab/motion/install/tku_msgs/share/tku_msgs/hook/ld_library_path_lib.ps1'
[9.925s] INFO:colcon.colcon_core.shell:Creating environment descriptor '/home/iclab/motion/install/tku_msgs/share/tku_msgs/hook/ld_library_path_lib.dsv'
[9.927s] INFO:colcon.colcon_core.shell:Creating environment hook '/home/iclab/motion/install/tku_msgs/share/tku_msgs/hook/ld_library_path_lib.sh'
[9.928s] Level 1:colcon.colcon_core.environment:checking '/home/iclab/motion/install/tku_msgs/bin'
[9.929s] Level 1:colcon.colcon_core.environment:checking '/home/iclab/motion/install/tku_msgs/lib/pkgconfig/tku_msgs.pc'
[9.930s] Level 1:colcon.colcon_core.environment:checking '/home/iclab/motion/install/tku_msgs/lib/python3.10/site-packages'
[9.931s] Level 1:colcon.colcon_core.environment:checking '/home/iclab/motion/install/tku_msgs/bin'
[10.023s] INFO:colcon.colcon_core.shell:Creating package script '/home/iclab/motion/install/tku_msgs/share/tku_msgs/package.ps1'
[10.026s] INFO:colcon.colcon_core.shell:Creating package descriptor '/home/iclab/motion/install/tku_msgs/share/tku_msgs/package.dsv'
[10.033s] INFO:colcon.colcon_core.shell:Creating package script '/home/iclab/motion/install/tku_msgs/share/tku_msgs/package.sh'
[10.037s] INFO:colcon.colcon_core.shell:Creating package script '/home/iclab/motion/install/tku_msgs/share/tku_msgs/package.bash'
[10.040s] INFO:colcon.colcon_core.shell:Creating package script '/home/iclab/motion/install/tku_msgs/share/tku_msgs/package.zsh'
[10.053s] Level 1:colcon.colcon_core.environment:create_file_with_runtime_dependencies(/home/iclab/motion/install/tku_msgs/share/colcon-core/packages/tku_msgs)
[10.259s] DEBUG:colcon.colcon_core.event_handler.log_command:Invoked command in '/home/iclab/motion/src/motionpackage' returned '0': PYTHONPATH=/home/iclab/motion/build/motionpackage/prefix_override:/home/iclab/motion/install/motionpackage/lib/python3.10/site-packages:${PYTHONPATH} /usr/bin/python3 setup.py egg_info --egg-base ../../build/motionpackage build --build-base /home/iclab/motion/build/motionpackage/build install --record /home/iclab/motion/build/motionpackage/install.log --single-version-externally-managed
[10.379s] Level 1:colcon.colcon_core.environment:checking '/home/iclab/motion/install/motionpackage' for CMake module files
[10.382s] Level 1:colcon.colcon_core.environment:checking '/home/iclab/motion/install/motionpackage' for CMake config files
[10.383s] Level 1:colcon.colcon_core.shell:create_environment_hook('motionpackage', 'cmake_prefix_path')
[10.520s] INFO:colcon.colcon_core.shell:Creating environment hook '/home/iclab/motion/install/motionpackage/share/motionpackage/hook/cmake_prefix_path.ps1'
[10.524s] INFO:colcon.colcon_core.shell:Creating environment descriptor '/home/iclab/motion/install/motionpackage/share/motionpackage/hook/cmake_prefix_path.dsv'
[10.527s] INFO:colcon.colcon_core.shell:Creating environment hook '/home/iclab/motion/install/motionpackage/share/motionpackage/hook/cmake_prefix_path.sh'
[10.531s] Level 1:colcon.colcon_core.environment:checking '/home/iclab/motion/install/motionpackage/lib'
[10.531s] Level 1:colcon.colcon_core.environment:checking '/home/iclab/motion/install/motionpackage/bin'
[10.532s] Level 1:colcon.colcon_core.environment:checking '/home/iclab/motion/install/motionpackage/lib/pkgconfig/motionpackage.pc'
[10.533s] Level 1:colcon.colcon_core.environment:checking '/home/iclab/motion/install/motionpackage/lib/python3.10/site-packages'
[10.534s] Level 1:colcon.colcon_core.shell:create_environment_hook('motionpackage', 'pythonpath')
[10.654s] INFO:colcon.colcon_core.shell:Creating environment hook '/home/iclab/motion/install/motionpackage/share/motionpackage/hook/pythonpath.ps1'
[10.658s] INFO:colcon.colcon_core.shell:Creating environment descriptor '/home/iclab/motion/install/motionpackage/share/motionpackage/hook/pythonpath.dsv'
[10.662s] INFO:colcon.colcon_core.shell:Creating environment hook '/home/iclab/motion/install/motionpackage/share/motionpackage/hook/pythonpath.sh'
[10.666s] Level 1:colcon.colcon_core.environment:checking '/home/iclab/motion/install/motionpackage/bin'
[10.666s] Level 1:colcon.colcon_core.environment:create_environment_scripts_only(motionpackage)
[10.787s] INFO:colcon.colcon_core.shell:Creating package script '/home/iclab/motion/install/motionpackage/share/motionpackage/package.ps1'
[10.791s] INFO:colcon.colcon_core.shell:Creating package descriptor '/home/iclab/motion/install/motionpackage/share/motionpackage/package.dsv'
[10.794s] INFO:colcon.colcon_core.shell:Creating package script '/home/iclab/motion/install/motionpackage/share/motionpackage/package.sh'
[10.799s] INFO:colcon.colcon_core.shell:Creating package script '/home/iclab/motion/install/motionpackage/share/motionpackage/package.bash'
[10.802s] INFO:colcon.colcon_core.shell:Creating package script '/home/iclab/motion/install/motionpackage/share/motionpackage/package.zsh'
[10.804s] Level 1:colcon.colcon_core.environment:create_file_with_runtime_dependencies(/home/iclab/motion/install/motionpackage/share/colcon-core/packages/motionpackage)
[12.046s] Level 1:colcon.colcon_core.environment:create_environment_scripts_only(tku_msgs)
[12.138s] Level 1:colcon.colcon_core.environment:checking '/home/iclab/motion/install/tku_msgs' for CMake module files
[12.141s] Level 1:colcon.colcon_core.environment:checking '/home/iclab/motion/install/tku_msgs' for CMake config files
[12.145s] Level 1:colcon.colcon_core.shell:create_environment_hook('tku_msgs', 'cmake_prefix_path')
[12.252s] INFO:colcon.colcon_core.shell:Creating environment hook '/home/iclab/motion/install/tku_msgs/share/tku_msgs/hook/cmake_prefix_path.ps1'
[12.253s] INFO:colcon.colcon_core.shell:Creating environment descriptor '/home/iclab/motion/install/tku_msgs/share/tku_msgs/hook/cmake_prefix_path.dsv'
[12.255s] INFO:colcon.colcon_core.shell:Creating environment hook '/home/iclab/motion/install/tku_msgs/share/tku_msgs/hook/cmake_prefix_path.sh'
[12.257s] Level 1:colcon.colcon_core.environment:checking '/home/iclab/motion/install/tku_msgs/lib'
[12.258s] Level 1:colcon.colcon_core.shell:create_environment_hook('tku_msgs', 'ld_library_path_lib')
[12.351s] INFO:colcon.colcon_core.shell:Creating environment hook '/home/iclab/motion/install/tku_msgs/share/tku_msgs/hook/ld_library_path_lib.ps1'
[12.354s] INFO:colcon.colcon_core.shell:Creating environment descriptor '/home/iclab/motion/install/tku_msgs/share/tku_msgs/hook/ld_library_path_lib.dsv'
[12.356s] INFO:colcon.colcon_core.shell:Creating environment hook '/home/iclab/motion/install/tku_msgs/share/tku_msgs/hook/ld_library_path_lib.sh'
[12.359s] Level 1:colcon.colcon_core.environment:checking '/home/iclab/motion/install/tku_msgs/bin'
[12.359s] Level 1:colcon.colcon_core.environment:checking '/home/iclab/motion/install/tku_msgs/lib/pkgconfig/tku_msgs.pc'
[12.360s] Level 1:colcon.colcon_core.environment:checking '/home/iclab/motion/install/tku_msgs/lib/python3.10/site-packages'
[12.361s] Level 1:colcon.colcon_core.environment:checking '/home/iclab/motion/install/tku_msgs/bin'
[12.461s] INFO:colcon.colcon_core.shell:Creating package script '/home/iclab/motion/install/tku_msgs/share/tku_msgs/package.ps1'
[12.464s] INFO:colcon.colcon_core.shell:Creating package descriptor '/home/iclab/motion/install/tku_msgs/share/tku_msgs/package.dsv'
[12.471s] INFO:colcon.colcon_core.shell:Creating package script '/home/iclab/motion/install/tku_msgs/share/tku_msgs/package.sh'
[12.473s] INFO:colcon.colcon_core.shell:Creating package script '/home/iclab/motion/install/tku_msgs/share/tku_msgs/package.bash'
[12.474s] INFO:colcon.colcon_core.shell:Creating package script '/home/iclab/motion/install/tku_msgs/share/tku_msgs/package.zsh'
[12.476s] Level 1:colcon.colcon_core.environment:create_file_with_runtime_dependencies(/home/iclab/motion/install/tku_msgs/share/colcon-core/packages/tku_msgs)
[12.477s] INFO:colcon.colcon_ros.task.ament_python.build:Building ROS package in '/home/iclab/motion/src/tku_libs' with build type 'ament_python'
[12.478s] Level 1:colcon.colcon_core.shell:create_environment_hook('tku_libs', 'ament_prefix_path')
[12.584s] INFO:colcon.colcon_core.shell:Creating environment hook '/home/iclab/motion/install/tku_libs/share/tku_libs/hook/ament_prefix_path.ps1'
[12.586s] INFO:colcon.colcon_core.shell:Creating environment descriptor '/home/iclab/motion/install/tku_libs/share/tku_libs/hook/ament_prefix_path.dsv'
[12.588s] INFO:colcon.colcon_core.shell:Creating environment hook '/home/iclab/motion/install/tku_libs/share/tku_libs/hook/ament_prefix_path.sh'
[12.707s] INFO:colcon.colcon_core.shell:Skip shell extension 'powershell' for command environment: Not usable outside of PowerShell
[12.708s] DEBUG:colcon.colcon_core.shell:Skip shell extension 'dsv' for command environment
[14.583s] INFO:colcon.colcon_core.task.python.build:Building Python package in '/home/iclab/motion/src/tku_libs'
[14.689s] INFO:colcon.colcon_core.shell:Skip shell extension 'powershell' for command environment: Not usable outside of PowerShell
[14.690s] DEBUG:colcon.colcon_core.shell:Skip shell extension 'dsv' for command environment
[17.077s] DEBUG:colcon.colcon_core.event_handler.log_command:Invoking command in '/home/iclab/motion/src/tku_libs': CMAKE_PREFIX_PATH=/home/iclab/motion/install/tku_msgs:/home/iclab/motion/install/tuk_libs:/home/iclab/motion/install/tku_libs:/home/iclab/motion/install/motionpackage PYTHONPATH=/home/iclab/motion/build/tku_libs/prefix_override:/home/iclab/motion/install/tku_libs/lib/python3.10/site-packages:${PYTHONPATH} /usr/bin/python3 setup.py egg_info --egg-base ../../build/tku_libs build --build-base /home/iclab/motion/build/tku_libs/build install --record /home/iclab/motion/build/tku_libs/install.log --single-version-externally-managed
[18.528s] DEBUG:colcon.colcon_core.event_handler.log_command:Invoked command in '/home/iclab/motion/src/tku_libs' returned '0': CMAKE_PREFIX_PATH=/home/iclab/motion/install/tku_msgs:/home/iclab/motion/install/tuk_libs:/home/iclab/motion/install/tku_libs:/home/iclab/motion/install/motionpackage PYTHONPATH=/home/iclab/motion/build/tku_libs/prefix_override:/home/iclab/motion/install/tku_libs/lib/python3.10/site-packages:${PYTHONPATH} /usr/bin/python3 setup.py egg_info --egg-base ../../build/tku_libs build --build-base /home/iclab/motion/build/tku_libs/build install --record /home/iclab/motion/build/tku_libs/install.log --single-version-externally-managed
[18.620s] Level 1:colcon.colcon_core.environment:checking '/home/iclab/motion/install/tku_libs' for CMake module files
[18.622s] Level 1:colcon.colcon_core.environment:checking '/home/iclab/motion/install/tku_libs' for CMake config files
[18.623s] Level 1:colcon.colcon_core.shell:create_environment_hook('tku_libs', 'cmake_prefix_path')
[18.724s] INFO:colcon.colcon_core.shell:Creating environment hook '/home/iclab/motion/install/tku_libs/share/tku_libs/hook/cmake_prefix_path.ps1'
[18.726s] INFO:colcon.colcon_core.shell:Creating environment descriptor '/home/iclab/motion/install/tku_libs/share/tku_libs/hook/cmake_prefix_path.dsv'
[18.728s] INFO:colcon.colcon_core.shell:Creating environment hook '/home/iclab/motion/install/tku_libs/share/tku_libs/hook/cmake_prefix_path.sh'
[18.730s] Level 1:colcon.colcon_core.environment:checking '/home/iclab/motion/install/tku_libs/lib'
[18.731s] Level 1:colcon.colcon_core.environment:checking '/home/iclab/motion/install/tku_libs/bin'
[18.731s] Level 1:colcon.colcon_core.environment:checking '/home/iclab/motion/install/tku_libs/lib/pkgconfig/tku_libs.pc'
[18.732s] Level 1:colcon.colcon_core.environment:checking '/home/iclab/motion/install/tku_libs/lib/python3.10/site-packages'
[18.732s] Level 1:colcon.colcon_core.shell:create_environment_hook('tku_libs', 'pythonpath')
[18.835s] INFO:colcon.colcon_core.shell:Creating environment hook '/home/iclab/motion/install/tku_libs/share/tku_libs/hook/pythonpath.ps1'
[18.837s] INFO:colcon.colcon_core.shell:Creating environment descriptor '/home/iclab/motion/install/tku_libs/share/tku_libs/hook/pythonpath.dsv'
[18.839s] INFO:colcon.colcon_core.shell:Creating environment hook '/home/iclab/motion/install/tku_libs/share/tku_libs/hook/pythonpath.sh'
[18.842s] Level 1:colcon.colcon_core.environment:checking '/home/iclab/motion/install/tku_libs/bin'
[18.842s] Level 1:colcon.colcon_core.environment:create_environment_scripts_only(tku_libs)
[18.962s] INFO:colcon.colcon_core.shell:Creating package script '/home/iclab/motion/install/tku_libs/share/tku_libs/package.ps1'
[18.965s] INFO:colcon.colcon_core.shell:Creating package descriptor '/home/iclab/motion/install/tku_libs/share/tku_libs/package.dsv'
[18.968s] INFO:colcon.colcon_core.shell:Creating package script '/home/iclab/motion/install/tku_libs/share/tku_libs/package.sh'
[18.971s] INFO:colcon.colcon_core.shell:Creating package script '/home/iclab/motion/install/tku_libs/share/tku_libs/package.bash'
[18.972s] INFO:colcon.colcon_core.shell:Creating package script '/home/iclab/motion/install/tku_libs/share/tku_libs/package.zsh'
[18.974s] Level 1:colcon.colcon_core.environment:create_file_with_runtime_dependencies(/home/iclab/motion/install/tku_libs/share/colcon-core/packages/tku_libs)
[18.975s] INFO:colcon.colcon_ros.task.ament_python.build:Building ROS package in '/home/iclab/motion/src/aaa' with build type 'ament_python'
[18.978s] Level 1:colcon.colcon_core.shell:create_environment_hook('aaa', 'ament_prefix_path')
[19.072s] INFO:colcon.colcon_core.shell:Creating environment hook '/home/iclab/motion/install/aaa/share/aaa/hook/ament_prefix_path.ps1'
[19.074s] INFO:colcon.colcon_core.shell:Creating environment descriptor '/home/iclab/motion/install/aaa/share/aaa/hook/ament_prefix_path.dsv'
[19.076s] INFO:colcon.colcon_core.shell:Creating environment hook '/home/iclab/motion/install/aaa/share/aaa/hook/ament_prefix_path.sh'
[19.173s] INFO:colcon.colcon_core.shell:Skip shell extension 'powershell' for command environment: Not usable outside of PowerShell
[19.174s] DEBUG:colcon.colcon_core.shell:Skip shell extension 'dsv' for command environment
[21.208s] INFO:colcon.colcon_core.task.python.build:Building Python package in '/home/iclab/motion/src/aaa'
[21.305s] INFO:colcon.colcon_core.shell:Skip shell extension 'powershell' for command environment: Not usable outside of PowerShell
[21.305s] DEBUG:colcon.colcon_core.shell:Skip shell extension 'dsv' for command environment
[23.584s] DEBUG:colcon.colcon_core.event_handler.log_command:Invoking command in '/home/iclab/motion/src/aaa': AMENT_PREFIX_PATH=/home/iclab/motion/install/tku_libs:/home/iclab/motion/install/tuk_libs:/home/iclab/motion/install/aaa:/home/iclab/motion/install/tku_msgs:/home/iclab/motion/install/motionpackage:/opt/ros/humble CMAKE_PREFIX_PATH=/home/iclab/motion/install/tku_libs:/home/iclab/motion/install/tku_msgs:/home/iclab/motion/install/tuk_libs:/home/iclab/motion/install/motionpackage PYTHONPATH=/home/iclab/motion/build/aaa/prefix_override:/home/iclab/motion/install/aaa/lib/python3.10/site-packages:/home/iclab/motion/install/tku_libs/lib/python3.10/site-packages:/home/iclab/motion/install/aaa/lib/python3.10/site-packages:/home/iclab/motion/install/tku_msgs/local/lib/python3.10/dist-packages:/home/iclab/motion/install/motionpackage/lib/python3.10/site-packages:/opt/ros/humble/lib/python3.10/site-packages:/opt/ros/humble/local/lib/python3.10/dist-packages /usr/bin/python3 setup.py egg_info --egg-base ../../build/aaa build --build-base /home/iclab/motion/build/aaa/build install --record /home/iclab/motion/build/aaa/install.log --single-version-externally-managed
[25.348s] DEBUG:colcon.colcon_core.event_handler.log_command:Invoked command in '/home/iclab/motion/src/aaa' returned '0': AMENT_PREFIX_PATH=/home/iclab/motion/install/tku_libs:/home/iclab/motion/install/tuk_libs:/home/iclab/motion/install/aaa:/home/iclab/motion/install/tku_msgs:/home/iclab/motion/install/motionpackage:/opt/ros/humble CMAKE_PREFIX_PATH=/home/iclab/motion/install/tku_libs:/home/iclab/motion/install/tku_msgs:/home/iclab/motion/install/tuk_libs:/home/iclab/motion/install/motionpackage PYTHONPATH=/home/iclab/motion/build/aaa/prefix_override:/home/iclab/motion/install/aaa/lib/python3.10/site-packages:/home/iclab/motion/install/tku_libs/lib/python3.10/site-packages:/home/iclab/motion/install/aaa/lib/python3.10/site-packages:/home/iclab/motion/install/tku_msgs/local/lib/python3.10/dist-packages:/home/iclab/motion/install/motionpackage/lib/python3.10/site-packages:/opt/ros/humble/lib/python3.10/site-packages:/opt/ros/humble/local/lib/python3.10/dist-packages /usr/bin/python3 setup.py egg_info --egg-base ../../build/aaa build --build-base /home/iclab/motion/build/aaa/build install --record /home/iclab/motion/build/aaa/install.log --single-version-externally-managed
[25.449s] Level 1:colcon.colcon_core.environment:checking '/home/iclab/motion/install/aaa' for CMake module files
[25.451s] Level 1:colcon.colcon_core.environment:checking '/home/iclab/motion/install/aaa' for CMake config files
[25.453s] Level 1:colcon.colcon_core.environment:checking '/home/iclab/motion/install/aaa/lib'
[25.453s] Level 1:colcon.colcon_core.environment:checking '/home/iclab/motion/install/aaa/bin'
[25.454s] Level 1:colcon.colcon_core.environment:checking '/home/iclab/motion/install/aaa/lib/pkgconfig/aaa.pc'
[25.455s] Level 1:colcon.colcon_core.environment:checking '/home/iclab/motion/install/aaa/lib/python3.10/site-packages'
[25.455s] Level 1:colcon.colcon_core.shell:create_environment_hook('aaa', 'pythonpath')
[25.548s] INFO:colcon.colcon_core.shell:Creating environment hook '/home/iclab/motion/install/aaa/share/aaa/hook/pythonpath.ps1'
[25.550s] INFO:colcon.colcon_core.shell:Creating environment descriptor '/home/iclab/motion/install/aaa/share/aaa/hook/pythonpath.dsv'
[25.552s] INFO:colcon.colcon_core.shell:Creating environment hook '/home/iclab/motion/install/aaa/share/aaa/hook/pythonpath.sh'
[25.554s] Level 1:colcon.colcon_core.environment:checking '/home/iclab/motion/install/aaa/bin'
[25.554s] Level 1:colcon.colcon_core.environment:create_environment_scripts_only(aaa)
[25.641s] INFO:colcon.colcon_core.shell:Creating package script '/home/iclab/motion/install/aaa/share/aaa/package.ps1'
[25.643s] INFO:colcon.colcon_core.shell:Creating package descriptor '/home/iclab/motion/install/aaa/share/aaa/package.dsv'
[25.645s] INFO:colcon.colcon_core.shell:Creating package script '/home/iclab/motion/install/aaa/share/aaa/package.sh'
[25.647s] INFO:colcon.colcon_core.shell:Creating package script '/home/iclab/motion/install/aaa/share/aaa/package.bash'
[25.649s] INFO:colcon.colcon_core.shell:Creating package script '/home/iclab/motion/install/aaa/share/aaa/package.zsh'
[25.650s] Level 1:colcon.colcon_core.environment:create_file_with_runtime_dependencies(/home/iclab/motion/install/aaa/share/colcon-core/packages/aaa)
[25.653s] DEBUG:colcon.colcon_parallel_executor.executor.parallel:closing loop
[25.654s] DEBUG:colcon.colcon_parallel_executor.executor.parallel:loop closed
[25.655s] DEBUG:colcon.colcon_parallel_executor.executor.parallel:run_until_complete finished with '0'
[25.655s] DEBUG:colcon.colcon_core.event_reactor:joining thread
[25.767s] INFO:colcon.colcon_core.plugin_system:Skipping extension 'colcon_notification.desktop_notification.terminal_notifier': Not used on non-Darwin systems
[25.767s] INFO:colcon.colcon_core.plugin_system:Skipping extension 'colcon_notification.desktop_notification.win32': Not used on non-Windows systems
[25.767s] INFO:colcon.colcon_notification.desktop_notification:Sending desktop notification using 'notify2'
[25.819s] DEBUG:colcon.colcon_core.event_reactor:joined thread
[25.909s] INFO:colcon.colcon_core.shell:Creating prefix script '/home/iclab/motion/install/local_setup.ps1'
[25.912s] INFO:colcon.colcon_core.shell:Creating prefix util module '/home/iclab/motion/install/_local_setup_util_ps1.py'
[25.917s] INFO:colcon.colcon_core.shell:Creating prefix chain script '/home/iclab/motion/install/setup.ps1'
[26.004s] INFO:colcon.colcon_core.shell:Creating prefix script '/home/iclab/motion/install/local_setup.sh'
[26.007s] INFO:colcon.colcon_core.shell:Creating prefix util module '/home/iclab/motion/install/_local_setup_util_sh.py'
[26.009s] INFO:colcon.colcon_core.shell:Creating prefix chain script '/home/iclab/motion/install/setup.sh'
[26.111s] INFO:colcon.colcon_core.shell:Creating prefix script '/home/iclab/motion/install/local_setup.bash'
[26.113s] INFO:colcon.colcon_core.shell:Creating prefix chain script '/home/iclab/motion/install/setup.bash'
[26.205s] INFO:colcon.colcon_core.shell:Creating prefix script '/home/iclab/motion/install/local_setup.zsh'
[26.207s] INFO:colcon.colcon_core.shell:Creating prefix chain script '/home/iclab/motion/install/setup.zsh'
