[2.005s] Invoking command in '/home/iclab/motion/src/motionpackage': PYTHONPATH=/home/iclab/motion/build/motionpackage/prefix_override:/home/iclab/motion/install/motionpackage/lib/python3.10/site-packages: /usr/bin/python3 setup.py egg_info --egg-base ../../build/motionpackage build --build-base /home/iclab/motion/build/motionpackage/build install --record /home/iclab/motion/build/motionpackage/install.log --single-version-externally-managed
[2.683s] running egg_info
[2.684s] writing ../../build/motionpackage/motionpackage.egg-info/PKG-INFO
[2.685s] writing dependency_links to ../../build/motionpackage/motionpackage.egg-info/dependency_links.txt
[2.685s] writing entry points to ../../build/motionpackage/motionpackage.egg-info/entry_points.txt
[2.686s] writing requirements to ../../build/motionpackage/motionpackage.egg-info/requires.txt
[2.687s] writing top-level names to ../../build/motionpackage/motionpackage.egg-info/top_level.txt
[2.687s] reading manifest file '../../build/motionpackage/motionpackage.egg-info/SOURCES.txt'
[2.688s] writing manifest file '../../build/motionpackage/motionpackage.egg-info/SOURCES.txt'
[2.689s] running build
[2.690s] running build_py
[2.691s] copying motionpackage/motionpackage.py -> /home/iclab/motion/build/motionpackage/build/lib/motionpackage
[2.691s] running install
[2.692s] /usr/lib/python3/dist-packages/setuptools/command/install.py:34: SetuptoolsDeprecationWarning: setup.py install is deprecated. Use build and pip and other standards-based tools.
[2.694s]   warnings.warn(
[2.694s] running install_lib
[2.696s] copying /home/iclab/motion/build/motionpackage/build/lib/motionpackage/motionpackage.py -> /home/iclab/motion/install/motionpackage/lib/python3.10/site-packages/motionpackage
[2.696s] byte-compiling /home/iclab/motion/install/motionpackage/lib/python3.10/site-packages/motionpackage/motionpackage.py to motionpackage.cpython-310.pyc
[2.702s] running install_data
[2.704s] running install_egg_info
[2.710s] removing '/home/iclab/motion/install/motionpackage/lib/python3.10/site-packages/motionpackage-0.0.0-py3.10.egg-info' (and everything under it)
[2.712s] Copying ../../build/motionpackage/motionpackage.egg-info to /home/iclab/motion/install/motionpackage/lib/python3.10/site-packages/motionpackage-0.0.0-py3.10.egg-info
[2.713s] running install_scripts
[2.762s] Installing motionpackage script to /home/iclab/motion/install/motionpackage/lib/motionpackage
[2.765s] writing list of installed files to '/home/iclab/motion/build/motionpackage/install.log'
[2.869s] Invoked command in '/home/iclab/motion/src/motionpackage' returned '0': PYTHONPATH=/home/iclab/motion/build/motionpackage/prefix_override:/home/iclab/motion/install/motionpackage/lib/python3.10/site-packages: /usr/bin/python3 setup.py egg_info --egg-base ../../build/motionpackage build --build-base /home/iclab/motion/build/motionpackage/build install --record /home/iclab/motion/build/motionpackage/install.log --single-version-externally-managed
