[0.538s] Invoking command in '/home/iclab/motion/src/aaa': AMENT_PREFIX_PATH=/home/iclab/motion/src/install/tku_libs:/home/iclab/motion/src/install/aaa:/home/iclab/motion/src/install/tku_msgs:/home/iclab/motion/src/install/motionpackage:/opt/ros/humble PYTHONPATH=/home/iclab/motion/src/build/aaa/prefix_override:/home/iclab/motion/src/install/aaa/lib/python3.10/site-packages:/home/iclab/motion/src/install/tku_libs/lib/python3.10/site-packages:/home/iclab/motion/src/install/aaa/lib/python3.10/site-packages:/home/iclab/motion/src/install/tku_msgs/local/lib/python3.10/dist-packages:/home/iclab/motion/src/install/motionpackage/lib/python3.10/site-packages:/opt/ros/humble/lib/python3.10/site-packages:/opt/ros/humble/local/lib/python3.10/dist-packages /usr/bin/python3 setup.py egg_info --egg-base ../build/aaa build --build-base /home/iclab/motion/src/build/aaa/build install --record /home/iclab/motion/src/build/aaa/install.log --single-version-externally-managed
[0.713s] running egg_info
[0.713s] writing ../build/aaa/aaa.egg-info/PKG-INFO
[0.714s] writing dependency_links to ../build/aaa/aaa.egg-info/dependency_links.txt
[0.714s] writing entry points to ../build/aaa/aaa.egg-info/entry_points.txt
[0.714s] writing requirements to ../build/aaa/aaa.egg-info/requires.txt
[0.714s] writing top-level names to ../build/aaa/aaa.egg-info/top_level.txt
[0.716s] reading manifest file '../build/aaa/aaa.egg-info/SOURCES.txt'
[0.716s] writing manifest file '../build/aaa/aaa.egg-info/SOURCES.txt'
[0.716s] running build
[0.716s] running build_py
[0.716s] running install
[0.717s] running install_lib
[0.718s] running install_data
[0.718s] running install_egg_info
[0.720s] removing '/home/iclab/motion/src/install/aaa/lib/python3.10/site-packages/aaa-0.0.0-py3.10.egg-info' (and everything under it)
[0.720s] Copying ../build/aaa/aaa.egg-info to /home/iclab/motion/src/install/aaa/lib/python3.10/site-packages/aaa-0.0.0-py3.10.egg-info
[0.720s] running install_scripts
[0.735s] Installing aaa script to /home/iclab/motion/src/install/aaa/lib/aaa
[0.735s] writing list of installed files to '/home/iclab/motion/src/build/aaa/install.log'
[0.752s] Invoked command in '/home/iclab/motion/src/aaa' returned '0': AMENT_PREFIX_PATH=/home/iclab/motion/src/install/tku_libs:/home/iclab/motion/src/install/aaa:/home/iclab/motion/src/install/tku_msgs:/home/iclab/motion/src/install/motionpackage:/opt/ros/humble PYTHONPATH=/home/iclab/motion/src/build/aaa/prefix_override:/home/iclab/motion/src/install/aaa/lib/python3.10/site-packages:/home/iclab/motion/src/install/tku_libs/lib/python3.10/site-packages:/home/iclab/motion/src/install/aaa/lib/python3.10/site-packages:/home/iclab/motion/src/install/tku_msgs/local/lib/python3.10/dist-packages:/home/iclab/motion/src/install/motionpackage/lib/python3.10/site-packages:/opt/ros/humble/lib/python3.10/site-packages:/opt/ros/humble/local/lib/python3.10/dist-packages /usr/bin/python3 setup.py egg_info --egg-base ../build/aaa build --build-base /home/iclab/motion/src/build/aaa/build install --record /home/iclab/motion/src/build/aaa/install.log --single-version-externally-managed
