[0.640s] Invoking command in '/home/iclab/motion/src/aaa': AMENT_PREFIX_PATH=/home/iclab/motion/install/tku_libs:/home/iclab/motion/install/aaa:/home/iclab/motion/install/tuk_libs:/home/iclab/motion/install/motionpackage:/home/iclab/motion/install/tku_msgs:/opt/ros/humble CMAKE_PREFIX_PATH=/home/iclab/motion/install/tku_libs:/home/iclab/motion/install/tku_msgs:/home/iclab/motion/install/tuk_libs:/home/iclab/motion/install/motionpackage PYTHONPATH=/home/iclab/motion/build/aaa/prefix_override:/home/iclab/motion/install/aaa/lib/python3.10/site-packages:/home/iclab/motion/install/tku_libs/lib/python3.10/site-packages:/home/iclab/motion/install/aaa/lib/python3.10/site-packages:/home/iclab/motion/install/tku_msgs/local/lib/python3.10/dist-packages:/opt/ros/humble/lib/python3.10/site-packages:/opt/ros/humble/local/lib/python3.10/dist-packages /usr/bin/python3 setup.py egg_info --egg-base ../../build/aaa build --build-base /home/iclab/motion/build/aaa/build install --record /home/iclab/motion/build/aaa/install.log --single-version-externally-managed
[0.840s] running egg_info
[0.840s] writing ../../build/aaa/aaa.egg-info/PKG-INFO
[0.841s] writing dependency_links to ../../build/aaa/aaa.egg-info/dependency_links.txt
[0.841s] writing entry points to ../../build/aaa/aaa.egg-info/entry_points.txt
[0.841s] writing requirements to ../../build/aaa/aaa.egg-info/requires.txt
[0.841s] writing top-level names to ../../build/aaa/aaa.egg-info/top_level.txt
[0.842s] reading manifest file '../../build/aaa/aaa.egg-info/SOURCES.txt'
[0.842s] writing manifest file '../../build/aaa/aaa.egg-info/SOURCES.txt'
[0.842s] running build
[0.842s] running build_py
[0.843s] copying aaa/aaa.py -> /home/iclab/motion/build/aaa/build/lib/aaa
[0.843s] running install
[0.843s] running install_lib
[0.843s] copying /home/iclab/motion/build/aaa/build/lib/aaa/aaa.py -> /home/iclab/motion/install/aaa/lib/python3.10/site-packages/aaa
[0.844s] byte-compiling /home/iclab/motion/install/aaa/lib/python3.10/site-packages/aaa/aaa.py to aaa.cpython-310.pyc
[0.844s] running install_data
[0.844s] running install_egg_info
[0.845s] removing '/home/iclab/motion/install/aaa/lib/python3.10/site-packages/aaa-0.0.0-py3.10.egg-info' (and everything under it)
[0.846s] Copying ../../build/aaa/aaa.egg-info to /home/iclab/motion/install/aaa/lib/python3.10/site-packages/aaa-0.0.0-py3.10.egg-info
[0.846s] running install_scripts
[0.858s] Installing aaa script to /home/iclab/motion/install/aaa/lib/aaa
[0.858s] writing list of installed files to '/home/iclab/motion/build/aaa/install.log'
[0.877s] Invoked command in '/home/iclab/motion/src/aaa' returned '0': AMENT_PREFIX_PATH=/home/iclab/motion/install/tku_libs:/home/iclab/motion/install/aaa:/home/iclab/motion/install/tuk_libs:/home/iclab/motion/install/motionpackage:/home/iclab/motion/install/tku_msgs:/opt/ros/humble CMAKE_PREFIX_PATH=/home/iclab/motion/install/tku_libs:/home/iclab/motion/install/tku_msgs:/home/iclab/motion/install/tuk_libs:/home/iclab/motion/install/motionpackage PYTHONPATH=/home/iclab/motion/build/aaa/prefix_override:/home/iclab/motion/install/aaa/lib/python3.10/site-packages:/home/iclab/motion/install/tku_libs/lib/python3.10/site-packages:/home/iclab/motion/install/aaa/lib/python3.10/site-packages:/home/iclab/motion/install/tku_msgs/local/lib/python3.10/dist-packages:/opt/ros/humble/lib/python3.10/site-packages:/opt/ros/humble/local/lib/python3.10/dist-packages /usr/bin/python3 setup.py egg_info --egg-base ../../build/aaa build --build-base /home/iclab/motion/build/aaa/build install --record /home/iclab/motion/build/aaa/install.log --single-version-externally-managed
