[2.805s] Invoking command in '/home/iclab/motion/src/aaa': AMENT_PREFIX_PATH=/home/iclab/motion/install/tku_libs:/home/iclab/motion/install/tuk_libs:/home/iclab/motion/install/aaa:/home/iclab/motion/install/tku_msgs:/home/iclab/motion/install/motionpackage:/opt/ros/humble CMAKE_PREFIX_PATH=/home/iclab/motion/install/tku_libs:/home/iclab/motion/install/tku_msgs:/home/iclab/motion/install/tuk_libs:/home/iclab/motion/install/motionpackage PYTHONPATH=/home/iclab/motion/build/aaa/prefix_override:/home/iclab/motion/install/aaa/lib/python3.10/site-packages:/home/iclab/motion/install/tku_libs/lib/python3.10/site-packages:/home/iclab/motion/install/aaa/lib/python3.10/site-packages:/home/iclab/motion/install/tku_msgs/local/lib/python3.10/dist-packages:/home/iclab/motion/install/motionpackage/lib/python3.10/site-packages:/opt/ros/humble/lib/python3.10/site-packages:/opt/ros/humble/local/lib/python3.10/dist-packages /usr/bin/python3 setup.py egg_info --egg-base ../../build/aaa build --build-base /home/iclab/motion/build/aaa/build install --record /home/iclab/motion/build/aaa/install.log --single-version-externally-managed
[3.919s] running egg_info
[3.921s] writing ../../build/aaa/aaa.egg-info/PKG-INFO
[3.923s] writing dependency_links to ../../build/aaa/aaa.egg-info/dependency_links.txt
[3.924s] writing entry points to ../../build/aaa/aaa.egg-info/entry_points.txt
[3.928s] writing requirements to ../../build/aaa/aaa.egg-info/requires.txt
[3.929s] writing top-level names to ../../build/aaa/aaa.egg-info/top_level.txt
[3.934s] reading manifest file '../../build/aaa/aaa.egg-info/SOURCES.txt'
[3.937s] writing manifest file '../../build/aaa/aaa.egg-info/SOURCES.txt'
[3.937s] running build
[3.938s] running build_py
[3.938s] copying aaa/aaa.py -> /home/iclab/motion/build/aaa/build/lib/aaa
[3.939s] running install
[3.939s] running install_lib
[3.942s] copying /home/iclab/motion/build/aaa/build/lib/aaa/aaa.py -> /home/iclab/motion/install/aaa/lib/python3.10/site-packages/aaa
[3.943s] byte-compiling /home/iclab/motion/install/aaa/lib/python3.10/site-packages/aaa/aaa.py to aaa.cpython-310.pyc
[3.945s] running install_data
[3.947s] running install_egg_info
[3.952s] removing '/home/iclab/motion/install/aaa/lib/python3.10/site-packages/aaa-0.0.0-py3.10.egg-info' (and everything under it)
[3.952s] Copying ../../build/aaa/aaa.egg-info to /home/iclab/motion/install/aaa/lib/python3.10/site-packages/aaa-0.0.0-py3.10.egg-info
[3.955s] running install_scripts
[4.016s] Installing aaa script to /home/iclab/motion/install/aaa/lib/aaa
[4.018s] writing list of installed files to '/home/iclab/motion/build/aaa/install.log'
[4.123s] Invoked command in '/home/iclab/motion/src/aaa' returned '0': AMENT_PREFIX_PATH=/home/iclab/motion/install/tku_libs:/home/iclab/motion/install/tuk_libs:/home/iclab/motion/install/aaa:/home/iclab/motion/install/tku_msgs:/home/iclab/motion/install/motionpackage:/opt/ros/humble CMAKE_PREFIX_PATH=/home/iclab/motion/install/tku_libs:/home/iclab/motion/install/tku_msgs:/home/iclab/motion/install/tuk_libs:/home/iclab/motion/install/motionpackage PYTHONPATH=/home/iclab/motion/build/aaa/prefix_override:/home/iclab/motion/install/aaa/lib/python3.10/site-packages:/home/iclab/motion/install/tku_libs/lib/python3.10/site-packages:/home/iclab/motion/install/aaa/lib/python3.10/site-packages:/home/iclab/motion/install/tku_msgs/local/lib/python3.10/dist-packages:/home/iclab/motion/install/motionpackage/lib/python3.10/site-packages:/opt/ros/humble/lib/python3.10/site-packages:/opt/ros/humble/local/lib/python3.10/dist-packages /usr/bin/python3 setup.py egg_info --egg-base ../../build/aaa build --build-base /home/iclab/motion/build/aaa/build install --record /home/iclab/motion/build/aaa/install.log --single-version-externally-managed
