[3.215s] Invoking command in '/home/iclab/motion/src/motionpackage': PYTHONPATH=/home/iclab/motion/build/motionpackage/prefix_override:/home/iclab/motion/install/motionpackage/lib/python3.10/site-packages:${PYTHONPATH} /usr/bin/python3 setup.py egg_info --egg-base ../../build/motionpackage build --build-base /home/iclab/motion/build/motionpackage/build install --record /home/iclab/motion/build/motionpackage/install.log --single-version-externally-managed
[4.341s] running egg_info
[4.348s] writing ../../build/motionpackage/motionpackage.egg-info/PKG-INFO
[4.350s] writing dependency_links to ../../build/motionpackage/motionpackage.egg-info/dependency_links.txt
[4.353s] writing entry points to ../../build/motionpackage/motionpackage.egg-info/entry_points.txt
[4.353s] writing requirements to ../../build/motionpackage/motionpackage.egg-info/requires.txt
[4.354s] writing top-level names to ../../build/motionpackage/motionpackage.egg-info/top_level.txt
[4.354s] reading manifest file '../../build/motionpackage/motionpackage.egg-info/SOURCES.txt'
[4.360s] writing manifest file '../../build/motionpackage/motionpackage.egg-info/SOURCES.txt'
[4.360s] running build
[4.361s] running build_py
[4.361s] running install
[4.362s] running install_lib
[4.367s] running install_data
[4.367s] running install_egg_info
[4.369s] removing '/home/iclab/motion/install/motionpackage/lib/python3.10/site-packages/motionpackage-0.0.0-py3.10.egg-info' (and everything under it)
[4.370s] Copying ../../build/motionpackage/motionpackage.egg-info to /home/iclab/motion/install/motionpackage/lib/python3.10/site-packages/motionpackage-0.0.0-py3.10.egg-info
[4.377s] running install_scripts
[4.434s] Installing motionpackage script to /home/iclab/motion/install/motionpackage/lib/motionpackage
[4.436s] writing list of installed files to '/home/iclab/motion/build/motionpackage/install.log'
[4.528s] Invoked command in '/home/iclab/motion/src/motionpackage' returned '0': PYTHONPATH=/home/iclab/motion/build/motionpackage/prefix_override:/home/iclab/motion/install/motionpackage/lib/python3.10/site-packages:${PYTHONPATH} /usr/bin/python3 setup.py egg_info --egg-base ../../build/motionpackage build --build-base /home/iclab/motion/build/motionpackage/build install --record /home/iclab/motion/build/motionpackage/install.log --single-version-externally-managed
