[3.094s] Invoking command in '/home/iclab/motion/src/tku_libs': CMAKE_PREFIX_PATH=/home/iclab/motion/install/tku_msgs:/home/iclab/motion/install/tuk_libs:/home/iclab/motion/install/tku_libs:/home/iclab/motion/install/motionpackage PYTHONPATH=/home/iclab/motion/build/tku_libs/prefix_override:/home/iclab/motion/install/tku_libs/lib/python3.10/site-packages:${PYTHONPATH} /usr/bin/python3 setup.py egg_info --egg-base ../../build/tku_libs build --build-base /home/iclab/motion/build/tku_libs/build install --record /home/iclab/motion/build/tku_libs/install.log --single-version-externally-managed
[3.983s] running egg_info
[3.984s] writing ../../build/tku_libs/tku_libs.egg-info/PKG-INFO
[3.985s] writing dependency_links to ../../build/tku_libs/tku_libs.egg-info/dependency_links.txt
[3.986s] writing entry points to ../../build/tku_libs/tku_libs.egg-info/entry_points.txt
[3.987s] writing requirements to ../../build/tku_libs/tku_libs.egg-info/requires.txt
[3.987s] writing top-level names to ../../build/tku_libs/tku_libs.egg-info/top_level.txt
[3.993s] reading manifest file '../../build/tku_libs/tku_libs.egg-info/SOURCES.txt'
[3.996s] writing manifest file '../../build/tku_libs/tku_libs.egg-info/SOURCES.txt'
[3.996s] running build
[3.996s] running build_py
[3.997s] running install
[3.998s] running install_lib
[4.002s] running install_data
[4.004s] running install_egg_info
[4.008s] removing '/home/iclab/motion/install/tku_libs/lib/python3.10/site-packages/tku_libs-0.0.0-py3.10.egg-info' (and everything under it)
[4.009s] Copying ../../build/tku_libs/tku_libs.egg-info to /home/iclab/motion/install/tku_libs/lib/python3.10/site-packages/tku_libs-0.0.0-py3.10.egg-info
[4.012s] running install_scripts
[4.065s] Installing aaa script to /home/iclab/motion/install/tku_libs/lib/tku_libs
[4.066s] Installing bbb script to /home/iclab/motion/install/tku_libs/lib/tku_libs
[4.068s] writing list of installed files to '/home/iclab/motion/build/tku_libs/install.log'
[4.151s] Invoked command in '/home/iclab/motion/src/tku_libs' returned '0': CMAKE_PREFIX_PATH=/home/iclab/motion/install/tku_msgs:/home/iclab/motion/install/tuk_libs:/home/iclab/motion/install/tku_libs:/home/iclab/motion/install/motionpackage PYTHONPATH=/home/iclab/motion/build/tku_libs/prefix_override:/home/iclab/motion/install/tku_libs/lib/python3.10/site-packages:${PYTHONPATH} /usr/bin/python3 setup.py egg_info --egg-base ../../build/tku_libs build --build-base /home/iclab/motion/build/tku_libs/build install --record /home/iclab/motion/build/tku_libs/install.log --single-version-externally-managed
