[4.491s] Invoking command in '/home/iclab/motion/src/motionpackage': PYTHONPATH=/home/iclab/motion/build/motionpackage/prefix_override:/home/iclab/motion/install/motionpackage/lib/python3.10/site-packages:${PYTHONPATH} /usr/bin/python3 setup.py egg_info --egg-base ../../build/motionpackage build --build-base /home/iclab/motion/build/motionpackage/build install --record /home/iclab/motion/build/motionpackage/install.log --single-version-externally-managed
[5.566s] running egg_info
[5.568s] writing ../../build/motionpackage/motionpackage.egg-info/PKG-INFO
[5.568s] writing dependency_links to ../../build/motionpackage/motionpackage.egg-info/dependency_links.txt
[5.569s] writing entry points to ../../build/motionpackage/motionpackage.egg-info/entry_points.txt
[5.573s] writing requirements to ../../build/motionpackage/motionpackage.egg-info/requires.txt
[5.574s] writing top-level names to ../../build/motionpackage/motionpackage.egg-info/top_level.txt
[5.575s] reading manifest file '../../build/motionpackage/motionpackage.egg-info/SOURCES.txt'
[5.580s] writing manifest file '../../build/motionpackage/motionpackage.egg-info/SOURCES.txt'
[5.585s] running build
[5.585s] running build_py
[5.586s] copying motionpackage/motionpackage.py -> /home/iclab/motion/build/motionpackage/build/lib/motionpackage
[5.586s] running install
[5.587s] running install_lib
[5.587s] copying /home/iclab/motion/build/motionpackage/build/lib/motionpackage/motionpackage.py -> /home/iclab/motion/install/motionpackage/lib/python3.10/site-packages/motionpackage
[5.589s] byte-compiling /home/iclab/motion/install/motionpackage/lib/python3.10/site-packages/motionpackage/motionpackage.py to motionpackage.cpython-310.pyc
[5.615s] running install_data
[5.618s] running install_egg_info
[5.623s] removing '/home/iclab/motion/install/motionpackage/lib/python3.10/site-packages/motionpackage-0.0.0-py3.10.egg-info' (and everything under it)
[5.624s] Copying ../../build/motionpackage/motionpackage.egg-info to /home/iclab/motion/install/motionpackage/lib/python3.10/site-packages/motionpackage-0.0.0-py3.10.egg-info
[5.629s] running install_scripts
[5.700s] Installing motionpackage script to /home/iclab/motion/install/motionpackage/lib/motionpackage
[5.702s] writing list of installed files to '/home/iclab/motion/build/motionpackage/install.log'
[5.807s] Invoked command in '/home/iclab/motion/src/motionpackage' returned '0': PYTHONPATH=/home/iclab/motion/build/motionpackage/prefix_override:/home/iclab/motion/install/motionpackage/lib/python3.10/site-packages:${PYTHONPATH} /usr/bin/python3 setup.py egg_info --egg-base ../../build/motionpackage build --build-base /home/iclab/motion/build/motionpackage/build install --record /home/iclab/motion/build/motionpackage/install.log --single-version-externally-managed
