[3.298s] Invoking command in '/home/iclab/motion/src/motionpackage': PYTHONPATH=/home/iclab/motion/build/motionpackage/prefix_override:/home/iclab/motion/install/motionpackage/lib/python3.10/site-packages:${PYTHONPATH} /usr/bin/python3 setup.py egg_info --egg-base ../../build/motionpackage build --build-base /home/iclab/motion/build/motionpackage/build install --record /home/iclab/motion/build/motionpackage/install.log --single-version-externally-managed
[4.189s] running egg_info
[4.189s] writing ../../build/motionpackage/motionpackage.egg-info/PKG-INFO
[4.190s] writing dependency_links to ../../build/motionpackage/motionpackage.egg-info/dependency_links.txt
[4.190s] writing entry points to ../../build/motionpackage/motionpackage.egg-info/entry_points.txt
[4.191s] writing requirements to ../../build/motionpackage/motionpackage.egg-info/requires.txt
[4.191s] writing top-level names to ../../build/motionpackage/motionpackage.egg-info/top_level.txt
[4.202s] reading manifest file '../../build/motionpackage/motionpackage.egg-info/SOURCES.txt'
[4.203s] writing manifest file '../../build/motionpackage/motionpackage.egg-info/SOURCES.txt'
[4.204s] running build
[4.205s] running build_py
[4.214s] copying motionpackage/motionpackage.py -> /home/iclab/motion/build/motionpackage/build/lib/motionpackage
[4.215s] running install
[4.216s] running install_lib
[4.217s] copying /home/iclab/motion/build/motionpackage/build/lib/motionpackage/motionpackage.py -> /home/iclab/motion/install/motionpackage/lib/python3.10/site-packages/motionpackage
[4.217s] byte-compiling /home/iclab/motion/install/motionpackage/lib/python3.10/site-packages/motionpackage/motionpackage.py to motionpackage.cpython-310.pyc
[4.226s] running install_data
[4.229s] running install_egg_info
[4.232s] removing '/home/iclab/motion/install/motionpackage/lib/python3.10/site-packages/motionpackage-0.0.0-py3.10.egg-info' (and everything under it)
[4.233s] Copying ../../build/motionpackage/motionpackage.egg-info to /home/iclab/motion/install/motionpackage/lib/python3.10/site-packages/motionpackage-0.0.0-py3.10.egg-info
[4.236s] running install_scripts
[4.300s] Installing motionpackage script to /home/iclab/motion/install/motionpackage/lib/motionpackage
[4.300s] writing list of installed files to '/home/iclab/motion/build/motionpackage/install.log'
[4.396s] Invoked command in '/home/iclab/motion/src/motionpackage' returned '0': PYTHONPATH=/home/iclab/motion/build/motionpackage/prefix_override:/home/iclab/motion/install/motionpackage/lib/python3.10/site-packages:${PYTHONPATH} /usr/bin/python3 setup.py egg_info --egg-base ../../build/motionpackage build --build-base /home/iclab/motion/build/motionpackage/build install --record /home/iclab/motion/build/motionpackage/install.log --single-version-externally-managed
