[3.436s] Invoking command in '/home/iclab/motion/src/motionpackage': PYTHONPATH=/home/iclab/motion/build/motionpackage/prefix_override:/home/iclab/motion/install/motionpackage/lib/python3.10/site-packages:${PYTHONPATH} /usr/bin/python3 setup.py egg_info --egg-base ../../build/motionpackage build --build-base /home/iclab/motion/build/motionpackage/build install --record /home/iclab/motion/build/motionpackage/install.log --single-version-externally-managed
[4.946s] running egg_info
[4.949s] writing ../../build/motionpackage/motionpackage.egg-info/PKG-INFO
[4.957s] writing dependency_links to ../../build/motionpackage/motionpackage.egg-info/dependency_links.txt
[4.958s] writing entry points to ../../build/motionpackage/motionpackage.egg-info/entry_points.txt
[4.958s] writing requirements to ../../build/motionpackage/motionpackage.egg-info/requires.txt
[4.959s] writing top-level names to ../../build/motionpackage/motionpackage.egg-info/top_level.txt
[4.970s] reading manifest file '../../build/motionpackage/motionpackage.egg-info/SOURCES.txt'
[4.981s] writing manifest file '../../build/motionpackage/motionpackage.egg-info/SOURCES.txt'
[4.982s] running build
[4.983s] running build_py
[4.984s] running install
[4.985s] running install_lib
[4.988s] byte-compiling /home/iclab/motion/install/motionpackage/lib/python3.10/site-packages/motionpackage/motionpackage.py to motionpackage.cpython-310.pyc
[5.033s] running install_data
[5.036s] running install_egg_info
[5.047s] removing '/home/iclab/motion/install/motionpackage/lib/python3.10/site-packages/motionpackage-0.0.0-py3.10.egg-info' (and everything under it)
[5.048s] Copying ../../build/motionpackage/motionpackage.egg-info to /home/iclab/motion/install/motionpackage/lib/python3.10/site-packages/motionpackage-0.0.0-py3.10.egg-info
[5.052s] running install_scripts
[5.150s] Installing motionpackage script to /home/iclab/motion/install/motionpackage/lib/motionpackage
[5.150s] writing list of installed files to '/home/iclab/motion/build/motionpackage/install.log'
[5.298s] Invoked command in '/home/iclab/motion/src/motionpackage' returned '0': PYTHONPATH=/home/iclab/motion/build/motionpackage/prefix_override:/home/iclab/motion/install/motionpackage/lib/python3.10/site-packages:${PYTHONPATH} /usr/bin/python3 setup.py egg_info --egg-base ../../build/motionpackage build --build-base /home/iclab/motion/build/motionpackage/build install --record /home/iclab/motion/build/motionpackage/install.log --single-version-externally-managed
