[0.264s] Invoking command in '/home/iclab/motion/build/cpp': CMAKE_PREFIX_PATH=${CMAKE_PREFIX_PATH}:/home/iclab/motion/install/aaa:/opt/ros/humble /usr/bin/cmake --build /home/iclab/motion/build/cpp -- -j4 -l4
[0.315s] -- Found ament_cmake: 1.3.6 (/opt/ros/humble/share/ament_cmake/cmake)
[0.778s] [31mCMake Error at CMakeLists.txt:13 (find_package):
[0.778s]   By not providing "Findserial.cmake" in CMAKE_MODULE_PATH this project has
[0.778s]   asked CMake to find a package configuration file provided by "serial", but
[0.779s]   CMake did not find one.
[0.779s] 
[0.779s]   Could not find a package configuration file provided by "serial" with any
[0.779s]   of the following names:
[0.780s] 
[0.780s]     serialConfig.cmake
[0.780s]     serial-config.cmake
[0.780s] 
[0.780s]   Add the installation prefix of "serial" to CMAKE_PREFIX_PATH or set
[0.781s]   "serial_DIR" to a directory containing one of the above files.  If "serial"
[0.781s]   provides a separate development package or SDK, be sure it has been
[0.781s]   installed.
[0.781s] 
[0.781s] [0m
[0.782s] -- Configuring incomplete, errors occurred!
[0.782s] See also "/home/iclab/motion/build/cpp/CMakeFiles/CMakeOutput.log".
[0.783s] gmake: *** [Makefile:267: cmake_check_build_system] Error 1
[0.787s] Invoked command in '/home/iclab/motion/build/cpp' returned '2': CMAKE_PREFIX_PATH=${CMAKE_PREFIX_PATH}:/home/iclab/motion/install/aaa:/opt/ros/humble /usr/bin/cmake --build /home/iclab/motion/build/cpp -- -j4 -l4
