[0.652s] Invoking command in '/home/iclab/motion/src/tku_libs': CMAKE_PREFIX_PATH=/home/iclab/motion/install/tku_msgs:/home/iclab/motion/install/tuk_libs:/home/iclab/motion/install/motionpackage:/home/iclab/motion/install/tku_libs PYTHONPATH=/home/iclab/motion/build/tku_libs/prefix_override:/home/iclab/motion/install/tku_libs/lib/python3.10/site-packages:${PYTHONPATH} /usr/bin/python3 setup.py egg_info --egg-base ../../build/tku_libs build --build-base /home/iclab/motion/build/tku_libs/build install --record /home/iclab/motion/build/tku_libs/install.log --single-version-externally-managed
[0.873s] running egg_info
[0.874s] writing ../../build/tku_libs/tku_libs.egg-info/PKG-INFO
[0.874s] writing dependency_links to ../../build/tku_libs/tku_libs.egg-info/dependency_links.txt
[0.874s] writing entry points to ../../build/tku_libs/tku_libs.egg-info/entry_points.txt
[0.874s] writing requirements to ../../build/tku_libs/tku_libs.egg-info/requires.txt
[0.874s] writing top-level names to ../../build/tku_libs/tku_libs.egg-info/top_level.txt
[0.876s] reading manifest file '../../build/tku_libs/tku_libs.egg-info/SOURCES.txt'
[0.876s] writing manifest file '../../build/tku_libs/tku_libs.egg-info/SOURCES.txt'
[0.877s] running build
[0.877s] running build_py
[0.877s] running install
[0.877s] running install_lib
[0.878s] running install_data
[0.879s] running install_egg_info
[0.880s] removing '/home/iclab/motion/install/tku_libs/lib/python3.10/site-packages/tku_libs-0.0.0-py3.10.egg-info' (and everything under it)
[0.880s] Copying ../../build/tku_libs/tku_libs.egg-info to /home/iclab/motion/install/tku_libs/lib/python3.10/site-packages/tku_libs-0.0.0-py3.10.egg-info
[0.881s] running install_scripts
[0.897s] Installing aaa script to /home/iclab/motion/install/tku_libs/lib/tku_libs
[0.897s] Installing bbb script to /home/iclab/motion/install/tku_libs/lib/tku_libs
[0.897s] writing list of installed files to '/home/iclab/motion/build/tku_libs/install.log'
[0.920s] Invoked command in '/home/iclab/motion/src/tku_libs' returned '0': CMAKE_PREFIX_PATH=/home/iclab/motion/install/tku_msgs:/home/iclab/motion/install/tuk_libs:/home/iclab/motion/install/motionpackage:/home/iclab/motion/install/tku_libs PYTHONPATH=/home/iclab/motion/build/tku_libs/prefix_override:/home/iclab/motion/install/tku_libs/lib/python3.10/site-packages:${PYTHONPATH} /usr/bin/python3 setup.py egg_info --egg-base ../../build/tku_libs build --build-base /home/iclab/motion/build/tku_libs/build install --record /home/iclab/motion/build/tku_libs/install.log --single-version-externally-managed
