[4.625s] Invoking command in '/home/iclab/motion/src/tku_libs': CMAKE_PREFIX_PATH=/home/iclab/motion/install/tku_msgs:/home/iclab/motion/install/tuk_libs:/home/iclab/motion/install/tku_libs:/home/iclab/motion/install/motionpackage PYTHONPATH=/home/iclab/motion/build/tku_libs/prefix_override:/home/iclab/motion/install/tku_libs/lib/python3.10/site-packages:${PYTHONPATH} /usr/bin/python3 setup.py egg_info --egg-base ../../build/tku_libs build --build-base /home/iclab/motion/build/tku_libs/build install --record /home/iclab/motion/build/tku_libs/install.log --single-version-externally-managed
[5.978s] running egg_info
[5.982s] writing ../../build/tku_libs/tku_libs.egg-info/PKG-INFO
[5.985s] writing dependency_links to ../../build/tku_libs/tku_libs.egg-info/dependency_links.txt
[5.992s] writing entry points to ../../build/tku_libs/tku_libs.egg-info/entry_points.txt
[5.992s] writing requirements to ../../build/tku_libs/tku_libs.egg-info/requires.txt
[5.993s] writing top-level names to ../../build/tku_libs/tku_libs.egg-info/top_level.txt
[6.000s] reading manifest file '../../build/tku_libs/tku_libs.egg-info/SOURCES.txt'
[6.004s] writing manifest file '../../build/tku_libs/tku_libs.egg-info/SOURCES.txt'
[6.005s] running build
[6.005s] running build_py
[6.007s] running install
[6.008s] running install_lib
[6.014s] running install_data
[6.016s] running install_egg_info
[6.023s] removing '/home/iclab/motion/install/tku_libs/lib/python3.10/site-packages/tku_libs-0.0.0-py3.10.egg-info' (and everything under it)
[6.036s] Copying ../../build/tku_libs/tku_libs.egg-info to /home/iclab/motion/install/tku_libs/lib/python3.10/site-packages/tku_libs-0.0.0-py3.10.egg-info
[6.051s] running install_scripts
[6.163s] Installing aaa script to /home/iclab/motion/install/tku_libs/lib/tku_libs
[6.164s] Installing bbb script to /home/iclab/motion/install/tku_libs/lib/tku_libs
[6.168s] writing list of installed files to '/home/iclab/motion/build/tku_libs/install.log'
[6.309s] Invoked command in '/home/iclab/motion/src/tku_libs' returned '0': CMAKE_PREFIX_PATH=/home/iclab/motion/install/tku_msgs:/home/iclab/motion/install/tuk_libs:/home/iclab/motion/install/tku_libs:/home/iclab/motion/install/motionpackage PYTHONPATH=/home/iclab/motion/build/tku_libs/prefix_override:/home/iclab/motion/install/tku_libs/lib/python3.10/site-packages:${PYTHONPATH} /usr/bin/python3 setup.py egg_info --egg-base ../../build/tku_libs build --build-base /home/iclab/motion/build/tku_libs/build install --record /home/iclab/motion/build/tku_libs/install.log --single-version-externally-managed
