[2.959s] Invoking command in '/home/iclab/motion/src/aaa': AMENT_PREFIX_PATH=/home/iclab/motion/install/tku_libs:/home/iclab/motion/install/tuk_libs:/home/iclab/motion/install/aaa:/home/iclab/motion/install/tku_msgs:/home/iclab/motion/install/motionpackage:/home/iclab/test_serial/install/my_package:/opt/ros/humble CMAKE_PREFIX_PATH=/home/iclab/motion/install/tku_libs:/home/iclab/motion/install/tku_msgs:/home/iclab/motion/install/tuk_libs:/home/iclab/motion/install/motionpackage:/home/iclab/test_serial/install/my_package PYTHONPATH=/home/iclab/motion/build/aaa/prefix_override:/home/iclab/motion/install/aaa/lib/python3.10/site-packages:/home/iclab/motion/install/tku_libs/lib/python3.10/site-packages:/home/iclab/motion/install/aaa/lib/python3.10/site-packages:/home/iclab/motion/install/tku_msgs/local/lib/python3.10/dist-packages:/home/iclab/motion/install/motionpackage/lib/python3.10/site-packages:/opt/ros/humble/lib/python3.10/site-packages:/opt/ros/humble/local/lib/python3.10/dist-packages /usr/bin/python3 setup.py egg_info --egg-base ../../build/aaa build --build-base /home/iclab/motion/build/aaa/build install --record /home/iclab/motion/build/aaa/install.log --single-version-externally-managed
[3.796s] running egg_info
[3.797s] writing ../../build/aaa/aaa.egg-info/PKG-INFO
[3.798s] writing dependency_links to ../../build/aaa/aaa.egg-info/dependency_links.txt
[3.799s] writing entry points to ../../build/aaa/aaa.egg-info/entry_points.txt
[3.799s] writing requirements to ../../build/aaa/aaa.egg-info/requires.txt
[3.800s] writing top-level names to ../../build/aaa/aaa.egg-info/top_level.txt
[3.806s] reading manifest file '../../build/aaa/aaa.egg-info/SOURCES.txt'
[3.808s] writing manifest file '../../build/aaa/aaa.egg-info/SOURCES.txt'
[3.809s] running build
[3.809s] running build_py
[3.810s] copying aaa/aaa.py -> /home/iclab/motion/build/aaa/build/lib/aaa
[3.815s] running install
[3.815s] running install_lib
[3.816s] copying /home/iclab/motion/build/aaa/build/lib/aaa/aaa.py -> /home/iclab/motion/install/aaa/lib/python3.10/site-packages/aaa
[3.820s] byte-compiling /home/iclab/motion/install/aaa/lib/python3.10/site-packages/aaa/aaa.py to aaa.cpython-310.pyc
[3.820s] running install_data
[3.821s] running install_egg_info
[3.827s] removing '/home/iclab/motion/install/aaa/lib/python3.10/site-packages/aaa-0.0.0-py3.10.egg-info' (and everything under it)
[3.828s] Copying ../../build/aaa/aaa.egg-info to /home/iclab/motion/install/aaa/lib/python3.10/site-packages/aaa-0.0.0-py3.10.egg-info
[3.832s] running install_scripts
[3.893s] Installing aaa script to /home/iclab/motion/install/aaa/lib/aaa
[3.895s] writing list of installed files to '/home/iclab/motion/build/aaa/install.log'
[3.979s] Invoked command in '/home/iclab/motion/src/aaa' returned '0': AMENT_PREFIX_PATH=/home/iclab/motion/install/tku_libs:/home/iclab/motion/install/tuk_libs:/home/iclab/motion/install/aaa:/home/iclab/motion/install/tku_msgs:/home/iclab/motion/install/motionpackage:/home/iclab/test_serial/install/my_package:/opt/ros/humble CMAKE_PREFIX_PATH=/home/iclab/motion/install/tku_libs:/home/iclab/motion/install/tku_msgs:/home/iclab/motion/install/tuk_libs:/home/iclab/motion/install/motionpackage:/home/iclab/test_serial/install/my_package PYTHONPATH=/home/iclab/motion/build/aaa/prefix_override:/home/iclab/motion/install/aaa/lib/python3.10/site-packages:/home/iclab/motion/install/tku_libs/lib/python3.10/site-packages:/home/iclab/motion/install/aaa/lib/python3.10/site-packages:/home/iclab/motion/install/tku_msgs/local/lib/python3.10/dist-packages:/home/iclab/motion/install/motionpackage/lib/python3.10/site-packages:/opt/ros/humble/lib/python3.10/site-packages:/opt/ros/humble/local/lib/python3.10/dist-packages /usr/bin/python3 setup.py egg_info --egg-base ../../build/aaa build --build-base /home/iclab/motion/build/aaa/build install --record /home/iclab/motion/build/aaa/install.log --single-version-externally-managed
