[3.471s] DEBUG:colcon:Command line arguments: ['/usr/bin/colcon', 'build']
[3.471s] DEBUG:colcon:Parsed command line arguments: Namespace(log_base=None, log_level=None, verb_name='build', build_base='build', install_base='install', merge_install=False, symlink_install=False, test_result_base=None, continue_on_error=False, executor='parallel', parallel_workers=4, event_handlers=None, ignore_user_meta=False, metas=['./colcon.meta'], base_paths=['.'], packages_ignore=None, packages_ignore_regex=None, paths=None, packages_up_to=None, packages_up_to_regex=None, packages_above=None, packages_above_and_dependencies=None, packages_above_depth=None, packages_select_by_dep=None, packages_skip_by_dep=None, packages_skip_up_to=None, packages_select_build_failed=False, packages_skip_build_finished=False, packages_select_test_failures=False, packages_skip_test_passed=False, packages_select=None, packages_skip=None, packages_select_regex=None, packages_skip_regex=None, packages_start=None, packages_end=None, allow_overriding=[], cmake_args=None, cmake_target=None, cmake_target_skip_unavailable=False, cmake_clean_cache=False, cmake_clean_first=False, cmake_force_configure=False, ament_cmake_args=None, catkin_cmake_args=None, catkin_skip_building_tests=False, verb_parser=<colcon_defaults.argument_parser.defaults.DefaultArgumentsDecorator object at 0x7ff13cbe4a00>, verb_extension=<colcon_core.verb.build.BuildVerb object at 0x7ff13cd5d4e0>, main=<bound method BuildVerb.main of <colcon_core.verb.build.BuildVerb object at 0x7ff13cd5d4e0>>)
[3.624s] Level 1:colcon.colcon_core.package_discovery:discover_packages(colcon_meta) check parameters
[3.624s] Level 1:colcon.colcon_core.package_discovery:discover_packages(recursive) check parameters
[3.624s] Level 1:colcon.colcon_core.package_discovery:discover_packages(ignore) check parameters
[3.624s] Level 1:colcon.colcon_core.package_discovery:discover_packages(path) check parameters
[3.624s] Level 1:colcon.colcon_core.package_discovery:discover_packages(colcon_meta) discover
[3.624s] Level 1:colcon.colcon_core.package_discovery:discover_packages(recursive) discover
[3.625s] INFO:colcon.colcon_core.package_discovery:Crawling recursively for packages in '/home/iclab/motion'
[3.625s] Level 1:colcon.colcon_core.package_identification:_identify(.) by extensions ['ignore', 'ignore_ament_install']
[3.625s] Level 1:colcon.colcon_core.package_identification:_identify(.) by extension 'ignore'
[3.625s] Level 1:colcon.colcon_core.package_identification:_identify(.) by extension 'ignore_ament_install'
[3.625s] Level 1:colcon.colcon_core.package_identification:_identify(.) by extensions ['colcon_pkg']
[3.626s] Level 1:colcon.colcon_core.package_identification:_identify(.) by extension 'colcon_pkg'
[3.626s] Level 1:colcon.colcon_core.package_identification:_identify(.) by extensions ['colcon_meta']
[3.626s] Level 1:colcon.colcon_core.package_identification:_identify(.) by extension 'colcon_meta'
[3.626s] Level 1:colcon.colcon_core.package_identification:_identify(.) by extensions ['ros']
[3.626s] Level 1:colcon.colcon_core.package_identification:_identify(.) by extension 'ros'
[3.657s] Level 1:colcon.colcon_core.package_identification:_identify(.) by extensions ['cmake', 'python']
[3.657s] Level 1:colcon.colcon_core.package_identification:_identify(.) by extension 'cmake'
[3.657s] Level 1:colcon.colcon_core.package_identification:_identify(.) by extension 'python'
[3.657s] Level 1:colcon.colcon_core.package_identification:_identify(.) by extensions ['python_setup_py']
[3.657s] Level 1:colcon.colcon_core.package_identification:_identify(.) by extension 'python_setup_py'
[3.658s] Level 1:colcon.colcon_core.package_identification:_identify(build) by extensions ['ignore', 'ignore_ament_install']
[3.658s] Level 1:colcon.colcon_core.package_identification:_identify(build) by extension 'ignore'
[3.658s] Level 1:colcon.colcon_core.package_identification:_identify(build) ignored
[3.658s] Level 1:colcon.colcon_core.package_identification:_identify(install) by extensions ['ignore', 'ignore_ament_install']
[3.659s] Level 1:colcon.colcon_core.package_identification:_identify(install) by extension 'ignore'
[3.659s] Level 1:colcon.colcon_core.package_identification:_identify(install) ignored
[3.659s] Level 1:colcon.colcon_core.package_identification:_identify(interface) by extensions ['ignore', 'ignore_ament_install']
[3.660s] Level 1:colcon.colcon_core.package_identification:_identify(interface) by extension 'ignore'
[3.660s] Level 1:colcon.colcon_core.package_identification:_identify(interface) by extension 'ignore_ament_install'
[3.660s] Level 1:colcon.colcon_core.package_identification:_identify(interface) by extensions ['colcon_pkg']
[3.660s] Level 1:colcon.colcon_core.package_identification:_identify(interface) by extension 'colcon_pkg'
[3.660s] Level 1:colcon.colcon_core.package_identification:_identify(interface) by extensions ['colcon_meta']
[3.660s] Level 1:colcon.colcon_core.package_identification:_identify(interface) by extension 'colcon_meta'
[3.660s] Level 1:colcon.colcon_core.package_identification:_identify(interface) by extensions ['ros']
[3.660s] Level 1:colcon.colcon_core.package_identification:_identify(interface) by extension 'ros'
[3.661s] Level 1:colcon.colcon_core.package_identification:_identify(interface) by extensions ['cmake', 'python']
[3.661s] Level 1:colcon.colcon_core.package_identification:_identify(interface) by extension 'cmake'
[3.661s] Level 1:colcon.colcon_core.package_identification:_identify(interface) by extension 'python'
[3.661s] Level 1:colcon.colcon_core.package_identification:_identify(interface) by extensions ['python_setup_py']
[3.661s] Level 1:colcon.colcon_core.package_identification:_identify(interface) by extension 'python_setup_py'
[3.661s] Level 1:colcon.colcon_core.package_identification:_identify(interface/css) by extensions ['ignore', 'ignore_ament_install']
[3.662s] Level 1:colcon.colcon_core.package_identification:_identify(interface/css) by extension 'ignore'
[3.662s] Level 1:colcon.colcon_core.package_identification:_identify(interface/css) by extension 'ignore_ament_install'
[3.662s] Level 1:colcon.colcon_core.package_identification:_identify(interface/css) by extensions ['colcon_pkg']
[3.662s] Level 1:colcon.colcon_core.package_identification:_identify(interface/css) by extension 'colcon_pkg'
[3.662s] Level 1:colcon.colcon_core.package_identification:_identify(interface/css) by extensions ['colcon_meta']
[3.662s] Level 1:colcon.colcon_core.package_identification:_identify(interface/css) by extension 'colcon_meta'
[3.662s] Level 1:colcon.colcon_core.package_identification:_identify(interface/css) by extensions ['ros']
[3.663s] Level 1:colcon.colcon_core.package_identification:_identify(interface/css) by extension 'ros'
[3.663s] Level 1:colcon.colcon_core.package_identification:_identify(interface/css) by extensions ['cmake', 'python']
[3.663s] Level 1:colcon.colcon_core.package_identification:_identify(interface/css) by extension 'cmake'
[3.663s] Level 1:colcon.colcon_core.package_identification:_identify(interface/css) by extension 'python'
[3.663s] Level 1:colcon.colcon_core.package_identification:_identify(interface/css) by extensions ['python_setup_py']
[3.663s] Level 1:colcon.colcon_core.package_identification:_identify(interface/css) by extension 'python_setup_py'
[3.664s] Level 1:colcon.colcon_core.package_identification:_identify(interface/jquery-ui-1.11.4) by extensions ['ignore', 'ignore_ament_install']
[3.664s] Level 1:colcon.colcon_core.package_identification:_identify(interface/jquery-ui-1.11.4) by extension 'ignore'
[3.664s] Level 1:colcon.colcon_core.package_identification:_identify(interface/jquery-ui-1.11.4) by extension 'ignore_ament_install'
[3.664s] Level 1:colcon.colcon_core.package_identification:_identify(interface/jquery-ui-1.11.4) by extensions ['colcon_pkg']
[3.664s] Level 1:colcon.colcon_core.package_identification:_identify(interface/jquery-ui-1.11.4) by extension 'colcon_pkg'
[3.664s] Level 1:colcon.colcon_core.package_identification:_identify(interface/jquery-ui-1.11.4) by extensions ['colcon_meta']
[3.665s] Level 1:colcon.colcon_core.package_identification:_identify(interface/jquery-ui-1.11.4) by extension 'colcon_meta'
[3.665s] Level 1:colcon.colcon_core.package_identification:_identify(interface/jquery-ui-1.11.4) by extensions ['ros']
[3.665s] Level 1:colcon.colcon_core.package_identification:_identify(interface/jquery-ui-1.11.4) by extension 'ros'
[3.665s] Level 1:colcon.colcon_core.package_identification:_identify(interface/jquery-ui-1.11.4) by extensions ['cmake', 'python']
[3.665s] Level 1:colcon.colcon_core.package_identification:_identify(interface/jquery-ui-1.11.4) by extension 'cmake'
[3.665s] Level 1:colcon.colcon_core.package_identification:_identify(interface/jquery-ui-1.11.4) by extension 'python'
[3.665s] Level 1:colcon.colcon_core.package_identification:_identify(interface/jquery-ui-1.11.4) by extensions ['python_setup_py']
[3.665s] Level 1:colcon.colcon_core.package_identification:_identify(interface/jquery-ui-1.11.4) by extension 'python_setup_py'
[3.666s] Level 1:colcon.colcon_core.package_identification:_identify(interface/jquery-ui-1.11.4/external) by extensions ['ignore', 'ignore_ament_install']
[3.666s] Level 1:colcon.colcon_core.package_identification:_identify(interface/jquery-ui-1.11.4/external) by extension 'ignore'
[3.666s] Level 1:colcon.colcon_core.package_identification:_identify(interface/jquery-ui-1.11.4/external) by extension 'ignore_ament_install'
[3.666s] Level 1:colcon.colcon_core.package_identification:_identify(interface/jquery-ui-1.11.4/external) by extensions ['colcon_pkg']
[3.666s] Level 1:colcon.colcon_core.package_identification:_identify(interface/jquery-ui-1.11.4/external) by extension 'colcon_pkg'
[3.667s] Level 1:colcon.colcon_core.package_identification:_identify(interface/jquery-ui-1.11.4/external) by extensions ['colcon_meta']
[3.667s] Level 1:colcon.colcon_core.package_identification:_identify(interface/jquery-ui-1.11.4/external) by extension 'colcon_meta'
[3.667s] Level 1:colcon.colcon_core.package_identification:_identify(interface/jquery-ui-1.11.4/external) by extensions ['ros']
[3.667s] Level 1:colcon.colcon_core.package_identification:_identify(interface/jquery-ui-1.11.4/external) by extension 'ros'
[3.667s] Level 1:colcon.colcon_core.package_identification:_identify(interface/jquery-ui-1.11.4/external) by extensions ['cmake', 'python']
[3.667s] Level 1:colcon.colcon_core.package_identification:_identify(interface/jquery-ui-1.11.4/external) by extension 'cmake'
[3.667s] Level 1:colcon.colcon_core.package_identification:_identify(interface/jquery-ui-1.11.4/external) by extension 'python'
[3.668s] Level 1:colcon.colcon_core.package_identification:_identify(interface/jquery-ui-1.11.4/external) by extensions ['python_setup_py']
[3.668s] Level 1:colcon.colcon_core.package_identification:_identify(interface/jquery-ui-1.11.4/external) by extension 'python_setup_py'
[3.668s] Level 1:colcon.colcon_core.package_identification:_identify(interface/jquery-ui-1.11.4/external/jquery) by extensions ['ignore', 'ignore_ament_install']
[3.668s] Level 1:colcon.colcon_core.package_identification:_identify(interface/jquery-ui-1.11.4/external/jquery) by extension 'ignore'
[3.668s] Level 1:colcon.colcon_core.package_identification:_identify(interface/jquery-ui-1.11.4/external/jquery) by extension 'ignore_ament_install'
[3.669s] Level 1:colcon.colcon_core.package_identification:_identify(interface/jquery-ui-1.11.4/external/jquery) by extensions ['colcon_pkg']
[3.669s] Level 1:colcon.colcon_core.package_identification:_identify(interface/jquery-ui-1.11.4/external/jquery) by extension 'colcon_pkg'
[3.669s] Level 1:colcon.colcon_core.package_identification:_identify(interface/jquery-ui-1.11.4/external/jquery) by extensions ['colcon_meta']
[3.669s] Level 1:colcon.colcon_core.package_identification:_identify(interface/jquery-ui-1.11.4/external/jquery) by extension 'colcon_meta'
[3.669s] Level 1:colcon.colcon_core.package_identification:_identify(interface/jquery-ui-1.11.4/external/jquery) by extensions ['ros']
[3.669s] Level 1:colcon.colcon_core.package_identification:_identify(interface/jquery-ui-1.11.4/external/jquery) by extension 'ros'
[3.669s] Level 1:colcon.colcon_core.package_identification:_identify(interface/jquery-ui-1.11.4/external/jquery) by extensions ['cmake', 'python']
[3.670s] Level 1:colcon.colcon_core.package_identification:_identify(interface/jquery-ui-1.11.4/external/jquery) by extension 'cmake'
[3.670s] Level 1:colcon.colcon_core.package_identification:_identify(interface/jquery-ui-1.11.4/external/jquery) by extension 'python'
[3.670s] Level 1:colcon.colcon_core.package_identification:_identify(interface/jquery-ui-1.11.4/external/jquery) by extensions ['python_setup_py']
[3.670s] Level 1:colcon.colcon_core.package_identification:_identify(interface/jquery-ui-1.11.4/external/jquery) by extension 'python_setup_py'
[3.670s] Level 1:colcon.colcon_core.package_identification:_identify(interface/jquery-ui-1.11.4/images) by extensions ['ignore', 'ignore_ament_install']
[3.671s] Level 1:colcon.colcon_core.package_identification:_identify(interface/jquery-ui-1.11.4/images) by extension 'ignore'
[3.671s] Level 1:colcon.colcon_core.package_identification:_identify(interface/jquery-ui-1.11.4/images) by extension 'ignore_ament_install'
[3.671s] Level 1:colcon.colcon_core.package_identification:_identify(interface/jquery-ui-1.11.4/images) by extensions ['colcon_pkg']
[3.671s] Level 1:colcon.colcon_core.package_identification:_identify(interface/jquery-ui-1.11.4/images) by extension 'colcon_pkg'
[3.671s] Level 1:colcon.colcon_core.package_identification:_identify(interface/jquery-ui-1.11.4/images) by extensions ['colcon_meta']
[3.671s] Level 1:colcon.colcon_core.package_identification:_identify(interface/jquery-ui-1.11.4/images) by extension 'colcon_meta'
[3.671s] Level 1:colcon.colcon_core.package_identification:_identify(interface/jquery-ui-1.11.4/images) by extensions ['ros']
[3.672s] Level 1:colcon.colcon_core.package_identification:_identify(interface/jquery-ui-1.11.4/images) by extension 'ros'
[3.672s] Level 1:colcon.colcon_core.package_identification:_identify(interface/jquery-ui-1.11.4/images) by extensions ['cmake', 'python']
[3.672s] Level 1:colcon.colcon_core.package_identification:_identify(interface/jquery-ui-1.11.4/images) by extension 'cmake'
[3.672s] Level 1:colcon.colcon_core.package_identification:_identify(interface/jquery-ui-1.11.4/images) by extension 'python'
[3.672s] Level 1:colcon.colcon_core.package_identification:_identify(interface/jquery-ui-1.11.4/images) by extensions ['python_setup_py']
[3.672s] Level 1:colcon.colcon_core.package_identification:_identify(interface/jquery-ui-1.11.4/images) by extension 'python_setup_py'
[3.673s] Level 1:colcon.colcon_core.package_identification:_identify(interface/js) by extensions ['ignore', 'ignore_ament_install']
[3.673s] Level 1:colcon.colcon_core.package_identification:_identify(interface/js) by extension 'ignore'
[3.673s] Level 1:colcon.colcon_core.package_identification:_identify(interface/js) by extension 'ignore_ament_install'
[3.673s] Level 1:colcon.colcon_core.package_identification:_identify(interface/js) by extensions ['colcon_pkg']
[3.673s] Level 1:colcon.colcon_core.package_identification:_identify(interface/js) by extension 'colcon_pkg'
[3.673s] Level 1:colcon.colcon_core.package_identification:_identify(interface/js) by extensions ['colcon_meta']
[3.673s] Level 1:colcon.colcon_core.package_identification:_identify(interface/js) by extension 'colcon_meta'
[3.674s] Level 1:colcon.colcon_core.package_identification:_identify(interface/js) by extensions ['ros']
[3.674s] Level 1:colcon.colcon_core.package_identification:_identify(interface/js) by extension 'ros'
[3.674s] Level 1:colcon.colcon_core.package_identification:_identify(interface/js) by extensions ['cmake', 'python']
[3.674s] Level 1:colcon.colcon_core.package_identification:_identify(interface/js) by extension 'cmake'
[3.674s] Level 1:colcon.colcon_core.package_identification:_identify(interface/js) by extension 'python'
[3.674s] Level 1:colcon.colcon_core.package_identification:_identify(interface/js) by extensions ['python_setup_py']
[3.674s] Level 1:colcon.colcon_core.package_identification:_identify(interface/js) by extension 'python_setup_py'
[3.675s] Level 1:colcon.colcon_core.package_identification:_identify(interface/js/roslib) by extensions ['ignore', 'ignore_ament_install']
[3.675s] Level 1:colcon.colcon_core.package_identification:_identify(interface/js/roslib) by extension 'ignore'
[3.675s] Level 1:colcon.colcon_core.package_identification:_identify(interface/js/roslib) by extension 'ignore_ament_install'
[3.675s] Level 1:colcon.colcon_core.package_identification:_identify(interface/js/roslib) by extensions ['colcon_pkg']
[3.675s] Level 1:colcon.colcon_core.package_identification:_identify(interface/js/roslib) by extension 'colcon_pkg'
[3.676s] Level 1:colcon.colcon_core.package_identification:_identify(interface/js/roslib) by extensions ['colcon_meta']
[3.676s] Level 1:colcon.colcon_core.package_identification:_identify(interface/js/roslib) by extension 'colcon_meta'
[3.676s] Level 1:colcon.colcon_core.package_identification:_identify(interface/js/roslib) by extensions ['ros']
[3.676s] Level 1:colcon.colcon_core.package_identification:_identify(interface/js/roslib) by extension 'ros'
[3.676s] Level 1:colcon.colcon_core.package_identification:_identify(interface/js/roslib) by extensions ['cmake', 'python']
[3.676s] Level 1:colcon.colcon_core.package_identification:_identify(interface/js/roslib) by extension 'cmake'
[3.676s] Level 1:colcon.colcon_core.package_identification:_identify(interface/js/roslib) by extension 'python'
[3.676s] Level 1:colcon.colcon_core.package_identification:_identify(interface/js/roslib) by extensions ['python_setup_py']
[3.677s] Level 1:colcon.colcon_core.package_identification:_identify(interface/js/roslib) by extension 'python_setup_py'
[3.677s] Level 1:colcon.colcon_core.package_identification:_identify(interface/picture) by extensions ['ignore', 'ignore_ament_install']
[3.677s] Level 1:colcon.colcon_core.package_identification:_identify(interface/picture) by extension 'ignore'
[3.677s] Level 1:colcon.colcon_core.package_identification:_identify(interface/picture) by extension 'ignore_ament_install'
[3.677s] Level 1:colcon.colcon_core.package_identification:_identify(interface/picture) by extensions ['colcon_pkg']
[3.678s] Level 1:colcon.colcon_core.package_identification:_identify(interface/picture) by extension 'colcon_pkg'
[3.678s] Level 1:colcon.colcon_core.package_identification:_identify(interface/picture) by extensions ['colcon_meta']
[3.678s] Level 1:colcon.colcon_core.package_identification:_identify(interface/picture) by extension 'colcon_meta'
[3.678s] Level 1:colcon.colcon_core.package_identification:_identify(interface/picture) by extensions ['ros']
[3.678s] Level 1:colcon.colcon_core.package_identification:_identify(interface/picture) by extension 'ros'
[3.678s] Level 1:colcon.colcon_core.package_identification:_identify(interface/picture) by extensions ['cmake', 'python']
[3.679s] Level 1:colcon.colcon_core.package_identification:_identify(interface/picture) by extension 'cmake'
[3.679s] Level 1:colcon.colcon_core.package_identification:_identify(interface/picture) by extension 'python'
[3.679s] Level 1:colcon.colcon_core.package_identification:_identify(interface/picture) by extensions ['python_setup_py']
[3.679s] Level 1:colcon.colcon_core.package_identification:_identify(interface/picture) by extension 'python_setup_py'
[3.679s] Level 1:colcon.colcon_core.package_identification:_identify(interface/resources) by extensions ['ignore', 'ignore_ament_install']
[3.680s] Level 1:colcon.colcon_core.package_identification:_identify(interface/resources) by extension 'ignore'
[3.680s] Level 1:colcon.colcon_core.package_identification:_identify(interface/resources) by extension 'ignore_ament_install'
[3.680s] Level 1:colcon.colcon_core.package_identification:_identify(interface/resources) by extensions ['colcon_pkg']
[3.680s] Level 1:colcon.colcon_core.package_identification:_identify(interface/resources) by extension 'colcon_pkg'
[3.680s] Level 1:colcon.colcon_core.package_identification:_identify(interface/resources) by extensions ['colcon_meta']
[3.680s] Level 1:colcon.colcon_core.package_identification:_identify(interface/resources) by extension 'colcon_meta'
[3.680s] Level 1:colcon.colcon_core.package_identification:_identify(interface/resources) by extensions ['ros']
[3.681s] Level 1:colcon.colcon_core.package_identification:_identify(interface/resources) by extension 'ros'
[3.681s] Level 1:colcon.colcon_core.package_identification:_identify(interface/resources) by extensions ['cmake', 'python']
[3.681s] Level 1:colcon.colcon_core.package_identification:_identify(interface/resources) by extension 'cmake'
[3.681s] Level 1:colcon.colcon_core.package_identification:_identify(interface/resources) by extension 'python'
[3.681s] Level 1:colcon.colcon_core.package_identification:_identify(interface/resources) by extensions ['python_setup_py']
[3.681s] Level 1:colcon.colcon_core.package_identification:_identify(interface/resources) by extension 'python_setup_py'
[3.682s] Level 1:colcon.colcon_core.package_identification:_identify(interface/resources/TKU_ICLab) by extensions ['ignore', 'ignore_ament_install']
[3.682s] Level 1:colcon.colcon_core.package_identification:_identify(interface/resources/TKU_ICLab) by extension 'ignore'
[3.682s] Level 1:colcon.colcon_core.package_identification:_identify(interface/resources/TKU_ICLab) by extension 'ignore_ament_install'
[3.682s] Level 1:colcon.colcon_core.package_identification:_identify(interface/resources/TKU_ICLab) by extensions ['colcon_pkg']
[3.682s] Level 1:colcon.colcon_core.package_identification:_identify(interface/resources/TKU_ICLab) by extension 'colcon_pkg'
[3.682s] Level 1:colcon.colcon_core.package_identification:_identify(interface/resources/TKU_ICLab) by extensions ['colcon_meta']
[3.682s] Level 1:colcon.colcon_core.package_identification:_identify(interface/resources/TKU_ICLab) by extension 'colcon_meta'
[3.683s] Level 1:colcon.colcon_core.package_identification:_identify(interface/resources/TKU_ICLab) by extensions ['ros']
[3.683s] Level 1:colcon.colcon_core.package_identification:_identify(interface/resources/TKU_ICLab) by extension 'ros'
[3.683s] Level 1:colcon.colcon_core.package_identification:_identify(interface/resources/TKU_ICLab) by extensions ['cmake', 'python']
[3.683s] Level 1:colcon.colcon_core.package_identification:_identify(interface/resources/TKU_ICLab) by extension 'cmake'
[3.683s] Level 1:colcon.colcon_core.package_identification:_identify(interface/resources/TKU_ICLab) by extension 'python'
[3.683s] Level 1:colcon.colcon_core.package_identification:_identify(interface/resources/TKU_ICLab) by extensions ['python_setup_py']
[3.683s] Level 1:colcon.colcon_core.package_identification:_identify(interface/resources/TKU_ICLab) by extension 'python_setup_py'
[3.684s] Level 1:colcon.colcon_core.package_identification:_identify(log) by extensions ['ignore', 'ignore_ament_install']
[3.685s] Level 1:colcon.colcon_core.package_identification:_identify(log) by extension 'ignore'
[3.685s] Level 1:colcon.colcon_core.package_identification:_identify(log) ignored
[3.685s] Level 1:colcon.colcon_core.package_identification:_identify(src) by extensions ['ignore', 'ignore_ament_install']
[3.685s] Level 1:colcon.colcon_core.package_identification:_identify(src) by extension 'ignore'
[3.686s] Level 1:colcon.colcon_core.package_identification:_identify(src) by extension 'ignore_ament_install'
[3.686s] Level 1:colcon.colcon_core.package_identification:_identify(src) by extensions ['colcon_pkg']
[3.686s] Level 1:colcon.colcon_core.package_identification:_identify(src) by extension 'colcon_pkg'
[3.686s] Level 1:colcon.colcon_core.package_identification:_identify(src) by extensions ['colcon_meta']
[3.686s] Level 1:colcon.colcon_core.package_identification:_identify(src) by extension 'colcon_meta'
[3.686s] Level 1:colcon.colcon_core.package_identification:_identify(src) by extensions ['ros']
[3.686s] Level 1:colcon.colcon_core.package_identification:_identify(src) by extension 'ros'
[3.686s] Level 1:colcon.colcon_core.package_identification:_identify(src) by extensions ['cmake', 'python']
[3.687s] Level 1:colcon.colcon_core.package_identification:_identify(src) by extension 'cmake'
[3.687s] Level 1:colcon.colcon_core.package_identification:_identify(src) by extension 'python'
[3.687s] Level 1:colcon.colcon_core.package_identification:_identify(src) by extensions ['python_setup_py']
[3.687s] Level 1:colcon.colcon_core.package_identification:_identify(src) by extension 'python_setup_py'
[3.687s] Level 1:colcon.colcon_core.package_identification:_identify(src/aaa) by extensions ['ignore', 'ignore_ament_install']
[3.688s] Level 1:colcon.colcon_core.package_identification:_identify(src/aaa) by extension 'ignore'
[3.688s] Level 1:colcon.colcon_core.package_identification:_identify(src/aaa) by extension 'ignore_ament_install'
[3.688s] Level 1:colcon.colcon_core.package_identification:_identify(src/aaa) by extensions ['colcon_pkg']
[3.688s] Level 1:colcon.colcon_core.package_identification:_identify(src/aaa) by extension 'colcon_pkg'
[3.688s] Level 1:colcon.colcon_core.package_identification:_identify(src/aaa) by extensions ['colcon_meta']
[3.688s] Level 1:colcon.colcon_core.package_identification:_identify(src/aaa) by extension 'colcon_meta'
[3.688s] Level 1:colcon.colcon_core.package_identification:_identify(src/aaa) by extensions ['ros']
[3.688s] Level 1:colcon.colcon_core.package_identification:_identify(src/aaa) by extension 'ros'
[3.697s] DEBUG:colcon.colcon_core.package_identification:Package 'src/aaa' with type 'ros.ament_python' and name 'aaa'
[3.697s] Level 1:colcon.colcon_core.package_identification:_identify(src/build) by extensions ['ignore', 'ignore_ament_install']
[3.697s] Level 1:colcon.colcon_core.package_identification:_identify(src/build) by extension 'ignore'
[3.697s] Level 1:colcon.colcon_core.package_identification:_identify(src/build) ignored
[3.698s] Level 1:colcon.colcon_core.package_identification:_identify(src/install) by extensions ['ignore', 'ignore_ament_install']
[3.698s] Level 1:colcon.colcon_core.package_identification:_identify(src/install) by extension 'ignore'
[3.698s] Level 1:colcon.colcon_core.package_identification:_identify(src/install) ignored
[3.698s] Level 1:colcon.colcon_core.package_identification:_identify(src/log) by extensions ['ignore', 'ignore_ament_install']
[3.699s] Level 1:colcon.colcon_core.package_identification:_identify(src/log) by extension 'ignore'
[3.699s] Level 1:colcon.colcon_core.package_identification:_identify(src/log) ignored
[3.699s] Level 1:colcon.colcon_core.package_identification:_identify(src/motionpackage) by extensions ['ignore', 'ignore_ament_install']
[3.699s] Level 1:colcon.colcon_core.package_identification:_identify(src/motionpackage) by extension 'ignore'
[3.700s] Level 1:colcon.colcon_core.package_identification:_identify(src/motionpackage) by extension 'ignore_ament_install'
[3.700s] Level 1:colcon.colcon_core.package_identification:_identify(src/motionpackage) by extensions ['colcon_pkg']
[3.700s] Level 1:colcon.colcon_core.package_identification:_identify(src/motionpackage) by extension 'colcon_pkg'
[3.700s] Level 1:colcon.colcon_core.package_identification:_identify(src/motionpackage) by extensions ['colcon_meta']
[3.700s] Level 1:colcon.colcon_core.package_identification:_identify(src/motionpackage) by extension 'colcon_meta'
[3.700s] Level 1:colcon.colcon_core.package_identification:_identify(src/motionpackage) by extensions ['ros']
[3.700s] Level 1:colcon.colcon_core.package_identification:_identify(src/motionpackage) by extension 'ros'
[3.702s] DEBUG:colcon.colcon_core.package_identification:Package 'src/motionpackage' with type 'ros.ament_python' and name 'motionpackage'
[3.702s] Level 1:colcon.colcon_core.package_identification:_identify(src/tku_libs) by extensions ['ignore', 'ignore_ament_install']
[3.702s] Level 1:colcon.colcon_core.package_identification:_identify(src/tku_libs) by extension 'ignore'
[3.703s] Level 1:colcon.colcon_core.package_identification:_identify(src/tku_libs) by extension 'ignore_ament_install'
[3.703s] Level 1:colcon.colcon_core.package_identification:_identify(src/tku_libs) by extensions ['colcon_pkg']
[3.703s] Level 1:colcon.colcon_core.package_identification:_identify(src/tku_libs) by extension 'colcon_pkg'
[3.703s] Level 1:colcon.colcon_core.package_identification:_identify(src/tku_libs) by extensions ['colcon_meta']
[3.703s] Level 1:colcon.colcon_core.package_identification:_identify(src/tku_libs) by extension 'colcon_meta'
[3.703s] Level 1:colcon.colcon_core.package_identification:_identify(src/tku_libs) by extensions ['ros']
[3.703s] Level 1:colcon.colcon_core.package_identification:_identify(src/tku_libs) by extension 'ros'
[3.705s] DEBUG:colcon.colcon_core.package_identification:Package 'src/tku_libs' with type 'ros.ament_python' and name 'tku_libs'
[3.705s] Level 1:colcon.colcon_core.package_identification:_identify(src/tku_msgs) by extensions ['ignore', 'ignore_ament_install']
[3.705s] Level 1:colcon.colcon_core.package_identification:_identify(src/tku_msgs) by extension 'ignore'
[3.706s] Level 1:colcon.colcon_core.package_identification:_identify(src/tku_msgs) by extension 'ignore_ament_install'
[3.706s] Level 1:colcon.colcon_core.package_identification:_identify(src/tku_msgs) by extensions ['colcon_pkg']
[3.706s] Level 1:colcon.colcon_core.package_identification:_identify(src/tku_msgs) by extension 'colcon_pkg'
[3.706s] Level 1:colcon.colcon_core.package_identification:_identify(src/tku_msgs) by extensions ['colcon_meta']
[3.706s] Level 1:colcon.colcon_core.package_identification:_identify(src/tku_msgs) by extension 'colcon_meta'
[3.706s] Level 1:colcon.colcon_core.package_identification:_identify(src/tku_msgs) by extensions ['ros']
[3.706s] Level 1:colcon.colcon_core.package_identification:_identify(src/tku_msgs) by extension 'ros'
[3.708s] DEBUG:colcon.colcon_core.package_identification:Package 'src/tku_msgs' with type 'ros.ament_cmake' and name 'tku_msgs'
[3.708s] Level 1:colcon.colcon_core.package_discovery:discover_packages(recursive) using defaults
[3.708s] Level 1:colcon.colcon_core.package_discovery:discover_packages(ignore) discover
[3.709s] Level 1:colcon.colcon_core.package_discovery:discover_packages(ignore) using defaults
[3.709s] Level 1:colcon.colcon_core.package_discovery:discover_packages(path) discover
[3.709s] Level 1:colcon.colcon_core.package_discovery:discover_packages(path) using defaults
[4.015s] Level 1:colcon.colcon_core.package_discovery:discover_packages(prefix_path) check parameters
[4.015s] Level 1:colcon.colcon_core.package_discovery:discover_packages(prefix_path) discover
[4.126s] DEBUG:colcon.colcon_installed_package_information.package_discovery:Found 5 installed packages in /home/iclab/motion/install
[4.191s] DEBUG:colcon.colcon_installed_package_information.package_discovery:Found 283 installed packages in /opt/ros/humble
[4.220s] Level 1:colcon.colcon_core.package_discovery:discover_packages(prefix_path) using defaults
[4.527s] Level 5:colcon.colcon_core.verb:set package 'motionpackage' build argument 'cmake_args' from command line to 'None'
[4.527s] Level 5:colcon.colcon_core.verb:set package 'motionpackage' build argument 'cmake_target' from command line to 'None'
[4.528s] Level 5:colcon.colcon_core.verb:set package 'motionpackage' build argument 'cmake_target_skip_unavailable' from command line to 'False'
[4.528s] Level 5:colcon.colcon_core.verb:set package 'motionpackage' build argument 'cmake_clean_cache' from command line to 'False'
[4.528s] Level 5:colcon.colcon_core.verb:set package 'motionpackage' build argument 'cmake_clean_first' from command line to 'False'
[4.528s] Level 5:colcon.colcon_core.verb:set package 'motionpackage' build argument 'cmake_force_configure' from command line to 'False'
[4.528s] Level 5:colcon.colcon_core.verb:set package 'motionpackage' build argument 'ament_cmake_args' from command line to 'None'
[4.528s] Level 5:colcon.colcon_core.verb:set package 'motionpackage' build argument 'catkin_cmake_args' from command line to 'None'
[4.528s] Level 5:colcon.colcon_core.verb:set package 'motionpackage' build argument 'catkin_skip_building_tests' from command line to 'False'
[4.528s] DEBUG:colcon.colcon_core.verb:Building package 'motionpackage' with the following arguments: {'ament_cmake_args': None, 'build_base': '/home/iclab/motion/build/motionpackage', 'catkin_cmake_args': None, 'catkin_skip_building_tests': False, 'cmake_args': None, 'cmake_clean_cache': False, 'cmake_clean_first': False, 'cmake_force_configure': False, 'cmake_target': None, 'cmake_target_skip_unavailable': False, 'install_base': '/home/iclab/motion/install/motionpackage', 'merge_install': False, 'path': '/home/iclab/motion/src/motionpackage', 'symlink_install': False, 'test_result_base': None}
[4.580s] Level 5:colcon.colcon_core.verb:set package 'tku_msgs' build argument 'cmake_args' from command line to 'None'
[4.580s] Level 5:colcon.colcon_core.verb:set package 'tku_msgs' build argument 'cmake_target' from command line to 'None'
[4.580s] Level 5:colcon.colcon_core.verb:set package 'tku_msgs' build argument 'cmake_target_skip_unavailable' from command line to 'False'
[4.580s] Level 5:colcon.colcon_core.verb:set package 'tku_msgs' build argument 'cmake_clean_cache' from command line to 'False'
[4.580s] Level 5:colcon.colcon_core.verb:set package 'tku_msgs' build argument 'cmake_clean_first' from command line to 'False'
[4.580s] Level 5:colcon.colcon_core.verb:set package 'tku_msgs' build argument 'cmake_force_configure' from command line to 'False'
[4.581s] Level 5:colcon.colcon_core.verb:set package 'tku_msgs' build argument 'ament_cmake_args' from command line to 'None'
[4.581s] Level 5:colcon.colcon_core.verb:set package 'tku_msgs' build argument 'catkin_cmake_args' from command line to 'None'
[4.581s] Level 5:colcon.colcon_core.verb:set package 'tku_msgs' build argument 'catkin_skip_building_tests' from command line to 'False'
[4.581s] DEBUG:colcon.colcon_core.verb:Building package 'tku_msgs' with the following arguments: {'ament_cmake_args': None, 'build_base': '/home/iclab/motion/build/tku_msgs', 'catkin_cmake_args': None, 'catkin_skip_building_tests': False, 'cmake_args': None, 'cmake_clean_cache': False, 'cmake_clean_first': False, 'cmake_force_configure': False, 'cmake_target': None, 'cmake_target_skip_unavailable': False, 'install_base': '/home/iclab/motion/install/tku_msgs', 'merge_install': False, 'path': '/home/iclab/motion/src/tku_msgs', 'symlink_install': False, 'test_result_base': None}
[4.633s] Level 5:colcon.colcon_core.verb:set package 'tku_libs' build argument 'cmake_args' from command line to 'None'
[4.634s] Level 5:colcon.colcon_core.verb:set package 'tku_libs' build argument 'cmake_target' from command line to 'None'
[4.634s] Level 5:colcon.colcon_core.verb:set package 'tku_libs' build argument 'cmake_target_skip_unavailable' from command line to 'False'
[4.634s] Level 5:colcon.colcon_core.verb:set package 'tku_libs' build argument 'cmake_clean_cache' from command line to 'False'
[4.634s] Level 5:colcon.colcon_core.verb:set package 'tku_libs' build argument 'cmake_clean_first' from command line to 'False'
[4.634s] Level 5:colcon.colcon_core.verb:set package 'tku_libs' build argument 'cmake_force_configure' from command line to 'False'
[4.634s] Level 5:colcon.colcon_core.verb:set package 'tku_libs' build argument 'ament_cmake_args' from command line to 'None'
[4.634s] Level 5:colcon.colcon_core.verb:set package 'tku_libs' build argument 'catkin_cmake_args' from command line to 'None'
[4.634s] Level 5:colcon.colcon_core.verb:set package 'tku_libs' build argument 'catkin_skip_building_tests' from command line to 'False'
[4.634s] DEBUG:colcon.colcon_core.verb:Building package 'tku_libs' with the following arguments: {'ament_cmake_args': None, 'build_base': '/home/iclab/motion/build/tku_libs', 'catkin_cmake_args': None, 'catkin_skip_building_tests': False, 'cmake_args': None, 'cmake_clean_cache': False, 'cmake_clean_first': False, 'cmake_force_configure': False, 'cmake_target': None, 'cmake_target_skip_unavailable': False, 'install_base': '/home/iclab/motion/install/tku_libs', 'merge_install': False, 'path': '/home/iclab/motion/src/tku_libs', 'symlink_install': False, 'test_result_base': None}
[4.692s] Level 5:colcon.colcon_core.verb:set package 'aaa' build argument 'cmake_args' from command line to 'None'
[4.692s] Level 5:colcon.colcon_core.verb:set package 'aaa' build argument 'cmake_target' from command line to 'None'
[4.692s] Level 5:colcon.colcon_core.verb:set package 'aaa' build argument 'cmake_target_skip_unavailable' from command line to 'False'
[4.692s] Level 5:colcon.colcon_core.verb:set package 'aaa' build argument 'cmake_clean_cache' from command line to 'False'
[4.692s] Level 5:colcon.colcon_core.verb:set package 'aaa' build argument 'cmake_clean_first' from command line to 'False'
[4.692s] Level 5:colcon.colcon_core.verb:set package 'aaa' build argument 'cmake_force_configure' from command line to 'False'
[4.693s] Level 5:colcon.colcon_core.verb:set package 'aaa' build argument 'ament_cmake_args' from command line to 'None'
[4.693s] Level 5:colcon.colcon_core.verb:set package 'aaa' build argument 'catkin_cmake_args' from command line to 'None'
[4.693s] Level 5:colcon.colcon_core.verb:set package 'aaa' build argument 'catkin_skip_building_tests' from command line to 'False'
[4.693s] DEBUG:colcon.colcon_core.verb:Building package 'aaa' with the following arguments: {'ament_cmake_args': None, 'build_base': '/home/iclab/motion/build/aaa', 'catkin_cmake_args': None, 'catkin_skip_building_tests': False, 'cmake_args': None, 'cmake_clean_cache': False, 'cmake_clean_first': False, 'cmake_force_configure': False, 'cmake_target': None, 'cmake_target_skip_unavailable': False, 'install_base': '/home/iclab/motion/install/aaa', 'merge_install': False, 'path': '/home/iclab/motion/src/aaa', 'symlink_install': False, 'test_result_base': None}
[4.745s] INFO:colcon.colcon_core.executor:Executing jobs using 'parallel' executor
[4.800s] DEBUG:colcon.colcon_parallel_executor.executor.parallel:run_until_complete
[4.801s] INFO:colcon.colcon_ros.task.ament_cmake.build:Building ROS package in '/home/iclab/motion/src/tku_msgs' with build type 'ament_cmake'
[4.801s] INFO:colcon.colcon_cmake.task.cmake.build:Building CMake package in '/home/iclab/motion/src/tku_msgs'
[4.869s] INFO:colcon.colcon_core.plugin_system:Skipping extension 'colcon_core.shell.bat': Not used on non-Windows systems
[4.870s] INFO:colcon.colcon_core.shell:Skip shell extension 'powershell' for command environment: Not usable outside of PowerShell
[4.870s] DEBUG:colcon.colcon_core.shell:Skip shell extension 'dsv' for command environment
[5.050s] INFO:colcon.colcon_ros.task.ament_python.build:Building ROS package in '/home/iclab/motion/src/motionpackage' with build type 'ament_python'
[5.051s] Level 1:colcon.colcon_core.shell:create_environment_hook('motionpackage', 'ament_prefix_path')
[5.113s] INFO:colcon.colcon_core.shell:Creating environment hook '/home/iclab/motion/install/motionpackage/share/motionpackage/hook/ament_prefix_path.ps1'
[5.114s] INFO:colcon.colcon_core.shell:Creating environment descriptor '/home/iclab/motion/install/motionpackage/share/motionpackage/hook/ament_prefix_path.dsv'
[5.116s] INFO:colcon.colcon_core.shell:Creating environment hook '/home/iclab/motion/install/motionpackage/share/motionpackage/hook/ament_prefix_path.sh'
[5.186s] INFO:colcon.colcon_core.shell:Skip shell extension 'powershell' for command environment: Not usable outside of PowerShell
[5.187s] DEBUG:colcon.colcon_core.shell:Skip shell extension 'dsv' for command environment
[5.405s] DEBUG:colcon.colcon_core.event_handler.log_command:Invoking command in '/home/iclab/motion/build/tku_msgs': CMAKE_PREFIX_PATH=${CMAKE_PREFIX_PATH}:/home/iclab/motion/install/aaa:/opt/ros/humble /usr/bin/cmake --build /home/iclab/motion/build/tku_msgs -- -j4 -l4
[7.009s] INFO:colcon.colcon_core.task.python.build:Building Python package in '/home/iclab/motion/src/motionpackage'
[7.151s] INFO:colcon.colcon_core.shell:Skip shell extension 'powershell' for command environment: Not usable outside of PowerShell
[7.151s] DEBUG:colcon.colcon_core.shell:Skip shell extension 'dsv' for command environment
[7.576s] DEBUG:colcon.colcon_core.event_handler.log_command:Invoked command in '/home/iclab/motion/build/tku_msgs' returned '0': CMAKE_PREFIX_PATH=${CMAKE_PREFIX_PATH}:/home/iclab/motion/install/aaa:/opt/ros/humble /usr/bin/cmake --build /home/iclab/motion/build/tku_msgs -- -j4 -l4
[8.993s] DEBUG:colcon.colcon_core.event_handler.log_command:Invoking command in '/home/iclab/motion/src/motionpackage': PYTHONPATH=/home/iclab/motion/build/motionpackage/prefix_override:/home/iclab/motion/install/motionpackage/lib/python3.10/site-packages:${PYTHONPATH} /usr/bin/python3 setup.py egg_info --egg-base ../../build/motionpackage build --build-base /home/iclab/motion/build/motionpackage/build install --record /home/iclab/motion/build/motionpackage/install.log --single-version-externally-managed
[9.452s] DEBUG:colcon.colcon_core.event_handler.log_command:Invoking command in '/home/iclab/motion/build/tku_msgs': CMAKE_PREFIX_PATH=${CMAKE_PREFIX_PATH}:/home/iclab/motion/install/aaa:/opt/ros/humble /usr/bin/cmake --install /home/iclab/motion/build/tku_msgs
[9.878s] Level 1:colcon.colcon_core.environment:create_environment_scripts_only(tku_msgs)
[9.906s] DEBUG:colcon.colcon_core.event_handler.log_command:Invoked command in '/home/iclab/motion/build/tku_msgs' returned '0': CMAKE_PREFIX_PATH=${CMAKE_PREFIX_PATH}:/home/iclab/motion/install/aaa:/opt/ros/humble /usr/bin/cmake --install /home/iclab/motion/build/tku_msgs
[9.969s] Level 1:colcon.colcon_core.environment:checking '/home/iclab/motion/install/tku_msgs' for CMake module files
[9.972s] Level 1:colcon.colcon_core.environment:checking '/home/iclab/motion/install/tku_msgs' for CMake config files
[9.974s] Level 1:colcon.colcon_core.shell:create_environment_hook('tku_msgs', 'cmake_prefix_path')
[10.056s] INFO:colcon.colcon_core.shell:Creating environment hook '/home/iclab/motion/install/tku_msgs/share/tku_msgs/hook/cmake_prefix_path.ps1'
[10.058s] INFO:colcon.colcon_core.shell:Creating environment descriptor '/home/iclab/motion/install/tku_msgs/share/tku_msgs/hook/cmake_prefix_path.dsv'
[10.060s] INFO:colcon.colcon_core.shell:Creating environment hook '/home/iclab/motion/install/tku_msgs/share/tku_msgs/hook/cmake_prefix_path.sh'
[10.063s] Level 1:colcon.colcon_core.environment:checking '/home/iclab/motion/install/tku_msgs/lib'
[10.064s] Level 1:colcon.colcon_core.shell:create_environment_hook('tku_msgs', 'ld_library_path_lib')
[10.142s] INFO:colcon.colcon_core.shell:Creating environment hook '/home/iclab/motion/install/tku_msgs/share/tku_msgs/hook/ld_library_path_lib.ps1'
[10.145s] INFO:colcon.colcon_core.shell:Creating environment descriptor '/home/iclab/motion/install/tku_msgs/share/tku_msgs/hook/ld_library_path_lib.dsv'
[10.147s] INFO:colcon.colcon_core.shell:Creating environment hook '/home/iclab/motion/install/tku_msgs/share/tku_msgs/hook/ld_library_path_lib.sh'
[10.150s] Level 1:colcon.colcon_core.environment:checking '/home/iclab/motion/install/tku_msgs/bin'
[10.151s] Level 1:colcon.colcon_core.environment:checking '/home/iclab/motion/install/tku_msgs/lib/pkgconfig/tku_msgs.pc'
[10.152s] Level 1:colcon.colcon_core.environment:checking '/home/iclab/motion/install/tku_msgs/lib/python3.10/site-packages'
[10.152s] Level 1:colcon.colcon_core.environment:checking '/home/iclab/motion/install/tku_msgs/bin'
[10.233s] INFO:colcon.colcon_core.shell:Creating package script '/home/iclab/motion/install/tku_msgs/share/tku_msgs/package.ps1'
[10.237s] INFO:colcon.colcon_core.shell:Creating package descriptor '/home/iclab/motion/install/tku_msgs/share/tku_msgs/package.dsv'
[10.241s] INFO:colcon.colcon_core.shell:Creating package script '/home/iclab/motion/install/tku_msgs/share/tku_msgs/package.sh'
[10.245s] INFO:colcon.colcon_core.shell:Creating package script '/home/iclab/motion/install/tku_msgs/share/tku_msgs/package.bash'
[10.248s] INFO:colcon.colcon_core.shell:Creating package script '/home/iclab/motion/install/tku_msgs/share/tku_msgs/package.zsh'
[10.251s] Level 1:colcon.colcon_core.environment:create_file_with_runtime_dependencies(/home/iclab/motion/install/tku_msgs/share/colcon-core/packages/tku_msgs)
[10.777s] DEBUG:colcon.colcon_core.event_handler.log_command:Invoked command in '/home/iclab/motion/src/motionpackage' returned '0': PYTHONPATH=/home/iclab/motion/build/motionpackage/prefix_override:/home/iclab/motion/install/motionpackage/lib/python3.10/site-packages:${PYTHONPATH} /usr/bin/python3 setup.py egg_info --egg-base ../../build/motionpackage build --build-base /home/iclab/motion/build/motionpackage/build install --record /home/iclab/motion/build/motionpackage/install.log --single-version-externally-managed
[10.894s] Level 1:colcon.colcon_core.environment:checking '/home/iclab/motion/install/motionpackage' for CMake module files
[10.897s] Level 1:colcon.colcon_core.environment:checking '/home/iclab/motion/install/motionpackage' for CMake config files
[10.898s] Level 1:colcon.colcon_core.shell:create_environment_hook('motionpackage', 'cmake_prefix_path')
[11.002s] INFO:colcon.colcon_core.shell:Creating environment hook '/home/iclab/motion/install/motionpackage/share/motionpackage/hook/cmake_prefix_path.ps1'
[11.003s] INFO:colcon.colcon_core.shell:Creating environment descriptor '/home/iclab/motion/install/motionpackage/share/motionpackage/hook/cmake_prefix_path.dsv'
[11.005s] INFO:colcon.colcon_core.shell:Creating environment hook '/home/iclab/motion/install/motionpackage/share/motionpackage/hook/cmake_prefix_path.sh'
[11.008s] Level 1:colcon.colcon_core.environment:checking '/home/iclab/motion/install/motionpackage/lib'
[11.008s] Level 1:colcon.colcon_core.environment:checking '/home/iclab/motion/install/motionpackage/bin'
[11.008s] Level 1:colcon.colcon_core.environment:checking '/home/iclab/motion/install/motionpackage/lib/pkgconfig/motionpackage.pc'
[11.009s] Level 1:colcon.colcon_core.environment:checking '/home/iclab/motion/install/motionpackage/lib/python3.10/site-packages'
[11.010s] Level 1:colcon.colcon_core.shell:create_environment_hook('motionpackage', 'pythonpath')
[11.110s] INFO:colcon.colcon_core.shell:Creating environment hook '/home/iclab/motion/install/motionpackage/share/motionpackage/hook/pythonpath.ps1'
[11.114s] INFO:colcon.colcon_core.shell:Creating environment descriptor '/home/iclab/motion/install/motionpackage/share/motionpackage/hook/pythonpath.dsv'
[11.117s] INFO:colcon.colcon_core.shell:Creating environment hook '/home/iclab/motion/install/motionpackage/share/motionpackage/hook/pythonpath.sh'
[11.122s] Level 1:colcon.colcon_core.environment:checking '/home/iclab/motion/install/motionpackage/bin'
[11.123s] Level 1:colcon.colcon_core.environment:create_environment_scripts_only(motionpackage)
[11.217s] INFO:colcon.colcon_core.shell:Creating package script '/home/iclab/motion/install/motionpackage/share/motionpackage/package.ps1'
[11.219s] INFO:colcon.colcon_core.shell:Creating package descriptor '/home/iclab/motion/install/motionpackage/share/motionpackage/package.dsv'
[11.222s] INFO:colcon.colcon_core.shell:Creating package script '/home/iclab/motion/install/motionpackage/share/motionpackage/package.sh'
[11.224s] INFO:colcon.colcon_core.shell:Creating package script '/home/iclab/motion/install/motionpackage/share/motionpackage/package.bash'
[11.226s] INFO:colcon.colcon_core.shell:Creating package script '/home/iclab/motion/install/motionpackage/share/motionpackage/package.zsh'
[11.227s] Level 1:colcon.colcon_core.environment:create_file_with_runtime_dependencies(/home/iclab/motion/install/motionpackage/share/colcon-core/packages/motionpackage)
[12.496s] Level 1:colcon.colcon_core.environment:create_environment_scripts_only(tku_msgs)
[12.551s] Level 1:colcon.colcon_core.environment:checking '/home/iclab/motion/install/tku_msgs' for CMake module files
[12.553s] Level 1:colcon.colcon_core.environment:checking '/home/iclab/motion/install/tku_msgs' for CMake config files
[12.555s] Level 1:colcon.colcon_core.shell:create_environment_hook('tku_msgs', 'cmake_prefix_path')
[12.614s] INFO:colcon.colcon_core.shell:Creating environment hook '/home/iclab/motion/install/tku_msgs/share/tku_msgs/hook/cmake_prefix_path.ps1'
[12.615s] INFO:colcon.colcon_core.shell:Creating environment descriptor '/home/iclab/motion/install/tku_msgs/share/tku_msgs/hook/cmake_prefix_path.dsv'
[12.617s] INFO:colcon.colcon_core.shell:Creating environment hook '/home/iclab/motion/install/tku_msgs/share/tku_msgs/hook/cmake_prefix_path.sh'
[12.619s] Level 1:colcon.colcon_core.environment:checking '/home/iclab/motion/install/tku_msgs/lib'
[12.619s] Level 1:colcon.colcon_core.shell:create_environment_hook('tku_msgs', 'ld_library_path_lib')
[12.674s] INFO:colcon.colcon_core.shell:Creating environment hook '/home/iclab/motion/install/tku_msgs/share/tku_msgs/hook/ld_library_path_lib.ps1'
[12.676s] INFO:colcon.colcon_core.shell:Creating environment descriptor '/home/iclab/motion/install/tku_msgs/share/tku_msgs/hook/ld_library_path_lib.dsv'
[12.678s] INFO:colcon.colcon_core.shell:Creating environment hook '/home/iclab/motion/install/tku_msgs/share/tku_msgs/hook/ld_library_path_lib.sh'
[12.679s] Level 1:colcon.colcon_core.environment:checking '/home/iclab/motion/install/tku_msgs/bin'
[12.680s] Level 1:colcon.colcon_core.environment:checking '/home/iclab/motion/install/tku_msgs/lib/pkgconfig/tku_msgs.pc'
[12.680s] Level 1:colcon.colcon_core.environment:checking '/home/iclab/motion/install/tku_msgs/lib/python3.10/site-packages'
[12.681s] Level 1:colcon.colcon_core.environment:checking '/home/iclab/motion/install/tku_msgs/bin'
[12.735s] INFO:colcon.colcon_core.shell:Creating package script '/home/iclab/motion/install/tku_msgs/share/tku_msgs/package.ps1'
[12.738s] INFO:colcon.colcon_core.shell:Creating package descriptor '/home/iclab/motion/install/tku_msgs/share/tku_msgs/package.dsv'
[12.740s] INFO:colcon.colcon_core.shell:Creating package script '/home/iclab/motion/install/tku_msgs/share/tku_msgs/package.sh'
[12.742s] INFO:colcon.colcon_core.shell:Creating package script '/home/iclab/motion/install/tku_msgs/share/tku_msgs/package.bash'
[12.743s] INFO:colcon.colcon_core.shell:Creating package script '/home/iclab/motion/install/tku_msgs/share/tku_msgs/package.zsh'
[12.745s] Level 1:colcon.colcon_core.environment:create_file_with_runtime_dependencies(/home/iclab/motion/install/tku_msgs/share/colcon-core/packages/tku_msgs)
[12.746s] INFO:colcon.colcon_ros.task.ament_python.build:Building ROS package in '/home/iclab/motion/src/tku_libs' with build type 'ament_python'
[12.747s] Level 1:colcon.colcon_core.shell:create_environment_hook('tku_libs', 'ament_prefix_path')
[12.816s] INFO:colcon.colcon_core.shell:Creating environment hook '/home/iclab/motion/install/tku_libs/share/tku_libs/hook/ament_prefix_path.ps1'
[12.817s] INFO:colcon.colcon_core.shell:Creating environment descriptor '/home/iclab/motion/install/tku_libs/share/tku_libs/hook/ament_prefix_path.dsv'
[12.819s] INFO:colcon.colcon_core.shell:Creating environment hook '/home/iclab/motion/install/tku_libs/share/tku_libs/hook/ament_prefix_path.sh'
[12.881s] INFO:colcon.colcon_core.shell:Skip shell extension 'powershell' for command environment: Not usable outside of PowerShell
[12.882s] DEBUG:colcon.colcon_core.shell:Skip shell extension 'dsv' for command environment
[13.983s] INFO:colcon.colcon_core.task.python.build:Building Python package in '/home/iclab/motion/src/tku_libs'
[14.037s] INFO:colcon.colcon_core.shell:Skip shell extension 'powershell' for command environment: Not usable outside of PowerShell
[14.037s] DEBUG:colcon.colcon_core.shell:Skip shell extension 'dsv' for command environment
[15.458s] DEBUG:colcon.colcon_core.event_handler.log_command:Invoking command in '/home/iclab/motion/src/tku_libs': CMAKE_PREFIX_PATH=/home/iclab/motion/install/tku_msgs:/home/iclab/motion/install/tuk_libs:/home/iclab/motion/install/tku_libs:/home/iclab/motion/install/motionpackage PYTHONPATH=/home/iclab/motion/build/tku_libs/prefix_override:/home/iclab/motion/install/tku_libs/lib/python3.10/site-packages:${PYTHONPATH} /usr/bin/python3 setup.py egg_info --egg-base ../../build/tku_libs build --build-base /home/iclab/motion/build/tku_libs/build install --record /home/iclab/motion/build/tku_libs/install.log --single-version-externally-managed
[16.572s] DEBUG:colcon.colcon_core.event_handler.log_command:Invoked command in '/home/iclab/motion/src/tku_libs' returned '0': CMAKE_PREFIX_PATH=/home/iclab/motion/install/tku_msgs:/home/iclab/motion/install/tuk_libs:/home/iclab/motion/install/tku_libs:/home/iclab/motion/install/motionpackage PYTHONPATH=/home/iclab/motion/build/tku_libs/prefix_override:/home/iclab/motion/install/tku_libs/lib/python3.10/site-packages:${PYTHONPATH} /usr/bin/python3 setup.py egg_info --egg-base ../../build/tku_libs build --build-base /home/iclab/motion/build/tku_libs/build install --record /home/iclab/motion/build/tku_libs/install.log --single-version-externally-managed
[16.655s] Level 1:colcon.colcon_core.environment:checking '/home/iclab/motion/install/tku_libs' for CMake module files
[16.657s] Level 1:colcon.colcon_core.environment:checking '/home/iclab/motion/install/tku_libs' for CMake config files
[16.658s] Level 1:colcon.colcon_core.shell:create_environment_hook('tku_libs', 'cmake_prefix_path')
[16.736s] INFO:colcon.colcon_core.shell:Creating environment hook '/home/iclab/motion/install/tku_libs/share/tku_libs/hook/cmake_prefix_path.ps1'
[16.738s] INFO:colcon.colcon_core.shell:Creating environment descriptor '/home/iclab/motion/install/tku_libs/share/tku_libs/hook/cmake_prefix_path.dsv'
[16.739s] INFO:colcon.colcon_core.shell:Creating environment hook '/home/iclab/motion/install/tku_libs/share/tku_libs/hook/cmake_prefix_path.sh'
[16.742s] Level 1:colcon.colcon_core.environment:checking '/home/iclab/motion/install/tku_libs/lib'
[16.742s] Level 1:colcon.colcon_core.environment:checking '/home/iclab/motion/install/tku_libs/bin'
[16.742s] Level 1:colcon.colcon_core.environment:checking '/home/iclab/motion/install/tku_libs/lib/pkgconfig/tku_libs.pc'
[16.743s] Level 1:colcon.colcon_core.environment:checking '/home/iclab/motion/install/tku_libs/lib/python3.10/site-packages'
[16.743s] Level 1:colcon.colcon_core.shell:create_environment_hook('tku_libs', 'pythonpath')
[16.816s] INFO:colcon.colcon_core.shell:Creating environment hook '/home/iclab/motion/install/tku_libs/share/tku_libs/hook/pythonpath.ps1'
[16.818s] INFO:colcon.colcon_core.shell:Creating environment descriptor '/home/iclab/motion/install/tku_libs/share/tku_libs/hook/pythonpath.dsv'
[16.820s] INFO:colcon.colcon_core.shell:Creating environment hook '/home/iclab/motion/install/tku_libs/share/tku_libs/hook/pythonpath.sh'
[16.823s] Level 1:colcon.colcon_core.environment:checking '/home/iclab/motion/install/tku_libs/bin'
[16.823s] Level 1:colcon.colcon_core.environment:create_environment_scripts_only(tku_libs)
[16.915s] INFO:colcon.colcon_core.shell:Creating package script '/home/iclab/motion/install/tku_libs/share/tku_libs/package.ps1'
[16.918s] INFO:colcon.colcon_core.shell:Creating package descriptor '/home/iclab/motion/install/tku_libs/share/tku_libs/package.dsv'
[16.920s] INFO:colcon.colcon_core.shell:Creating package script '/home/iclab/motion/install/tku_libs/share/tku_libs/package.sh'
[16.922s] INFO:colcon.colcon_core.shell:Creating package script '/home/iclab/motion/install/tku_libs/share/tku_libs/package.bash'
[16.924s] INFO:colcon.colcon_core.shell:Creating package script '/home/iclab/motion/install/tku_libs/share/tku_libs/package.zsh'
[16.926s] Level 1:colcon.colcon_core.environment:create_file_with_runtime_dependencies(/home/iclab/motion/install/tku_libs/share/colcon-core/packages/tku_libs)
[16.927s] INFO:colcon.colcon_ros.task.ament_python.build:Building ROS package in '/home/iclab/motion/src/aaa' with build type 'ament_python'
[16.929s] Level 1:colcon.colcon_core.shell:create_environment_hook('aaa', 'ament_prefix_path')
[17.019s] INFO:colcon.colcon_core.shell:Creating environment hook '/home/iclab/motion/install/aaa/share/aaa/hook/ament_prefix_path.ps1'
[17.021s] INFO:colcon.colcon_core.shell:Creating environment descriptor '/home/iclab/motion/install/aaa/share/aaa/hook/ament_prefix_path.dsv'
[17.022s] INFO:colcon.colcon_core.shell:Creating environment hook '/home/iclab/motion/install/aaa/share/aaa/hook/ament_prefix_path.sh'
[17.107s] INFO:colcon.colcon_core.shell:Skip shell extension 'powershell' for command environment: Not usable outside of PowerShell
[17.108s] DEBUG:colcon.colcon_core.shell:Skip shell extension 'dsv' for command environment
[18.711s] INFO:colcon.colcon_core.task.python.build:Building Python package in '/home/iclab/motion/src/aaa'
[18.821s] INFO:colcon.colcon_core.shell:Skip shell extension 'powershell' for command environment: Not usable outside of PowerShell
[18.826s] DEBUG:colcon.colcon_core.shell:Skip shell extension 'dsv' for command environment
[21.199s] DEBUG:colcon.colcon_core.event_handler.log_command:Invoking command in '/home/iclab/motion/src/aaa': AMENT_PREFIX_PATH=/home/iclab/motion/install/tku_libs:/home/iclab/motion/install/tuk_libs:/home/iclab/motion/install/aaa:/home/iclab/motion/install/tku_msgs:/home/iclab/motion/install/motionpackage:/opt/ros/humble CMAKE_PREFIX_PATH=/home/iclab/motion/install/tku_libs:/home/iclab/motion/install/tku_msgs:/home/iclab/motion/install/tuk_libs:/home/iclab/motion/install/motionpackage PYTHONPATH=/home/iclab/motion/build/aaa/prefix_override:/home/iclab/motion/install/aaa/lib/python3.10/site-packages:/home/iclab/motion/install/tku_libs/lib/python3.10/site-packages:/home/iclab/motion/install/aaa/lib/python3.10/site-packages:/home/iclab/motion/install/tku_msgs/local/lib/python3.10/dist-packages:/home/iclab/motion/install/motionpackage/lib/python3.10/site-packages:/opt/ros/humble/lib/python3.10/site-packages:/opt/ros/humble/local/lib/python3.10/dist-packages /usr/bin/python3 setup.py egg_info --egg-base ../../build/aaa build --build-base /home/iclab/motion/build/aaa/build install --record /home/iclab/motion/build/aaa/install.log --single-version-externally-managed
[22.910s] DEBUG:colcon.colcon_core.event_handler.log_command:Invoked command in '/home/iclab/motion/src/aaa' returned '0': AMENT_PREFIX_PATH=/home/iclab/motion/install/tku_libs:/home/iclab/motion/install/tuk_libs:/home/iclab/motion/install/aaa:/home/iclab/motion/install/tku_msgs:/home/iclab/motion/install/motionpackage:/opt/ros/humble CMAKE_PREFIX_PATH=/home/iclab/motion/install/tku_libs:/home/iclab/motion/install/tku_msgs:/home/iclab/motion/install/tuk_libs:/home/iclab/motion/install/motionpackage PYTHONPATH=/home/iclab/motion/build/aaa/prefix_override:/home/iclab/motion/install/aaa/lib/python3.10/site-packages:/home/iclab/motion/install/tku_libs/lib/python3.10/site-packages:/home/iclab/motion/install/aaa/lib/python3.10/site-packages:/home/iclab/motion/install/tku_msgs/local/lib/python3.10/dist-packages:/home/iclab/motion/install/motionpackage/lib/python3.10/site-packages:/opt/ros/humble/lib/python3.10/site-packages:/opt/ros/humble/local/lib/python3.10/dist-packages /usr/bin/python3 setup.py egg_info --egg-base ../../build/aaa build --build-base /home/iclab/motion/build/aaa/build install --record /home/iclab/motion/build/aaa/install.log --single-version-externally-managed
[23.045s] Level 1:colcon.colcon_core.environment:checking '/home/iclab/motion/install/aaa' for CMake module files
[23.047s] Level 1:colcon.colcon_core.environment:checking '/home/iclab/motion/install/aaa' for CMake config files
[23.050s] Level 1:colcon.colcon_core.environment:checking '/home/iclab/motion/install/aaa/lib'
[23.051s] Level 1:colcon.colcon_core.environment:checking '/home/iclab/motion/install/aaa/bin'
[23.051s] Level 1:colcon.colcon_core.environment:checking '/home/iclab/motion/install/aaa/lib/pkgconfig/aaa.pc'
[23.053s] Level 1:colcon.colcon_core.environment:checking '/home/iclab/motion/install/aaa/lib/python3.10/site-packages'
[23.053s] Level 1:colcon.colcon_core.shell:create_environment_hook('aaa', 'pythonpath')
[23.195s] INFO:colcon.colcon_core.shell:Creating environment hook '/home/iclab/motion/install/aaa/share/aaa/hook/pythonpath.ps1'
[23.197s] INFO:colcon.colcon_core.shell:Creating environment descriptor '/home/iclab/motion/install/aaa/share/aaa/hook/pythonpath.dsv'
[23.199s] INFO:colcon.colcon_core.shell:Creating environment hook '/home/iclab/motion/install/aaa/share/aaa/hook/pythonpath.sh'
[23.206s] Level 1:colcon.colcon_core.environment:checking '/home/iclab/motion/install/aaa/bin'
[23.211s] Level 1:colcon.colcon_core.environment:create_environment_scripts_only(aaa)
[23.368s] INFO:colcon.colcon_core.shell:Creating package script '/home/iclab/motion/install/aaa/share/aaa/package.ps1'
[23.372s] INFO:colcon.colcon_core.shell:Creating package descriptor '/home/iclab/motion/install/aaa/share/aaa/package.dsv'
[23.374s] INFO:colcon.colcon_core.shell:Creating package script '/home/iclab/motion/install/aaa/share/aaa/package.sh'
[23.377s] INFO:colcon.colcon_core.shell:Creating package script '/home/iclab/motion/install/aaa/share/aaa/package.bash'
[23.379s] INFO:colcon.colcon_core.shell:Creating package script '/home/iclab/motion/install/aaa/share/aaa/package.zsh'
[23.381s] Level 1:colcon.colcon_core.environment:create_file_with_runtime_dependencies(/home/iclab/motion/install/aaa/share/colcon-core/packages/aaa)
[23.385s] DEBUG:colcon.colcon_parallel_executor.executor.parallel:closing loop
[23.386s] DEBUG:colcon.colcon_parallel_executor.executor.parallel:loop closed
[23.391s] DEBUG:colcon.colcon_parallel_executor.executor.parallel:run_until_complete finished with '0'
[23.392s] DEBUG:colcon.colcon_core.event_reactor:joining thread
[23.521s] INFO:colcon.colcon_core.plugin_system:Skipping extension 'colcon_notification.desktop_notification.terminal_notifier': Not used on non-Darwin systems
[23.521s] INFO:colcon.colcon_core.plugin_system:Skipping extension 'colcon_notification.desktop_notification.win32': Not used on non-Windows systems
[23.522s] INFO:colcon.colcon_notification.desktop_notification:Sending desktop notification using 'notify2'
[23.584s] DEBUG:colcon.colcon_core.event_reactor:joined thread
[23.680s] INFO:colcon.colcon_core.shell:Creating prefix script '/home/iclab/motion/install/local_setup.ps1'
[23.683s] INFO:colcon.colcon_core.shell:Creating prefix util module '/home/iclab/motion/install/_local_setup_util_ps1.py'
[23.688s] INFO:colcon.colcon_core.shell:Creating prefix chain script '/home/iclab/motion/install/setup.ps1'
[23.788s] INFO:colcon.colcon_core.shell:Creating prefix script '/home/iclab/motion/install/local_setup.sh'
[23.791s] INFO:colcon.colcon_core.shell:Creating prefix util module '/home/iclab/motion/install/_local_setup_util_sh.py'
[23.793s] INFO:colcon.colcon_core.shell:Creating prefix chain script '/home/iclab/motion/install/setup.sh'
[23.894s] INFO:colcon.colcon_core.shell:Creating prefix script '/home/iclab/motion/install/local_setup.bash'
[23.897s] INFO:colcon.colcon_core.shell:Creating prefix chain script '/home/iclab/motion/install/setup.bash'
[24.005s] INFO:colcon.colcon_core.shell:Creating prefix script '/home/iclab/motion/install/local_setup.zsh'
[24.007s] INFO:colcon.colcon_core.shell:Creating prefix chain script '/home/iclab/motion/install/setup.zsh'
