[3.589s] Invoking command in '/home/iclab/motion/src/motionpackage': PYTHONPATH=/home/iclab/motion/build/motionpackage/prefix_override:/home/iclab/motion/install/motionpackage/lib/python3.10/site-packages:${PYTHONPATH} /usr/bin/python3 setup.py egg_info --egg-base ../../build/motionpackage build --build-base /home/iclab/motion/build/motionpackage/build install --record /home/iclab/motion/build/motionpackage/install.log --single-version-externally-managed
[4.646s] running egg_info
[4.648s] writing ../../build/motionpackage/motionpackage.egg-info/PKG-INFO
[4.650s] writing dependency_links to ../../build/motionpackage/motionpackage.egg-info/dependency_links.txt
[4.654s] writing entry points to ../../build/motionpackage/motionpackage.egg-info/entry_points.txt
[4.655s] writing requirements to ../../build/motionpackage/motionpackage.egg-info/requires.txt
[4.655s] writing top-level names to ../../build/motionpackage/motionpackage.egg-info/top_level.txt
[4.661s] reading manifest file '../../build/motionpackage/motionpackage.egg-info/SOURCES.txt'
[4.663s] writing manifest file '../../build/motionpackage/motionpackage.egg-info/SOURCES.txt'
[4.664s] running build
[4.664s] running build_py
[4.665s] running install
[4.666s] running install_lib
[4.670s] byte-compiling /home/iclab/motion/install/motionpackage/lib/python3.10/site-packages/motionpackage/motionpackage.py to motionpackage.cpython-310.pyc
[4.695s] running install_data
[4.696s] running install_egg_info
[4.701s] removing '/home/iclab/motion/install/motionpackage/lib/python3.10/site-packages/motionpackage-0.0.0-py3.10.egg-info' (and everything under it)
[4.714s] Copying ../../build/motionpackage/motionpackage.egg-info to /home/iclab/motion/install/motionpackage/lib/python3.10/site-packages/motionpackage-0.0.0-py3.10.egg-info
[4.715s] running install_scripts
[4.766s] Installing motionpackage script to /home/iclab/motion/install/motionpackage/lib/motionpackage
[4.768s] writing list of installed files to '/home/iclab/motion/build/motionpackage/install.log'
[4.869s] Invoked command in '/home/iclab/motion/src/motionpackage' returned '0': PYTHONPATH=/home/iclab/motion/build/motionpackage/prefix_override:/home/iclab/motion/install/motionpackage/lib/python3.10/site-packages:${PYTHONPATH} /usr/bin/python3 setup.py egg_info --egg-base ../../build/motionpackage build --build-base /home/iclab/motion/build/motionpackage/build install --record /home/iclab/motion/build/motionpackage/install.log --single-version-externally-managed
