[4.578s] Invoking command in '/home/iclab/motion/src/motionpackage': PYTHONPATH=/home/iclab/motion/build/motionpackage/prefix_override:/home/iclab/motion/install/motionpackage/lib/python3.10/site-packages:${PYTHONPATH} /usr/bin/python3 setup.py egg_info --egg-base ../../build/motionpackage build --build-base /home/iclab/motion/build/motionpackage/build install --record /home/iclab/motion/build/motionpackage/install.log --single-version-externally-managed
[6.001s] running egg_info
[6.015s] writing ../../build/motionpackage/motionpackage.egg-info/PKG-INFO
[6.017s] writing dependency_links to ../../build/motionpackage/motionpackage.egg-info/dependency_links.txt
[6.024s] writing entry points to ../../build/motionpackage/motionpackage.egg-info/entry_points.txt
[6.025s] writing requirements to ../../build/motionpackage/motionpackage.egg-info/requires.txt
[6.025s] writing top-level names to ../../build/motionpackage/motionpackage.egg-info/top_level.txt
[6.026s] reading manifest file '../../build/motionpackage/motionpackage.egg-info/SOURCES.txt'
[6.035s] writing manifest file '../../build/motionpackage/motionpackage.egg-info/SOURCES.txt'
[6.036s] running build
[6.036s] running build_py
[6.036s] copying motionpackage/motionpackage.py -> /home/iclab/motion/build/motionpackage/build/lib/motionpackage
[6.037s] running install
[6.037s] running install_lib
[6.037s] copying /home/iclab/motion/build/motionpackage/build/lib/motionpackage/motionpackage.py -> /home/iclab/motion/install/motionpackage/lib/python3.10/site-packages/motionpackage
[6.038s] byte-compiling /home/iclab/motion/install/motionpackage/lib/python3.10/site-packages/motionpackage/motionpackage.py to motionpackage.cpython-310.pyc
[6.118s] running install_data
[6.119s] running install_egg_info
[6.120s] removing '/home/iclab/motion/install/motionpackage/lib/python3.10/site-packages/motionpackage-0.0.0-py3.10.egg-info' (and everything under it)
[6.120s] Copying ../../build/motionpackage/motionpackage.egg-info to /home/iclab/motion/install/motionpackage/lib/python3.10/site-packages/motionpackage-0.0.0-py3.10.egg-info
[6.120s] running install_scripts
[6.176s] Installing motionpackage script to /home/iclab/motion/install/motionpackage/lib/motionpackage
[6.177s] writing list of installed files to '/home/iclab/motion/build/motionpackage/install.log'
[6.606s] Invoked command in '/home/iclab/motion/src/motionpackage' returned '0': PYTHONPATH=/home/iclab/motion/build/motionpackage/prefix_override:/home/iclab/motion/install/motionpackage/lib/python3.10/site-packages:${PYTHONPATH} /usr/bin/python3 setup.py egg_info --egg-base ../../build/motionpackage build --build-base /home/iclab/motion/build/motionpackage/build install --record /home/iclab/motion/build/motionpackage/install.log --single-version-externally-managed
