[2.617s] Invoking command in '/home/iclab/motion/src/tku_libs': CMAKE_PREFIX_PATH=/home/iclab/motion/install/tku_msgs:/home/iclab/motion/install/tuk_libs:/home/iclab/motion/install/tku_libs:/home/iclab/motion/install/motionpackage:/home/iclab/motion/install/cpp PYTHONPATH=/home/iclab/motion/build/tku_libs/prefix_override:/home/iclab/motion/install/tku_libs/lib/python3.10/site-packages:${PYTHONPATH} /usr/bin/python3 setup.py egg_info --egg-base ../../build/tku_libs build --build-base /home/iclab/motion/build/tku_libs/build install --record /home/iclab/motion/build/tku_libs/install.log --single-version-externally-managed
[3.476s] running egg_info
[3.478s] writing ../../build/tku_libs/tku_libs.egg-info/PKG-INFO
[3.479s] writing dependency_links to ../../build/tku_libs/tku_libs.egg-info/dependency_links.txt
[3.479s] writing entry points to ../../build/tku_libs/tku_libs.egg-info/entry_points.txt
[3.480s] writing requirements to ../../build/tku_libs/tku_libs.egg-info/requires.txt
[3.481s] writing top-level names to ../../build/tku_libs/tku_libs.egg-info/top_level.txt
[3.487s] reading manifest file '../../build/tku_libs/tku_libs.egg-info/SOURCES.txt'
[3.489s] writing manifest file '../../build/tku_libs/tku_libs.egg-info/SOURCES.txt'
[3.490s] running build
[3.490s] running build_py
[3.491s] running install
[3.492s] running install_lib
[3.496s] running install_data
[3.497s] running install_egg_info
[3.502s] removing '/home/iclab/motion/install/tku_libs/lib/python3.10/site-packages/tku_libs-0.0.0-py3.10.egg-info' (and everything under it)
[3.503s] Copying ../../build/tku_libs/tku_libs.egg-info to /home/iclab/motion/install/tku_libs/lib/python3.10/site-packages/tku_libs-0.0.0-py3.10.egg-info
[3.506s] running install_scripts
[3.561s] Installing aaa script to /home/iclab/motion/install/tku_libs/lib/tku_libs
[3.562s] Installing bbb script to /home/iclab/motion/install/tku_libs/lib/tku_libs
[3.563s] writing list of installed files to '/home/iclab/motion/build/tku_libs/install.log'
[3.654s] Invoked command in '/home/iclab/motion/src/tku_libs' returned '0': CMAKE_PREFIX_PATH=/home/iclab/motion/install/tku_msgs:/home/iclab/motion/install/tuk_libs:/home/iclab/motion/install/tku_libs:/home/iclab/motion/install/motionpackage:/home/iclab/motion/install/cpp PYTHONPATH=/home/iclab/motion/build/tku_libs/prefix_override:/home/iclab/motion/install/tku_libs/lib/python3.10/site-packages:${PYTHONPATH} /usr/bin/python3 setup.py egg_info --egg-base ../../build/tku_libs build --build-base /home/iclab/motion/build/tku_libs/build install --record /home/iclab/motion/build/tku_libs/install.log --single-version-externally-managed
