[3.088s] Invoking command in '/home/iclab/motion/src/motionpackage': PYTHONPATH=/home/iclab/motion/build/motionpackage/prefix_override:/home/iclab/motion/install/motionpackage/lib/python3.10/site-packages:${PYTHONPATH} /usr/bin/python3 setup.py egg_info --egg-base ../../build/motionpackage build --build-base /home/iclab/motion/build/motionpackage/build install --record /home/iclab/motion/build/motionpackage/install.log --single-version-externally-managed
[3.963s] running egg_info
[3.965s] writing ../../build/motionpackage/motionpackage.egg-info/PKG-INFO
[3.966s] writing dependency_links to ../../build/motionpackage/motionpackage.egg-info/dependency_links.txt
[3.966s] writing entry points to ../../build/motionpackage/motionpackage.egg-info/entry_points.txt
[3.967s] writing requirements to ../../build/motionpackage/motionpackage.egg-info/requires.txt
[3.968s] writing top-level names to ../../build/motionpackage/motionpackage.egg-info/top_level.txt
[3.973s] reading manifest file '../../build/motionpackage/motionpackage.egg-info/SOURCES.txt'
[3.975s] writing manifest file '../../build/motionpackage/motionpackage.egg-info/SOURCES.txt'
[3.977s] running build
[3.977s] running build_py
[3.978s] running install
[3.978s] running install_lib
[3.981s] running install_data
[3.982s] running install_egg_info
[3.987s] removing '/home/iclab/motion/install/motionpackage/lib/python3.10/site-packages/motionpackage-0.0.0-py3.10.egg-info' (and everything under it)
[3.988s] Copying ../../build/motionpackage/motionpackage.egg-info to /home/iclab/motion/install/motionpackage/lib/python3.10/site-packages/motionpackage-0.0.0-py3.10.egg-info
[3.991s] running install_scripts
[4.047s] Installing motionpackage script to /home/iclab/motion/install/motionpackage/lib/motionpackage
[4.049s] writing list of installed files to '/home/iclab/motion/build/motionpackage/install.log'
[4.133s] Invoked command in '/home/iclab/motion/src/motionpackage' returned '0': PYTHONPATH=/home/iclab/motion/build/motionpackage/prefix_override:/home/iclab/motion/install/motionpackage/lib/python3.10/site-packages:${PYTHONPATH} /usr/bin/python3 setup.py egg_info --egg-base ../../build/motionpackage build --build-base /home/iclab/motion/build/motionpackage/build install --record /home/iclab/motion/build/motionpackage/install.log --single-version-externally-managed
