[3.403s] Invoking command in '/home/iclab/motion/src/motionpackage': PYTHONPATH=/home/iclab/motion/build/motionpackage/prefix_override:/home/iclab/motion/install/motionpackage/lib/python3.10/site-packages:${PYTHONPATH} /usr/bin/python3 setup.py egg_info --egg-base ../../build/motionpackage build --build-base /home/iclab/motion/build/motionpackage/build install --record /home/iclab/motion/build/motionpackage/install.log --single-version-externally-managed
[4.983s] running egg_info
[4.986s] writing ../../build/motionpackage/motionpackage.egg-info/PKG-INFO
[4.987s] writing dependency_links to ../../build/motionpackage/motionpackage.egg-info/dependency_links.txt
[4.987s] writing entry points to ../../build/motionpackage/motionpackage.egg-info/entry_points.txt
[4.988s] writing requirements to ../../build/motionpackage/motionpackage.egg-info/requires.txt
[4.988s] writing top-level names to ../../build/motionpackage/motionpackage.egg-info/top_level.txt
[4.995s] reading manifest file '../../build/motionpackage/motionpackage.egg-info/SOURCES.txt'
[4.998s] writing manifest file '../../build/motionpackage/motionpackage.egg-info/SOURCES.txt'
[4.998s] running build
[4.999s] running build_py
[5.000s] running install
[5.004s] running install_lib
[5.005s] byte-compiling /home/iclab/motion/install/motionpackage/lib/python3.10/site-packages/motionpackage/motionpackage.py to motionpackage.cpython-310.pyc
[5.032s] running install_data
[5.033s] running install_egg_info
[5.040s] removing '/home/iclab/motion/install/motionpackage/lib/python3.10/site-packages/motionpackage-0.0.0-py3.10.egg-info' (and everything under it)
[5.044s] Copying ../../build/motionpackage/motionpackage.egg-info to /home/iclab/motion/install/motionpackage/lib/python3.10/site-packages/motionpackage-0.0.0-py3.10.egg-info
[5.045s] running install_scripts
[5.118s] Installing motionpackage script to /home/iclab/motion/install/motionpackage/lib/motionpackage
[5.119s] writing list of installed files to '/home/iclab/motion/build/motionpackage/install.log'
[5.238s] Invoked command in '/home/iclab/motion/src/motionpackage' returned '0': PYTHONPATH=/home/iclab/motion/build/motionpackage/prefix_override:/home/iclab/motion/install/motionpackage/lib/python3.10/site-packages:${PYTHONPATH} /usr/bin/python3 setup.py egg_info --egg-base ../../build/motionpackage build --build-base /home/iclab/motion/build/motionpackage/build install --record /home/iclab/motion/build/motionpackage/install.log --single-version-externally-managed
