[2.992s] Invoking command in '/home/iclab/motion/src/aaa': AMENT_PREFIX_PATH=/home/iclab/motion/install/tku_libs:/home/iclab/motion/install/tuk_libs:/home/iclab/motion/install/aaa:/home/iclab/motion/install/tku_msgs:/home/iclab/motion/install/motionpackage:/opt/ros/humble CMAKE_PREFIX_PATH=/home/iclab/motion/install/tku_libs:/home/iclab/motion/install/tku_msgs:/home/iclab/motion/install/tuk_libs:/home/iclab/motion/install/motionpackage PYTHONPATH=/home/iclab/motion/build/aaa/prefix_override:/home/iclab/motion/install/aaa/lib/python3.10/site-packages:/home/iclab/motion/install/tku_libs/lib/python3.10/site-packages:/home/iclab/motion/install/aaa/lib/python3.10/site-packages:/home/iclab/motion/install/tku_msgs/local/lib/python3.10/dist-packages:/home/iclab/motion/install/motionpackage/lib/python3.10/site-packages:/opt/ros/humble/lib/python3.10/site-packages:/opt/ros/humble/local/lib/python3.10/dist-packages /usr/bin/python3 setup.py egg_info --egg-base ../../build/aaa build --build-base /home/iclab/motion/build/aaa/build install --record /home/iclab/motion/build/aaa/install.log --single-version-externally-managed
[3.806s] running egg_info
[3.808s] writing ../../build/aaa/aaa.egg-info/PKG-INFO
[3.808s] writing dependency_links to ../../build/aaa/aaa.egg-info/dependency_links.txt
[3.809s] writing entry points to ../../build/aaa/aaa.egg-info/entry_points.txt
[3.810s] writing requirements to ../../build/aaa/aaa.egg-info/requires.txt
[3.810s] writing top-level names to ../../build/aaa/aaa.egg-info/top_level.txt
[3.815s] reading manifest file '../../build/aaa/aaa.egg-info/SOURCES.txt'
[3.818s] writing manifest file '../../build/aaa/aaa.egg-info/SOURCES.txt'
[3.818s] running build
[3.818s] running build_py
[3.819s] running install
[3.820s] running install_lib
[3.823s] running install_data
[3.825s] running install_egg_info
[3.831s] removing '/home/iclab/motion/install/aaa/lib/python3.10/site-packages/aaa-0.0.0-py3.10.egg-info' (and everything under it)
[3.832s] Copying ../../build/aaa/aaa.egg-info to /home/iclab/motion/install/aaa/lib/python3.10/site-packages/aaa-0.0.0-py3.10.egg-info
[3.835s] running install_scripts
[3.888s] Installing aaa script to /home/iclab/motion/install/aaa/lib/aaa
[3.889s] writing list of installed files to '/home/iclab/motion/build/aaa/install.log'
[3.971s] Invoked command in '/home/iclab/motion/src/aaa' returned '0': AMENT_PREFIX_PATH=/home/iclab/motion/install/tku_libs:/home/iclab/motion/install/tuk_libs:/home/iclab/motion/install/aaa:/home/iclab/motion/install/tku_msgs:/home/iclab/motion/install/motionpackage:/opt/ros/humble CMAKE_PREFIX_PATH=/home/iclab/motion/install/tku_libs:/home/iclab/motion/install/tku_msgs:/home/iclab/motion/install/tuk_libs:/home/iclab/motion/install/motionpackage PYTHONPATH=/home/iclab/motion/build/aaa/prefix_override:/home/iclab/motion/install/aaa/lib/python3.10/site-packages:/home/iclab/motion/install/tku_libs/lib/python3.10/site-packages:/home/iclab/motion/install/aaa/lib/python3.10/site-packages:/home/iclab/motion/install/tku_msgs/local/lib/python3.10/dist-packages:/home/iclab/motion/install/motionpackage/lib/python3.10/site-packages:/opt/ros/humble/lib/python3.10/site-packages:/opt/ros/humble/local/lib/python3.10/dist-packages /usr/bin/python3 setup.py egg_info --egg-base ../../build/aaa build --build-base /home/iclab/motion/build/aaa/build install --record /home/iclab/motion/build/aaa/install.log --single-version-externally-managed
