[3.794s] Invoking command in '/home/iclab/motion/src/motionpackage': PYTHONPATH=/home/iclab/motion/build/motionpackage/prefix_override:/home/iclab/motion/install/motionpackage/lib/python3.10/site-packages:${PYTHONPATH} /usr/bin/python3 setup.py egg_info --egg-base ../../build/motionpackage build --build-base /home/iclab/motion/build/motionpackage/build install --record /home/iclab/motion/build/motionpackage/install.log --single-version-externally-managed
[4.812s] running egg_info
[4.812s] writing ../../build/motionpackage/motionpackage.egg-info/PKG-INFO
[4.813s] writing dependency_links to ../../build/motionpackage/motionpackage.egg-info/dependency_links.txt
[4.816s] writing entry points to ../../build/motionpackage/motionpackage.egg-info/entry_points.txt
[4.816s] writing requirements to ../../build/motionpackage/motionpackage.egg-info/requires.txt
[4.817s] writing top-level names to ../../build/motionpackage/motionpackage.egg-info/top_level.txt
[4.817s] reading manifest file '../../build/motionpackage/motionpackage.egg-info/SOURCES.txt'
[4.821s] writing manifest file '../../build/motionpackage/motionpackage.egg-info/SOURCES.txt'
[4.821s] running build
[4.822s] running build_py
[4.823s] copying motionpackage/motionpackage.py -> /home/iclab/motion/build/motionpackage/build/lib/motionpackage
[4.823s] running install
[4.824s] running install_lib
[4.825s] copying /home/iclab/motion/build/motionpackage/build/lib/motionpackage/motionpackage.py -> /home/iclab/motion/install/motionpackage/lib/python3.10/site-packages/motionpackage
[4.828s] byte-compiling /home/iclab/motion/install/motionpackage/lib/python3.10/site-packages/motionpackage/motionpackage.py to motionpackage.cpython-310.pyc
[4.832s] running install_data
[4.832s] running install_egg_info
[4.836s] removing '/home/iclab/motion/install/motionpackage/lib/python3.10/site-packages/motionpackage-0.0.0-py3.10.egg-info' (and everything under it)
[4.840s] Copying ../../build/motionpackage/motionpackage.egg-info to /home/iclab/motion/install/motionpackage/lib/python3.10/site-packages/motionpackage-0.0.0-py3.10.egg-info
[4.859s] running install_scripts
[4.896s] Installing motionpackage script to /home/iclab/motion/install/motionpackage/lib/motionpackage
[4.897s] writing list of installed files to '/home/iclab/motion/build/motionpackage/install.log'
[5.007s] Invoked command in '/home/iclab/motion/src/motionpackage' returned '0': PYTHONPATH=/home/iclab/motion/build/motionpackage/prefix_override:/home/iclab/motion/install/motionpackage/lib/python3.10/site-packages:${PYTHONPATH} /usr/bin/python3 setup.py egg_info --egg-base ../../build/motionpackage build --build-base /home/iclab/motion/build/motionpackage/build install --record /home/iclab/motion/build/motionpackage/install.log --single-version-externally-managed
