[5.453s] Invoking command in '/home/iclab/motion/src/motionpackage': PYTHONPATH=/home/iclab/motion/build/motionpackage/prefix_override:/home/iclab/motion/install/motionpackage/lib/python3.10/site-packages:${PYTHONPATH} /usr/bin/python3 setup.py egg_info --egg-base ../../build/motionpackage build --build-base /home/iclab/motion/build/motionpackage/build install --record /home/iclab/motion/build/motionpackage/install.log --single-version-externally-managed
[6.948s] running egg_info
[6.950s] writing ../../build/motionpackage/motionpackage.egg-info/PKG-INFO
[6.951s] writing dependency_links to ../../build/motionpackage/motionpackage.egg-info/dependency_links.txt
[6.959s] writing entry points to ../../build/motionpackage/motionpackage.egg-info/entry_points.txt
[6.960s] writing requirements to ../../build/motionpackage/motionpackage.egg-info/requires.txt
[6.963s] writing top-level names to ../../build/motionpackage/motionpackage.egg-info/top_level.txt
[6.973s] reading manifest file '../../build/motionpackage/motionpackage.egg-info/SOURCES.txt'
[6.976s] writing manifest file '../../build/motionpackage/motionpackage.egg-info/SOURCES.txt'
[6.976s] running build
[6.976s] running build_py
[6.977s] running install
[6.978s] running install_lib
[6.982s] running install_data
[6.991s] running install_egg_info
[6.997s] removing '/home/iclab/motion/install/motionpackage/lib/python3.10/site-packages/motionpackage-0.0.0-py3.10.egg-info' (and everything under it)
[6.999s] Copying ../../build/motionpackage/motionpackage.egg-info to /home/iclab/motion/install/motionpackage/lib/python3.10/site-packages/motionpackage-0.0.0-py3.10.egg-info
[7.003s] running install_scripts
[7.115s] Installing motionpackage script to /home/iclab/motion/install/motionpackage/lib/motionpackage
[7.115s] writing list of installed files to '/home/iclab/motion/build/motionpackage/install.log'
[7.232s] Invoked command in '/home/iclab/motion/src/motionpackage' returned '0': PYTHONPATH=/home/iclab/motion/build/motionpackage/prefix_override:/home/iclab/motion/install/motionpackage/lib/python3.10/site-packages:${PYTHONPATH} /usr/bin/python3 setup.py egg_info --egg-base ../../build/motionpackage build --build-base /home/iclab/motion/build/motionpackage/build install --record /home/iclab/motion/build/motionpackage/install.log --single-version-externally-managed
