[3.612s] Invoking command in '/home/iclab/motion/src/motionpackage': PYTHONPATH=/home/iclab/motion/build/motionpackage/prefix_override:/home/iclab/motion/install/motionpackage/lib/python3.10/site-packages:${PYTHONPATH} /usr/bin/python3 setup.py egg_info --egg-base ../../build/motionpackage build --build-base /home/iclab/motion/build/motionpackage/build install --record /home/iclab/motion/build/motionpackage/install.log --single-version-externally-managed
[4.933s] running egg_info
[4.942s] writing ../../build/motionpackage/motionpackage.egg-info/PKG-INFO
[4.942s] writing dependency_links to ../../build/motionpackage/motionpackage.egg-info/dependency_links.txt
[4.943s] writing entry points to ../../build/motionpackage/motionpackage.egg-info/entry_points.txt
[4.943s] writing requirements to ../../build/motionpackage/motionpackage.egg-info/requires.txt
[4.944s] writing top-level names to ../../build/motionpackage/motionpackage.egg-info/top_level.txt
[4.953s] reading manifest file '../../build/motionpackage/motionpackage.egg-info/SOURCES.txt'
[4.955s] writing manifest file '../../build/motionpackage/motionpackage.egg-info/SOURCES.txt'
[4.955s] running build
[4.956s] running build_py
[4.956s] copying motionpackage/motionpackage.py -> /home/iclab/motion/build/motionpackage/build/lib/motionpackage
[4.957s] running install
[4.966s] running install_lib
[4.967s] copying /home/iclab/motion/build/motionpackage/build/lib/motionpackage/motionpackage.py -> /home/iclab/motion/install/motionpackage/lib/python3.10/site-packages/motionpackage
[4.967s] byte-compiling /home/iclab/motion/install/motionpackage/lib/python3.10/site-packages/motionpackage/motionpackage.py to motionpackage.cpython-310.pyc
[5.008s] running install_data
[5.013s] running install_egg_info
[5.017s] removing '/home/iclab/motion/install/motionpackage/lib/python3.10/site-packages/motionpackage-0.0.0-py3.10.egg-info' (and everything under it)
[5.021s] Copying ../../build/motionpackage/motionpackage.egg-info to /home/iclab/motion/install/motionpackage/lib/python3.10/site-packages/motionpackage-0.0.0-py3.10.egg-info
[5.027s] running install_scripts
[5.124s] Installing motionpackage script to /home/iclab/motion/install/motionpackage/lib/motionpackage
[5.128s] writing list of installed files to '/home/iclab/motion/build/motionpackage/install.log'
[5.240s] Invoked command in '/home/iclab/motion/src/motionpackage' returned '0': PYTHONPATH=/home/iclab/motion/build/motionpackage/prefix_override:/home/iclab/motion/install/motionpackage/lib/python3.10/site-packages:${PYTHONPATH} /usr/bin/python3 setup.py egg_info --egg-base ../../build/motionpackage build --build-base /home/iclab/motion/build/motionpackage/build install --record /home/iclab/motion/build/motionpackage/install.log --single-version-externally-managed
