[0.048s] Invoking command in '/home/iclab/motion/build/tuk_libs': CMAKE_PREFIX_PATH=${CMAKE_PREFIX_PATH}:/opt/ros/humble /usr/bin/cmake --build /home/iclab/motion/build/tuk_libs -- -j8 -l8
[0.061s] -- Found ament_cmake: 1.3.5 (/opt/ros/humble/share/ament_cmake/cmake)
[0.174s] -- Found ament_lint_auto: 0.12.8 (/opt/ros/humble/share/ament_lint_auto/cmake)
[0.226s] -- Added test 'cppcheck' to perform static code analysis on C / C++ code
[0.226s] -- Configured cppcheck include dirs: $<BUILD_INTERFACE:/home/iclab/motion/src/tuk_libs/include>
[0.226s] -- Configured cppcheck exclude dirs and/or files: 
[0.226s] -- Added test 'lint_cmake' to check CMake code style
[0.227s] -- Added test 'uncrustify' to check C / C++ code style
[0.227s] -- Configured uncrustify additional arguments: 
[0.227s] -- Added test 'xmllint' to check XML markup files
[0.228s] -- Configuring done
[0.231s] -- Generating done
[0.232s] -- Build files have been written to: /home/iclab/motion/build/tuk_libs
[0.246s] [35m[1mConsolidate compiler generated dependencies of target TKU_tool[0m
[0.253s] [ 50%] [32mBuilding CXX object CMakeFiles/TKU_tool.dir/src/TKU_tool.cpp.o[0m
[0.271s] [100%] [32m[1mLinking CXX executable TKU_tool[0m
[0.306s] [100%] Built target TKU_tool
[0.314s] Invoked command in '/home/iclab/motion/build/tuk_libs' returned '0': CMAKE_PREFIX_PATH=${CMAKE_PREFIX_PATH}:/opt/ros/humble /usr/bin/cmake --build /home/iclab/motion/build/tuk_libs -- -j8 -l8
[0.338s] Invoking command in '/home/iclab/motion/build/tuk_libs': CMAKE_PREFIX_PATH=${CMAKE_PREFIX_PATH}:/opt/ros/humble /usr/bin/cmake --install /home/iclab/motion/build/tuk_libs
[0.343s] -- Install configuration: ""
[0.343s] -- Installing: /home/iclab/motion/install/tuk_libs/lib/tuk_libs/TKU_tool
[0.343s] -- Up-to-date: /home/iclab/motion/install/tuk_libs/share/ament_index/resource_index/package_run_dependencies/tuk_libs
[0.343s] -- Installing: /home/iclab/motion/install/tuk_libs/share/ament_index/resource_index/parent_prefix_path/tuk_libs
[0.343s] -- Up-to-date: /home/iclab/motion/install/tuk_libs/share/tuk_libs/environment/ament_prefix_path.sh
[0.343s] -- Installing: /home/iclab/motion/install/tuk_libs/share/tuk_libs/environment/ament_prefix_path.dsv
[0.344s] -- Up-to-date: /home/iclab/motion/install/tuk_libs/share/tuk_libs/environment/path.sh
[0.344s] -- Installing: /home/iclab/motion/install/tuk_libs/share/tuk_libs/environment/path.dsv
[0.344s] -- Up-to-date: /home/iclab/motion/install/tuk_libs/share/tuk_libs/local_setup.bash
[0.344s] -- Up-to-date: /home/iclab/motion/install/tuk_libs/share/tuk_libs/local_setup.sh
[0.344s] -- Up-to-date: /home/iclab/motion/install/tuk_libs/share/tuk_libs/local_setup.zsh
[0.344s] -- Installing: /home/iclab/motion/install/tuk_libs/share/tuk_libs/local_setup.dsv
[0.344s] -- Installing: /home/iclab/motion/install/tuk_libs/share/tuk_libs/package.dsv
[0.344s] -- Up-to-date: /home/iclab/motion/install/tuk_libs/share/ament_index/resource_index/packages/tuk_libs
[0.344s] -- Up-to-date: /home/iclab/motion/install/tuk_libs/share/tuk_libs/cmake/tuk_libsConfig.cmake
[0.344s] -- Up-to-date: /home/iclab/motion/install/tuk_libs/share/tuk_libs/cmake/tuk_libsConfig-version.cmake
[0.344s] -- Installing: /home/iclab/motion/install/tuk_libs/share/tuk_libs/package.xml
[0.346s] Invoked command in '/home/iclab/motion/build/tuk_libs' returned '0': CMAKE_PREFIX_PATH=${CMAKE_PREFIX_PATH}:/opt/ros/humble /usr/bin/cmake --install /home/iclab/motion/build/tuk_libs
