[2.845s] Invoking command in '/home/iclab/motion/src/motionpackage': PYTHONPATH=/home/iclab/motion/build/motionpackage/prefix_override:/home/iclab/motion/install/motionpackage/lib/python3.10/site-packages:${PYTHONPATH} /usr/bin/python3 setup.py egg_info --egg-base ../../build/motionpackage build --build-base /home/iclab/motion/build/motionpackage/build install --record /home/iclab/motion/build/motionpackage/install.log --single-version-externally-managed
[3.838s] running egg_info
[3.841s] writing ../../build/motionpackage/motionpackage.egg-info/PKG-INFO
[3.845s] writing dependency_links to ../../build/motionpackage/motionpackage.egg-info/dependency_links.txt
[3.847s] writing entry points to ../../build/motionpackage/motionpackage.egg-info/entry_points.txt
[3.857s] writing requirements to ../../build/motionpackage/motionpackage.egg-info/requires.txt
[3.858s] writing top-level names to ../../build/motionpackage/motionpackage.egg-info/top_level.txt
[3.858s] reading manifest file '../../build/motionpackage/motionpackage.egg-info/SOURCES.txt'
[3.862s] writing manifest file '../../build/motionpackage/motionpackage.egg-info/SOURCES.txt'
[3.866s] running build
[3.866s] running build_py
[3.867s] copying motionpackage/motionpackage.py -> /home/iclab/motion/build/motionpackage/build/lib/motionpackage
[3.867s] running install
[3.869s] running install_lib
[3.870s] copying /home/iclab/motion/build/motionpackage/build/lib/motionpackage/motionpackage.py -> /home/iclab/motion/install/motionpackage/lib/python3.10/site-packages/motionpackage
[3.873s] byte-compiling /home/iclab/motion/install/motionpackage/lib/python3.10/site-packages/motionpackage/motionpackage.py to motionpackage.cpython-310.pyc
[3.910s] running install_data
[3.914s] running install_egg_info
[3.920s] removing '/home/iclab/motion/install/motionpackage/lib/python3.10/site-packages/motionpackage-0.0.0-py3.10.egg-info' (and everything under it)
[3.921s] Copying ../../build/motionpackage/motionpackage.egg-info to /home/iclab/motion/install/motionpackage/lib/python3.10/site-packages/motionpackage-0.0.0-py3.10.egg-info
[3.925s] running install_scripts
[4.006s] Installing motionpackage script to /home/iclab/motion/install/motionpackage/lib/motionpackage
[4.008s] writing list of installed files to '/home/iclab/motion/build/motionpackage/install.log'
[4.110s] Invoked command in '/home/iclab/motion/src/motionpackage' returned '0': PYTHONPATH=/home/iclab/motion/build/motionpackage/prefix_override:/home/iclab/motion/install/motionpackage/lib/python3.10/site-packages:${PYTHONPATH} /usr/bin/python3 setup.py egg_info --egg-base ../../build/motionpackage build --build-base /home/iclab/motion/build/motionpackage/build install --record /home/iclab/motion/build/motionpackage/install.log --single-version-externally-managed
