[3.842s] Invoking command in '/home/iclab/motion/src/motionpackage': PYTHONPATH=/home/iclab/motion/build/motionpackage/prefix_override:/home/iclab/motion/install/motionpackage/lib/python3.10/site-packages:${PYTHONPATH} /usr/bin/python3 setup.py egg_info --egg-base ../../build/motionpackage build --build-base /home/iclab/motion/build/motionpackage/build install --record /home/iclab/motion/build/motionpackage/install.log --single-version-externally-managed
[5.161s] running egg_info
[5.162s] writing ../../build/motionpackage/motionpackage.egg-info/PKG-INFO
[5.162s] writing dependency_links to ../../build/motionpackage/motionpackage.egg-info/dependency_links.txt
[5.163s] writing entry points to ../../build/motionpackage/motionpackage.egg-info/entry_points.txt
[5.163s] writing requirements to ../../build/motionpackage/motionpackage.egg-info/requires.txt
[5.164s] writing top-level names to ../../build/motionpackage/motionpackage.egg-info/top_level.txt
[5.164s] reading manifest file '../../build/motionpackage/motionpackage.egg-info/SOURCES.txt'
[5.165s] writing manifest file '../../build/motionpackage/motionpackage.egg-info/SOURCES.txt'
[5.165s] running build
[5.166s] running build_py
[5.166s] running install
[5.167s] running install_lib
[5.167s] running install_data
[5.168s] running install_egg_info
[5.168s] removing '/home/iclab/motion/install/motionpackage/lib/python3.10/site-packages/motionpackage-0.0.0-py3.10.egg-info' (and everything under it)
[5.169s] Copying ../../build/motionpackage/motionpackage.egg-info to /home/iclab/motion/install/motionpackage/lib/python3.10/site-packages/motionpackage-0.0.0-py3.10.egg-info
[5.169s] running install_scripts
[5.208s] Installing motionpackage script to /home/iclab/motion/install/motionpackage/lib/motionpackage
[5.209s] writing list of installed files to '/home/iclab/motion/build/motionpackage/install.log'
[5.335s] Invoked command in '/home/iclab/motion/src/motionpackage' returned '0': PYTHONPATH=/home/iclab/motion/build/motionpackage/prefix_override:/home/iclab/motion/install/motionpackage/lib/python3.10/site-packages:${PYTHONPATH} /usr/bin/python3 setup.py egg_info --egg-base ../../build/motionpackage build --build-base /home/iclab/motion/build/motionpackage/build install --record /home/iclab/motion/build/motionpackage/install.log --single-version-externally-managed
