[2.777s] Invoking command in '/home/iclab/motion/src/motionpackage': PYTHONPATH=/home/iclab/motion/build/motionpackage/prefix_override:/home/iclab/motion/install/motionpackage/lib/python3.10/site-packages:${PYTHONPATH} /usr/bin/python3 setup.py egg_info --egg-base ../../build/motionpackage build --build-base /home/iclab/motion/build/motionpackage/build install --record /home/iclab/motion/build/motionpackage/install.log --single-version-externally-managed
[3.788s] running egg_info
[3.789s] writing ../../build/motionpackage/motionpackage.egg-info/PKG-INFO
[3.789s] writing dependency_links to ../../build/motionpackage/motionpackage.egg-info/dependency_links.txt
[3.789s] writing entry points to ../../build/motionpackage/motionpackage.egg-info/entry_points.txt
[3.789s] writing requirements to ../../build/motionpackage/motionpackage.egg-info/requires.txt
[3.790s] writing top-level names to ../../build/motionpackage/motionpackage.egg-info/top_level.txt
[3.790s] reading manifest file '../../build/motionpackage/motionpackage.egg-info/SOURCES.txt'
[3.790s] writing manifest file '../../build/motionpackage/motionpackage.egg-info/SOURCES.txt'
[3.790s] running build
[3.791s] running build_py
[3.791s] running install
[3.791s] running install_lib
[3.791s] running install_data
[3.791s] running install_egg_info
[3.792s] removing '/home/iclab/motion/install/motionpackage/lib/python3.10/site-packages/motionpackage-0.0.0-py3.10.egg-info' (and everything under it)
[3.792s] Copying ../../build/motionpackage/motionpackage.egg-info to /home/iclab/motion/install/motionpackage/lib/python3.10/site-packages/motionpackage-0.0.0-py3.10.egg-info
[3.792s] running install_scripts
[3.792s] Installing motionpackage script to /home/iclab/motion/install/motionpackage/lib/motionpackage
[3.792s] writing list of installed files to '/home/iclab/motion/build/motionpackage/install.log'
[3.941s] Invoked command in '/home/iclab/motion/src/motionpackage' returned '0': PYTHONPATH=/home/iclab/motion/build/motionpackage/prefix_override:/home/iclab/motion/install/motionpackage/lib/python3.10/site-packages:${PYTHONPATH} /usr/bin/python3 setup.py egg_info --egg-base ../../build/motionpackage build --build-base /home/iclab/motion/build/motionpackage/build install --record /home/iclab/motion/build/motionpackage/install.log --single-version-externally-managed
