[4.096s] Invoking command in '/home/iclab/motion/src/motionpackage': PYTHONPATH=/home/iclab/motion/build/motionpackage/prefix_override:/home/iclab/motion/install/motionpackage/lib/python3.10/site-packages:${PYTHONPATH} /usr/bin/python3 setup.py egg_info --egg-base ../../build/motionpackage build --build-base /home/iclab/motion/build/motionpackage/build install --record /home/iclab/motion/build/motionpackage/install.log --single-version-externally-managed
[5.278s] running egg_info
[5.280s] writing ../../build/motionpackage/motionpackage.egg-info/PKG-INFO
[5.282s] writing dependency_links to ../../build/motionpackage/motionpackage.egg-info/dependency_links.txt
[5.282s] writing entry points to ../../build/motionpackage/motionpackage.egg-info/entry_points.txt
[5.282s] writing requirements to ../../build/motionpackage/motionpackage.egg-info/requires.txt
[5.287s] writing top-level names to ../../build/motionpackage/motionpackage.egg-info/top_level.txt
[5.291s] reading manifest file '../../build/motionpackage/motionpackage.egg-info/SOURCES.txt'
[5.293s] writing manifest file '../../build/motionpackage/motionpackage.egg-info/SOURCES.txt'
[5.294s] running build
[5.294s] running build_py
[5.295s] running install
[5.295s] running install_lib
[5.299s] running install_data
[5.301s] running install_egg_info
[5.306s] removing '/home/iclab/motion/install/motionpackage/lib/python3.10/site-packages/motionpackage-0.0.0-py3.10.egg-info' (and everything under it)
[5.309s] Copying ../../build/motionpackage/motionpackage.egg-info to /home/iclab/motion/install/motionpackage/lib/python3.10/site-packages/motionpackage-0.0.0-py3.10.egg-info
[5.309s] running install_scripts
[5.373s] Installing motionpackage script to /home/iclab/motion/install/motionpackage/lib/motionpackage
[5.375s] writing list of installed files to '/home/iclab/motion/build/motionpackage/install.log'
[5.477s] Invoked command in '/home/iclab/motion/src/motionpackage' returned '0': PYTHONPATH=/home/iclab/motion/build/motionpackage/prefix_override:/home/iclab/motion/install/motionpackage/lib/python3.10/site-packages:${PYTHONPATH} /usr/bin/python3 setup.py egg_info --egg-base ../../build/motionpackage build --build-base /home/iclab/motion/build/motionpackage/build install --record /home/iclab/motion/build/motionpackage/install.log --single-version-externally-managed
