[4.674s] Invoking command in '/home/iclab/motion/src/tku_libs': CMAKE_PREFIX_PATH=/home/iclab/motion/install/tku_msgs:/home/iclab/motion/install/tuk_libs:/home/iclab/motion/install/tku_libs:/home/iclab/motion/install/motionpackage PYTHONPATH=/home/iclab/motion/build/tku_libs/prefix_override:/home/iclab/motion/install/tku_libs/lib/python3.10/site-packages:${PYTHONPATH} /usr/bin/python3 setup.py egg_info --egg-base ../../build/tku_libs build --build-base /home/iclab/motion/build/tku_libs/build install --record /home/iclab/motion/build/tku_libs/install.log --single-version-externally-managed
[5.883s] running egg_info
[5.888s] writing ../../build/tku_libs/tku_libs.egg-info/PKG-INFO
[5.890s] writing dependency_links to ../../build/tku_libs/tku_libs.egg-info/dependency_links.txt
[5.892s] writing entry points to ../../build/tku_libs/tku_libs.egg-info/entry_points.txt
[5.893s] writing requirements to ../../build/tku_libs/tku_libs.egg-info/requires.txt
[5.896s] writing top-level names to ../../build/tku_libs/tku_libs.egg-info/top_level.txt
[5.906s] reading manifest file '../../build/tku_libs/tku_libs.egg-info/SOURCES.txt'
[5.910s] writing manifest file '../../build/tku_libs/tku_libs.egg-info/SOURCES.txt'
[5.912s] running build
[5.913s] running build_py
[5.915s] running install
[5.917s] running install_lib
[5.928s] running install_data
[5.930s] running install_egg_info
[5.941s] removing '/home/iclab/motion/install/tku_libs/lib/python3.10/site-packages/tku_libs-0.0.0-py3.10.egg-info' (and everything under it)
[5.942s] Copying ../../build/tku_libs/tku_libs.egg-info to /home/iclab/motion/install/tku_libs/lib/python3.10/site-packages/tku_libs-0.0.0-py3.10.egg-info
[5.945s] running install_scripts
[6.020s] Installing aaa script to /home/iclab/motion/install/tku_libs/lib/tku_libs
[6.022s] Installing bbb script to /home/iclab/motion/install/tku_libs/lib/tku_libs
[6.026s] writing list of installed files to '/home/iclab/motion/build/tku_libs/install.log'
[6.149s] Invoked command in '/home/iclab/motion/src/tku_libs' returned '0': CMAKE_PREFIX_PATH=/home/iclab/motion/install/tku_msgs:/home/iclab/motion/install/tuk_libs:/home/iclab/motion/install/tku_libs:/home/iclab/motion/install/motionpackage PYTHONPATH=/home/iclab/motion/build/tku_libs/prefix_override:/home/iclab/motion/install/tku_libs/lib/python3.10/site-packages:${PYTHONPATH} /usr/bin/python3 setup.py egg_info --egg-base ../../build/tku_libs build --build-base /home/iclab/motion/build/tku_libs/build install --record /home/iclab/motion/build/tku_libs/install.log --single-version-externally-managed
