[6.178s] Invoking command in '/home/iclab/motion/src/motionpackage': PYTHONPATH=/home/iclab/motion/build/motionpackage/prefix_override:/home/iclab/motion/install/motionpackage/lib/python3.10/site-packages:${PYTHONPATH} /usr/bin/python3 setup.py egg_info --egg-base ../../build/motionpackage build --build-base /home/iclab/motion/build/motionpackage/build install --record /home/iclab/motion/build/motionpackage/install.log --single-version-externally-managed
[8.093s] running egg_info
[8.095s] writing ../../build/motionpackage/motionpackage.egg-info/PKG-INFO
[8.097s] writing dependency_links to ../../build/motionpackage/motionpackage.egg-info/dependency_links.txt
[8.102s] writing entry points to ../../build/motionpackage/motionpackage.egg-info/entry_points.txt
[8.103s] writing requirements to ../../build/motionpackage/motionpackage.egg-info/requires.txt
[8.103s] writing top-level names to ../../build/motionpackage/motionpackage.egg-info/top_level.txt
[8.112s] reading manifest file '../../build/motionpackage/motionpackage.egg-info/SOURCES.txt'
[8.119s] writing manifest file '../../build/motionpackage/motionpackage.egg-info/SOURCES.txt'
[8.120s] running build
[8.121s] running build_py
[8.121s] running install
[8.122s] running install_lib
[8.127s] running install_data
[8.128s] running install_egg_info
[8.134s] removing '/home/iclab/motion/install/motionpackage/lib/python3.10/site-packages/motionpackage-0.0.0-py3.10.egg-info' (and everything under it)
[8.136s] Copying ../../build/motionpackage/motionpackage.egg-info to /home/iclab/motion/install/motionpackage/lib/python3.10/site-packages/motionpackage-0.0.0-py3.10.egg-info
[8.147s] running install_scripts
[8.440s] Installing motionpackage script to /home/iclab/motion/install/motionpackage/lib/motionpackage
[8.487s] writing list of installed files to '/home/iclab/motion/build/motionpackage/install.log'
[9.170s] Invoked command in '/home/iclab/motion/src/motionpackage' returned '0': PYTHONPATH=/home/iclab/motion/build/motionpackage/prefix_override:/home/iclab/motion/install/motionpackage/lib/python3.10/site-packages:${PYTHONPATH} /usr/bin/python3 setup.py egg_info --egg-base ../../build/motionpackage build --build-base /home/iclab/motion/build/motionpackage/build install --record /home/iclab/motion/build/motionpackage/install.log --single-version-externally-managed
