[3.395s] Invoking command in '/home/iclab/motion/src/motionpackage': PYTHONPATH=/home/iclab/motion/build/motionpackage/prefix_override:/home/iclab/motion/install/motionpackage/lib/python3.10/site-packages:${PYTHONPATH} /usr/bin/python3 setup.py egg_info --egg-base ../../build/motionpackage build --build-base /home/iclab/motion/build/motionpackage/build install --record /home/iclab/motion/build/motionpackage/install.log --single-version-externally-managed
[4.774s] running egg_info
[4.776s] writing ../../build/motionpackage/motionpackage.egg-info/PKG-INFO
[4.779s] writing dependency_links to ../../build/motionpackage/motionpackage.egg-info/dependency_links.txt
[4.780s] writing entry points to ../../build/motionpackage/motionpackage.egg-info/entry_points.txt
[4.780s] writing requirements to ../../build/motionpackage/motionpackage.egg-info/requires.txt
[4.783s] writing top-level names to ../../build/motionpackage/motionpackage.egg-info/top_level.txt
[4.785s] reading manifest file '../../build/motionpackage/motionpackage.egg-info/SOURCES.txt'
[4.788s] writing manifest file '../../build/motionpackage/motionpackage.egg-info/SOURCES.txt'
[4.791s] running build
[4.792s] running build_py
[4.792s] copying motionpackage/motionpackage.py -> /home/iclab/motion/build/motionpackage/build/lib/motionpackage
[4.793s] running install
[4.797s] running install_lib
[4.797s] copying /home/iclab/motion/build/motionpackage/build/lib/motionpackage/motionpackage.py -> /home/iclab/motion/install/motionpackage/lib/python3.10/site-packages/motionpackage
[4.797s] byte-compiling /home/iclab/motion/install/motionpackage/lib/python3.10/site-packages/motionpackage/motionpackage.py to motionpackage.cpython-310.pyc
[4.801s] running install_data
[4.801s] running install_egg_info
[4.806s] removing '/home/iclab/motion/install/motionpackage/lib/python3.10/site-packages/motionpackage-0.0.0-py3.10.egg-info' (and everything under it)
[4.807s] Copying ../../build/motionpackage/motionpackage.egg-info to /home/iclab/motion/install/motionpackage/lib/python3.10/site-packages/motionpackage-0.0.0-py3.10.egg-info
[4.810s] running install_scripts
[4.880s] Installing motionpackage script to /home/iclab/motion/install/motionpackage/lib/motionpackage
[4.883s] writing list of installed files to '/home/iclab/motion/build/motionpackage/install.log'
[4.982s] Invoked command in '/home/iclab/motion/src/motionpackage' returned '0': PYTHONPATH=/home/iclab/motion/build/motionpackage/prefix_override:/home/iclab/motion/install/motionpackage/lib/python3.10/site-packages:${PYTHONPATH} /usr/bin/python3 setup.py egg_info --egg-base ../../build/motionpackage build --build-base /home/iclab/motion/build/motionpackage/build install --record /home/iclab/motion/build/motionpackage/install.log --single-version-externally-managed
