[3.041s] Invoking command in '/home/iclab/motion/src/aaa': AMENT_PREFIX_PATH=/home/iclab/motion/install/tku_libs:/home/iclab/motion/install/tuk_libs:/home/iclab/motion/install/aaa:/home/iclab/motion/install/tku_msgs:/home/iclab/motion/install/motionpackage:/opt/ros/humble CMAKE_PREFIX_PATH=/home/iclab/motion/install/tku_libs:/home/iclab/motion/install/tku_msgs:/home/iclab/motion/install/tuk_libs:/home/iclab/motion/install/motionpackage PYTHONPATH=/home/iclab/motion/build/aaa/prefix_override:/home/iclab/motion/install/aaa/lib/python3.10/site-packages:/home/iclab/motion/install/tku_libs/lib/python3.10/site-packages:/home/iclab/motion/install/aaa/lib/python3.10/site-packages:/home/iclab/motion/install/tku_msgs/local/lib/python3.10/dist-packages:/home/iclab/motion/install/motionpackage/lib/python3.10/site-packages:/opt/ros/humble/lib/python3.10/site-packages:/opt/ros/humble/local/lib/python3.10/dist-packages /usr/bin/python3 setup.py egg_info --egg-base ../../build/aaa build --build-base /home/iclab/motion/build/aaa/build install --record /home/iclab/motion/build/aaa/install.log --single-version-externally-managed
[4.126s] running egg_info
[4.128s] writing ../../build/aaa/aaa.egg-info/PKG-INFO
[4.128s] writing dependency_links to ../../build/aaa/aaa.egg-info/dependency_links.txt
[4.129s] writing entry points to ../../build/aaa/aaa.egg-info/entry_points.txt
[4.130s] writing requirements to ../../build/aaa/aaa.egg-info/requires.txt
[4.130s] writing top-level names to ../../build/aaa/aaa.egg-info/top_level.txt
[4.136s] reading manifest file '../../build/aaa/aaa.egg-info/SOURCES.txt'
[4.139s] writing manifest file '../../build/aaa/aaa.egg-info/SOURCES.txt'
[4.139s] running build
[4.139s] running build_py
[4.140s] running install
[4.141s] running install_lib
[4.144s] running install_data
[4.146s] running install_egg_info
[4.150s] removing '/home/iclab/motion/install/aaa/lib/python3.10/site-packages/aaa-0.0.0-py3.10.egg-info' (and everything under it)
[4.151s] Copying ../../build/aaa/aaa.egg-info to /home/iclab/motion/install/aaa/lib/python3.10/site-packages/aaa-0.0.0-py3.10.egg-info
[4.154s] running install_scripts
[4.211s] Installing aaa script to /home/iclab/motion/install/aaa/lib/aaa
[4.213s] writing list of installed files to '/home/iclab/motion/build/aaa/install.log'
[4.307s] Invoked command in '/home/iclab/motion/src/aaa' returned '0': AMENT_PREFIX_PATH=/home/iclab/motion/install/tku_libs:/home/iclab/motion/install/tuk_libs:/home/iclab/motion/install/aaa:/home/iclab/motion/install/tku_msgs:/home/iclab/motion/install/motionpackage:/opt/ros/humble CMAKE_PREFIX_PATH=/home/iclab/motion/install/tku_libs:/home/iclab/motion/install/tku_msgs:/home/iclab/motion/install/tuk_libs:/home/iclab/motion/install/motionpackage PYTHONPATH=/home/iclab/motion/build/aaa/prefix_override:/home/iclab/motion/install/aaa/lib/python3.10/site-packages:/home/iclab/motion/install/tku_libs/lib/python3.10/site-packages:/home/iclab/motion/install/aaa/lib/python3.10/site-packages:/home/iclab/motion/install/tku_msgs/local/lib/python3.10/dist-packages:/home/iclab/motion/install/motionpackage/lib/python3.10/site-packages:/opt/ros/humble/lib/python3.10/site-packages:/opt/ros/humble/local/lib/python3.10/dist-packages /usr/bin/python3 setup.py egg_info --egg-base ../../build/aaa build --build-base /home/iclab/motion/build/aaa/build install --record /home/iclab/motion/build/aaa/install.log --single-version-externally-managed
