[3.874s] Invoking command in '/home/iclab/motion/src/motionpackage': PYTHONPATH=/home/iclab/motion/build/motionpackage/prefix_override:/home/iclab/motion/install/motionpackage/lib/python3.10/site-packages:${PYTHONPATH} /usr/bin/python3 setup.py egg_info --egg-base ../../build/motionpackage build --build-base /home/iclab/motion/build/motionpackage/build install --record /home/iclab/motion/build/motionpackage/install.log --single-version-externally-managed
[5.283s] running egg_info
[5.285s] writing ../../build/motionpackage/motionpackage.egg-info/PKG-INFO
[5.287s] writing dependency_links to ../../build/motionpackage/motionpackage.egg-info/dependency_links.txt
[5.288s] writing entry points to ../../build/motionpackage/motionpackage.egg-info/entry_points.txt
[5.288s] writing requirements to ../../build/motionpackage/motionpackage.egg-info/requires.txt
[5.290s] writing top-level names to ../../build/motionpackage/motionpackage.egg-info/top_level.txt
[5.303s] reading manifest file '../../build/motionpackage/motionpackage.egg-info/SOURCES.txt'
[5.306s] writing manifest file '../../build/motionpackage/motionpackage.egg-info/SOURCES.txt'
[5.309s] running build
[5.311s] running build_py
[5.313s] running install
[5.314s] running install_lib
[5.480s] running install_data
[5.604s] running install_egg_info
[5.865s] removing '/home/iclab/motion/install/motionpackage/lib/python3.10/site-packages/motionpackage-0.0.0-py3.10.egg-info' (and everything under it)
[5.930s] Copying ../../build/motionpackage/motionpackage.egg-info to /home/iclab/motion/install/motionpackage/lib/python3.10/site-packages/motionpackage-0.0.0-py3.10.egg-info
[5.930s] running install_scripts
[5.931s] Installing motionpackage script to /home/iclab/motion/install/motionpackage/lib/motionpackage
[5.932s] writing list of installed files to '/home/iclab/motion/build/motionpackage/install.log'
[5.936s] Invoked command in '/home/iclab/motion/src/motionpackage' returned '0': PYTHONPATH=/home/iclab/motion/build/motionpackage/prefix_override:/home/iclab/motion/install/motionpackage/lib/python3.10/site-packages:${PYTHONPATH} /usr/bin/python3 setup.py egg_info --egg-base ../../build/motionpackage build --build-base /home/iclab/motion/build/motionpackage/build install --record /home/iclab/motion/build/motionpackage/install.log --single-version-externally-managed
