[2.587s] Invoking command in '/home/iclab/motion/src/aaa': AMENT_PREFIX_PATH=/home/iclab/motion/install/tku_libs:/home/iclab/motion/install/tuk_libs:/home/iclab/motion/install/aaa:/home/iclab/motion/install/tku_msgs:/home/iclab/motion/install/motionpackage:/opt/ros/humble CMAKE_PREFIX_PATH=/home/iclab/motion/install/tku_libs:/home/iclab/motion/install/tku_msgs:/home/iclab/motion/install/tuk_libs:/home/iclab/motion/install/motionpackage PYTHONPATH=/home/iclab/motion/build/aaa/prefix_override:/home/iclab/motion/install/aaa/lib/python3.10/site-packages:/home/iclab/motion/install/tku_libs/lib/python3.10/site-packages:/home/iclab/motion/install/aaa/lib/python3.10/site-packages:/home/iclab/motion/install/tku_msgs/local/lib/python3.10/dist-packages:/home/iclab/motion/install/motionpackage/lib/python3.10/site-packages:/opt/ros/humble/lib/python3.10/site-packages:/opt/ros/humble/local/lib/python3.10/dist-packages /usr/bin/python3 setup.py egg_info --egg-base ../../build/aaa build --build-base /home/iclab/motion/build/aaa/build install --record /home/iclab/motion/build/aaa/install.log --single-version-externally-managed
[3.400s] running egg_info
[3.402s] writing ../../build/aaa/aaa.egg-info/PKG-INFO
[3.403s] writing dependency_links to ../../build/aaa/aaa.egg-info/dependency_links.txt
[3.403s] writing entry points to ../../build/aaa/aaa.egg-info/entry_points.txt
[3.404s] writing requirements to ../../build/aaa/aaa.egg-info/requires.txt
[3.405s] writing top-level names to ../../build/aaa/aaa.egg-info/top_level.txt
[3.410s] reading manifest file '../../build/aaa/aaa.egg-info/SOURCES.txt'
[3.413s] writing manifest file '../../build/aaa/aaa.egg-info/SOURCES.txt'
[3.413s] running build
[3.414s] running build_py
[3.414s] copying aaa/aaa.py -> /home/iclab/motion/build/aaa/build/lib/aaa
[3.415s] running install
[3.415s] running install_lib
[3.418s] copying /home/iclab/motion/build/aaa/build/lib/aaa/aaa.py -> /home/iclab/motion/install/aaa/lib/python3.10/site-packages/aaa
[3.420s] byte-compiling /home/iclab/motion/install/aaa/lib/python3.10/site-packages/aaa/aaa.py to aaa.cpython-310.pyc
[3.421s] running install_data
[3.423s] running install_egg_info
[3.427s] removing '/home/iclab/motion/install/aaa/lib/python3.10/site-packages/aaa-0.0.0-py3.10.egg-info' (and everything under it)
[3.428s] Copying ../../build/aaa/aaa.egg-info to /home/iclab/motion/install/aaa/lib/python3.10/site-packages/aaa-0.0.0-py3.10.egg-info
[3.431s] running install_scripts
[3.485s] Installing aaa script to /home/iclab/motion/install/aaa/lib/aaa
[3.486s] writing list of installed files to '/home/iclab/motion/build/aaa/install.log'
[3.569s] Invoked command in '/home/iclab/motion/src/aaa' returned '0': AMENT_PREFIX_PATH=/home/iclab/motion/install/tku_libs:/home/iclab/motion/install/tuk_libs:/home/iclab/motion/install/aaa:/home/iclab/motion/install/tku_msgs:/home/iclab/motion/install/motionpackage:/opt/ros/humble CMAKE_PREFIX_PATH=/home/iclab/motion/install/tku_libs:/home/iclab/motion/install/tku_msgs:/home/iclab/motion/install/tuk_libs:/home/iclab/motion/install/motionpackage PYTHONPATH=/home/iclab/motion/build/aaa/prefix_override:/home/iclab/motion/install/aaa/lib/python3.10/site-packages:/home/iclab/motion/install/tku_libs/lib/python3.10/site-packages:/home/iclab/motion/install/aaa/lib/python3.10/site-packages:/home/iclab/motion/install/tku_msgs/local/lib/python3.10/dist-packages:/home/iclab/motion/install/motionpackage/lib/python3.10/site-packages:/opt/ros/humble/lib/python3.10/site-packages:/opt/ros/humble/local/lib/python3.10/dist-packages /usr/bin/python3 setup.py egg_info --egg-base ../../build/aaa build --build-base /home/iclab/motion/build/aaa/build install --record /home/iclab/motion/build/aaa/install.log --single-version-externally-managed
